-- Found ament_cmake: 2.0.3 (/opt/ros/iron/share/ament_cmake/cmake)
-- Found pluginlib: 5.2.2 (/opt/ros/iron/share/pluginlib/cmake)
-- Found ament_lint_auto: 0.14.1 (/opt/ros/iron/share/ament_lint_auto/cmake)
-- Added test 'cppcheck' to perform static code analysis on C / C++ code
-- Configured cppcheck include dirs: $<BUILD_INTERFACE:/home/hsun/ros2_ws/src/polygon_base/include>
-- Configured cppcheck exclude dirs and/or files: 
-- Added test 'lint_cmake' to check CMake code style
-- Added test 'uncrustify' to check C / C++ code style
-- Configured uncrustify additional arguments: 
-- Added test 'xmllint' to check XML markup files
-- Configuring done
-- Generating done
-- Build files have been written to: /home/hsun/ros2_ws/build/polygon_base
[35m[1mConsolidate compiler generated dependencies of target area_node[0m
[ 50%] [32mBuilding CXX object CMakeFiles/area_node.dir/src/area_node.cpp.o[0m
[100%] [32m[1mLinking CXX executable area_node[0m
[100%] Built target area_node
-- Install configuration: ""
-- Up-to-date: /home/hsun/ros2_ws/install/polygon_base/include
-- Up-to-date: /home/hsun/ros2_ws/install/polygon_base/include/polygon_base
-- Up-to-date: /home/hsun/ros2_ws/install/polygon_base/include/polygon_base/regular_polygon.hpp
-- Installing: /home/hsun/ros2_ws/install/polygon_base/lib/polygon_base/area_node
-- Set runtime path of "/home/hsun/ros2_ws/install/polygon_base/lib/polygon_base/area_node" to ""
-- Installing: /home/hsun/ros2_ws/install/polygon_base/share/ament_index/resource_index/package_run_dependencies/polygon_base
-- Installing: /home/hsun/ros2_ws/install/polygon_base/share/ament_index/resource_index/parent_prefix_path/polygon_base
-- Installing: /home/hsun/ros2_ws/install/polygon_base/share/polygon_base/environment/ament_prefix_path.sh
-- Installing: /home/hsun/ros2_ws/install/polygon_base/share/polygon_base/environment/ament_prefix_path.dsv
-- Installing: /home/hsun/ros2_ws/install/polygon_base/share/polygon_base/environment/path.sh
-- Installing: /home/hsun/ros2_ws/install/polygon_base/share/polygon_base/environment/path.dsv
-- Installing: /home/hsun/ros2_ws/install/polygon_base/share/polygon_base/local_setup.bash
-- Installing: /home/hsun/ros2_ws/install/polygon_base/share/polygon_base/local_setup.sh
-- Installing: /home/hsun/ros2_ws/install/polygon_base/share/polygon_base/local_setup.zsh
-- Installing: /home/hsun/ros2_ws/install/polygon_base/share/polygon_base/local_setup.dsv
-- Installing: /home/hsun/ros2_ws/install/polygon_base/share/polygon_base/package.dsv
-- Installing: /home/hsun/ros2_ws/install/polygon_base/share/ament_index/resource_index/packages/polygon_base
-- Installing: /home/hsun/ros2_ws/install/polygon_base/share/polygon_base/cmake/ament_cmake_export_include_directories-extras.cmake
-- Installing: /home/hsun/ros2_ws/install/polygon_base/share/polygon_base/cmake/polygon_baseConfig.cmake
-- Installing: /home/hsun/ros2_ws/install/polygon_base/share/polygon_base/cmake/polygon_baseConfig-version.cmake
-- Up-to-date: /home/hsun/ros2_ws/install/polygon_base/share/polygon_base/package.xml
