[0.181s] Invoking command in '/home/hsun/ros2_ws/build/polygon_base': CMAKE_PREFIX_PATH=${CMAKE_PREFIX_PATH}:/home/hsun/ros2_ws/install/learning_tf2_py:/home/hsun/ros2_ws/install/python_parameters:/home/hsun/ros2_ws/install/py_srvcli:/home/hsun/ros2_ws/install/py_pubsub:/home/hsun/ros2_ws/install/py_launch_example:/home/hsun/ros2_ws/install/launch_tutorial:/opt/ros/iron /usr/bin/cmake --build /home/hsun/ros2_ws/build/polygon_base -- -j4 -l4
[0.476s] -- Found ament_cmake: 2.0.3 (/opt/ros/iron/share/ament_cmake/cmake)
[1.726s] -- Found pluginlib: 5.2.2 (/opt/ros/iron/share/pluginlib/cmake)
[2.126s] -- Found ament_lint_auto: 0.14.1 (/opt/ros/iron/share/ament_lint_auto/cmake)
[2.600s] -- Added test 'cppcheck' to perform static code analysis on C / C++ code
[2.601s] -- Configured cppcheck include dirs: $<BUILD_INTERFACE:/home/hsun/ros2_ws/src/polygon_base/include>
[2.602s] -- Configured cppcheck exclude dirs and/or files: 
[2.610s] -- Added test 'lint_cmake' to check CMake code style
[2.620s] -- Added test 'uncrustify' to check C / C++ code style
[2.621s] -- Configured uncrustify additional arguments: 
[2.625s] -- Added test 'xmllint' to check XML markup files
[2.634s] -- Configuring done
[2.686s] -- Generating done
[2.694s] -- Build files have been written to: /home/hsun/ros2_ws/build/polygon_base
[2.832s] [35m[1mConsolidate compiler generated dependencies of target area_node[0m
[2.937s] [ 50%] [32mBuilding CXX object CMakeFiles/area_node.dir/src/area_node.cpp.o[0m
[39.469s] [100%] [32m[1mLinking CXX executable area_node[0m
[40.601s] [100%] Built target area_node
[40.705s] Invoked command in '/home/hsun/ros2_ws/build/polygon_base' returned '0': CMAKE_PREFIX_PATH=${CMAKE_PREFIX_PATH}:/home/hsun/ros2_ws/install/learning_tf2_py:/home/hsun/ros2_ws/install/python_parameters:/home/hsun/ros2_ws/install/py_srvcli:/home/hsun/ros2_ws/install/py_pubsub:/home/hsun/ros2_ws/install/py_launch_example:/home/hsun/ros2_ws/install/launch_tutorial:/opt/ros/iron /usr/bin/cmake --build /home/hsun/ros2_ws/build/polygon_base -- -j4 -l4
[41.255s] Invoking command in '/home/hsun/ros2_ws/build/polygon_base': CMAKE_PREFIX_PATH=${CMAKE_PREFIX_PATH}:/home/hsun/ros2_ws/install/learning_tf2_py:/home/hsun/ros2_ws/install/python_parameters:/home/hsun/ros2_ws/install/py_srvcli:/home/hsun/ros2_ws/install/py_pubsub:/home/hsun/ros2_ws/install/py_launch_example:/home/hsun/ros2_ws/install/launch_tutorial:/opt/ros/iron /usr/bin/cmake --install /home/hsun/ros2_ws/build/polygon_base
[41.308s] -- Install configuration: ""
[41.310s] -- Up-to-date: /home/hsun/ros2_ws/install/polygon_base/include
[41.312s] -- Up-to-date: /home/hsun/ros2_ws/install/polygon_base/include/polygon_base
[41.315s] -- Up-to-date: /home/hsun/ros2_ws/install/polygon_base/include/polygon_base/regular_polygon.hpp
[41.318s] -- Installing: /home/hsun/ros2_ws/install/polygon_base/lib/polygon_base/area_node
[41.333s] -- Set runtime path of "/home/hsun/ros2_ws/install/polygon_base/lib/polygon_base/area_node" to ""
[41.336s] -- Installing: /home/hsun/ros2_ws/install/polygon_base/share/ament_index/resource_index/package_run_dependencies/polygon_base
[41.340s] -- Installing: /home/hsun/ros2_ws/install/polygon_base/share/ament_index/resource_index/parent_prefix_path/polygon_base
[41.343s] -- Installing: /home/hsun/ros2_ws/install/polygon_base/share/polygon_base/environment/ament_prefix_path.sh
[41.347s] -- Installing: /home/hsun/ros2_ws/install/polygon_base/share/polygon_base/environment/ament_prefix_path.dsv
[41.350s] -- Installing: /home/hsun/ros2_ws/install/polygon_base/share/polygon_base/environment/path.sh
[41.353s] -- Installing: /home/hsun/ros2_ws/install/polygon_base/share/polygon_base/environment/path.dsv
[41.357s] -- Installing: /home/hsun/ros2_ws/install/polygon_base/share/polygon_base/local_setup.bash
[41.361s] -- Installing: /home/hsun/ros2_ws/install/polygon_base/share/polygon_base/local_setup.sh
[41.364s] -- Installing: /home/hsun/ros2_ws/install/polygon_base/share/polygon_base/local_setup.zsh
[41.369s] -- Installing: /home/hsun/ros2_ws/install/polygon_base/share/polygon_base/local_setup.dsv
[41.372s] -- Installing: /home/hsun/ros2_ws/install/polygon_base/share/polygon_base/package.dsv
[41.376s] -- Installing: /home/hsun/ros2_ws/install/polygon_base/share/ament_index/resource_index/packages/polygon_base
[41.380s] -- Installing: /home/hsun/ros2_ws/install/polygon_base/share/polygon_base/cmake/ament_cmake_export_include_directories-extras.cmake
[41.385s] -- Installing: /home/hsun/ros2_ws/install/polygon_base/share/polygon_base/cmake/polygon_baseConfig.cmake
[41.388s] -- Installing: /home/hsun/ros2_ws/install/polygon_base/share/polygon_base/cmake/polygon_baseConfig-version.cmake
[41.392s] -- Up-to-date: /home/hsun/ros2_ws/install/polygon_base/share/polygon_base/package.xml
[41.408s] Invoked command in '/home/hsun/ros2_ws/build/polygon_base' returned '0': CMAKE_PREFIX_PATH=${CMAKE_PREFIX_PATH}:/home/hsun/ros2_ws/install/learning_tf2_py:/home/hsun/ros2_ws/install/python_parameters:/home/hsun/ros2_ws/install/py_srvcli:/home/hsun/ros2_ws/install/py_pubsub:/home/hsun/ros2_ws/install/py_launch_example:/home/hsun/ros2_ws/install/launch_tutorial:/opt/ros/iron /usr/bin/cmake --install /home/hsun/ros2_ws/build/polygon_base
