[5.574s] Invoking command in '/home/hsun/ros2_ws/src/learning_tf2_py': CMAKE_PREFIX_PATH=/home/hsun/ros2_ws/install/turtlesim:/home/hsun/ros2_ws/install/cpp_srvcli:/home/hsun/ros2_ws/install/cpp_pubsub:/home/hsun/ros2_ws/install/tutorial_interfaces:/home/hsun/ros2_ws/install/polygon_plugins:/home/hsun/ros2_ws/install/polygon_base:/home/hsun/ros2_ws/install/my_package:/home/hsun/ros2_ws/install/more_interfaces:/home/hsun/ros2_ws/install/custom_action_cpp:/home/hsun/ros2_ws/install/custom_action_interfaces:/home/hsun/ros2_ws/install/cpp_parameters:/home/hsun/ros2_ws/install/cpp_parameter_event_handler LD_LIBRARY_PATH=/home/hsun/ros2_ws/install/turtlesim/lib:/home/hsun/ros2_ws/install/tutorial_interfaces/lib:/home/hsun/ros2_ws/install/polygon_plugins/lib:/home/hsun/ros2_ws/install/more_interfaces/lib:/home/hsun/ros2_ws/install/custom_action_cpp/lib:/home/hsun/ros2_ws/install/custom_action_interfaces/lib:/opt/ros/iron/opt/rviz_ogre_vendor/lib:/opt/ros/iron/lib/aarch64-linux-gnu:/opt/ros/iron/lib PYTHONPATH=/home/hsun/ros2_ws/build/learning_tf2_py/prefix_override:/home/hsun/ros2_ws/install/learning_tf2_py/lib/python3.10/site-packages:/home/hsun/ros2_ws/install/turtlesim/lib/python3.10/site-packages:/home/hsun/ros2_ws/install/tutorial_interfaces/lib/python3.10/site-packages:/home/hsun/ros2_ws/install/python_parameters/lib/python3.10/site-packages:/home/hsun/ros2_ws/install/py_srvcli/lib/python3.10/site-packages:/home/hsun/ros2_ws/install/py_pubsub/lib/python3.10/site-packages:/home/hsun/ros2_ws/install/py_launch_example/lib/python3.10/site-packages:/home/hsun/ros2_ws/install/more_interfaces/lib/python3.10/site-packages:/home/hsun/ros2_ws/install/launch_tutorial/lib/python3.10/site-packages:/home/hsun/ros2_ws/install/custom_action_interfaces/lib/python3.10/site-packages:/opt/ros/iron/lib/python3.10/site-packages /usr/bin/python3 setup.py egg_info --egg-base ../../build/learning_tf2_py build --build-base /home/hsun/ros2_ws/build/learning_tf2_py/build install --record /home/hsun/ros2_ws/build/learning_tf2_py/install.log --single-version-externally-managed
[7.471s] running egg_info
[7.480s] creating ../../build/learning_tf2_py/learning_tf2_py.egg-info
[7.482s] writing ../../build/learning_tf2_py/learning_tf2_py.egg-info/PKG-INFO
[7.484s] writing dependency_links to ../../build/learning_tf2_py/learning_tf2_py.egg-info/dependency_links.txt
[7.485s] writing entry points to ../../build/learning_tf2_py/learning_tf2_py.egg-info/entry_points.txt
[7.486s] writing requirements to ../../build/learning_tf2_py/learning_tf2_py.egg-info/requires.txt
[7.489s] writing top-level names to ../../build/learning_tf2_py/learning_tf2_py.egg-info/top_level.txt
[7.491s] writing manifest file '../../build/learning_tf2_py/learning_tf2_py.egg-info/SOURCES.txt'
[7.505s] reading manifest file '../../build/learning_tf2_py/learning_tf2_py.egg-info/SOURCES.txt'
[7.512s] writing manifest file '../../build/learning_tf2_py/learning_tf2_py.egg-info/SOURCES.txt'
[7.514s] running build
[7.518s] running build_py
[7.520s] creating /home/hsun/ros2_ws/build/learning_tf2_py/build
[7.525s] creating /home/hsun/ros2_ws/build/learning_tf2_py/build/lib
[7.526s] creating /home/hsun/ros2_ws/build/learning_tf2_py/build/lib/learning_tf2_py
[7.527s] copying learning_tf2_py/__init__.py -> /home/hsun/ros2_ws/build/learning_tf2_py/build/lib/learning_tf2_py
[7.529s] copying learning_tf2_py/static_turtle_tf2_broadcaster.py -> /home/hsun/ros2_ws/build/learning_tf2_py/build/lib/learning_tf2_py
[7.530s] running install
[7.532s] /usr/lib/python3/dist-packages/setuptools/command/install.py:34: SetuptoolsDeprecationWarning: setup.py install is deprecated. Use build and pip and other standards-based tools.
[7.533s]   warnings.warn(
[7.534s] running install_lib
[7.542s] creating /home/hsun/ros2_ws/install/learning_tf2_py/lib/python3.10/site-packages/learning_tf2_py
[7.543s] copying /home/hsun/ros2_ws/build/learning_tf2_py/build/lib/learning_tf2_py/__init__.py -> /home/hsun/ros2_ws/install/learning_tf2_py/lib/python3.10/site-packages/learning_tf2_py
[7.544s] copying /home/hsun/ros2_ws/build/learning_tf2_py/build/lib/learning_tf2_py/static_turtle_tf2_broadcaster.py -> /home/hsun/ros2_ws/install/learning_tf2_py/lib/python3.10/site-packages/learning_tf2_py
[7.552s] byte-compiling /home/hsun/ros2_ws/install/learning_tf2_py/lib/python3.10/site-packages/learning_tf2_py/__init__.py to __init__.cpython-310.pyc
[7.556s] byte-compiling /home/hsun/ros2_ws/install/learning_tf2_py/lib/python3.10/site-packages/learning_tf2_py/static_turtle_tf2_broadcaster.py to static_turtle_tf2_broadcaster.cpython-310.pyc
[7.560s] running install_data
[7.564s] creating /home/hsun/ros2_ws/install/learning_tf2_py/share/ament_index
[7.565s] creating /home/hsun/ros2_ws/install/learning_tf2_py/share/ament_index/resource_index
[7.565s] creating /home/hsun/ros2_ws/install/learning_tf2_py/share/ament_index/resource_index/packages
[7.566s] copying resource/learning_tf2_py -> /home/hsun/ros2_ws/install/learning_tf2_py/share/ament_index/resource_index/packages
[7.567s] copying package.xml -> /home/hsun/ros2_ws/install/learning_tf2_py/share/learning_tf2_py
[7.567s] running install_egg_info
[7.575s] Copying ../../build/learning_tf2_py/learning_tf2_py.egg-info to /home/hsun/ros2_ws/install/learning_tf2_py/lib/python3.10/site-packages/learning_tf2_py-0.0.0-py3.10.egg-info
[7.584s] running install_scripts
[7.745s] Installing static_turtle_tf2_broadcaster script to /home/hsun/ros2_ws/install/learning_tf2_py/lib/learning_tf2_py
[7.746s] writing list of installed files to '/home/hsun/ros2_ws/build/learning_tf2_py/install.log'
[7.958s] Invoked command in '/home/hsun/ros2_ws/src/learning_tf2_py' returned '0': CMAKE_PREFIX_PATH=/home/hsun/ros2_ws/install/turtlesim:/home/hsun/ros2_ws/install/cpp_srvcli:/home/hsun/ros2_ws/install/cpp_pubsub:/home/hsun/ros2_ws/install/tutorial_interfaces:/home/hsun/ros2_ws/install/polygon_plugins:/home/hsun/ros2_ws/install/polygon_base:/home/hsun/ros2_ws/install/my_package:/home/hsun/ros2_ws/install/more_interfaces:/home/hsun/ros2_ws/install/custom_action_cpp:/home/hsun/ros2_ws/install/custom_action_interfaces:/home/hsun/ros2_ws/install/cpp_parameters:/home/hsun/ros2_ws/install/cpp_parameter_event_handler LD_LIBRARY_PATH=/home/hsun/ros2_ws/install/turtlesim/lib:/home/hsun/ros2_ws/install/tutorial_interfaces/lib:/home/hsun/ros2_ws/install/polygon_plugins/lib:/home/hsun/ros2_ws/install/more_interfaces/lib:/home/hsun/ros2_ws/install/custom_action_cpp/lib:/home/hsun/ros2_ws/install/custom_action_interfaces/lib:/opt/ros/iron/opt/rviz_ogre_vendor/lib:/opt/ros/iron/lib/aarch64-linux-gnu:/opt/ros/iron/lib PYTHONPATH=/home/hsun/ros2_ws/build/learning_tf2_py/prefix_override:/home/hsun/ros2_ws/install/learning_tf2_py/lib/python3.10/site-packages:/home/hsun/ros2_ws/install/turtlesim/lib/python3.10/site-packages:/home/hsun/ros2_ws/install/tutorial_interfaces/lib/python3.10/site-packages:/home/hsun/ros2_ws/install/python_parameters/lib/python3.10/site-packages:/home/hsun/ros2_ws/install/py_srvcli/lib/python3.10/site-packages:/home/hsun/ros2_ws/install/py_pubsub/lib/python3.10/site-packages:/home/hsun/ros2_ws/install/py_launch_example/lib/python3.10/site-packages:/home/hsun/ros2_ws/install/more_interfaces/lib/python3.10/site-packages:/home/hsun/ros2_ws/install/launch_tutorial/lib/python3.10/site-packages:/home/hsun/ros2_ws/install/custom_action_interfaces/lib/python3.10/site-packages:/opt/ros/iron/lib/python3.10/site-packages /usr/bin/python3 setup.py egg_info --egg-base ../../build/learning_tf2_py build --build-base /home/hsun/ros2_ws/build/learning_tf2_py/build install --record /home/hsun/ros2_ws/build/learning_tf2_py/install.log --single-version-externally-managed
