[0.128s] Invoking command in '/home/hsun/ros2_ws/build/polygon_plugins': CMAKE_PREFIX_PATH=/home/hsun/ros2_ws/install/polygon_base:/home/hsun/ros2_ws/install/cpp_srvcli:/home/hsun/ros2_ws/install/cpp_pubsub:/home/hsun/ros2_ws/install/tutorial_interfaces:/home/hsun/ros2_ws/install/turtlesim:/home/hsun/ros2_ws/install/polygon_plugins:/home/hsun/ros2_ws/install/my_package:/home/hsun/ros2_ws/install/more_interfaces:/home/hsun/ros2_ws/install/cpp_parameters:/home/hsun/ros2_ws/install/python_parameters:/home/hsun/ros2_ws/install/py_srvcli:/home/hsun/ros2_ws/install/py_pubsub:/opt/ros/iron /usr/bin/cmake --build /home/hsun/ros2_ws/build/polygon_plugins -- -j4 -l4
[0.642s] [35m[1mConsolidate compiler generated dependencies of target polygon_plugins[0m
[0.847s] [100%] Built target polygon_plugins
[1.009s] Invoked command in '/home/hsun/ros2_ws/build/polygon_plugins' returned '0': CMAKE_PREFIX_PATH=/home/hsun/ros2_ws/install/polygon_base:/home/hsun/ros2_ws/install/cpp_srvcli:/home/hsun/ros2_ws/install/cpp_pubsub:/home/hsun/ros2_ws/install/tutorial_interfaces:/home/hsun/ros2_ws/install/turtlesim:/home/hsun/ros2_ws/install/polygon_plugins:/home/hsun/ros2_ws/install/my_package:/home/hsun/ros2_ws/install/more_interfaces:/home/hsun/ros2_ws/install/cpp_parameters:/home/hsun/ros2_ws/install/python_parameters:/home/hsun/ros2_ws/install/py_srvcli:/home/hsun/ros2_ws/install/py_pubsub:/opt/ros/iron /usr/bin/cmake --build /home/hsun/ros2_ws/build/polygon_plugins -- -j4 -l4
[1.425s] Invoking command in '/home/hsun/ros2_ws/build/polygon_plugins': CMAKE_PREFIX_PATH=/home/hsun/ros2_ws/install/polygon_base:/home/hsun/ros2_ws/install/cpp_srvcli:/home/hsun/ros2_ws/install/cpp_pubsub:/home/hsun/ros2_ws/install/tutorial_interfaces:/home/hsun/ros2_ws/install/turtlesim:/home/hsun/ros2_ws/install/polygon_plugins:/home/hsun/ros2_ws/install/my_package:/home/hsun/ros2_ws/install/more_interfaces:/home/hsun/ros2_ws/install/cpp_parameters:/home/hsun/ros2_ws/install/python_parameters:/home/hsun/ros2_ws/install/py_srvcli:/home/hsun/ros2_ws/install/py_pubsub:/opt/ros/iron /usr/bin/cmake --install /home/hsun/ros2_ws/build/polygon_plugins
[1.567s] -- Install configuration: ""
[1.571s] -- Up-to-date: /home/hsun/ros2_ws/install/polygon_plugins/share/polygon_plugins/plugins.xml
[1.572s] -- Up-to-date: /home/hsun/ros2_ws/install/polygon_plugins/include
[1.578s] -- Up-to-date: /home/hsun/ros2_ws/install/polygon_plugins/include/polygon_plugins
[1.586s] -- Up-to-date: /home/hsun/ros2_ws/install/polygon_plugins/include/polygon_plugins/polygon_plugins.hpp
[1.594s] -- Up-to-date: /home/hsun/ros2_ws/install/polygon_plugins/include/polygon_plugins/visibility_control.h
[1.594s] -- Up-to-date: /home/hsun/ros2_ws/install/polygon_plugins/lib/libpolygon_plugins.so
[1.598s] -- Up-to-date: /home/hsun/ros2_ws/install/polygon_plugins/share/polygon_plugins/environment/library_path.sh
[1.599s] -- Up-to-date: /home/hsun/ros2_ws/install/polygon_plugins/share/polygon_plugins/environment/library_path.dsv
[1.600s] -- Up-to-date: /home/hsun/ros2_ws/install/polygon_plugins/share/ament_index/resource_index/package_run_dependencies/polygon_plugins
[1.600s] -- Up-to-date: /home/hsun/ros2_ws/install/polygon_plugins/share/ament_index/resource_index/parent_prefix_path/polygon_plugins
[1.601s] -- Up-to-date: /home/hsun/ros2_ws/install/polygon_plugins/share/polygon_plugins/environment/ament_prefix_path.sh
[1.601s] -- Up-to-date: /home/hsun/ros2_ws/install/polygon_plugins/share/polygon_plugins/environment/ament_prefix_path.dsv
[1.602s] -- Up-to-date: /home/hsun/ros2_ws/install/polygon_plugins/share/polygon_plugins/environment/path.sh
[1.603s] -- Up-to-date: /home/hsun/ros2_ws/install/polygon_plugins/share/polygon_plugins/environment/path.dsv
[1.603s] -- Up-to-date: /home/hsun/ros2_ws/install/polygon_plugins/share/polygon_plugins/local_setup.bash
[1.604s] -- Up-to-date: /home/hsun/ros2_ws/install/polygon_plugins/share/polygon_plugins/local_setup.sh
[1.604s] -- Up-to-date: /home/hsun/ros2_ws/install/polygon_plugins/share/polygon_plugins/local_setup.zsh
[1.626s] -- Up-to-date: /home/hsun/ros2_ws/install/polygon_plugins/share/polygon_plugins/local_setup.dsv
[1.628s] -- Installing: /home/hsun/ros2_ws/install/polygon_plugins/share/polygon_plugins/package.dsv
[1.630s] -- Up-to-date: /home/hsun/ros2_ws/install/polygon_plugins/share/ament_index/resource_index/packages/polygon_plugins
[1.636s] -- Up-to-date: /home/hsun/ros2_ws/install/polygon_plugins/share/ament_index/resource_index/polygon_base__pluginlib__plugin/polygon_plugins
[1.637s] -- Up-to-date: /home/hsun/ros2_ws/install/polygon_plugins/share/polygon_plugins/cmake/export_polygon_pluginsExport.cmake
[1.638s] -- Up-to-date: /home/hsun/ros2_ws/install/polygon_plugins/share/polygon_plugins/cmake/export_polygon_pluginsExport-noconfig.cmake
[1.638s] -- Up-to-date: /home/hsun/ros2_ws/install/polygon_plugins/share/polygon_plugins/cmake/ament_cmake_export_include_directories-extras.cmake
[1.640s] -- Up-to-date: /home/hsun/ros2_ws/install/polygon_plugins/share/polygon_plugins/cmake/ament_cmake_export_libraries-extras.cmake
[1.640s] -- Up-to-date: /home/hsun/ros2_ws/install/polygon_plugins/share/polygon_plugins/cmake/ament_cmake_export_targets-extras.cmake
[1.641s] -- Up-to-date: /home/hsun/ros2_ws/install/polygon_plugins/share/polygon_plugins/cmake/polygon_pluginsConfig.cmake
[1.641s] -- Up-to-date: /home/hsun/ros2_ws/install/polygon_plugins/share/polygon_plugins/cmake/polygon_pluginsConfig-version.cmake
[1.642s] -- Up-to-date: /home/hsun/ros2_ws/install/polygon_plugins/share/polygon_plugins/package.xml
[1.676s] Invoked command in '/home/hsun/ros2_ws/build/polygon_plugins' returned '0': CMAKE_PREFIX_PATH=/home/hsun/ros2_ws/install/polygon_base:/home/hsun/ros2_ws/install/cpp_srvcli:/home/hsun/ros2_ws/install/cpp_pubsub:/home/hsun/ros2_ws/install/tutorial_interfaces:/home/hsun/ros2_ws/install/turtlesim:/home/hsun/ros2_ws/install/polygon_plugins:/home/hsun/ros2_ws/install/my_package:/home/hsun/ros2_ws/install/more_interfaces:/home/hsun/ros2_ws/install/cpp_parameters:/home/hsun/ros2_ws/install/python_parameters:/home/hsun/ros2_ws/install/py_srvcli:/home/hsun/ros2_ws/install/py_pubsub:/opt/ros/iron /usr/bin/cmake --install /home/hsun/ros2_ws/build/polygon_plugins
