[0.278s] Invoking command in '/home/hsun/ros2_ws/build/custom_action_cpp': CMAKE_PREFIX_PATH=${CMAKE_PREFIX_PATH}:/home/hsun/ros2_ws/install/python_parameters:/home/hsun/ros2_ws/install/py_srvcli:/home/hsun/ros2_ws/install/py_pubsub:/opt/ros/iron /usr/bin/cmake /home/hsun/ros2_ws/src/custom_action_cpp -DCMAKE_INSTALL_PREFIX=/home/hsun/ros2_ws/install/custom_action_cpp
[1.285s] -- The C compiler identification is GNU 11.3.0
[2.308s] -- The CXX compiler identification is GNU 11.3.0
[2.406s] -- Detecting C compiler ABI info
[3.373s] -- Detecting C compiler ABI info - done
[3.509s] -- Check for working C compiler: /usr/bin/cc - skipped
[3.553s] -- Detecting C compile features
[3.555s] -- Detecting C compile features - done
[3.570s] -- Detecting CXX compiler ABI info
[4.708s] -- Detecting CXX compiler ABI info - done
[4.773s] -- Check for working CXX compiler: /usr/bin/c++ - skipped
[4.780s] -- Detecting CXX compile features
[4.783s] -- Detecting CXX compile features - done
[4.871s] -- Found ament_cmake: 2.0.3 (/opt/ros/iron/share/ament_cmake/cmake)
[7.427s] -- Found Python3: /usr/bin/python3.10 (found version "3.10.6") found components: Interpreter 
[8.965s] -- Found custom_action_interfaces: 0.0.0 (/home/hsun/ros2_ws/install/custom_action_interfaces/share/custom_action_interfaces/cmake)
[9.784s] -- Found rosidl_generator_c: 4.0.0 (/opt/ros/iron/share/rosidl_generator_c/cmake)
[10.025s] -- Found rosidl_generator_cpp: 4.0.0 (/opt/ros/iron/share/rosidl_generator_cpp/cmake)
[10.323s] -- Using all available rosidl_typesupport_c: rosidl_typesupport_fastrtps_c;rosidl_typesupport_introspection_c
[10.656s] -- Using all available rosidl_typesupport_cpp: rosidl_typesupport_fastrtps_cpp;rosidl_typesupport_introspection_cpp
[12.568s] -- Found rclcpp: 21.0.1 (/opt/ros/iron/share/rclcpp/cmake)
[13.769s] -- Found rmw_implementation_cmake: 7.1.0 (/opt/ros/iron/share/rmw_implementation_cmake/cmake)
[13.830s] -- Found rmw_fastrtps_cpp: 7.1.1 (/opt/ros/iron/share/rmw_fastrtps_cpp/cmake)
[15.508s] -- Found OpenSSL: /usr/lib/aarch64-linux-gnu/libcrypto.so (found version "3.0.2")  
[15.884s] -- Found FastRTPS: /opt/ros/iron/include  
[16.624s] -- Using RMW implementation 'rmw_fastrtps_cpp' as default
[18.319s] -- Found rclcpp_action: 21.0.1 (/opt/ros/iron/share/rclcpp_action/cmake)
[18.605s] -- Found rclcpp_components: 21.0.1 (/opt/ros/iron/share/rclcpp_components/cmake)
[19.456s] -- Found ament_lint_auto: 0.14.1 (/opt/ros/iron/share/ament_lint_auto/cmake)
[20.504s] -- Added test 'cppcheck' to perform static code analysis on C / C++ code
[20.505s] -- Configured cppcheck include dirs: $<BUILD_INTERFACE:/home/hsun/ros2_ws/src/custom_action_cpp/include>
[20.507s] -- Configured cppcheck exclude dirs and/or files: 
[20.514s] -- Added test 'lint_cmake' to check CMake code style
[20.528s] -- Added test 'uncrustify' to check C / C++ code style
[20.529s] -- Configured uncrustify additional arguments: 
[20.537s] -- Added test 'xmllint' to check XML markup files
[20.562s] -- Configuring done
[20.729s] -- Generating done
[20.749s] -- Build files have been written to: /home/hsun/ros2_ws/build/custom_action_cpp
[20.824s] Invoked command in '/home/hsun/ros2_ws/build/custom_action_cpp' returned '0': CMAKE_PREFIX_PATH=${CMAKE_PREFIX_PATH}:/home/hsun/ros2_ws/install/python_parameters:/home/hsun/ros2_ws/install/py_srvcli:/home/hsun/ros2_ws/install/py_pubsub:/opt/ros/iron /usr/bin/cmake /home/hsun/ros2_ws/src/custom_action_cpp -DCMAKE_INSTALL_PREFIX=/home/hsun/ros2_ws/install/custom_action_cpp
[20.827s] Invoking command in '/home/hsun/ros2_ws/build/custom_action_cpp': CMAKE_PREFIX_PATH=${CMAKE_PREFIX_PATH}:/home/hsun/ros2_ws/install/python_parameters:/home/hsun/ros2_ws/install/py_srvcli:/home/hsun/ros2_ws/install/py_pubsub:/opt/ros/iron /usr/bin/cmake --build /home/hsun/ros2_ws/build/custom_action_cpp -- -j4 -l4
[21.283s] [ 25%] [32mBuilding CXX object CMakeFiles/action_server.dir/src/fibonacci_action_server.cpp.o[0m
[65.627s] [ 50%] [32m[1mLinking CXX shared library libaction_server.so[0m
[67.889s] [ 50%] Built target action_server
[68.106s] [ 75%] [32mBuilding CXX object CMakeFiles/fibonacci_action_server.dir/rclcpp_components/node_main_fibonacci_action_server.cpp.o[0m
[102.105s] [100%] [32m[1mLinking CXX executable fibonacci_action_server[0m
[103.454s] [100%] Built target fibonacci_action_server
[103.553s] Invoked command in '/home/hsun/ros2_ws/build/custom_action_cpp' returned '0': CMAKE_PREFIX_PATH=${CMAKE_PREFIX_PATH}:/home/hsun/ros2_ws/install/python_parameters:/home/hsun/ros2_ws/install/py_srvcli:/home/hsun/ros2_ws/install/py_pubsub:/opt/ros/iron /usr/bin/cmake --build /home/hsun/ros2_ws/build/custom_action_cpp -- -j4 -l4
[103.897s] Invoking command in '/home/hsun/ros2_ws/build/custom_action_cpp': CMAKE_PREFIX_PATH=${CMAKE_PREFIX_PATH}:/home/hsun/ros2_ws/install/python_parameters:/home/hsun/ros2_ws/install/py_srvcli:/home/hsun/ros2_ws/install/py_pubsub:/opt/ros/iron /usr/bin/cmake --install /home/hsun/ros2_ws/build/custom_action_cpp
[103.960s] -- Install configuration: ""
[103.961s] -- Installing: /home/hsun/ros2_ws/install/custom_action_cpp/lib/custom_action_cpp/fibonacci_action_server
[103.972s] -- Set runtime path of "/home/hsun/ros2_ws/install/custom_action_cpp/lib/custom_action_cpp/fibonacci_action_server" to ""
[103.973s] -- Installing: /home/hsun/ros2_ws/install/custom_action_cpp/lib/libaction_server.so
[103.987s] -- Set runtime path of "/home/hsun/ros2_ws/install/custom_action_cpp/lib/libaction_server.so" to ""
[103.988s] -- Installing: /home/hsun/ros2_ws/install/custom_action_cpp/share/ament_index/resource_index/package_run_dependencies/custom_action_cpp
[103.990s] -- Installing: /home/hsun/ros2_ws/install/custom_action_cpp/share/ament_index/resource_index/parent_prefix_path/custom_action_cpp
[103.993s] -- Installing: /home/hsun/ros2_ws/install/custom_action_cpp/share/custom_action_cpp/environment/ament_prefix_path.sh
[103.994s] -- Installing: /home/hsun/ros2_ws/install/custom_action_cpp/share/custom_action_cpp/environment/ament_prefix_path.dsv
[103.996s] -- Installing: /home/hsun/ros2_ws/install/custom_action_cpp/share/custom_action_cpp/environment/path.sh
[103.997s] -- Installing: /home/hsun/ros2_ws/install/custom_action_cpp/share/custom_action_cpp/environment/path.dsv
[103.999s] -- Installing: /home/hsun/ros2_ws/install/custom_action_cpp/share/custom_action_cpp/local_setup.bash
[104.000s] -- Installing: /home/hsun/ros2_ws/install/custom_action_cpp/share/custom_action_cpp/local_setup.sh
[104.001s] -- Installing: /home/hsun/ros2_ws/install/custom_action_cpp/share/custom_action_cpp/local_setup.zsh
[104.003s] -- Installing: /home/hsun/ros2_ws/install/custom_action_cpp/share/custom_action_cpp/local_setup.dsv
[104.004s] -- Installing: /home/hsun/ros2_ws/install/custom_action_cpp/share/custom_action_cpp/package.dsv
[104.006s] -- Installing: /home/hsun/ros2_ws/install/custom_action_cpp/share/ament_index/resource_index/packages/custom_action_cpp
[104.009s] -- Installing: /home/hsun/ros2_ws/install/custom_action_cpp/share/ament_index/resource_index/rclcpp_components/custom_action_cpp
[104.011s] -- Installing: /home/hsun/ros2_ws/install/custom_action_cpp/share/custom_action_cpp/cmake/custom_action_cppConfig.cmake
[104.016s] -- Installing: /home/hsun/ros2_ws/install/custom_action_cpp/share/custom_action_cpp/cmake/custom_action_cppConfig-version.cmake
[104.018s] -- Installing: /home/hsun/ros2_ws/install/custom_action_cpp/share/custom_action_cpp/package.xml
[104.055s] Invoked command in '/home/hsun/ros2_ws/build/custom_action_cpp' returned '0': CMAKE_PREFIX_PATH=${CMAKE_PREFIX_PATH}:/home/hsun/ros2_ws/install/python_parameters:/home/hsun/ros2_ws/install/py_srvcli:/home/hsun/ros2_ws/install/py_pubsub:/opt/ros/iron /usr/bin/cmake --install /home/hsun/ros2_ws/build/custom_action_cpp
