[4.676s] Invoking command in '/home/hsun/ros2_ws/src/py_srvcli': PYTHONPATH=/home/hsun/ros2_ws/build/py_srvcli/prefix_override:/home/hsun/ros2_ws/install/py_srvcli/lib/python3.10/site-packages:${PYTHONPATH} /usr/bin/python3 setup.py egg_info --egg-base ../../build/py_srvcli build --build-base /home/hsun/ros2_ws/build/py_srvcli/build install --record /home/hsun/ros2_ws/build/py_srvcli/install.log --single-version-externally-managed
[6.679s] running egg_info
[6.683s] writing ../../build/py_srvcli/py_srvcli.egg-info/PKG-INFO
[6.686s] writing dependency_links to ../../build/py_srvcli/py_srvcli.egg-info/dependency_links.txt
[6.687s] writing entry points to ../../build/py_srvcli/py_srvcli.egg-info/entry_points.txt
[6.688s] writing requirements to ../../build/py_srvcli/py_srvcli.egg-info/requires.txt
[6.689s] writing top-level names to ../../build/py_srvcli/py_srvcli.egg-info/top_level.txt
[6.700s] reading manifest file '../../build/py_srvcli/py_srvcli.egg-info/SOURCES.txt'
[6.708s] writing manifest file '../../build/py_srvcli/py_srvcli.egg-info/SOURCES.txt'
[6.709s] running build
[6.711s] running build_py
[6.722s] copying py_srvcli/service_member_function.py -> /home/hsun/ros2_ws/build/py_srvcli/build/lib/py_srvcli
[6.725s] /usr/lib/python3/dist-packages/setuptools/command/install.py:34: SetuptoolsDeprecationWarning: setup.py install is deprecated. Use build and pip and other standards-based tools.
[6.726s]   warnings.warn(
[6.727s] running install
[6.729s] running install_lib
[6.738s] copying /home/hsun/ros2_ws/build/py_srvcli/build/lib/py_srvcli/service_member_function.py -> /home/hsun/ros2_ws/install/py_srvcli/lib/python3.10/site-packages/py_srvcli
[6.738s] byte-compiling /home/hsun/ros2_ws/install/py_srvcli/lib/python3.10/site-packages/py_srvcli/service_member_function.py to service_member_function.cpython-310.pyc
[6.741s] running install_data
[6.749s] running install_egg_info
[6.765s] removing '/home/hsun/ros2_ws/install/py_srvcli/lib/python3.10/site-packages/py_srvcli-0.0.0-py3.10.egg-info' (and everything under it)
[6.768s] Copying ../../build/py_srvcli/py_srvcli.egg-info to /home/hsun/ros2_ws/install/py_srvcli/lib/python3.10/site-packages/py_srvcli-0.0.0-py3.10.egg-info
[6.778s] running install_scripts
[6.943s] Installing client script to /home/hsun/ros2_ws/install/py_srvcli/lib/py_srvcli
[6.946s] Installing service script to /home/hsun/ros2_ws/install/py_srvcli/lib/py_srvcli
[6.951s] writing list of installed files to '/home/hsun/ros2_ws/build/py_srvcli/install.log'
[7.197s] Invoked command in '/home/hsun/ros2_ws/src/py_srvcli' returned '0': PYTHONPATH=/home/hsun/ros2_ws/build/py_srvcli/prefix_override:/home/hsun/ros2_ws/install/py_srvcli/lib/python3.10/site-packages:${PYTHONPATH} /usr/bin/python3 setup.py egg_info --egg-base ../../build/py_srvcli build --build-base /home/hsun/ros2_ws/build/py_srvcli/build install --record /home/hsun/ros2_ws/build/py_srvcli/install.log --single-version-externally-managed
