[10.913s] Invoking command in '/home/hsun/ros2_ws/src/py_pubsub': PYTHONPATH=/home/hsun/ros2_ws/build/py_pubsub/prefix_override:/home/hsun/ros2_ws/install/py_pubsub/lib/python3.10/site-packages:${PYTHONPATH} /usr/bin/python3 setup.py egg_info --egg-base ../../build/py_pubsub build --build-base /home/hsun/ros2_ws/build/py_pubsub/build install --record /home/hsun/ros2_ws/build/py_pubsub/install.log --single-version-externally-managed
[14.583s] running egg_info
[14.587s] writing ../../build/py_pubsub/py_pubsub.egg-info/PKG-INFO
[14.589s] writing dependency_links to ../../build/py_pubsub/py_pubsub.egg-info/dependency_links.txt
[14.591s] writing entry points to ../../build/py_pubsub/py_pubsub.egg-info/entry_points.txt
[14.605s] writing requirements to ../../build/py_pubsub/py_pubsub.egg-info/requires.txt
[14.608s] writing top-level names to ../../build/py_pubsub/py_pubsub.egg-info/top_level.txt
[14.639s] reading manifest file '../../build/py_pubsub/py_pubsub.egg-info/SOURCES.txt'
[14.641s] writing manifest file '../../build/py_pubsub/py_pubsub.egg-info/SOURCES.txt'
[14.650s] running build
[14.651s] running build_py
[14.655s] running install
[14.656s] /usr/lib/python3/dist-packages/setuptools/command/install.py:34: SetuptoolsDeprecationWarning: setup.py install is deprecated. Use build and pip and other standards-based tools.
[14.657s]   warnings.warn(
[14.657s] running install_lib
[14.677s] running install_data
[14.680s] running install_egg_info
[14.703s] removing '/home/hsun/ros2_ws/install/py_pubsub/lib/python3.10/site-packages/py_pubsub-0.0.0-py3.10.egg-info' (and everything under it)
[14.713s] Copying ../../build/py_pubsub/py_pubsub.egg-info to /home/hsun/ros2_ws/install/py_pubsub/lib/python3.10/site-packages/py_pubsub-0.0.0-py3.10.egg-info
[14.729s] running install_scripts
[14.897s] Installing listener script to /home/hsun/ros2_ws/install/py_pubsub/lib/py_pubsub
[14.899s] Installing talker script to /home/hsun/ros2_ws/install/py_pubsub/lib/py_pubsub
[14.906s] writing list of installed files to '/home/hsun/ros2_ws/build/py_pubsub/install.log'
[17.611s] Invoked command in '/home/hsun/ros2_ws/src/py_pubsub' returned '0': PYTHONPATH=/home/hsun/ros2_ws/build/py_pubsub/prefix_override:/home/hsun/ros2_ws/install/py_pubsub/lib/python3.10/site-packages:${PYTHONPATH} /usr/bin/python3 setup.py egg_info --egg-base ../../build/py_pubsub build --build-base /home/hsun/ros2_ws/build/py_pubsub/build install --record /home/hsun/ros2_ws/build/py_pubsub/install.log --single-version-externally-managed
