[0.300s] Invoking command in '/home/hsun/ros2_ws/build/custom_action_interfaces': CMAKE_PREFIX_PATH=${CMAKE_PREFIX_PATH}:/opt/ros/iron:/home/hsun/ros2_ws/install/python_parameters:/home/hsun/ros2_ws/install/py_srvcli:/home/hsun/ros2_ws/install/py_pubsub:/home/hsun/ros2_ws/install/py_launch_example /usr/bin/cmake --build /home/hsun/ros2_ws/build/custom_action_interfaces -- -j4 -l4
[1.307s] [  2%] Built target custom_action_interfaces__rosidl_generator_type_description
[1.594s] [  2%] Built target ament_cmake_python_copy_custom_action_interfaces
[1.964s] [  5%] Built target custom_action_interfaces__cpp
[2.051s] [ 20%] Built target custom_action_interfaces__rosidl_generator_c
[2.834s] [ 29%] Built target custom_action_interfaces__rosidl_typesupport_cpp
[3.106s] [ 38%] Built target custom_action_interfaces__rosidl_typesupport_fastrtps_c
[3.231s] [ 47%] Built target custom_action_interfaces__rosidl_typesupport_introspection_c
[3.859s] [ 55%] Built target custom_action_interfaces__rosidl_typesupport_c
[3.952s] [ 64%] Built target custom_action_interfaces__rosidl_typesupport_fastrtps_cpp
[4.039s] [ 73%] Built target custom_action_interfaces__rosidl_typesupport_introspection_cpp
[4.477s] [ 73%] Built target custom_action_interfaces
[4.983s] [ 76%] Built target custom_action_interfaces__py
[5.364s] [ 82%] Built target custom_action_interfaces__rosidl_generator_py
[5.999s] [ 88%] Built target custom_action_interfaces__rosidl_typesupport_fastrtps_c__pyext
[6.523s] [ 94%] Built target custom_action_interfaces__rosidl_typesupport_c__pyext
[6.971s] [100%] Built target custom_action_interfaces__rosidl_typesupport_introspection_c__pyext
[7.951s] running egg_info
[7.953s] writing custom_action_interfaces.egg-info/PKG-INFO
[7.956s] writing dependency_links to custom_action_interfaces.egg-info/dependency_links.txt
[7.962s] writing top-level names to custom_action_interfaces.egg-info/top_level.txt
[8.003s] reading manifest file 'custom_action_interfaces.egg-info/SOURCES.txt'
[8.004s] writing manifest file 'custom_action_interfaces.egg-info/SOURCES.txt'
[8.363s] [100%] Built target ament_cmake_python_build_custom_action_interfaces_egg
[10.027s] Invoked command in '/home/hsun/ros2_ws/build/custom_action_interfaces' returned '0': CMAKE_PREFIX_PATH=${CMAKE_PREFIX_PATH}:/opt/ros/iron:/home/hsun/ros2_ws/install/python_parameters:/home/hsun/ros2_ws/install/py_srvcli:/home/hsun/ros2_ws/install/py_pubsub:/home/hsun/ros2_ws/install/py_launch_example /usr/bin/cmake --build /home/hsun/ros2_ws/build/custom_action_interfaces -- -j4 -l4
[11.824s] Invoking command in '/home/hsun/ros2_ws/build/custom_action_interfaces': CMAKE_PREFIX_PATH=${CMAKE_PREFIX_PATH}:/opt/ros/iron:/home/hsun/ros2_ws/install/python_parameters:/home/hsun/ros2_ws/install/py_srvcli:/home/hsun/ros2_ws/install/py_pubsub:/home/hsun/ros2_ws/install/py_launch_example /usr/bin/cmake --install /home/hsun/ros2_ws/build/custom_action_interfaces
[11.958s] -- Install configuration: ""
[11.961s] -- Up-to-date: /home/hsun/ros2_ws/install/custom_action_interfaces/share/ament_index/resource_index/rosidl_interfaces/custom_action_interfaces
[11.963s] -- Up-to-date: /home/hsun/ros2_ws/install/custom_action_interfaces/share/custom_action_interfaces/action/Fibonacci.json
[11.967s] -- Up-to-date: /home/hsun/ros2_ws/install/custom_action_interfaces/include/custom_action_interfaces/custom_action_interfaces
[11.969s] -- Up-to-date: /home/hsun/ros2_ws/install/custom_action_interfaces/include/custom_action_interfaces/custom_action_interfaces/msg
[11.973s] -- Up-to-date: /home/hsun/ros2_ws/install/custom_action_interfaces/include/custom_action_interfaces/custom_action_interfaces/msg/rosidl_generator_c__visibility_control.h
[11.975s] -- Up-to-date: /home/hsun/ros2_ws/install/custom_action_interfaces/include/custom_action_interfaces/custom_action_interfaces/action
[11.979s] -- Up-to-date: /home/hsun/ros2_ws/install/custom_action_interfaces/include/custom_action_interfaces/custom_action_interfaces/action/detail
[11.981s] -- Up-to-date: /home/hsun/ros2_ws/install/custom_action_interfaces/include/custom_action_interfaces/custom_action_interfaces/action/detail/fibonacci__functions.h
[11.984s] -- Up-to-date: /home/hsun/ros2_ws/install/custom_action_interfaces/include/custom_action_interfaces/custom_action_interfaces/action/detail/fibonacci__functions.c
[11.986s] -- Up-to-date: /home/hsun/ros2_ws/install/custom_action_interfaces/include/custom_action_interfaces/custom_action_interfaces/action/detail/fibonacci__description.c
[11.990s] -- Up-to-date: /home/hsun/ros2_ws/install/custom_action_interfaces/include/custom_action_interfaces/custom_action_interfaces/action/detail/fibonacci__type_support.h
[11.994s] -- Up-to-date: /home/hsun/ros2_ws/install/custom_action_interfaces/include/custom_action_interfaces/custom_action_interfaces/action/detail/fibonacci__struct.h
[11.996s] -- Installing: /home/hsun/ros2_ws/install/custom_action_interfaces/include/custom_action_interfaces/custom_action_interfaces/action/detail/fibonacci__type_support.c
[11.999s] -- Up-to-date: /home/hsun/ros2_ws/install/custom_action_interfaces/include/custom_action_interfaces/custom_action_interfaces/action/fibonacci.h
[12.002s] -- Up-to-date: /home/hsun/ros2_ws/install/custom_action_interfaces/share/custom_action_interfaces/environment/library_path.sh
[12.004s] -- Up-to-date: /home/hsun/ros2_ws/install/custom_action_interfaces/share/custom_action_interfaces/environment/library_path.dsv
[12.013s] -- Up-to-date: /home/hsun/ros2_ws/install/custom_action_interfaces/lib/libcustom_action_interfaces__rosidl_generator_c.so
[12.027s] -- Up-to-date: /home/hsun/ros2_ws/install/custom_action_interfaces/include/custom_action_interfaces/custom_action_interfaces
[12.031s] -- Up-to-date: /home/hsun/ros2_ws/install/custom_action_interfaces/include/custom_action_interfaces/custom_action_interfaces/msg
[12.034s] -- Up-to-date: /home/hsun/ros2_ws/install/custom_action_interfaces/include/custom_action_interfaces/custom_action_interfaces/msg/rosidl_typesupport_fastrtps_c__visibility_control.h
[12.036s] -- Up-to-date: /home/hsun/ros2_ws/install/custom_action_interfaces/include/custom_action_interfaces/custom_action_interfaces/action
[12.038s] -- Up-to-date: /home/hsun/ros2_ws/install/custom_action_interfaces/include/custom_action_interfaces/custom_action_interfaces/action/detail
[12.041s] -- Up-to-date: /home/hsun/ros2_ws/install/custom_action_interfaces/include/custom_action_interfaces/custom_action_interfaces/action/detail/fibonacci__rosidl_typesupport_fastrtps_c.h
[12.045s] -- Up-to-date: /home/hsun/ros2_ws/install/custom_action_interfaces/lib/libcustom_action_interfaces__rosidl_typesupport_fastrtps_c.so
[12.049s] -- Up-to-date: /home/hsun/ros2_ws/install/custom_action_interfaces/include/custom_action_interfaces/custom_action_interfaces
[12.051s] -- Up-to-date: /home/hsun/ros2_ws/install/custom_action_interfaces/include/custom_action_interfaces/custom_action_interfaces/msg
[12.053s] -- Up-to-date: /home/hsun/ros2_ws/install/custom_action_interfaces/include/custom_action_interfaces/custom_action_interfaces/msg/rosidl_typesupport_introspection_c__visibility_control.h
[12.054s] -- Up-to-date: /home/hsun/ros2_ws/install/custom_action_interfaces/include/custom_action_interfaces/custom_action_interfaces/action
[12.056s] -- Up-to-date: /home/hsun/ros2_ws/install/custom_action_interfaces/include/custom_action_interfaces/custom_action_interfaces/action/detail
[12.063s] -- Up-to-date: /home/hsun/ros2_ws/install/custom_action_interfaces/include/custom_action_interfaces/custom_action_interfaces/action/detail/fibonacci__rosidl_typesupport_introspection_c.h
[12.067s] -- Installing: /home/hsun/ros2_ws/install/custom_action_interfaces/include/custom_action_interfaces/custom_action_interfaces/action/detail/fibonacci__type_support.c
[12.078s] -- Up-to-date: /home/hsun/ros2_ws/install/custom_action_interfaces/lib/libcustom_action_interfaces__rosidl_typesupport_introspection_c.so
[12.082s] -- Up-to-date: /home/hsun/ros2_ws/install/custom_action_interfaces/lib/libcustom_action_interfaces__rosidl_typesupport_c.so
[12.106s] -- Up-to-date: /home/hsun/ros2_ws/install/custom_action_interfaces/include/custom_action_interfaces/custom_action_interfaces
[12.107s] -- Up-to-date: /home/hsun/ros2_ws/install/custom_action_interfaces/include/custom_action_interfaces/custom_action_interfaces/action
[12.108s] -- Up-to-date: /home/hsun/ros2_ws/install/custom_action_interfaces/include/custom_action_interfaces/custom_action_interfaces/action/detail
[12.108s] -- Up-to-date: /home/hsun/ros2_ws/install/custom_action_interfaces/include/custom_action_interfaces/custom_action_interfaces/action/detail/fibonacci__traits.hpp
[12.109s] -- Up-to-date: /home/hsun/ros2_ws/install/custom_action_interfaces/include/custom_action_interfaces/custom_action_interfaces/action/detail/fibonacci__builder.hpp
[12.119s] -- Up-to-date: /home/hsun/ros2_ws/install/custom_action_interfaces/include/custom_action_interfaces/custom_action_interfaces/action/detail/fibonacci__struct.hpp
[12.120s] -- Up-to-date: /home/hsun/ros2_ws/install/custom_action_interfaces/include/custom_action_interfaces/custom_action_interfaces/action/fibonacci.hpp
[12.120s] -- Up-to-date: /home/hsun/ros2_ws/install/custom_action_interfaces/include/custom_action_interfaces/custom_action_interfaces
[12.127s] -- Up-to-date: /home/hsun/ros2_ws/install/custom_action_interfaces/include/custom_action_interfaces/custom_action_interfaces/msg
[12.130s] -- Up-to-date: /home/hsun/ros2_ws/install/custom_action_interfaces/include/custom_action_interfaces/custom_action_interfaces/msg/rosidl_typesupport_fastrtps_cpp__visibility_control.h
[12.132s] -- Up-to-date: /home/hsun/ros2_ws/install/custom_action_interfaces/include/custom_action_interfaces/custom_action_interfaces/action
[12.133s] -- Up-to-date: /home/hsun/ros2_ws/install/custom_action_interfaces/include/custom_action_interfaces/custom_action_interfaces/action/detail
[12.142s] -- Up-to-date: /home/hsun/ros2_ws/install/custom_action_interfaces/include/custom_action_interfaces/custom_action_interfaces/action/detail/dds_fastrtps
[12.143s] -- Up-to-date: /home/hsun/ros2_ws/install/custom_action_interfaces/include/custom_action_interfaces/custom_action_interfaces/action/detail/fibonacci__rosidl_typesupport_fastrtps_cpp.hpp
[12.144s] -- Up-to-date: /home/hsun/ros2_ws/install/custom_action_interfaces/lib/libcustom_action_interfaces__rosidl_typesupport_fastrtps_cpp.so
[12.145s] -- Up-to-date: /home/hsun/ros2_ws/install/custom_action_interfaces/include/custom_action_interfaces/custom_action_interfaces
[12.159s] -- Up-to-date: /home/hsun/ros2_ws/install/custom_action_interfaces/include/custom_action_interfaces/custom_action_interfaces/action
[12.160s] -- Up-to-date: /home/hsun/ros2_ws/install/custom_action_interfaces/include/custom_action_interfaces/custom_action_interfaces/action/detail
[12.163s] -- Up-to-date: /home/hsun/ros2_ws/install/custom_action_interfaces/include/custom_action_interfaces/custom_action_interfaces/action/detail/fibonacci__rosidl_typesupport_introspection_cpp.hpp
[12.164s] -- Up-to-date: /home/hsun/ros2_ws/install/custom_action_interfaces/include/custom_action_interfaces/custom_action_interfaces/action/detail/fibonacci__type_support.cpp
[12.165s] -- Up-to-date: /home/hsun/ros2_ws/install/custom_action_interfaces/lib/libcustom_action_interfaces__rosidl_typesupport_introspection_cpp.so
[12.165s] -- Up-to-date: /home/hsun/ros2_ws/install/custom_action_interfaces/lib/libcustom_action_interfaces__rosidl_typesupport_cpp.so
[12.166s] -- Up-to-date: /home/hsun/ros2_ws/install/custom_action_interfaces/share/custom_action_interfaces/environment/pythonpath.sh
[12.167s] -- Up-to-date: /home/hsun/ros2_ws/install/custom_action_interfaces/share/custom_action_interfaces/environment/pythonpath.dsv
[12.167s] -- Up-to-date: /home/hsun/ros2_ws/install/custom_action_interfaces/lib/python3.10/site-packages/custom_action_interfaces-0.0.0-py3.10.egg-info
[12.168s] -- Installing: /home/hsun/ros2_ws/install/custom_action_interfaces/lib/python3.10/site-packages/custom_action_interfaces-0.0.0-py3.10.egg-info/SOURCES.txt
[12.169s] -- Installing: /home/hsun/ros2_ws/install/custom_action_interfaces/lib/python3.10/site-packages/custom_action_interfaces-0.0.0-py3.10.egg-info/PKG-INFO
[12.170s] -- Installing: /home/hsun/ros2_ws/install/custom_action_interfaces/lib/python3.10/site-packages/custom_action_interfaces-0.0.0-py3.10.egg-info/dependency_links.txt
[12.172s] -- Installing: /home/hsun/ros2_ws/install/custom_action_interfaces/lib/python3.10/site-packages/custom_action_interfaces-0.0.0-py3.10.egg-info/top_level.txt
[12.177s] -- Up-to-date: /home/hsun/ros2_ws/install/custom_action_interfaces/lib/python3.10/site-packages/custom_action_interfaces
[12.179s] -- Up-to-date: /home/hsun/ros2_ws/install/custom_action_interfaces/lib/python3.10/site-packages/custom_action_interfaces/_custom_action_interfaces_s.ep.rosidl_typesupport_c.c
[12.181s] -- Up-to-date: /home/hsun/ros2_ws/install/custom_action_interfaces/lib/python3.10/site-packages/custom_action_interfaces/_custom_action_interfaces_s.ep.rosidl_typesupport_introspection_c.c
[12.184s] -- Up-to-date: /home/hsun/ros2_ws/install/custom_action_interfaces/lib/python3.10/site-packages/custom_action_interfaces/__init__.py
[12.185s] -- Up-to-date: /home/hsun/ros2_ws/install/custom_action_interfaces/lib/python3.10/site-packages/custom_action_interfaces/custom_action_interfaces_s__rosidl_typesupport_introspection_c.cpython-310-aarch64-linux-gnu.so
[12.188s] -- Up-to-date: /home/hsun/ros2_ws/install/custom_action_interfaces/lib/python3.10/site-packages/custom_action_interfaces/custom_action_interfaces_s__rosidl_typesupport_c.cpython-310-aarch64-linux-gnu.so
[12.189s] -- Up-to-date: /home/hsun/ros2_ws/install/custom_action_interfaces/lib/python3.10/site-packages/custom_action_interfaces/_custom_action_interfaces_s.ep.rosidl_typesupport_fastrtps_c.c
[12.190s] -- Up-to-date: /home/hsun/ros2_ws/install/custom_action_interfaces/lib/python3.10/site-packages/custom_action_interfaces/custom_action_interfaces_s__rosidl_typesupport_fastrtps_c.cpython-310-aarch64-linux-gnu.so
[12.190s] -- Up-to-date: /home/hsun/ros2_ws/install/custom_action_interfaces/lib/python3.10/site-packages/custom_action_interfaces/action
[12.197s] -- Up-to-date: /home/hsun/ros2_ws/install/custom_action_interfaces/lib/python3.10/site-packages/custom_action_interfaces/action/__init__.py
[12.199s] -- Up-to-date: /home/hsun/ros2_ws/install/custom_action_interfaces/lib/python3.10/site-packages/custom_action_interfaces/action/_fibonacci.py
[12.200s] -- Up-to-date: /home/hsun/ros2_ws/install/custom_action_interfaces/lib/python3.10/site-packages/custom_action_interfaces/action/_fibonacci_s.c
[12.209s] -- Up-to-date: /home/hsun/ros2_ws/install/custom_action_interfaces/lib/python3.10/site-packages/custom_action_interfaces/libcustom_action_interfaces__rosidl_generator_py.so
[12.817s] Listing '/home/hsun/ros2_ws/install/custom_action_interfaces/lib/python3.10/site-packages/custom_action_interfaces'...
[12.819s] Listing '/home/hsun/ros2_ws/install/custom_action_interfaces/lib/python3.10/site-packages/custom_action_interfaces/action'...
[12.893s] -- Up-to-date: /home/hsun/ros2_ws/install/custom_action_interfaces/lib/python3.10/site-packages/custom_action_interfaces/custom_action_interfaces_s__rosidl_typesupport_fastrtps_c.cpython-310-aarch64-linux-gnu.so
[12.893s] -- Up-to-date: /home/hsun/ros2_ws/install/custom_action_interfaces/lib/python3.10/site-packages/custom_action_interfaces/custom_action_interfaces_s__rosidl_typesupport_introspection_c.cpython-310-aarch64-linux-gnu.so
[12.900s] -- Up-to-date: /home/hsun/ros2_ws/install/custom_action_interfaces/lib/python3.10/site-packages/custom_action_interfaces/custom_action_interfaces_s__rosidl_typesupport_c.cpython-310-aarch64-linux-gnu.so
[12.904s] -- Up-to-date: /home/hsun/ros2_ws/install/custom_action_interfaces/lib/libcustom_action_interfaces__rosidl_generator_py.so
[12.906s] -- Up-to-date: /home/hsun/ros2_ws/install/custom_action_interfaces/share/custom_action_interfaces/action/Fibonacci.idl
[12.907s] -- Up-to-date: /home/hsun/ros2_ws/install/custom_action_interfaces/share/custom_action_interfaces/action/Fibonacci.action
[12.908s] -- Up-to-date: /home/hsun/ros2_ws/install/custom_action_interfaces/share/ament_index/resource_index/package_run_dependencies/custom_action_interfaces
[12.908s] -- Up-to-date: /home/hsun/ros2_ws/install/custom_action_interfaces/share/ament_index/resource_index/parent_prefix_path/custom_action_interfaces
[12.909s] -- Up-to-date: /home/hsun/ros2_ws/install/custom_action_interfaces/share/custom_action_interfaces/environment/ament_prefix_path.sh
[12.929s] -- Up-to-date: /home/hsun/ros2_ws/install/custom_action_interfaces/share/custom_action_interfaces/environment/ament_prefix_path.dsv
[12.930s] -- Up-to-date: /home/hsun/ros2_ws/install/custom_action_interfaces/share/custom_action_interfaces/environment/path.sh
[12.933s] -- Up-to-date: /home/hsun/ros2_ws/install/custom_action_interfaces/share/custom_action_interfaces/environment/path.dsv
[12.936s] -- Up-to-date: /home/hsun/ros2_ws/install/custom_action_interfaces/share/custom_action_interfaces/local_setup.bash
[12.940s] -- Up-to-date: /home/hsun/ros2_ws/install/custom_action_interfaces/share/custom_action_interfaces/local_setup.sh
[12.943s] -- Up-to-date: /home/hsun/ros2_ws/install/custom_action_interfaces/share/custom_action_interfaces/local_setup.zsh
[12.944s] -- Up-to-date: /home/hsun/ros2_ws/install/custom_action_interfaces/share/custom_action_interfaces/local_setup.dsv
[12.951s] -- Installing: /home/hsun/ros2_ws/install/custom_action_interfaces/share/custom_action_interfaces/package.dsv
[12.956s] -- Up-to-date: /home/hsun/ros2_ws/install/custom_action_interfaces/share/ament_index/resource_index/packages/custom_action_interfaces
[12.964s] -- Up-to-date: /home/hsun/ros2_ws/install/custom_action_interfaces/share/custom_action_interfaces/cmake/export_custom_action_interfaces__rosidl_generator_cExport.cmake
[12.979s] -- Up-to-date: /home/hsun/ros2_ws/install/custom_action_interfaces/share/custom_action_interfaces/cmake/export_custom_action_interfaces__rosidl_generator_cExport-noconfig.cmake
[12.980s] -- Up-to-date: /home/hsun/ros2_ws/install/custom_action_interfaces/share/custom_action_interfaces/cmake/export_custom_action_interfaces__rosidl_typesupport_fastrtps_cExport.cmake
[12.981s] -- Up-to-date: /home/hsun/ros2_ws/install/custom_action_interfaces/share/custom_action_interfaces/cmake/export_custom_action_interfaces__rosidl_typesupport_fastrtps_cExport-noconfig.cmake
[12.982s] -- Up-to-date: /home/hsun/ros2_ws/install/custom_action_interfaces/share/custom_action_interfaces/cmake/custom_action_interfaces__rosidl_typesupport_introspection_cExport.cmake
[12.987s] -- Up-to-date: /home/hsun/ros2_ws/install/custom_action_interfaces/share/custom_action_interfaces/cmake/custom_action_interfaces__rosidl_typesupport_introspection_cExport-noconfig.cmake
[12.988s] -- Up-to-date: /home/hsun/ros2_ws/install/custom_action_interfaces/share/custom_action_interfaces/cmake/custom_action_interfaces__rosidl_typesupport_cExport.cmake
[12.990s] -- Up-to-date: /home/hsun/ros2_ws/install/custom_action_interfaces/share/custom_action_interfaces/cmake/custom_action_interfaces__rosidl_typesupport_cExport-noconfig.cmake
[12.995s] -- Up-to-date: /home/hsun/ros2_ws/install/custom_action_interfaces/share/custom_action_interfaces/cmake/export_custom_action_interfaces__rosidl_generator_cppExport.cmake
[13.002s] -- Up-to-date: /home/hsun/ros2_ws/install/custom_action_interfaces/share/custom_action_interfaces/cmake/export_custom_action_interfaces__rosidl_typesupport_fastrtps_cppExport.cmake
[13.003s] -- Up-to-date: /home/hsun/ros2_ws/install/custom_action_interfaces/share/custom_action_interfaces/cmake/export_custom_action_interfaces__rosidl_typesupport_fastrtps_cppExport-noconfig.cmake
[13.010s] -- Up-to-date: /home/hsun/ros2_ws/install/custom_action_interfaces/share/custom_action_interfaces/cmake/custom_action_interfaces__rosidl_typesupport_introspection_cppExport.cmake
[13.011s] -- Up-to-date: /home/hsun/ros2_ws/install/custom_action_interfaces/share/custom_action_interfaces/cmake/custom_action_interfaces__rosidl_typesupport_introspection_cppExport-noconfig.cmake
[13.015s] -- Up-to-date: /home/hsun/ros2_ws/install/custom_action_interfaces/share/custom_action_interfaces/cmake/custom_action_interfaces__rosidl_typesupport_cppExport.cmake
[13.015s] -- Up-to-date: /home/hsun/ros2_ws/install/custom_action_interfaces/share/custom_action_interfaces/cmake/custom_action_interfaces__rosidl_typesupport_cppExport-noconfig.cmake
[13.016s] -- Up-to-date: /home/hsun/ros2_ws/install/custom_action_interfaces/share/custom_action_interfaces/cmake/export_custom_action_interfaces__rosidl_generator_pyExport.cmake
[13.017s] -- Up-to-date: /home/hsun/ros2_ws/install/custom_action_interfaces/share/custom_action_interfaces/cmake/export_custom_action_interfaces__rosidl_generator_pyExport-noconfig.cmake
[13.017s] -- Up-to-date: /home/hsun/ros2_ws/install/custom_action_interfaces/share/custom_action_interfaces/cmake/rosidl_cmake-extras.cmake
[13.018s] -- Up-to-date: /home/hsun/ros2_ws/install/custom_action_interfaces/share/custom_action_interfaces/cmake/ament_cmake_export_dependencies-extras.cmake
[13.018s] -- Up-to-date: /home/hsun/ros2_ws/install/custom_action_interfaces/share/custom_action_interfaces/cmake/ament_cmake_export_include_directories-extras.cmake
[13.022s] -- Up-to-date: /home/hsun/ros2_ws/install/custom_action_interfaces/share/custom_action_interfaces/cmake/ament_cmake_export_libraries-extras.cmake
[13.024s] -- Up-to-date: /home/hsun/ros2_ws/install/custom_action_interfaces/share/custom_action_interfaces/cmake/ament_cmake_export_targets-extras.cmake
[13.025s] -- Up-to-date: /home/hsun/ros2_ws/install/custom_action_interfaces/share/custom_action_interfaces/cmake/rosidl_cmake_export_typesupport_targets-extras.cmake
[13.064s] -- Up-to-date: /home/hsun/ros2_ws/install/custom_action_interfaces/share/custom_action_interfaces/cmake/rosidl_cmake_export_typesupport_libraries-extras.cmake
[13.066s] -- Up-to-date: /home/hsun/ros2_ws/install/custom_action_interfaces/share/custom_action_interfaces/cmake/custom_action_interfacesConfig.cmake
[13.071s] -- Up-to-date: /home/hsun/ros2_ws/install/custom_action_interfaces/share/custom_action_interfaces/cmake/custom_action_interfacesConfig-version.cmake
[13.072s] -- Up-to-date: /home/hsun/ros2_ws/install/custom_action_interfaces/share/custom_action_interfaces/package.xml
[13.073s] Invoked command in '/home/hsun/ros2_ws/build/custom_action_interfaces' returned '0': CMAKE_PREFIX_PATH=${CMAKE_PREFIX_PATH}:/opt/ros/iron:/home/hsun/ros2_ws/install/python_parameters:/home/hsun/ros2_ws/install/py_srvcli:/home/hsun/ros2_ws/install/py_pubsub:/home/hsun/ros2_ws/install/py_launch_example /usr/bin/cmake --install /home/hsun/ros2_ws/build/custom_action_interfaces
