[0.250s] Invoking command in '/home/hsun/ros2_ws/build/my_package': /usr/bin/cmake --build /home/hsun/ros2_ws/build/my_package -- -j4 -l4
[1.061s] [100%] Built target my_node
[1.193s] Invoked command in '/home/hsun/ros2_ws/build/my_package' returned '0': /usr/bin/cmake --build /home/hsun/ros2_ws/build/my_package -- -j4 -l4
[1.614s] Invoking command in '/home/hsun/ros2_ws/build/my_package': /usr/bin/cmake --install /home/hsun/ros2_ws/build/my_package
[1.743s] -- Install configuration: ""
[1.752s] -- Up-to-date: /home/hsun/ros2_ws/install/my_package/lib/my_package/my_node
[1.754s] -- Up-to-date: /home/hsun/ros2_ws/install/my_package/share/ament_index/resource_index/package_run_dependencies/my_package
[1.758s] -- Up-to-date: /home/hsun/ros2_ws/install/my_package/share/ament_index/resource_index/parent_prefix_path/my_package
[1.765s] -- Up-to-date: /home/hsun/ros2_ws/install/my_package/share/my_package/environment/ament_prefix_path.sh
[1.770s] -- Up-to-date: /home/hsun/ros2_ws/install/my_package/share/my_package/environment/ament_prefix_path.dsv
[1.772s] -- Up-to-date: /home/hsun/ros2_ws/install/my_package/share/my_package/environment/path.sh
[1.773s] -- Up-to-date: /home/hsun/ros2_ws/install/my_package/share/my_package/environment/path.dsv
[1.777s] -- Up-to-date: /home/hsun/ros2_ws/install/my_package/share/my_package/local_setup.bash
[1.784s] -- Up-to-date: /home/hsun/ros2_ws/install/my_package/share/my_package/local_setup.sh
[1.786s] -- Up-to-date: /home/hsun/ros2_ws/install/my_package/share/my_package/local_setup.zsh
[1.787s] -- Up-to-date: /home/hsun/ros2_ws/install/my_package/share/my_package/local_setup.dsv
[1.789s] -- Installing: /home/hsun/ros2_ws/install/my_package/share/my_package/package.dsv
[1.796s] -- Up-to-date: /home/hsun/ros2_ws/install/my_package/share/ament_index/resource_index/packages/my_package
[1.801s] -- Up-to-date: /home/hsun/ros2_ws/install/my_package/share/my_package/cmake/my_packageConfig.cmake
[1.802s] -- Up-to-date: /home/hsun/ros2_ws/install/my_package/share/my_package/cmake/my_packageConfig-version.cmake
[1.808s] -- Up-to-date: /home/hsun/ros2_ws/install/my_package/share/my_package/package.xml
[1.837s] Invoked command in '/home/hsun/ros2_ws/build/my_package' returned '0': /usr/bin/cmake --install /home/hsun/ros2_ws/build/my_package
