-- Found ament_cmake: 2.0.3 (/opt/ros/iron/share/ament_cmake/cmake)
-- Found rclcpp: 21.0.2 (/opt/ros/iron/share/rclcpp/cmake)
-- Found rosidl_generator_c: 4.0.1 (/opt/ros/iron/share/rosidl_generator_c/cmake)
-- Found rosidl_generator_cpp: 4.0.1 (/opt/ros/iron/share/rosidl_generator_cpp/cmake)
-- Using all available rosidl_typesupport_c: rosidl_typesupport_fastrtps_c;rosidl_typesupport_introspection_c
-- Using all available rosidl_typesupport_cpp: rosidl_typesupport_fastrtps_cpp;rosidl_typesupport_introspection_cpp
-- Found rmw_implementation_cmake: 7.1.0 (/opt/ros/iron/share/rmw_implementation_cmake/cmake)
-- Found rmw_fastrtps_cpp: 7.1.1 (/opt/ros/iron/share/rmw_fastrtps_cpp/cmake)
-- Using RMW implementation 'rmw_fastrtps_cpp' as default
-- Found tutorial_interfaces: 0.0.0 (/home/hsun/ros2_ws/install/tutorial_interfaces/share/tutorial_interfaces/cmake)
-- Found ament_lint_auto: 0.14.1 (/opt/ros/iron/share/ament_lint_auto/cmake)
-- Added test 'cppcheck' to perform static code analysis on C / C++ code
-- Configured cppcheck include dirs: 
-- Configured cppcheck exclude dirs and/or files: 
-- Added test 'lint_cmake' to check CMake code style
-- Added test 'uncrustify' to check C / C++ code style
-- Configured uncrustify additional arguments: 
-- Added test 'xmllint' to check XML markup files
-- Configuring done
-- Generating done
-- Build files have been written to: /home/hsun/ros2_ws/build/cpp_srvcli
[35m[1mConsolidate compiler generated dependencies of target server[0m
[ 25%] [32mBuilding CXX object CMakeFiles/server.dir/src/add_two_ints_server.cpp.o[0m
[ 50%] [32m[1mLinking CXX executable server[0m
[ 50%] Built target server
[35m[1mConsolidate compiler generated dependencies of target client[0m
[ 75%] [32mBuilding CXX object CMakeFiles/client.dir/src/add_two_ints_client.cpp.o[0m
[100%] [32m[1mLinking CXX executable client[0m
[100%] Built target client
-- Install configuration: ""
-- Installing: /home/hsun/ros2_ws/install/cpp_srvcli/lib/cpp_srvcli/server
-- Set runtime path of "/home/hsun/ros2_ws/install/cpp_srvcli/lib/cpp_srvcli/server" to ""
-- Installing: /home/hsun/ros2_ws/install/cpp_srvcli/lib/cpp_srvcli/client
-- Set runtime path of "/home/hsun/ros2_ws/install/cpp_srvcli/lib/cpp_srvcli/client" to ""
-- Installing: /home/hsun/ros2_ws/install/cpp_srvcli/share/ament_index/resource_index/package_run_dependencies/cpp_srvcli
-- Installing: /home/hsun/ros2_ws/install/cpp_srvcli/share/ament_index/resource_index/parent_prefix_path/cpp_srvcli
-- Installing: /home/hsun/ros2_ws/install/cpp_srvcli/share/cpp_srvcli/environment/ament_prefix_path.sh
-- Installing: /home/hsun/ros2_ws/install/cpp_srvcli/share/cpp_srvcli/environment/ament_prefix_path.dsv
-- Installing: /home/hsun/ros2_ws/install/cpp_srvcli/share/cpp_srvcli/environment/path.sh
-- Installing: /home/hsun/ros2_ws/install/cpp_srvcli/share/cpp_srvcli/environment/path.dsv
-- Installing: /home/hsun/ros2_ws/install/cpp_srvcli/share/cpp_srvcli/local_setup.bash
-- Installing: /home/hsun/ros2_ws/install/cpp_srvcli/share/cpp_srvcli/local_setup.sh
-- Installing: /home/hsun/ros2_ws/install/cpp_srvcli/share/cpp_srvcli/local_setup.zsh
-- Installing: /home/hsun/ros2_ws/install/cpp_srvcli/share/cpp_srvcli/local_setup.dsv
-- Installing: /home/hsun/ros2_ws/install/cpp_srvcli/share/cpp_srvcli/package.dsv
-- Installing: /home/hsun/ros2_ws/install/cpp_srvcli/share/ament_index/resource_index/packages/cpp_srvcli
-- Installing: /home/hsun/ros2_ws/install/cpp_srvcli/share/cpp_srvcli/cmake/cpp_srvcliConfig.cmake
-- Installing: /home/hsun/ros2_ws/install/cpp_srvcli/share/cpp_srvcli/cmake/cpp_srvcliConfig-version.cmake
-- Up-to-date: /home/hsun/ros2_ws/install/cpp_srvcli/share/cpp_srvcli/package.xml
