[0.318s] Invoking command in '/home/hsun/ros2_ws/build/tutorial_interfaces': CMAKE_PREFIX_PATH=${CMAKE_PREFIX_PATH}:/home/hsun/ros2_ws/install/python_parameters:/home/hsun/ros2_ws/install/py_srvcli:/home/hsun/ros2_ws/install/py_pubsub:/opt/ros/iron /usr/bin/cmake --build /home/hsun/ros2_ws/build/tutorial_interfaces -- -j4 -l4
[1.063s] [  1%] Built target tutorial_interfaces__rosidl_generator_type_description
[1.350s] [  1%] Built target ament_cmake_python_copy_tutorial_interfaces
[1.403s] [  3%] Built target tutorial_interfaces__cpp
[1.473s] [ 24%] Built target tutorial_interfaces__rosidl_generator_c
[1.993s] [ 33%] Built target tutorial_interfaces__rosidl_typesupport_fastrtps_cpp
[2.006s] [ 42%] Built target tutorial_interfaces__rosidl_typesupport_fastrtps_c
[2.031s] [ 51%] Built target tutorial_interfaces__rosidl_typesupport_cpp
[2.612s] [ 61%] Built target tutorial_interfaces__rosidl_typesupport_introspection_c
[2.655s] [ 70%] Built target tutorial_interfaces__rosidl_typesupport_introspection_cpp
[2.693s] [ 79%] Built target tutorial_interfaces__rosidl_typesupport_c
[2.984s] [ 79%] Built target tutorial_interfaces
[3.308s] [ 81%] Built target tutorial_interfaces__py
[3.564s] [ 88%] Built target tutorial_interfaces__rosidl_generator_py
[4.110s] [ 92%] Built target tutorial_interfaces__rosidl_typesupport_introspection_c__pyext
[4.141s] [ 96%] Built target tutorial_interfaces__rosidl_typesupport_c__pyext
[4.203s] [100%] Built target tutorial_interfaces__rosidl_typesupport_fastrtps_c__pyext
[9.032s] running egg_info
[9.066s] writing tutorial_interfaces.egg-info/PKG-INFO
[9.070s] writing dependency_links to tutorial_interfaces.egg-info/dependency_links.txt
[9.071s] writing top-level names to tutorial_interfaces.egg-info/top_level.txt
[9.118s] reading manifest file 'tutorial_interfaces.egg-info/SOURCES.txt'
[9.133s] writing manifest file 'tutorial_interfaces.egg-info/SOURCES.txt'
[9.736s] [100%] Built target ament_cmake_python_build_tutorial_interfaces_egg
[12.359s] Invoked command in '/home/hsun/ros2_ws/build/tutorial_interfaces' returned '0': CMAKE_PREFIX_PATH=${CMAKE_PREFIX_PATH}:/home/hsun/ros2_ws/install/python_parameters:/home/hsun/ros2_ws/install/py_srvcli:/home/hsun/ros2_ws/install/py_pubsub:/opt/ros/iron /usr/bin/cmake --build /home/hsun/ros2_ws/build/tutorial_interfaces -- -j4 -l4
[15.359s] Invoking command in '/home/hsun/ros2_ws/build/tutorial_interfaces': CMAKE_PREFIX_PATH=${CMAKE_PREFIX_PATH}:/home/hsun/ros2_ws/install/python_parameters:/home/hsun/ros2_ws/install/py_srvcli:/home/hsun/ros2_ws/install/py_pubsub:/opt/ros/iron /usr/bin/cmake --install /home/hsun/ros2_ws/build/tutorial_interfaces
[15.417s] -- Install configuration: ""
[15.420s] -- Up-to-date: /home/hsun/ros2_ws/install/tutorial_interfaces/share/ament_index/resource_index/rosidl_interfaces/tutorial_interfaces
[15.421s] -- Up-to-date: /home/hsun/ros2_ws/install/tutorial_interfaces/share/tutorial_interfaces/msg/Num.json
[15.424s] -- Up-to-date: /home/hsun/ros2_ws/install/tutorial_interfaces/share/tutorial_interfaces/msg/Sphere.json
[15.435s] -- Up-to-date: /home/hsun/ros2_ws/install/tutorial_interfaces/share/tutorial_interfaces/srv/AddThreeInts.json
[15.437s] -- Up-to-date: /home/hsun/ros2_ws/install/tutorial_interfaces/include/tutorial_interfaces/tutorial_interfaces
[15.447s] -- Up-to-date: /home/hsun/ros2_ws/install/tutorial_interfaces/include/tutorial_interfaces/tutorial_interfaces/srv
[15.451s] -- Up-to-date: /home/hsun/ros2_ws/install/tutorial_interfaces/include/tutorial_interfaces/tutorial_interfaces/srv/detail
[15.452s] -- Up-to-date: /home/hsun/ros2_ws/install/tutorial_interfaces/include/tutorial_interfaces/tutorial_interfaces/srv/detail/add_three_ints__description.c
[15.464s] -- Up-to-date: /home/hsun/ros2_ws/install/tutorial_interfaces/include/tutorial_interfaces/tutorial_interfaces/srv/detail/add_three_ints__type_support.h
[15.465s] -- Up-to-date: /home/hsun/ros2_ws/install/tutorial_interfaces/include/tutorial_interfaces/tutorial_interfaces/srv/detail/add_three_ints__struct.h
[15.466s] -- Installing: /home/hsun/ros2_ws/install/tutorial_interfaces/include/tutorial_interfaces/tutorial_interfaces/srv/detail/add_three_ints__type_support.c
[15.475s] -- Up-to-date: /home/hsun/ros2_ws/install/tutorial_interfaces/include/tutorial_interfaces/tutorial_interfaces/srv/detail/add_three_ints__functions.h
[15.475s] -- Up-to-date: /home/hsun/ros2_ws/install/tutorial_interfaces/include/tutorial_interfaces/tutorial_interfaces/srv/detail/add_three_ints__functions.c
[15.476s] -- Up-to-date: /home/hsun/ros2_ws/install/tutorial_interfaces/include/tutorial_interfaces/tutorial_interfaces/srv/add_three_ints.h
[15.476s] -- Up-to-date: /home/hsun/ros2_ws/install/tutorial_interfaces/include/tutorial_interfaces/tutorial_interfaces/msg
[15.477s] -- Up-to-date: /home/hsun/ros2_ws/install/tutorial_interfaces/include/tutorial_interfaces/tutorial_interfaces/msg/sphere.h
[15.478s] -- Up-to-date: /home/hsun/ros2_ws/install/tutorial_interfaces/include/tutorial_interfaces/tutorial_interfaces/msg/detail
[15.479s] -- Up-to-date: /home/hsun/ros2_ws/install/tutorial_interfaces/include/tutorial_interfaces/tutorial_interfaces/msg/detail/sphere__functions.c
[15.491s] -- Installing: /home/hsun/ros2_ws/install/tutorial_interfaces/include/tutorial_interfaces/tutorial_interfaces/msg/detail/num__type_support.c
[15.492s] -- Up-to-date: /home/hsun/ros2_ws/install/tutorial_interfaces/include/tutorial_interfaces/tutorial_interfaces/msg/detail/num__type_support.h
[15.493s] -- Up-to-date: /home/hsun/ros2_ws/install/tutorial_interfaces/include/tutorial_interfaces/tutorial_interfaces/msg/detail/sphere__description.c
[15.493s] -- Installing: /home/hsun/ros2_ws/install/tutorial_interfaces/include/tutorial_interfaces/tutorial_interfaces/msg/detail/sphere__type_support.c
[15.500s] -- Up-to-date: /home/hsun/ros2_ws/install/tutorial_interfaces/include/tutorial_interfaces/tutorial_interfaces/msg/detail/sphere__functions.h
[15.510s] -- Up-to-date: /home/hsun/ros2_ws/install/tutorial_interfaces/include/tutorial_interfaces/tutorial_interfaces/msg/detail/num__functions.c
[15.511s] -- Up-to-date: /home/hsun/ros2_ws/install/tutorial_interfaces/include/tutorial_interfaces/tutorial_interfaces/msg/detail/num__functions.h
[15.526s] -- Up-to-date: /home/hsun/ros2_ws/install/tutorial_interfaces/include/tutorial_interfaces/tutorial_interfaces/msg/detail/num__description.c
[15.527s] -- Up-to-date: /home/hsun/ros2_ws/install/tutorial_interfaces/include/tutorial_interfaces/tutorial_interfaces/msg/detail/sphere__type_support.h
[15.528s] -- Up-to-date: /home/hsun/ros2_ws/install/tutorial_interfaces/include/tutorial_interfaces/tutorial_interfaces/msg/detail/num__struct.h
[15.529s] -- Up-to-date: /home/hsun/ros2_ws/install/tutorial_interfaces/include/tutorial_interfaces/tutorial_interfaces/msg/detail/sphere__struct.h
[15.531s] -- Up-to-date: /home/hsun/ros2_ws/install/tutorial_interfaces/include/tutorial_interfaces/tutorial_interfaces/msg/rosidl_generator_c__visibility_control.h
[15.544s] -- Up-to-date: /home/hsun/ros2_ws/install/tutorial_interfaces/include/tutorial_interfaces/tutorial_interfaces/msg/num.h
[15.545s] -- Up-to-date: /home/hsun/ros2_ws/install/tutorial_interfaces/share/tutorial_interfaces/environment/library_path.sh
[15.546s] -- Up-to-date: /home/hsun/ros2_ws/install/tutorial_interfaces/share/tutorial_interfaces/environment/library_path.dsv
[15.547s] -- Up-to-date: /home/hsun/ros2_ws/install/tutorial_interfaces/lib/libtutorial_interfaces__rosidl_generator_c.so
[15.547s] -- Up-to-date: /home/hsun/ros2_ws/install/tutorial_interfaces/include/tutorial_interfaces/tutorial_interfaces
[15.548s] -- Up-to-date: /home/hsun/ros2_ws/install/tutorial_interfaces/include/tutorial_interfaces/tutorial_interfaces/srv
[15.550s] -- Up-to-date: /home/hsun/ros2_ws/install/tutorial_interfaces/include/tutorial_interfaces/tutorial_interfaces/srv/detail
[15.552s] -- Up-to-date: /home/hsun/ros2_ws/install/tutorial_interfaces/include/tutorial_interfaces/tutorial_interfaces/srv/detail/add_three_ints__rosidl_typesupport_fastrtps_c.h
[15.570s] -- Up-to-date: /home/hsun/ros2_ws/install/tutorial_interfaces/include/tutorial_interfaces/tutorial_interfaces/msg
[15.578s] -- Up-to-date: /home/hsun/ros2_ws/install/tutorial_interfaces/include/tutorial_interfaces/tutorial_interfaces/msg/detail
[15.579s] -- Up-to-date: /home/hsun/ros2_ws/install/tutorial_interfaces/include/tutorial_interfaces/tutorial_interfaces/msg/detail/num__rosidl_typesupport_fastrtps_c.h
[15.580s] -- Up-to-date: /home/hsun/ros2_ws/install/tutorial_interfaces/include/tutorial_interfaces/tutorial_interfaces/msg/detail/sphere__rosidl_typesupport_fastrtps_c.h
[15.581s] -- Up-to-date: /home/hsun/ros2_ws/install/tutorial_interfaces/include/tutorial_interfaces/tutorial_interfaces/msg/rosidl_typesupport_fastrtps_c__visibility_control.h
[15.582s] -- Up-to-date: /home/hsun/ros2_ws/install/tutorial_interfaces/lib/libtutorial_interfaces__rosidl_typesupport_fastrtps_c.so
[15.583s] -- Up-to-date: /home/hsun/ros2_ws/install/tutorial_interfaces/include/tutorial_interfaces/tutorial_interfaces
[15.583s] -- Up-to-date: /home/hsun/ros2_ws/install/tutorial_interfaces/include/tutorial_interfaces/tutorial_interfaces/srv
[15.583s] -- Up-to-date: /home/hsun/ros2_ws/install/tutorial_interfaces/include/tutorial_interfaces/tutorial_interfaces/srv/detail
[15.584s] -- Up-to-date: /home/hsun/ros2_ws/install/tutorial_interfaces/include/tutorial_interfaces/tutorial_interfaces/srv/detail/add_three_ints__struct.hpp
[15.584s] -- Up-to-date: /home/hsun/ros2_ws/install/tutorial_interfaces/include/tutorial_interfaces/tutorial_interfaces/srv/detail/add_three_ints__traits.hpp
[15.585s] -- Up-to-date: /home/hsun/ros2_ws/install/tutorial_interfaces/include/tutorial_interfaces/tutorial_interfaces/srv/detail/add_three_ints__builder.hpp
[15.586s] -- Up-to-date: /home/hsun/ros2_ws/install/tutorial_interfaces/include/tutorial_interfaces/tutorial_interfaces/srv/add_three_ints.hpp
[15.586s] -- Up-to-date: /home/hsun/ros2_ws/install/tutorial_interfaces/include/tutorial_interfaces/tutorial_interfaces/msg
[15.587s] -- Up-to-date: /home/hsun/ros2_ws/install/tutorial_interfaces/include/tutorial_interfaces/tutorial_interfaces/msg/detail
[15.588s] -- Up-to-date: /home/hsun/ros2_ws/install/tutorial_interfaces/include/tutorial_interfaces/tutorial_interfaces/msg/detail/sphere__builder.hpp
[15.588s] -- Up-to-date: /home/hsun/ros2_ws/install/tutorial_interfaces/include/tutorial_interfaces/tutorial_interfaces/msg/detail/sphere__traits.hpp
[15.589s] -- Up-to-date: /home/hsun/ros2_ws/install/tutorial_interfaces/include/tutorial_interfaces/tutorial_interfaces/msg/detail/sphere__struct.hpp
[15.589s] -- Up-to-date: /home/hsun/ros2_ws/install/tutorial_interfaces/include/tutorial_interfaces/tutorial_interfaces/msg/detail/num__builder.hpp
[15.590s] -- Up-to-date: /home/hsun/ros2_ws/install/tutorial_interfaces/include/tutorial_interfaces/tutorial_interfaces/msg/detail/num__struct.hpp
[15.625s] -- Up-to-date: /home/hsun/ros2_ws/install/tutorial_interfaces/include/tutorial_interfaces/tutorial_interfaces/msg/detail/num__traits.hpp
[15.627s] -- Up-to-date: /home/hsun/ros2_ws/install/tutorial_interfaces/include/tutorial_interfaces/tutorial_interfaces/msg/num.hpp
[15.629s] -- Up-to-date: /home/hsun/ros2_ws/install/tutorial_interfaces/include/tutorial_interfaces/tutorial_interfaces/msg/sphere.hpp
[15.630s] -- Up-to-date: /home/hsun/ros2_ws/install/tutorial_interfaces/include/tutorial_interfaces/tutorial_interfaces
[15.632s] -- Up-to-date: /home/hsun/ros2_ws/install/tutorial_interfaces/include/tutorial_interfaces/tutorial_interfaces/srv
[15.633s] -- Up-to-date: /home/hsun/ros2_ws/install/tutorial_interfaces/include/tutorial_interfaces/tutorial_interfaces/srv/detail
[15.639s] -- Up-to-date: /home/hsun/ros2_ws/install/tutorial_interfaces/include/tutorial_interfaces/tutorial_interfaces/srv/detail/dds_fastrtps
[15.647s] -- Up-to-date: /home/hsun/ros2_ws/install/tutorial_interfaces/include/tutorial_interfaces/tutorial_interfaces/srv/detail/add_three_ints__rosidl_typesupport_fastrtps_cpp.hpp
[15.649s] -- Up-to-date: /home/hsun/ros2_ws/install/tutorial_interfaces/include/tutorial_interfaces/tutorial_interfaces/msg
[15.663s] -- Up-to-date: /home/hsun/ros2_ws/install/tutorial_interfaces/include/tutorial_interfaces/tutorial_interfaces/msg/detail
[15.665s] -- Up-to-date: /home/hsun/ros2_ws/install/tutorial_interfaces/include/tutorial_interfaces/tutorial_interfaces/msg/detail/dds_fastrtps
[15.666s] -- Up-to-date: /home/hsun/ros2_ws/install/tutorial_interfaces/include/tutorial_interfaces/tutorial_interfaces/msg/detail/num__rosidl_typesupport_fastrtps_cpp.hpp
[15.666s] -- Up-to-date: /home/hsun/ros2_ws/install/tutorial_interfaces/include/tutorial_interfaces/tutorial_interfaces/msg/detail/sphere__rosidl_typesupport_fastrtps_cpp.hpp
[15.671s] -- Up-to-date: /home/hsun/ros2_ws/install/tutorial_interfaces/include/tutorial_interfaces/tutorial_interfaces/msg/rosidl_typesupport_fastrtps_cpp__visibility_control.h
[15.672s] -- Up-to-date: /home/hsun/ros2_ws/install/tutorial_interfaces/lib/libtutorial_interfaces__rosidl_typesupport_fastrtps_cpp.so
[15.691s] -- Up-to-date: /home/hsun/ros2_ws/install/tutorial_interfaces/include/tutorial_interfaces/tutorial_interfaces
[15.692s] -- Up-to-date: /home/hsun/ros2_ws/install/tutorial_interfaces/include/tutorial_interfaces/tutorial_interfaces/srv
[15.692s] -- Up-to-date: /home/hsun/ros2_ws/install/tutorial_interfaces/include/tutorial_interfaces/tutorial_interfaces/srv/detail
[15.693s] -- Up-to-date: /home/hsun/ros2_ws/install/tutorial_interfaces/include/tutorial_interfaces/tutorial_interfaces/srv/detail/add_three_ints__rosidl_typesupport_introspection_c.h
[15.694s] -- Installing: /home/hsun/ros2_ws/install/tutorial_interfaces/include/tutorial_interfaces/tutorial_interfaces/srv/detail/add_three_ints__type_support.c
[15.695s] -- Up-to-date: /home/hsun/ros2_ws/install/tutorial_interfaces/include/tutorial_interfaces/tutorial_interfaces/msg
[15.695s] -- Up-to-date: /home/hsun/ros2_ws/install/tutorial_interfaces/include/tutorial_interfaces/tutorial_interfaces/msg/detail
[15.696s] -- Installing: /home/hsun/ros2_ws/install/tutorial_interfaces/include/tutorial_interfaces/tutorial_interfaces/msg/detail/num__type_support.c
[15.697s] -- Up-to-date: /home/hsun/ros2_ws/install/tutorial_interfaces/include/tutorial_interfaces/tutorial_interfaces/msg/detail/sphere__rosidl_typesupport_introspection_c.h
[15.697s] -- Installing: /home/hsun/ros2_ws/install/tutorial_interfaces/include/tutorial_interfaces/tutorial_interfaces/msg/detail/sphere__type_support.c
[15.714s] -- Up-to-date: /home/hsun/ros2_ws/install/tutorial_interfaces/include/tutorial_interfaces/tutorial_interfaces/msg/detail/num__rosidl_typesupport_introspection_c.h
[15.715s] -- Up-to-date: /home/hsun/ros2_ws/install/tutorial_interfaces/include/tutorial_interfaces/tutorial_interfaces/msg/rosidl_typesupport_introspection_c__visibility_control.h
[15.716s] -- Up-to-date: /home/hsun/ros2_ws/install/tutorial_interfaces/lib/libtutorial_interfaces__rosidl_typesupport_introspection_c.so
[15.717s] -- Up-to-date: /home/hsun/ros2_ws/install/tutorial_interfaces/lib/libtutorial_interfaces__rosidl_typesupport_c.so
[15.717s] -- Up-to-date: /home/hsun/ros2_ws/install/tutorial_interfaces/include/tutorial_interfaces/tutorial_interfaces
[15.718s] -- Up-to-date: /home/hsun/ros2_ws/install/tutorial_interfaces/include/tutorial_interfaces/tutorial_interfaces/srv
[15.719s] -- Up-to-date: /home/hsun/ros2_ws/install/tutorial_interfaces/include/tutorial_interfaces/tutorial_interfaces/srv/detail
[15.720s] -- Up-to-date: /home/hsun/ros2_ws/install/tutorial_interfaces/include/tutorial_interfaces/tutorial_interfaces/srv/detail/add_three_ints__rosidl_typesupport_introspection_cpp.hpp
[15.721s] -- Up-to-date: /home/hsun/ros2_ws/install/tutorial_interfaces/include/tutorial_interfaces/tutorial_interfaces/srv/detail/add_three_ints__type_support.cpp
[15.722s] -- Up-to-date: /home/hsun/ros2_ws/install/tutorial_interfaces/include/tutorial_interfaces/tutorial_interfaces/msg
[15.722s] -- Up-to-date: /home/hsun/ros2_ws/install/tutorial_interfaces/include/tutorial_interfaces/tutorial_interfaces/msg/detail
[15.723s] -- Up-to-date: /home/hsun/ros2_ws/install/tutorial_interfaces/include/tutorial_interfaces/tutorial_interfaces/msg/detail/num__rosidl_typesupport_introspection_cpp.hpp
[15.723s] -- Up-to-date: /home/hsun/ros2_ws/install/tutorial_interfaces/include/tutorial_interfaces/tutorial_interfaces/msg/detail/sphere__type_support.cpp
[15.724s] -- Up-to-date: /home/hsun/ros2_ws/install/tutorial_interfaces/include/tutorial_interfaces/tutorial_interfaces/msg/detail/num__type_support.cpp
[15.725s] -- Up-to-date: /home/hsun/ros2_ws/install/tutorial_interfaces/include/tutorial_interfaces/tutorial_interfaces/msg/detail/sphere__rosidl_typesupport_introspection_cpp.hpp
[15.725s] -- Up-to-date: /home/hsun/ros2_ws/install/tutorial_interfaces/lib/libtutorial_interfaces__rosidl_typesupport_introspection_cpp.so
[15.727s] -- Up-to-date: /home/hsun/ros2_ws/install/tutorial_interfaces/lib/libtutorial_interfaces__rosidl_typesupport_cpp.so
[15.728s] -- Up-to-date: /home/hsun/ros2_ws/install/tutorial_interfaces/share/tutorial_interfaces/environment/pythonpath.sh
[15.730s] -- Up-to-date: /home/hsun/ros2_ws/install/tutorial_interfaces/share/tutorial_interfaces/environment/pythonpath.dsv
[15.747s] -- Up-to-date: /home/hsun/ros2_ws/install/tutorial_interfaces/lib/python3.10/site-packages/tutorial_interfaces-0.0.0-py3.10.egg-info
[15.758s] -- Installing: /home/hsun/ros2_ws/install/tutorial_interfaces/lib/python3.10/site-packages/tutorial_interfaces-0.0.0-py3.10.egg-info/SOURCES.txt
[15.760s] -- Installing: /home/hsun/ros2_ws/install/tutorial_interfaces/lib/python3.10/site-packages/tutorial_interfaces-0.0.0-py3.10.egg-info/PKG-INFO
[15.761s] -- Installing: /home/hsun/ros2_ws/install/tutorial_interfaces/lib/python3.10/site-packages/tutorial_interfaces-0.0.0-py3.10.egg-info/dependency_links.txt
[15.762s] -- Installing: /home/hsun/ros2_ws/install/tutorial_interfaces/lib/python3.10/site-packages/tutorial_interfaces-0.0.0-py3.10.egg-info/top_level.txt
[15.764s] -- Up-to-date: /home/hsun/ros2_ws/install/tutorial_interfaces/lib/python3.10/site-packages/tutorial_interfaces
[15.765s] -- Up-to-date: /home/hsun/ros2_ws/install/tutorial_interfaces/lib/python3.10/site-packages/tutorial_interfaces/tutorial_interfaces_s__rosidl_typesupport_c.cpython-310-aarch64-linux-gnu.so
[15.766s] -- Up-to-date: /home/hsun/ros2_ws/install/tutorial_interfaces/lib/python3.10/site-packages/tutorial_interfaces/_tutorial_interfaces_s.ep.rosidl_typesupport_c.c
[15.768s] -- Up-to-date: /home/hsun/ros2_ws/install/tutorial_interfaces/lib/python3.10/site-packages/tutorial_interfaces/__init__.py
[15.769s] -- Up-to-date: /home/hsun/ros2_ws/install/tutorial_interfaces/lib/python3.10/site-packages/tutorial_interfaces/tutorial_interfaces_s__rosidl_typesupport_introspection_c.cpython-310-aarch64-linux-gnu.so
[15.777s] -- Up-to-date: /home/hsun/ros2_ws/install/tutorial_interfaces/lib/python3.10/site-packages/tutorial_interfaces/tutorial_interfaces_s__rosidl_typesupport_fastrtps_c.cpython-310-aarch64-linux-gnu.so
[15.782s] -- Up-to-date: /home/hsun/ros2_ws/install/tutorial_interfaces/lib/python3.10/site-packages/tutorial_interfaces/_tutorial_interfaces_s.ep.rosidl_typesupport_fastrtps_c.c
[15.783s] -- Up-to-date: /home/hsun/ros2_ws/install/tutorial_interfaces/lib/python3.10/site-packages/tutorial_interfaces/srv
[15.784s] -- Up-to-date: /home/hsun/ros2_ws/install/tutorial_interfaces/lib/python3.10/site-packages/tutorial_interfaces/srv/__init__.py
[15.811s] -- Up-to-date: /home/hsun/ros2_ws/install/tutorial_interfaces/lib/python3.10/site-packages/tutorial_interfaces/srv/_add_three_ints.py
[15.813s] -- Up-to-date: /home/hsun/ros2_ws/install/tutorial_interfaces/lib/python3.10/site-packages/tutorial_interfaces/srv/_add_three_ints_s.c
[15.815s] -- Up-to-date: /home/hsun/ros2_ws/install/tutorial_interfaces/lib/python3.10/site-packages/tutorial_interfaces/_tutorial_interfaces_s.ep.rosidl_typesupport_introspection_c.c
[15.816s] -- Up-to-date: /home/hsun/ros2_ws/install/tutorial_interfaces/lib/python3.10/site-packages/tutorial_interfaces/msg
[15.817s] -- Up-to-date: /home/hsun/ros2_ws/install/tutorial_interfaces/lib/python3.10/site-packages/tutorial_interfaces/msg/__init__.py
[15.827s] -- Up-to-date: /home/hsun/ros2_ws/install/tutorial_interfaces/lib/python3.10/site-packages/tutorial_interfaces/msg/_sphere_s.c
[15.828s] -- Up-to-date: /home/hsun/ros2_ws/install/tutorial_interfaces/lib/python3.10/site-packages/tutorial_interfaces/msg/_num_s.c
[15.829s] -- Up-to-date: /home/hsun/ros2_ws/install/tutorial_interfaces/lib/python3.10/site-packages/tutorial_interfaces/msg/_num.py
[15.829s] -- Up-to-date: /home/hsun/ros2_ws/install/tutorial_interfaces/lib/python3.10/site-packages/tutorial_interfaces/msg/_sphere.py
[15.830s] -- Up-to-date: /home/hsun/ros2_ws/install/tutorial_interfaces/lib/python3.10/site-packages/tutorial_interfaces/libtutorial_interfaces__rosidl_generator_py.so
[15.916s] Listing '/home/hsun/ros2_ws/install/tutorial_interfaces/lib/python3.10/site-packages/tutorial_interfaces'...
[15.918s] Listing '/home/hsun/ros2_ws/install/tutorial_interfaces/lib/python3.10/site-packages/tutorial_interfaces/msg'...
[15.920s] Listing '/home/hsun/ros2_ws/install/tutorial_interfaces/lib/python3.10/site-packages/tutorial_interfaces/srv'...
[16.002s] -- Up-to-date: /home/hsun/ros2_ws/install/tutorial_interfaces/lib/python3.10/site-packages/tutorial_interfaces/tutorial_interfaces_s__rosidl_typesupport_fastrtps_c.cpython-310-aarch64-linux-gnu.so
[16.003s] -- Up-to-date: /home/hsun/ros2_ws/install/tutorial_interfaces/lib/python3.10/site-packages/tutorial_interfaces/tutorial_interfaces_s__rosidl_typesupport_introspection_c.cpython-310-aarch64-linux-gnu.so
[16.004s] -- Up-to-date: /home/hsun/ros2_ws/install/tutorial_interfaces/lib/python3.10/site-packages/tutorial_interfaces/tutorial_interfaces_s__rosidl_typesupport_c.cpython-310-aarch64-linux-gnu.so
[16.007s] -- Up-to-date: /home/hsun/ros2_ws/install/tutorial_interfaces/lib/libtutorial_interfaces__rosidl_generator_py.so
[16.014s] -- Up-to-date: /home/hsun/ros2_ws/install/tutorial_interfaces/share/tutorial_interfaces/msg/Num.idl
[16.015s] -- Up-to-date: /home/hsun/ros2_ws/install/tutorial_interfaces/share/tutorial_interfaces/msg/Sphere.idl
[16.015s] -- Up-to-date: /home/hsun/ros2_ws/install/tutorial_interfaces/share/tutorial_interfaces/srv/AddThreeInts.idl
[16.016s] -- Up-to-date: /home/hsun/ros2_ws/install/tutorial_interfaces/share/tutorial_interfaces/msg/Num.msg
[16.024s] -- Up-to-date: /home/hsun/ros2_ws/install/tutorial_interfaces/share/tutorial_interfaces/msg/Sphere.msg
[16.025s] -- Up-to-date: /home/hsun/ros2_ws/install/tutorial_interfaces/share/tutorial_interfaces/srv/AddThreeInts.srv
[16.027s] -- Up-to-date: /home/hsun/ros2_ws/install/tutorial_interfaces/share/tutorial_interfaces/srv/AddThreeInts_Request.msg
[16.035s] -- Up-to-date: /home/hsun/ros2_ws/install/tutorial_interfaces/share/tutorial_interfaces/srv/AddThreeInts_Response.msg
[16.037s] -- Up-to-date: /home/hsun/ros2_ws/install/tutorial_interfaces/share/ament_index/resource_index/package_run_dependencies/tutorial_interfaces
[16.037s] -- Up-to-date: /home/hsun/ros2_ws/install/tutorial_interfaces/share/ament_index/resource_index/parent_prefix_path/tutorial_interfaces
[16.038s] -- Up-to-date: /home/hsun/ros2_ws/install/tutorial_interfaces/share/tutorial_interfaces/environment/ament_prefix_path.sh
[16.039s] -- Up-to-date: /home/hsun/ros2_ws/install/tutorial_interfaces/share/tutorial_interfaces/environment/ament_prefix_path.dsv
[16.039s] -- Up-to-date: /home/hsun/ros2_ws/install/tutorial_interfaces/share/tutorial_interfaces/environment/path.sh
[16.040s] -- Up-to-date: /home/hsun/ros2_ws/install/tutorial_interfaces/share/tutorial_interfaces/environment/path.dsv
[16.041s] -- Up-to-date: /home/hsun/ros2_ws/install/tutorial_interfaces/share/tutorial_interfaces/local_setup.bash
[16.041s] -- Up-to-date: /home/hsun/ros2_ws/install/tutorial_interfaces/share/tutorial_interfaces/local_setup.sh
[16.050s] -- Up-to-date: /home/hsun/ros2_ws/install/tutorial_interfaces/share/tutorial_interfaces/local_setup.zsh
[16.051s] -- Up-to-date: /home/hsun/ros2_ws/install/tutorial_interfaces/share/tutorial_interfaces/local_setup.dsv
[16.054s] -- Installing: /home/hsun/ros2_ws/install/tutorial_interfaces/share/tutorial_interfaces/package.dsv
[16.062s] -- Up-to-date: /home/hsun/ros2_ws/install/tutorial_interfaces/share/ament_index/resource_index/packages/tutorial_interfaces
[16.068s] -- Up-to-date: /home/hsun/ros2_ws/install/tutorial_interfaces/share/tutorial_interfaces/cmake/export_tutorial_interfaces__rosidl_generator_cExport.cmake
[16.081s] -- Up-to-date: /home/hsun/ros2_ws/install/tutorial_interfaces/share/tutorial_interfaces/cmake/export_tutorial_interfaces__rosidl_generator_cExport-noconfig.cmake
[16.082s] -- Up-to-date: /home/hsun/ros2_ws/install/tutorial_interfaces/share/tutorial_interfaces/cmake/export_tutorial_interfaces__rosidl_typesupport_fastrtps_cExport.cmake
[16.082s] -- Up-to-date: /home/hsun/ros2_ws/install/tutorial_interfaces/share/tutorial_interfaces/cmake/export_tutorial_interfaces__rosidl_typesupport_fastrtps_cExport-noconfig.cmake
[16.087s] -- Up-to-date: /home/hsun/ros2_ws/install/tutorial_interfaces/share/tutorial_interfaces/cmake/export_tutorial_interfaces__rosidl_generator_cppExport.cmake
[16.088s] -- Up-to-date: /home/hsun/ros2_ws/install/tutorial_interfaces/share/tutorial_interfaces/cmake/export_tutorial_interfaces__rosidl_typesupport_fastrtps_cppExport.cmake
[16.088s] -- Up-to-date: /home/hsun/ros2_ws/install/tutorial_interfaces/share/tutorial_interfaces/cmake/export_tutorial_interfaces__rosidl_typesupport_fastrtps_cppExport-noconfig.cmake
[16.089s] -- Up-to-date: /home/hsun/ros2_ws/install/tutorial_interfaces/share/tutorial_interfaces/cmake/tutorial_interfaces__rosidl_typesupport_introspection_cExport.cmake
[16.094s] -- Up-to-date: /home/hsun/ros2_ws/install/tutorial_interfaces/share/tutorial_interfaces/cmake/tutorial_interfaces__rosidl_typesupport_introspection_cExport-noconfig.cmake
[16.096s] -- Up-to-date: /home/hsun/ros2_ws/install/tutorial_interfaces/share/tutorial_interfaces/cmake/tutorial_interfaces__rosidl_typesupport_cExport.cmake
[16.097s] -- Up-to-date: /home/hsun/ros2_ws/install/tutorial_interfaces/share/tutorial_interfaces/cmake/tutorial_interfaces__rosidl_typesupport_cExport-noconfig.cmake
[16.102s] -- Up-to-date: /home/hsun/ros2_ws/install/tutorial_interfaces/share/tutorial_interfaces/cmake/tutorial_interfaces__rosidl_typesupport_introspection_cppExport.cmake
[16.103s] -- Up-to-date: /home/hsun/ros2_ws/install/tutorial_interfaces/share/tutorial_interfaces/cmake/tutorial_interfaces__rosidl_typesupport_introspection_cppExport-noconfig.cmake
[16.111s] -- Up-to-date: /home/hsun/ros2_ws/install/tutorial_interfaces/share/tutorial_interfaces/cmake/tutorial_interfaces__rosidl_typesupport_cppExport.cmake
[16.112s] -- Up-to-date: /home/hsun/ros2_ws/install/tutorial_interfaces/share/tutorial_interfaces/cmake/tutorial_interfaces__rosidl_typesupport_cppExport-noconfig.cmake
[16.114s] -- Up-to-date: /home/hsun/ros2_ws/install/tutorial_interfaces/share/tutorial_interfaces/cmake/export_tutorial_interfaces__rosidl_generator_pyExport.cmake
[16.116s] -- Up-to-date: /home/hsun/ros2_ws/install/tutorial_interfaces/share/tutorial_interfaces/cmake/export_tutorial_interfaces__rosidl_generator_pyExport-noconfig.cmake
[16.117s] -- Up-to-date: /home/hsun/ros2_ws/install/tutorial_interfaces/share/tutorial_interfaces/cmake/rosidl_cmake-extras.cmake
[16.117s] -- Up-to-date: /home/hsun/ros2_ws/install/tutorial_interfaces/share/tutorial_interfaces/cmake/ament_cmake_export_dependencies-extras.cmake
[16.133s] -- Up-to-date: /home/hsun/ros2_ws/install/tutorial_interfaces/share/tutorial_interfaces/cmake/ament_cmake_export_include_directories-extras.cmake
[16.135s] -- Up-to-date: /home/hsun/ros2_ws/install/tutorial_interfaces/share/tutorial_interfaces/cmake/ament_cmake_export_libraries-extras.cmake
[16.136s] -- Up-to-date: /home/hsun/ros2_ws/install/tutorial_interfaces/share/tutorial_interfaces/cmake/ament_cmake_export_targets-extras.cmake
[16.136s] -- Up-to-date: /home/hsun/ros2_ws/install/tutorial_interfaces/share/tutorial_interfaces/cmake/rosidl_cmake_export_typesupport_targets-extras.cmake
[16.137s] -- Up-to-date: /home/hsun/ros2_ws/install/tutorial_interfaces/share/tutorial_interfaces/cmake/rosidl_cmake_export_typesupport_libraries-extras.cmake
[16.138s] -- Up-to-date: /home/hsun/ros2_ws/install/tutorial_interfaces/share/tutorial_interfaces/cmake/tutorial_interfacesConfig.cmake
[16.138s] -- Up-to-date: /home/hsun/ros2_ws/install/tutorial_interfaces/share/tutorial_interfaces/cmake/tutorial_interfacesConfig-version.cmake
[16.149s] -- Up-to-date: /home/hsun/ros2_ws/install/tutorial_interfaces/share/tutorial_interfaces/package.xml
[16.200s] Invoked command in '/home/hsun/ros2_ws/build/tutorial_interfaces' returned '0': CMAKE_PREFIX_PATH=${CMAKE_PREFIX_PATH}:/home/hsun/ros2_ws/install/python_parameters:/home/hsun/ros2_ws/install/py_srvcli:/home/hsun/ros2_ws/install/py_pubsub:/opt/ros/iron /usr/bin/cmake --install /home/hsun/ros2_ws/build/tutorial_interfaces
