[0.109s] Invoking command in '/home/hsun/ros2_ws/build/cpp_srvcli': CMAKE_PREFIX_PATH=${CMAKE_PREFIX_PATH}:/opt/ros/iron /usr/bin/cmake /home/hsun/ros2_ws/src/cpp_srvcli -DCMAKE_INSTALL_PREFIX=/home/hsun/ros2_ws/install/cpp_srvcli
[0.689s] -- The C compiler identification is GNU 11.3.0
[1.191s] -- The CXX compiler identification is GNU 11.3.0
[1.271s] -- Detecting C compiler ABI info
[2.764s] -- Detecting C compiler ABI info - done
[2.800s] -- Check for working C compiler: /usr/bin/cc - skipped
[2.804s] -- Detecting C compile features
[2.806s] -- Detecting C compile features - done
[2.831s] -- Detecting CXX compiler ABI info
[5.174s] -- Detecting CXX compiler ABI info - done
[5.224s] -- Check for working CXX compiler: /usr/bin/c++ - skipped
[5.225s] -- Detecting CXX compile features
[5.226s] -- Detecting CXX compile features - done
[5.263s] -- Found ament_cmake: 2.0.3 (/opt/ros/iron/share/ament_cmake/cmake)
[7.269s] -- Found Python3: /usr/bin/python3.10 (found version "3.10.6") found components: Interpreter 
[8.708s] -- Found rclcpp: 21.0.1 (/opt/ros/iron/share/rclcpp/cmake)
[9.577s] -- Found rosidl_generator_c: 4.0.0 (/opt/ros/iron/share/rosidl_generator_c/cmake)
[9.754s] -- Found rosidl_generator_cpp: 4.0.0 (/opt/ros/iron/share/rosidl_generator_cpp/cmake)
[9.982s] -- Using all available rosidl_typesupport_c: rosidl_typesupport_fastrtps_c;rosidl_typesupport_introspection_c
[10.199s] -- Using all available rosidl_typesupport_cpp: rosidl_typesupport_fastrtps_cpp;rosidl_typesupport_introspection_cpp
[11.217s] -- Found rmw_implementation_cmake: 7.1.0 (/opt/ros/iron/share/rmw_implementation_cmake/cmake)
[11.251s] -- Found rmw_fastrtps_cpp: 7.1.1 (/opt/ros/iron/share/rmw_fastrtps_cpp/cmake)
[12.148s] -- Found OpenSSL: /usr/lib/aarch64-linux-gnu/libcrypto.so (found version "3.0.2")  
[12.446s] -- Found FastRTPS: /opt/ros/iron/include  
[12.941s] -- Using RMW implementation 'rmw_fastrtps_cpp' as default
[13.943s] -- Found example_interfaces: 0.10.2 (/opt/ros/iron/share/example_interfaces/cmake)
[14.962s] -- Found ament_lint_auto: 0.14.1 (/opt/ros/iron/share/ament_lint_auto/cmake)
[15.597s] -- Added test 'cppcheck' to perform static code analysis on C / C++ code
[15.602s] -- Configured cppcheck include dirs: 
[15.603s] -- Configured cppcheck exclude dirs and/or files: 
[15.607s] -- Added test 'lint_cmake' to check CMake code style
[15.621s] -- Added test 'uncrustify' to check C / C++ code style
[15.626s] -- Configured uncrustify additional arguments: 
[15.629s] -- Added test 'xmllint' to check XML markup files
[15.643s] -- Configuring done
[15.764s] -- Generating done
[15.775s] -- Build files have been written to: /home/hsun/ros2_ws/build/cpp_srvcli
[15.895s] Invoked command in '/home/hsun/ros2_ws/build/cpp_srvcli' returned '0': CMAKE_PREFIX_PATH=${CMAKE_PREFIX_PATH}:/opt/ros/iron /usr/bin/cmake /home/hsun/ros2_ws/src/cpp_srvcli -DCMAKE_INSTALL_PREFIX=/home/hsun/ros2_ws/install/cpp_srvcli
[15.902s] Invoking command in '/home/hsun/ros2_ws/build/cpp_srvcli': CMAKE_PREFIX_PATH=${CMAKE_PREFIX_PATH}:/opt/ros/iron /usr/bin/cmake --build /home/hsun/ros2_ws/build/cpp_srvcli -- -j4 -l4
[16.383s] [ 25%] [32mBuilding CXX object CMakeFiles/client.dir/src/add_two_ints_client.cpp.o[0m
[16.451s] [ 50%] [32mBuilding CXX object CMakeFiles/server.dir/src/add_two_ints_server.cpp.o[0m
[50.755s] [ 75%] [32m[1mLinking CXX executable server[0m
[53.168s] [ 75%] Built target server
[53.842s] [100%] [32m[1mLinking CXX executable client[0m
[55.634s] [100%] Built target client
[55.694s] Invoked command in '/home/hsun/ros2_ws/build/cpp_srvcli' returned '0': CMAKE_PREFIX_PATH=${CMAKE_PREFIX_PATH}:/opt/ros/iron /usr/bin/cmake --build /home/hsun/ros2_ws/build/cpp_srvcli -- -j4 -l4
[55.987s] Invoking command in '/home/hsun/ros2_ws/build/cpp_srvcli': CMAKE_PREFIX_PATH=${CMAKE_PREFIX_PATH}:/opt/ros/iron /usr/bin/cmake --install /home/hsun/ros2_ws/build/cpp_srvcli
[56.024s] -- Install configuration: ""
[56.025s] -- Installing: /home/hsun/ros2_ws/install/cpp_srvcli/lib/cpp_srvcli/server
[56.041s] -- Set runtime path of "/home/hsun/ros2_ws/install/cpp_srvcli/lib/cpp_srvcli/server" to ""
[56.045s] -- Installing: /home/hsun/ros2_ws/install/cpp_srvcli/lib/cpp_srvcli/client
[56.056s] -- Set runtime path of "/home/hsun/ros2_ws/install/cpp_srvcli/lib/cpp_srvcli/client" to ""
[56.058s] -- Installing: /home/hsun/ros2_ws/install/cpp_srvcli/share/ament_index/resource_index/package_run_dependencies/cpp_srvcli
[56.061s] -- Installing: /home/hsun/ros2_ws/install/cpp_srvcli/share/ament_index/resource_index/parent_prefix_path/cpp_srvcli
[56.063s] -- Installing: /home/hsun/ros2_ws/install/cpp_srvcli/share/cpp_srvcli/environment/ament_prefix_path.sh
[56.064s] -- Installing: /home/hsun/ros2_ws/install/cpp_srvcli/share/cpp_srvcli/environment/ament_prefix_path.dsv
[56.068s] -- Installing: /home/hsun/ros2_ws/install/cpp_srvcli/share/cpp_srvcli/environment/path.sh
[56.068s] -- Installing: /home/hsun/ros2_ws/install/cpp_srvcli/share/cpp_srvcli/environment/path.dsv
[56.073s] -- Installing: /home/hsun/ros2_ws/install/cpp_srvcli/share/cpp_srvcli/local_setup.bash
[56.073s] -- Installing: /home/hsun/ros2_ws/install/cpp_srvcli/share/cpp_srvcli/local_setup.sh
[56.074s] -- Installing: /home/hsun/ros2_ws/install/cpp_srvcli/share/cpp_srvcli/local_setup.zsh
[56.074s] -- Installing: /home/hsun/ros2_ws/install/cpp_srvcli/share/cpp_srvcli/local_setup.dsv
[56.075s] -- Installing: /home/hsun/ros2_ws/install/cpp_srvcli/share/cpp_srvcli/package.dsv
[56.077s] -- Installing: /home/hsun/ros2_ws/install/cpp_srvcli/share/ament_index/resource_index/packages/cpp_srvcli
[56.078s] -- Installing: /home/hsun/ros2_ws/install/cpp_srvcli/share/cpp_srvcli/cmake/cpp_srvcliConfig.cmake
[56.079s] -- Installing: /home/hsun/ros2_ws/install/cpp_srvcli/share/cpp_srvcli/cmake/cpp_srvcliConfig-version.cmake
[56.080s] -- Installing: /home/hsun/ros2_ws/install/cpp_srvcli/share/cpp_srvcli/package.xml
[56.089s] Invoked command in '/home/hsun/ros2_ws/build/cpp_srvcli' returned '0': CMAKE_PREFIX_PATH=${CMAKE_PREFIX_PATH}:/opt/ros/iron /usr/bin/cmake --install /home/hsun/ros2_ws/build/cpp_srvcli
