[0.142s] Invoking command in '/home/hsun/ros2_ws/build/more_interfaces': CMAKE_PREFIX_PATH=${CMAKE_PREFIX_PATH}:/home/hsun/ros2_ws/install/py_srvcli:/home/hsun/ros2_ws/install/py_pubsub:/opt/ros/iron /usr/bin/cmake /home/hsun/ros2_ws/src/more_interfaces -DCMAKE_INSTALL_PREFIX=/home/hsun/ros2_ws/install/more_interfaces
[0.669s] -- The C compiler identification is GNU 11.3.0
[1.111s] -- The CXX compiler identification is GNU 11.3.0
[1.161s] -- Detecting C compiler ABI info
[1.805s] -- Detecting C compiler ABI info - done
[1.858s] -- Check for working C compiler: /usr/bin/cc - skipped
[1.861s] -- Detecting C compile features
[1.863s] -- Detecting C compile features - done
[1.885s] -- Detecting CXX compiler ABI info
[2.547s] -- Detecting CXX compiler ABI info - done
[2.597s] -- Check for working CXX compiler: /usr/bin/c++ - skipped
[2.600s] -- Detecting CXX compile features
[2.602s] -- Detecting CXX compile features - done
[2.639s] -- Found ament_cmake: 2.0.3 (/opt/ros/iron/share/ament_cmake/cmake)
[4.042s] -- Found Python3: /usr/bin/python3.10 (found version "3.10.6") found components: Interpreter 
[5.024s] -- Found rclcpp: 21.0.1 (/opt/ros/iron/share/rclcpp/cmake)
[5.537s] -- Found rosidl_generator_c: 4.0.0 (/opt/ros/iron/share/rosidl_generator_c/cmake)
[5.668s] -- Found rosidl_generator_cpp: 4.0.0 (/opt/ros/iron/share/rosidl_generator_cpp/cmake)
[5.828s] -- Using all available rosidl_typesupport_c: rosidl_typesupport_fastrtps_c;rosidl_typesupport_introspection_c
[5.999s] -- Using all available rosidl_typesupport_cpp: rosidl_typesupport_fastrtps_cpp;rosidl_typesupport_introspection_cpp
[7.004s] -- Found rmw_implementation_cmake: 7.1.0 (/opt/ros/iron/share/rmw_implementation_cmake/cmake)
[7.043s] -- Found rmw_fastrtps_cpp: 7.1.1 (/opt/ros/iron/share/rmw_fastrtps_cpp/cmake)
[7.940s] -- Found OpenSSL: /usr/lib/aarch64-linux-gnu/libcrypto.so (found version "3.0.2")  
[8.238s] -- Found FastRTPS: /opt/ros/iron/include  
[8.792s] -- Using RMW implementation 'rmw_fastrtps_cpp' as default
[9.775s] -- Found rosidl_default_generators: 1.5.0 (/opt/ros/iron/share/rosidl_default_generators/cmake)
[9.950s] -- Found rosidl_adapter: 4.0.0 (/opt/ros/iron/share/rosidl_adapter/cmake)
[10.004s] -- Found ament_lint_auto: 0.14.1 (/opt/ros/iron/share/ament_lint_auto/cmake)
[10.688s] -- Configuring incomplete, errors occurred!
[10.690s] See also "/home/hsun/ros2_ws/build/more_interfaces/CMakeFiles/CMakeOutput.log".
[10.695s] [31mCMake Error at /opt/ros/iron/share/rosidl_cmake/cmake/rosidl_get_typesupport_target.cmake:29 (message):
[10.701s]   more_interfaces is not a CMake target.  Maybe rosidl_generate_interfaces
[10.706s]   was given a different target name?
[10.720s] Call Stack (most recent call first):
[10.732s]   CMakeLists.txt:39 (rosidl_get_typesupport_target)
[10.738s] 
[10.742s] [0m
[10.780s] Invoked command in '/home/hsun/ros2_ws/build/more_interfaces' returned '1': CMAKE_PREFIX_PATH=${CMAKE_PREFIX_PATH}:/home/hsun/ros2_ws/install/py_srvcli:/home/hsun/ros2_ws/install/py_pubsub:/opt/ros/iron /usr/bin/cmake /home/hsun/ros2_ws/src/more_interfaces -DCMAKE_INSTALL_PREFIX=/home/hsun/ros2_ws/install/more_interfaces
