[15.353s] Invoking command in '/home/hsun/ros2_ws/src/python_parameters': PYTHONPATH=/home/hsun/ros2_ws/build/python_parameters/prefix_override:/home/hsun/ros2_ws/install/python_parameters/lib/python3.10/site-packages:${PYTHONPATH} /usr/bin/python3 setup.py egg_info --egg-base ../../build/python_parameters build --build-base /home/hsun/ros2_ws/build/python_parameters/build install --record /home/hsun/ros2_ws/build/python_parameters/install.log --single-version-externally-managed
[20.943s] running egg_info
[20.968s] writing ../../build/python_parameters/python_parameters.egg-info/PKG-INFO
[20.972s] writing dependency_links to ../../build/python_parameters/python_parameters.egg-info/dependency_links.txt
[20.976s] writing entry points to ../../build/python_parameters/python_parameters.egg-info/entry_points.txt
[20.979s] writing requirements to ../../build/python_parameters/python_parameters.egg-info/requires.txt
[20.979s] writing top-level names to ../../build/python_parameters/python_parameters.egg-info/top_level.txt
[20.994s] reading manifest file '../../build/python_parameters/python_parameters.egg-info/SOURCES.txt'
[21.000s] writing manifest file '../../build/python_parameters/python_parameters.egg-info/SOURCES.txt'
[21.002s] running build
[21.003s] running build_py
[21.005s] running install
[21.008s] /usr/lib/python3/dist-packages/setuptools/command/install.py:34: SetuptoolsDeprecationWarning: setup.py install is deprecated. Use build and pip and other standards-based tools.
[21.011s]   warnings.warn(
[21.012s] running install_lib
[21.021s] running install_data
[21.026s] running install_egg_info
[21.040s] removing '/home/hsun/ros2_ws/install/python_parameters/lib/python3.10/site-packages/python_parameters-0.0.0-py3.10.egg-info' (and everything under it)
[21.043s] Copying ../../build/python_parameters/python_parameters.egg-info to /home/hsun/ros2_ws/install/python_parameters/lib/python3.10/site-packages/python_parameters-0.0.0-py3.10.egg-info
[21.074s] running install_scripts
[21.272s] Installing minimal_param_node script to /home/hsun/ros2_ws/install/python_parameters/lib/python_parameters
[21.282s] writing list of installed files to '/home/hsun/ros2_ws/build/python_parameters/install.log'
[21.643s] Invoked command in '/home/hsun/ros2_ws/src/python_parameters' returned '0': PYTHONPATH=/home/hsun/ros2_ws/build/python_parameters/prefix_override:/home/hsun/ros2_ws/install/python_parameters/lib/python3.10/site-packages:${PYTHONPATH} /usr/bin/python3 setup.py egg_info --egg-base ../../build/python_parameters build --build-base /home/hsun/ros2_ws/build/python_parameters/build install --record /home/hsun/ros2_ws/build/python_parameters/install.log --single-version-externally-managed
