[0.339s] Invoking command in '/home/hsun/ros2_ws/build/tutorial_interfaces': CMAKE_PREFIX_PATH=${CMAKE_PREFIX_PATH}:/home/hsun/ros2_ws/install/python_parameters:/home/hsun/ros2_ws/install/py_srvcli:/home/hsun/ros2_ws/install/py_pubsub:/opt/ros/iron /usr/bin/cmake --build /home/hsun/ros2_ws/build/tutorial_interfaces -- -j4 -l4
[1.087s] [  1%] Built target tutorial_interfaces__rosidl_generator_type_description
[1.323s] [  3%] Built target tutorial_interfaces__cpp
[1.387s] [35m[1mConsolidate compiler generated dependencies of target tutorial_interfaces__rosidl_generator_c[0m
[1.430s] [  3%] Built target ament_cmake_python_copy_tutorial_interfaces
[1.630s] [ 24%] Built target tutorial_interfaces__rosidl_generator_c
[1.776s] [35m[1mConsolidate compiler generated dependencies of target tutorial_interfaces__rosidl_typesupport_cpp[0m
[1.898s] [35m[1mConsolidate compiler generated dependencies of target tutorial_interfaces__rosidl_typesupport_fastrtps_c[0m
[1.977s] [35m[1mConsolidate compiler generated dependencies of target tutorial_interfaces__rosidl_typesupport_fastrtps_cpp[0m
[2.186s] [ 33%] Built target tutorial_interfaces__rosidl_typesupport_cpp
[2.370s] [ 42%] Built target tutorial_interfaces__rosidl_typesupport_fastrtps_cpp
[2.371s] [ 51%] Built target tutorial_interfaces__rosidl_typesupport_fastrtps_c
[2.437s] [35m[1mConsolidate compiler generated dependencies of target tutorial_interfaces__rosidl_typesupport_introspection_c[0m
[2.487s] [35m[1mConsolidate compiler generated dependencies of target tutorial_interfaces__rosidl_typesupport_c[0m
[2.521s] [35m[1mConsolidate compiler generated dependencies of target tutorial_interfaces__rosidl_typesupport_introspection_cpp[0m
[2.708s] [ 61%] Built target tutorial_interfaces__rosidl_typesupport_c
[2.848s] [ 70%] Built target tutorial_interfaces__rosidl_typesupport_introspection_c
[2.848s] [ 79%] Built target tutorial_interfaces__rosidl_typesupport_introspection_cpp
[3.185s] [ 79%] Built target tutorial_interfaces
[3.677s] [ 81%] Built target tutorial_interfaces__py
[3.860s] [35m[1mConsolidate compiler generated dependencies of target tutorial_interfaces__rosidl_generator_py[0m
[4.004s] [ 88%] Built target tutorial_interfaces__rosidl_generator_py
[4.151s] [35m[1mConsolidate compiler generated dependencies of target tutorial_interfaces__rosidl_typesupport_introspection_c__pyext[0m
[4.362s] [35m[1mConsolidate compiler generated dependencies of target tutorial_interfaces__rosidl_typesupport_fastrtps_c__pyext[0m
[4.427s] [35m[1mConsolidate compiler generated dependencies of target tutorial_interfaces__rosidl_typesupport_c__pyext[0m
[4.533s] [ 92%] Built target tutorial_interfaces__rosidl_typesupport_introspection_c__pyext
[4.734s] [ 96%] Built target tutorial_interfaces__rosidl_typesupport_fastrtps_c__pyext
[4.836s] [100%] Built target tutorial_interfaces__rosidl_typesupport_c__pyext
[7.603s] running egg_info
[7.608s] writing tutorial_interfaces.egg-info/PKG-INFO
[7.631s] writing dependency_links to tutorial_interfaces.egg-info/dependency_links.txt
[7.642s] writing top-level names to tutorial_interfaces.egg-info/top_level.txt
[7.670s] reading manifest file 'tutorial_interfaces.egg-info/SOURCES.txt'
[7.676s] writing manifest file 'tutorial_interfaces.egg-info/SOURCES.txt'
[8.122s] [100%] Built target ament_cmake_python_build_tutorial_interfaces_egg
[12.359s] Invoked command in '/home/hsun/ros2_ws/build/tutorial_interfaces' returned '0': CMAKE_PREFIX_PATH=${CMAKE_PREFIX_PATH}:/home/hsun/ros2_ws/install/python_parameters:/home/hsun/ros2_ws/install/py_srvcli:/home/hsun/ros2_ws/install/py_pubsub:/opt/ros/iron /usr/bin/cmake --build /home/hsun/ros2_ws/build/tutorial_interfaces -- -j4 -l4
[15.131s] Invoking command in '/home/hsun/ros2_ws/build/tutorial_interfaces': CMAKE_PREFIX_PATH=${CMAKE_PREFIX_PATH}:/home/hsun/ros2_ws/install/python_parameters:/home/hsun/ros2_ws/install/py_srvcli:/home/hsun/ros2_ws/install/py_pubsub:/opt/ros/iron /usr/bin/cmake --install /home/hsun/ros2_ws/build/tutorial_interfaces
[15.372s] -- Install configuration: ""
[15.378s] -- Up-to-date: /home/hsun/ros2_ws/install/tutorial_interfaces/share/ament_index/resource_index/rosidl_interfaces/tutorial_interfaces
[15.389s] -- Up-to-date: /home/hsun/ros2_ws/install/tutorial_interfaces/share/tutorial_interfaces/msg/Num.json
[15.395s] -- Up-to-date: /home/hsun/ros2_ws/install/tutorial_interfaces/share/tutorial_interfaces/msg/Sphere.json
[15.397s] -- Up-to-date: /home/hsun/ros2_ws/install/tutorial_interfaces/share/tutorial_interfaces/srv/AddThreeInts.json
[15.399s] -- Up-to-date: /home/hsun/ros2_ws/install/tutorial_interfaces/include/tutorial_interfaces/tutorial_interfaces
[15.406s] -- Up-to-date: /home/hsun/ros2_ws/install/tutorial_interfaces/include/tutorial_interfaces/tutorial_interfaces/srv
[15.427s] -- Up-to-date: /home/hsun/ros2_ws/install/tutorial_interfaces/include/tutorial_interfaces/tutorial_interfaces/srv/detail
[15.429s] -- Up-to-date: /home/hsun/ros2_ws/install/tutorial_interfaces/include/tutorial_interfaces/tutorial_interfaces/srv/detail/add_three_ints__description.c
[15.430s] -- Up-to-date: /home/hsun/ros2_ws/install/tutorial_interfaces/include/tutorial_interfaces/tutorial_interfaces/srv/detail/add_three_ints__type_support.h
[15.433s] -- Up-to-date: /home/hsun/ros2_ws/install/tutorial_interfaces/include/tutorial_interfaces/tutorial_interfaces/srv/detail/add_three_ints__struct.h
[15.444s] -- Installing: /home/hsun/ros2_ws/install/tutorial_interfaces/include/tutorial_interfaces/tutorial_interfaces/srv/detail/add_three_ints__type_support.c
[15.448s] -- Up-to-date: /home/hsun/ros2_ws/install/tutorial_interfaces/include/tutorial_interfaces/tutorial_interfaces/srv/detail/add_three_ints__functions.h
[15.449s] -- Up-to-date: /home/hsun/ros2_ws/install/tutorial_interfaces/include/tutorial_interfaces/tutorial_interfaces/srv/detail/add_three_ints__functions.c
[15.450s] -- Up-to-date: /home/hsun/ros2_ws/install/tutorial_interfaces/include/tutorial_interfaces/tutorial_interfaces/srv/add_three_ints.h
[15.450s] -- Up-to-date: /home/hsun/ros2_ws/install/tutorial_interfaces/include/tutorial_interfaces/tutorial_interfaces/msg
[15.451s] -- Up-to-date: /home/hsun/ros2_ws/install/tutorial_interfaces/include/tutorial_interfaces/tutorial_interfaces/msg/sphere.h
[15.452s] -- Up-to-date: /home/hsun/ros2_ws/install/tutorial_interfaces/include/tutorial_interfaces/tutorial_interfaces/msg/detail
[15.452s] -- Up-to-date: /home/hsun/ros2_ws/install/tutorial_interfaces/include/tutorial_interfaces/tutorial_interfaces/msg/detail/sphere__functions.c
[15.461s] -- Installing: /home/hsun/ros2_ws/install/tutorial_interfaces/include/tutorial_interfaces/tutorial_interfaces/msg/detail/num__type_support.c
[15.466s] -- Up-to-date: /home/hsun/ros2_ws/install/tutorial_interfaces/include/tutorial_interfaces/tutorial_interfaces/msg/detail/num__type_support.h
[15.467s] -- Up-to-date: /home/hsun/ros2_ws/install/tutorial_interfaces/include/tutorial_interfaces/tutorial_interfaces/msg/detail/sphere__description.c
[15.467s] -- Installing: /home/hsun/ros2_ws/install/tutorial_interfaces/include/tutorial_interfaces/tutorial_interfaces/msg/detail/sphere__type_support.c
[15.473s] -- Up-to-date: /home/hsun/ros2_ws/install/tutorial_interfaces/include/tutorial_interfaces/tutorial_interfaces/msg/detail/sphere__functions.h
[15.474s] -- Up-to-date: /home/hsun/ros2_ws/install/tutorial_interfaces/include/tutorial_interfaces/tutorial_interfaces/msg/detail/num__functions.c
[15.475s] -- Up-to-date: /home/hsun/ros2_ws/install/tutorial_interfaces/include/tutorial_interfaces/tutorial_interfaces/msg/detail/num__functions.h
[15.475s] -- Up-to-date: /home/hsun/ros2_ws/install/tutorial_interfaces/include/tutorial_interfaces/tutorial_interfaces/msg/detail/num__description.c
[15.476s] -- Up-to-date: /home/hsun/ros2_ws/install/tutorial_interfaces/include/tutorial_interfaces/tutorial_interfaces/msg/detail/sphere__type_support.h
[15.477s] -- Up-to-date: /home/hsun/ros2_ws/install/tutorial_interfaces/include/tutorial_interfaces/tutorial_interfaces/msg/detail/num__struct.h
[15.478s] -- Up-to-date: /home/hsun/ros2_ws/install/tutorial_interfaces/include/tutorial_interfaces/tutorial_interfaces/msg/detail/sphere__struct.h
[15.479s] -- Up-to-date: /home/hsun/ros2_ws/install/tutorial_interfaces/include/tutorial_interfaces/tutorial_interfaces/msg/rosidl_generator_c__visibility_control.h
[15.480s] -- Up-to-date: /home/hsun/ros2_ws/install/tutorial_interfaces/include/tutorial_interfaces/tutorial_interfaces/msg/num.h
[15.486s] -- Up-to-date: /home/hsun/ros2_ws/install/tutorial_interfaces/share/tutorial_interfaces/environment/library_path.sh
[15.488s] -- Up-to-date: /home/hsun/ros2_ws/install/tutorial_interfaces/share/tutorial_interfaces/environment/library_path.dsv
[15.502s] -- Up-to-date: /home/hsun/ros2_ws/install/tutorial_interfaces/lib/libtutorial_interfaces__rosidl_generator_c.so
[15.506s] -- Up-to-date: /home/hsun/ros2_ws/install/tutorial_interfaces/include/tutorial_interfaces/tutorial_interfaces
[15.507s] -- Up-to-date: /home/hsun/ros2_ws/install/tutorial_interfaces/include/tutorial_interfaces/tutorial_interfaces/srv
[15.508s] -- Up-to-date: /home/hsun/ros2_ws/install/tutorial_interfaces/include/tutorial_interfaces/tutorial_interfaces/srv/detail
[15.509s] -- Up-to-date: /home/hsun/ros2_ws/install/tutorial_interfaces/include/tutorial_interfaces/tutorial_interfaces/srv/detail/add_three_ints__rosidl_typesupport_fastrtps_c.h
[15.510s] -- Up-to-date: /home/hsun/ros2_ws/install/tutorial_interfaces/include/tutorial_interfaces/tutorial_interfaces/msg
[15.511s] -- Up-to-date: /home/hsun/ros2_ws/install/tutorial_interfaces/include/tutorial_interfaces/tutorial_interfaces/msg/detail
[15.512s] -- Up-to-date: /home/hsun/ros2_ws/install/tutorial_interfaces/include/tutorial_interfaces/tutorial_interfaces/msg/detail/num__rosidl_typesupport_fastrtps_c.h
[15.517s] -- Up-to-date: /home/hsun/ros2_ws/install/tutorial_interfaces/include/tutorial_interfaces/tutorial_interfaces/msg/detail/sphere__rosidl_typesupport_fastrtps_c.h
[15.518s] -- Up-to-date: /home/hsun/ros2_ws/install/tutorial_interfaces/include/tutorial_interfaces/tutorial_interfaces/msg/rosidl_typesupport_fastrtps_c__visibility_control.h
[15.530s] -- Up-to-date: /home/hsun/ros2_ws/install/tutorial_interfaces/lib/libtutorial_interfaces__rosidl_typesupport_fastrtps_c.so
[15.531s] -- Up-to-date: /home/hsun/ros2_ws/install/tutorial_interfaces/include/tutorial_interfaces/tutorial_interfaces
[15.534s] -- Up-to-date: /home/hsun/ros2_ws/install/tutorial_interfaces/include/tutorial_interfaces/tutorial_interfaces/srv
[15.535s] -- Up-to-date: /home/hsun/ros2_ws/install/tutorial_interfaces/include/tutorial_interfaces/tutorial_interfaces/srv/detail
[15.535s] -- Up-to-date: /home/hsun/ros2_ws/install/tutorial_interfaces/include/tutorial_interfaces/tutorial_interfaces/srv/detail/add_three_ints__struct.hpp
[15.537s] -- Up-to-date: /home/hsun/ros2_ws/install/tutorial_interfaces/include/tutorial_interfaces/tutorial_interfaces/srv/detail/add_three_ints__traits.hpp
[15.539s] -- Up-to-date: /home/hsun/ros2_ws/install/tutorial_interfaces/include/tutorial_interfaces/tutorial_interfaces/srv/detail/add_three_ints__builder.hpp
[15.540s] -- Up-to-date: /home/hsun/ros2_ws/install/tutorial_interfaces/include/tutorial_interfaces/tutorial_interfaces/srv/add_three_ints.hpp
[15.541s] -- Up-to-date: /home/hsun/ros2_ws/install/tutorial_interfaces/include/tutorial_interfaces/tutorial_interfaces/msg
[15.542s] -- Up-to-date: /home/hsun/ros2_ws/install/tutorial_interfaces/include/tutorial_interfaces/tutorial_interfaces/msg/detail
[15.546s] -- Up-to-date: /home/hsun/ros2_ws/install/tutorial_interfaces/include/tutorial_interfaces/tutorial_interfaces/msg/detail/sphere__builder.hpp
[15.549s] -- Up-to-date: /home/hsun/ros2_ws/install/tutorial_interfaces/include/tutorial_interfaces/tutorial_interfaces/msg/detail/sphere__traits.hpp
[15.551s] -- Up-to-date: /home/hsun/ros2_ws/install/tutorial_interfaces/include/tutorial_interfaces/tutorial_interfaces/msg/detail/sphere__struct.hpp
[15.552s] -- Up-to-date: /home/hsun/ros2_ws/install/tutorial_interfaces/include/tutorial_interfaces/tutorial_interfaces/msg/detail/num__builder.hpp
[15.553s] -- Up-to-date: /home/hsun/ros2_ws/install/tutorial_interfaces/include/tutorial_interfaces/tutorial_interfaces/msg/detail/num__struct.hpp
[15.566s] -- Up-to-date: /home/hsun/ros2_ws/install/tutorial_interfaces/include/tutorial_interfaces/tutorial_interfaces/msg/detail/num__traits.hpp
[15.574s] -- Up-to-date: /home/hsun/ros2_ws/install/tutorial_interfaces/include/tutorial_interfaces/tutorial_interfaces/msg/num.hpp
[15.576s] -- Up-to-date: /home/hsun/ros2_ws/install/tutorial_interfaces/include/tutorial_interfaces/tutorial_interfaces/msg/sphere.hpp
[15.578s] -- Up-to-date: /home/hsun/ros2_ws/install/tutorial_interfaces/include/tutorial_interfaces/tutorial_interfaces
[15.579s] -- Up-to-date: /home/hsun/ros2_ws/install/tutorial_interfaces/include/tutorial_interfaces/tutorial_interfaces/srv
[15.583s] -- Up-to-date: /home/hsun/ros2_ws/install/tutorial_interfaces/include/tutorial_interfaces/tutorial_interfaces/srv/detail
[15.586s] -- Up-to-date: /home/hsun/ros2_ws/install/tutorial_interfaces/include/tutorial_interfaces/tutorial_interfaces/srv/detail/dds_fastrtps
[15.586s] -- Up-to-date: /home/hsun/ros2_ws/install/tutorial_interfaces/include/tutorial_interfaces/tutorial_interfaces/srv/detail/add_three_ints__rosidl_typesupport_fastrtps_cpp.hpp
[15.587s] -- Up-to-date: /home/hsun/ros2_ws/install/tutorial_interfaces/include/tutorial_interfaces/tutorial_interfaces/msg
[15.589s] -- Up-to-date: /home/hsun/ros2_ws/install/tutorial_interfaces/include/tutorial_interfaces/tutorial_interfaces/msg/detail
[15.590s] -- Up-to-date: /home/hsun/ros2_ws/install/tutorial_interfaces/include/tutorial_interfaces/tutorial_interfaces/msg/detail/dds_fastrtps
[15.591s] -- Up-to-date: /home/hsun/ros2_ws/install/tutorial_interfaces/include/tutorial_interfaces/tutorial_interfaces/msg/detail/num__rosidl_typesupport_fastrtps_cpp.hpp
[15.592s] -- Up-to-date: /home/hsun/ros2_ws/install/tutorial_interfaces/include/tutorial_interfaces/tutorial_interfaces/msg/detail/sphere__rosidl_typesupport_fastrtps_cpp.hpp
[15.593s] -- Up-to-date: /home/hsun/ros2_ws/install/tutorial_interfaces/include/tutorial_interfaces/tutorial_interfaces/msg/rosidl_typesupport_fastrtps_cpp__visibility_control.h
[15.594s] -- Up-to-date: /home/hsun/ros2_ws/install/tutorial_interfaces/lib/libtutorial_interfaces__rosidl_typesupport_fastrtps_cpp.so
[15.594s] -- Up-to-date: /home/hsun/ros2_ws/install/tutorial_interfaces/include/tutorial_interfaces/tutorial_interfaces
[15.595s] -- Up-to-date: /home/hsun/ros2_ws/install/tutorial_interfaces/include/tutorial_interfaces/tutorial_interfaces/srv
[15.597s] -- Up-to-date: /home/hsun/ros2_ws/install/tutorial_interfaces/include/tutorial_interfaces/tutorial_interfaces/srv/detail
[15.597s] -- Up-to-date: /home/hsun/ros2_ws/install/tutorial_interfaces/include/tutorial_interfaces/tutorial_interfaces/srv/detail/add_three_ints__rosidl_typesupport_introspection_c.h
[15.599s] -- Installing: /home/hsun/ros2_ws/install/tutorial_interfaces/include/tutorial_interfaces/tutorial_interfaces/srv/detail/add_three_ints__type_support.c
[15.613s] -- Up-to-date: /home/hsun/ros2_ws/install/tutorial_interfaces/include/tutorial_interfaces/tutorial_interfaces/msg
[15.614s] -- Up-to-date: /home/hsun/ros2_ws/install/tutorial_interfaces/include/tutorial_interfaces/tutorial_interfaces/msg/detail
[15.615s] -- Installing: /home/hsun/ros2_ws/install/tutorial_interfaces/include/tutorial_interfaces/tutorial_interfaces/msg/detail/num__type_support.c
[15.616s] -- Up-to-date: /home/hsun/ros2_ws/install/tutorial_interfaces/include/tutorial_interfaces/tutorial_interfaces/msg/detail/sphere__rosidl_typesupport_introspection_c.h
[15.617s] -- Installing: /home/hsun/ros2_ws/install/tutorial_interfaces/include/tutorial_interfaces/tutorial_interfaces/msg/detail/sphere__type_support.c
[15.629s] -- Up-to-date: /home/hsun/ros2_ws/install/tutorial_interfaces/include/tutorial_interfaces/tutorial_interfaces/msg/detail/num__rosidl_typesupport_introspection_c.h
[15.630s] -- Up-to-date: /home/hsun/ros2_ws/install/tutorial_interfaces/include/tutorial_interfaces/tutorial_interfaces/msg/rosidl_typesupport_introspection_c__visibility_control.h
[15.631s] -- Up-to-date: /home/hsun/ros2_ws/install/tutorial_interfaces/lib/libtutorial_interfaces__rosidl_typesupport_introspection_c.so
[15.637s] -- Up-to-date: /home/hsun/ros2_ws/install/tutorial_interfaces/lib/libtutorial_interfaces__rosidl_typesupport_c.so
[15.639s] -- Up-to-date: /home/hsun/ros2_ws/install/tutorial_interfaces/include/tutorial_interfaces/tutorial_interfaces
[15.641s] -- Up-to-date: /home/hsun/ros2_ws/install/tutorial_interfaces/include/tutorial_interfaces/tutorial_interfaces/srv
[15.650s] -- Up-to-date: /home/hsun/ros2_ws/install/tutorial_interfaces/include/tutorial_interfaces/tutorial_interfaces/srv/detail
[15.666s] -- Up-to-date: /home/hsun/ros2_ws/install/tutorial_interfaces/include/tutorial_interfaces/tutorial_interfaces/srv/detail/add_three_ints__rosidl_typesupport_introspection_cpp.hpp
[15.666s] -- Up-to-date: /home/hsun/ros2_ws/install/tutorial_interfaces/include/tutorial_interfaces/tutorial_interfaces/srv/detail/add_three_ints__type_support.cpp
[15.667s] -- Up-to-date: /home/hsun/ros2_ws/install/tutorial_interfaces/include/tutorial_interfaces/tutorial_interfaces/msg
[15.668s] -- Up-to-date: /home/hsun/ros2_ws/install/tutorial_interfaces/include/tutorial_interfaces/tutorial_interfaces/msg/detail
[15.676s] -- Up-to-date: /home/hsun/ros2_ws/install/tutorial_interfaces/include/tutorial_interfaces/tutorial_interfaces/msg/detail/num__rosidl_typesupport_introspection_cpp.hpp
[15.677s] -- Up-to-date: /home/hsun/ros2_ws/install/tutorial_interfaces/include/tutorial_interfaces/tutorial_interfaces/msg/detail/sphere__type_support.cpp
[15.678s] -- Up-to-date: /home/hsun/ros2_ws/install/tutorial_interfaces/include/tutorial_interfaces/tutorial_interfaces/msg/detail/num__type_support.cpp
[15.678s] -- Up-to-date: /home/hsun/ros2_ws/install/tutorial_interfaces/include/tutorial_interfaces/tutorial_interfaces/msg/detail/sphere__rosidl_typesupport_introspection_cpp.hpp
[15.679s] -- Up-to-date: /home/hsun/ros2_ws/install/tutorial_interfaces/lib/libtutorial_interfaces__rosidl_typesupport_introspection_cpp.so
[15.679s] -- Up-to-date: /home/hsun/ros2_ws/install/tutorial_interfaces/lib/libtutorial_interfaces__rosidl_typesupport_cpp.so
[15.686s] -- Up-to-date: /home/hsun/ros2_ws/install/tutorial_interfaces/share/tutorial_interfaces/environment/pythonpath.sh
[15.691s] -- Up-to-date: /home/hsun/ros2_ws/install/tutorial_interfaces/share/tutorial_interfaces/environment/pythonpath.dsv
[15.699s] -- Up-to-date: /home/hsun/ros2_ws/install/tutorial_interfaces/lib/python3.10/site-packages/tutorial_interfaces-0.0.0-py3.10.egg-info
[15.700s] -- Installing: /home/hsun/ros2_ws/install/tutorial_interfaces/lib/python3.10/site-packages/tutorial_interfaces-0.0.0-py3.10.egg-info/SOURCES.txt
[15.700s] -- Installing: /home/hsun/ros2_ws/install/tutorial_interfaces/lib/python3.10/site-packages/tutorial_interfaces-0.0.0-py3.10.egg-info/PKG-INFO
[15.701s] -- Installing: /home/hsun/ros2_ws/install/tutorial_interfaces/lib/python3.10/site-packages/tutorial_interfaces-0.0.0-py3.10.egg-info/dependency_links.txt
[15.702s] -- Installing: /home/hsun/ros2_ws/install/tutorial_interfaces/lib/python3.10/site-packages/tutorial_interfaces-0.0.0-py3.10.egg-info/top_level.txt
[15.703s] -- Up-to-date: /home/hsun/ros2_ws/install/tutorial_interfaces/lib/python3.10/site-packages/tutorial_interfaces
[15.704s] -- Up-to-date: /home/hsun/ros2_ws/install/tutorial_interfaces/lib/python3.10/site-packages/tutorial_interfaces/tutorial_interfaces_s__rosidl_typesupport_c.cpython-310-aarch64-linux-gnu.so
[15.705s] -- Up-to-date: /home/hsun/ros2_ws/install/tutorial_interfaces/lib/python3.10/site-packages/tutorial_interfaces/_tutorial_interfaces_s.ep.rosidl_typesupport_c.c
[15.706s] -- Up-to-date: /home/hsun/ros2_ws/install/tutorial_interfaces/lib/python3.10/site-packages/tutorial_interfaces/__init__.py
[15.706s] -- Up-to-date: /home/hsun/ros2_ws/install/tutorial_interfaces/lib/python3.10/site-packages/tutorial_interfaces/tutorial_interfaces_s__rosidl_typesupport_introspection_c.cpython-310-aarch64-linux-gnu.so
[15.707s] -- Up-to-date: /home/hsun/ros2_ws/install/tutorial_interfaces/lib/python3.10/site-packages/tutorial_interfaces/tutorial_interfaces_s__rosidl_typesupport_fastrtps_c.cpython-310-aarch64-linux-gnu.so
[15.718s] -- Up-to-date: /home/hsun/ros2_ws/install/tutorial_interfaces/lib/python3.10/site-packages/tutorial_interfaces/_tutorial_interfaces_s.ep.rosidl_typesupport_fastrtps_c.c
[15.719s] -- Up-to-date: /home/hsun/ros2_ws/install/tutorial_interfaces/lib/python3.10/site-packages/tutorial_interfaces/srv
[15.720s] -- Up-to-date: /home/hsun/ros2_ws/install/tutorial_interfaces/lib/python3.10/site-packages/tutorial_interfaces/srv/__init__.py
[15.720s] -- Up-to-date: /home/hsun/ros2_ws/install/tutorial_interfaces/lib/python3.10/site-packages/tutorial_interfaces/srv/_add_three_ints.py
[15.721s] -- Up-to-date: /home/hsun/ros2_ws/install/tutorial_interfaces/lib/python3.10/site-packages/tutorial_interfaces/srv/_add_three_ints_s.c
[15.722s] -- Up-to-date: /home/hsun/ros2_ws/install/tutorial_interfaces/lib/python3.10/site-packages/tutorial_interfaces/_tutorial_interfaces_s.ep.rosidl_typesupport_introspection_c.c
[15.722s] -- Up-to-date: /home/hsun/ros2_ws/install/tutorial_interfaces/lib/python3.10/site-packages/tutorial_interfaces/msg
[15.723s] -- Up-to-date: /home/hsun/ros2_ws/install/tutorial_interfaces/lib/python3.10/site-packages/tutorial_interfaces/msg/__init__.py
[15.732s] -- Up-to-date: /home/hsun/ros2_ws/install/tutorial_interfaces/lib/python3.10/site-packages/tutorial_interfaces/msg/_sphere_s.c
[15.733s] -- Up-to-date: /home/hsun/ros2_ws/install/tutorial_interfaces/lib/python3.10/site-packages/tutorial_interfaces/msg/_num_s.c
[15.733s] -- Up-to-date: /home/hsun/ros2_ws/install/tutorial_interfaces/lib/python3.10/site-packages/tutorial_interfaces/msg/_num.py
[15.735s] -- Up-to-date: /home/hsun/ros2_ws/install/tutorial_interfaces/lib/python3.10/site-packages/tutorial_interfaces/msg/_sphere.py
[15.735s] -- Up-to-date: /home/hsun/ros2_ws/install/tutorial_interfaces/lib/python3.10/site-packages/tutorial_interfaces/libtutorial_interfaces__rosidl_generator_py.so
[16.126s] Listing '/home/hsun/ros2_ws/install/tutorial_interfaces/lib/python3.10/site-packages/tutorial_interfaces'...
[16.127s] Listing '/home/hsun/ros2_ws/install/tutorial_interfaces/lib/python3.10/site-packages/tutorial_interfaces/msg'...
[16.138s] Listing '/home/hsun/ros2_ws/install/tutorial_interfaces/lib/python3.10/site-packages/tutorial_interfaces/srv'...
[16.193s] -- Up-to-date: /home/hsun/ros2_ws/install/tutorial_interfaces/lib/python3.10/site-packages/tutorial_interfaces/tutorial_interfaces_s__rosidl_typesupport_fastrtps_c.cpython-310-aarch64-linux-gnu.so
[16.206s] -- Up-to-date: /home/hsun/ros2_ws/install/tutorial_interfaces/lib/python3.10/site-packages/tutorial_interfaces/tutorial_interfaces_s__rosidl_typesupport_introspection_c.cpython-310-aarch64-linux-gnu.so
[16.219s] -- Up-to-date: /home/hsun/ros2_ws/install/tutorial_interfaces/lib/python3.10/site-packages/tutorial_interfaces/tutorial_interfaces_s__rosidl_typesupport_c.cpython-310-aarch64-linux-gnu.so
[16.223s] -- Up-to-date: /home/hsun/ros2_ws/install/tutorial_interfaces/lib/libtutorial_interfaces__rosidl_generator_py.so
[16.229s] -- Up-to-date: /home/hsun/ros2_ws/install/tutorial_interfaces/share/tutorial_interfaces/msg/Num.idl
[16.231s] -- Up-to-date: /home/hsun/ros2_ws/install/tutorial_interfaces/share/tutorial_interfaces/msg/Sphere.idl
[16.234s] -- Up-to-date: /home/hsun/ros2_ws/install/tutorial_interfaces/share/tutorial_interfaces/srv/AddThreeInts.idl
[16.242s] -- Up-to-date: /home/hsun/ros2_ws/install/tutorial_interfaces/share/tutorial_interfaces/msg/Num.msg
[16.245s] -- Up-to-date: /home/hsun/ros2_ws/install/tutorial_interfaces/share/tutorial_interfaces/msg/Sphere.msg
[16.248s] -- Up-to-date: /home/hsun/ros2_ws/install/tutorial_interfaces/share/tutorial_interfaces/srv/AddThreeInts.srv
[16.250s] -- Up-to-date: /home/hsun/ros2_ws/install/tutorial_interfaces/share/tutorial_interfaces/srv/AddThreeInts_Request.msg
[16.252s] -- Up-to-date: /home/hsun/ros2_ws/install/tutorial_interfaces/share/tutorial_interfaces/srv/AddThreeInts_Response.msg
[16.254s] -- Up-to-date: /home/hsun/ros2_ws/install/tutorial_interfaces/share/ament_index/resource_index/package_run_dependencies/tutorial_interfaces
[16.259s] -- Up-to-date: /home/hsun/ros2_ws/install/tutorial_interfaces/share/ament_index/resource_index/parent_prefix_path/tutorial_interfaces
[16.263s] -- Up-to-date: /home/hsun/ros2_ws/install/tutorial_interfaces/share/tutorial_interfaces/environment/ament_prefix_path.sh
[16.266s] -- Up-to-date: /home/hsun/ros2_ws/install/tutorial_interfaces/share/tutorial_interfaces/environment/ament_prefix_path.dsv
[16.270s] -- Up-to-date: /home/hsun/ros2_ws/install/tutorial_interfaces/share/tutorial_interfaces/environment/path.sh
[16.278s] -- Up-to-date: /home/hsun/ros2_ws/install/tutorial_interfaces/share/tutorial_interfaces/environment/path.dsv
[16.279s] -- Up-to-date: /home/hsun/ros2_ws/install/tutorial_interfaces/share/tutorial_interfaces/local_setup.bash
[16.280s] -- Up-to-date: /home/hsun/ros2_ws/install/tutorial_interfaces/share/tutorial_interfaces/local_setup.sh
[16.281s] -- Up-to-date: /home/hsun/ros2_ws/install/tutorial_interfaces/share/tutorial_interfaces/local_setup.zsh
[16.282s] -- Up-to-date: /home/hsun/ros2_ws/install/tutorial_interfaces/share/tutorial_interfaces/local_setup.dsv
[16.282s] -- Installing: /home/hsun/ros2_ws/install/tutorial_interfaces/share/tutorial_interfaces/package.dsv
[16.289s] -- Up-to-date: /home/hsun/ros2_ws/install/tutorial_interfaces/share/ament_index/resource_index/packages/tutorial_interfaces
[16.290s] -- Up-to-date: /home/hsun/ros2_ws/install/tutorial_interfaces/share/tutorial_interfaces/cmake/export_tutorial_interfaces__rosidl_generator_cExport.cmake
[16.298s] -- Up-to-date: /home/hsun/ros2_ws/install/tutorial_interfaces/share/tutorial_interfaces/cmake/export_tutorial_interfaces__rosidl_generator_cExport-noconfig.cmake
[16.299s] -- Up-to-date: /home/hsun/ros2_ws/install/tutorial_interfaces/share/tutorial_interfaces/cmake/export_tutorial_interfaces__rosidl_typesupport_fastrtps_cExport.cmake
[16.300s] -- Up-to-date: /home/hsun/ros2_ws/install/tutorial_interfaces/share/tutorial_interfaces/cmake/export_tutorial_interfaces__rosidl_typesupport_fastrtps_cExport-noconfig.cmake
[16.314s] -- Up-to-date: /home/hsun/ros2_ws/install/tutorial_interfaces/share/tutorial_interfaces/cmake/export_tutorial_interfaces__rosidl_generator_cppExport.cmake
[16.316s] -- Up-to-date: /home/hsun/ros2_ws/install/tutorial_interfaces/share/tutorial_interfaces/cmake/export_tutorial_interfaces__rosidl_typesupport_fastrtps_cppExport.cmake
[16.317s] -- Up-to-date: /home/hsun/ros2_ws/install/tutorial_interfaces/share/tutorial_interfaces/cmake/export_tutorial_interfaces__rosidl_typesupport_fastrtps_cppExport-noconfig.cmake
[16.332s] -- Up-to-date: /home/hsun/ros2_ws/install/tutorial_interfaces/share/tutorial_interfaces/cmake/tutorial_interfaces__rosidl_typesupport_introspection_cExport.cmake
[16.333s] -- Up-to-date: /home/hsun/ros2_ws/install/tutorial_interfaces/share/tutorial_interfaces/cmake/tutorial_interfaces__rosidl_typesupport_introspection_cExport-noconfig.cmake
[16.335s] -- Up-to-date: /home/hsun/ros2_ws/install/tutorial_interfaces/share/tutorial_interfaces/cmake/tutorial_interfaces__rosidl_typesupport_cExport.cmake
[16.340s] -- Up-to-date: /home/hsun/ros2_ws/install/tutorial_interfaces/share/tutorial_interfaces/cmake/tutorial_interfaces__rosidl_typesupport_cExport-noconfig.cmake
[16.341s] -- Up-to-date: /home/hsun/ros2_ws/install/tutorial_interfaces/share/tutorial_interfaces/cmake/tutorial_interfaces__rosidl_typesupport_introspection_cppExport.cmake
[16.342s] -- Up-to-date: /home/hsun/ros2_ws/install/tutorial_interfaces/share/tutorial_interfaces/cmake/tutorial_interfaces__rosidl_typesupport_introspection_cppExport-noconfig.cmake
[16.342s] -- Up-to-date: /home/hsun/ros2_ws/install/tutorial_interfaces/share/tutorial_interfaces/cmake/tutorial_interfaces__rosidl_typesupport_cppExport.cmake
[16.343s] -- Up-to-date: /home/hsun/ros2_ws/install/tutorial_interfaces/share/tutorial_interfaces/cmake/tutorial_interfaces__rosidl_typesupport_cppExport-noconfig.cmake
[16.353s] -- Up-to-date: /home/hsun/ros2_ws/install/tutorial_interfaces/share/tutorial_interfaces/cmake/export_tutorial_interfaces__rosidl_generator_pyExport.cmake
[16.355s] -- Up-to-date: /home/hsun/ros2_ws/install/tutorial_interfaces/share/tutorial_interfaces/cmake/export_tutorial_interfaces__rosidl_generator_pyExport-noconfig.cmake
[16.355s] -- Up-to-date: /home/hsun/ros2_ws/install/tutorial_interfaces/share/tutorial_interfaces/cmake/rosidl_cmake-extras.cmake
[16.361s] -- Up-to-date: /home/hsun/ros2_ws/install/tutorial_interfaces/share/tutorial_interfaces/cmake/ament_cmake_export_dependencies-extras.cmake
[16.362s] -- Up-to-date: /home/hsun/ros2_ws/install/tutorial_interfaces/share/tutorial_interfaces/cmake/ament_cmake_export_include_directories-extras.cmake
[16.363s] -- Up-to-date: /home/hsun/ros2_ws/install/tutorial_interfaces/share/tutorial_interfaces/cmake/ament_cmake_export_libraries-extras.cmake
[16.374s] -- Up-to-date: /home/hsun/ros2_ws/install/tutorial_interfaces/share/tutorial_interfaces/cmake/ament_cmake_export_targets-extras.cmake
[16.375s] -- Up-to-date: /home/hsun/ros2_ws/install/tutorial_interfaces/share/tutorial_interfaces/cmake/rosidl_cmake_export_typesupport_targets-extras.cmake
[16.376s] -- Up-to-date: /home/hsun/ros2_ws/install/tutorial_interfaces/share/tutorial_interfaces/cmake/rosidl_cmake_export_typesupport_libraries-extras.cmake
[16.376s] -- Up-to-date: /home/hsun/ros2_ws/install/tutorial_interfaces/share/tutorial_interfaces/cmake/tutorial_interfacesConfig.cmake
[16.397s] -- Up-to-date: /home/hsun/ros2_ws/install/tutorial_interfaces/share/tutorial_interfaces/cmake/tutorial_interfacesConfig-version.cmake
[16.397s] -- Up-to-date: /home/hsun/ros2_ws/install/tutorial_interfaces/share/tutorial_interfaces/package.xml
[16.399s] Invoked command in '/home/hsun/ros2_ws/build/tutorial_interfaces' returned '0': CMAKE_PREFIX_PATH=${CMAKE_PREFIX_PATH}:/home/hsun/ros2_ws/install/python_parameters:/home/hsun/ros2_ws/install/py_srvcli:/home/hsun/ros2_ws/install/py_pubsub:/opt/ros/iron /usr/bin/cmake --install /home/hsun/ros2_ws/build/tutorial_interfaces
