[9.925s] Invoking command in '/home/hsun/ros2_ws/src/python_parameters': PYTHONPATH=/home/hsun/ros2_ws/build/python_parameters/prefix_override:/home/hsun/ros2_ws/install/python_parameters/lib/python3.10/site-packages:${PYTHONPATH} /usr/bin/python3 setup.py egg_info --egg-base ../../build/python_parameters build --build-base /home/hsun/ros2_ws/build/python_parameters/build install --record /home/hsun/ros2_ws/build/python_parameters/install.log --single-version-externally-managed
[14.912s] running egg_info
[14.923s] writing ../../build/python_parameters/python_parameters.egg-info/PKG-INFO
[14.934s] writing dependency_links to ../../build/python_parameters/python_parameters.egg-info/dependency_links.txt
[14.937s] writing entry points to ../../build/python_parameters/python_parameters.egg-info/entry_points.txt
[14.938s] writing requirements to ../../build/python_parameters/python_parameters.egg-info/requires.txt
[14.942s] writing top-level names to ../../build/python_parameters/python_parameters.egg-info/top_level.txt
[14.950s] reading manifest file '../../build/python_parameters/python_parameters.egg-info/SOURCES.txt'
[14.959s] writing manifest file '../../build/python_parameters/python_parameters.egg-info/SOURCES.txt'
[14.964s] running build
[14.965s] running build_py
[14.969s] /usr/lib/python3/dist-packages/setuptools/command/install.py:34: SetuptoolsDeprecationWarning: setup.py install is deprecated. Use build and pip and other standards-based tools.
[14.970s]   warnings.warn(
[14.971s] running install
[14.971s] running install_lib
[14.988s] running install_data
[14.998s] running install_egg_info
[15.022s] removing '/home/hsun/ros2_ws/install/python_parameters/lib/python3.10/site-packages/python_parameters-0.0.0-py3.10.egg-info' (and everything under it)
[15.024s] Copying ../../build/python_parameters/python_parameters.egg-info to /home/hsun/ros2_ws/install/python_parameters/lib/python3.10/site-packages/python_parameters-0.0.0-py3.10.egg-info
[15.038s] running install_scripts
[15.326s] Installing minimal_param_node script to /home/hsun/ros2_ws/install/python_parameters/lib/python_parameters
[15.333s] writing list of installed files to '/home/hsun/ros2_ws/build/python_parameters/install.log'
[15.692s] Invoked command in '/home/hsun/ros2_ws/src/python_parameters' returned '0': PYTHONPATH=/home/hsun/ros2_ws/build/python_parameters/prefix_override:/home/hsun/ros2_ws/install/python_parameters/lib/python3.10/site-packages:${PYTHONPATH} /usr/bin/python3 setup.py egg_info --egg-base ../../build/python_parameters build --build-base /home/hsun/ros2_ws/build/python_parameters/build install --record /home/hsun/ros2_ws/build/python_parameters/install.log --single-version-externally-managed
