[5.510s] Invoking command in '/home/hsun/ros2_ws/src/python_parameters': PYTHONPATH=/home/hsun/ros2_ws/build/python_parameters/prefix_override:/home/hsun/ros2_ws/install/python_parameters/lib/python3.10/site-packages:${PYTHONPATH} /usr/bin/python3 setup.py egg_info --egg-base ../../build/python_parameters build --build-base /home/hsun/ros2_ws/build/python_parameters/build install --record /home/hsun/ros2_ws/build/python_parameters/install.log --single-version-externally-managed
[7.858s] running egg_info
[7.864s] writing ../../build/python_parameters/python_parameters.egg-info/PKG-INFO
[7.866s] writing dependency_links to ../../build/python_parameters/python_parameters.egg-info/dependency_links.txt
[7.868s] writing entry points to ../../build/python_parameters/python_parameters.egg-info/entry_points.txt
[7.870s] writing requirements to ../../build/python_parameters/python_parameters.egg-info/requires.txt
[7.872s] writing top-level names to ../../build/python_parameters/python_parameters.egg-info/top_level.txt
[7.889s] reading manifest file '../../build/python_parameters/python_parameters.egg-info/SOURCES.txt'
[7.897s] writing manifest file '../../build/python_parameters/python_parameters.egg-info/SOURCES.txt'
[7.898s] running build
[7.899s] running build_py
[7.901s] copying python_parameters/__init__.py -> /home/hsun/ros2_ws/build/python_parameters/build/lib/python_parameters
[7.903s] copying python_parameters/python_parameters_node.py -> /home/hsun/ros2_ws/build/python_parameters/build/lib/python_parameters
[7.905s] running install
[7.909s] /usr/lib/python3/dist-packages/setuptools/command/install.py:34: SetuptoolsDeprecationWarning: setup.py install is deprecated. Use build and pip and other standards-based tools.
[7.910s]   warnings.warn(
[7.911s] running install_lib
[7.917s] copying /home/hsun/ros2_ws/build/python_parameters/build/lib/python_parameters/__init__.py -> /home/hsun/ros2_ws/install/python_parameters/lib/python3.10/site-packages/python_parameters
[7.918s] copying /home/hsun/ros2_ws/build/python_parameters/build/lib/python_parameters/python_parameters_node.py -> /home/hsun/ros2_ws/install/python_parameters/lib/python3.10/site-packages/python_parameters
[7.933s] byte-compiling /home/hsun/ros2_ws/install/python_parameters/lib/python3.10/site-packages/python_parameters/__init__.py to __init__.cpython-310.pyc
[7.934s] byte-compiling /home/hsun/ros2_ws/install/python_parameters/lib/python3.10/site-packages/python_parameters/python_parameters_node.py to python_parameters_node.cpython-310.pyc
[7.937s] running install_data
[7.940s] copying resource/python_parameters -> /home/hsun/ros2_ws/install/python_parameters/share/ament_index/resource_index/packages
[7.946s] copying package.xml -> /home/hsun/ros2_ws/install/python_parameters/share/python_parameters
[7.947s] copying launch/python_parameters_launch.py -> /home/hsun/ros2_ws/install/python_parameters/share/python_parameters
[7.949s] running install_egg_info
[7.960s] removing '/home/hsun/ros2_ws/install/python_parameters/lib/python3.10/site-packages/python_parameters-0.0.0-py3.10.egg-info' (and everything under it)
[7.966s] Copying ../../build/python_parameters/python_parameters.egg-info to /home/hsun/ros2_ws/install/python_parameters/lib/python3.10/site-packages/python_parameters-0.0.0-py3.10.egg-info
[7.983s] running install_scripts
[8.130s] Installing minimal_param_node script to /home/hsun/ros2_ws/install/python_parameters/lib/python_parameters
[8.131s] writing list of installed files to '/home/hsun/ros2_ws/build/python_parameters/install.log'
[8.341s] Invoked command in '/home/hsun/ros2_ws/src/python_parameters' returned '0': PYTHONPATH=/home/hsun/ros2_ws/build/python_parameters/prefix_override:/home/hsun/ros2_ws/install/python_parameters/lib/python3.10/site-packages:${PYTHONPATH} /usr/bin/python3 setup.py egg_info --egg-base ../../build/python_parameters build --build-base /home/hsun/ros2_ws/build/python_parameters/build install --record /home/hsun/ros2_ws/build/python_parameters/install.log --single-version-externally-managed
