[0.287s] Invoking command in '/home/hsun/ros2_ws/build/custom_action_interfaces': CMAKE_PREFIX_PATH=${CMAKE_PREFIX_PATH}:/home/hsun/ros2_ws/install/python_parameters:/home/hsun/ros2_ws/install/py_srvcli:/home/hsun/ros2_ws/install/py_pubsub:/opt/ros/iron /usr/bin/cmake /home/hsun/ros2_ws/src/custom_action_interfaces -DCMAKE_INSTALL_PREFIX=/home/hsun/ros2_ws/install/custom_action_interfaces
[1.426s] -- The C compiler identification is GNU 11.3.0
[2.978s] -- The CXX compiler identification is GNU 11.3.0
[3.151s] -- Detecting C compiler ABI info
[4.463s] -- Detecting C compiler ABI info - done
[4.613s] -- Check for working C compiler: /usr/bin/cc - skipped
[4.623s] -- Detecting C compile features
[4.624s] -- Detecting C compile features - done
[4.670s] -- Detecting CXX compiler ABI info
[6.098s] -- Detecting CXX compiler ABI info - done
[6.222s] -- Check for working CXX compiler: /usr/bin/c++ - skipped
[6.232s] -- Detecting CXX compile features
[6.233s] -- Detecting CXX compile features - done
[6.419s] -- Found ament_cmake: 2.0.3 (/opt/ros/iron/share/ament_cmake/cmake)
[9.421s] -- Found Python3: /usr/bin/python3.10 (found version "3.10.6") found components: Interpreter 
[11.545s] -- Found ament_lint_auto: 0.14.1 (/opt/ros/iron/share/ament_lint_auto/cmake)
[13.057s] -- Added test 'lint_cmake' to check CMake code style
[13.097s] -- Added test 'xmllint' to check XML markup files
[13.213s] -- Found rosidl_default_generators: 1.5.0 (/opt/ros/iron/share/rosidl_default_generators/cmake)
[13.430s] -- Using all available rosidl_typesupport_c: rosidl_typesupport_fastrtps_c;rosidl_typesupport_introspection_c
[15.178s] -- Using all available rosidl_typesupport_cpp: rosidl_typesupport_fastrtps_cpp;rosidl_typesupport_introspection_cpp
[16.424s] -- Found rosidl_adapter: 4.0.0 (/opt/ros/iron/share/rosidl_adapter/cmake)
[16.470s] -- Configuring incomplete, errors occurred!
[16.471s] See also "/home/hsun/ros2_ws/build/custom_action_interfaces/CMakeFiles/CMakeOutput.log".
[16.473s] [31mCMake Error at /opt/ros/iron/share/rosidl_cmake/cmake/rosidl_generate_interfaces.cmake:64 (message):
[16.474s]   rosidl_generate_interfaces() must be called before ament_package()
[16.476s] Call Stack (most recent call first):
[16.477s]   CMakeLists.txt:30 (rosidl_generate_interfaces)
[16.483s] 
[16.484s] [0m
[16.549s] Invoked command in '/home/hsun/ros2_ws/build/custom_action_interfaces' returned '1': CMAKE_PREFIX_PATH=${CMAKE_PREFIX_PATH}:/home/hsun/ros2_ws/install/python_parameters:/home/hsun/ros2_ws/install/py_srvcli:/home/hsun/ros2_ws/install/py_pubsub:/opt/ros/iron /usr/bin/cmake /home/hsun/ros2_ws/src/custom_action_interfaces -DCMAKE_INSTALL_PREFIX=/home/hsun/ros2_ws/install/custom_action_interfaces
