[6.995s] Invoking command in '/home/hsun/ros2_ws/src/learning_tf2_py': PYTHONPATH=/home/hsun/ros2_ws/build/learning_tf2_py/prefix_override:/home/hsun/ros2_ws/install/learning_tf2_py/lib/python3.10/site-packages:${PYTHONPATH} /usr/bin/python3 setup.py egg_info --egg-base ../../build/learning_tf2_py build --build-base /home/hsun/ros2_ws/build/learning_tf2_py/build install --record /home/hsun/ros2_ws/build/learning_tf2_py/install.log --single-version-externally-managed
[9.792s] running egg_info
[9.798s] writing ../../build/learning_tf2_py/learning_tf2_py.egg-info/PKG-INFO
[9.803s] writing dependency_links to ../../build/learning_tf2_py/learning_tf2_py.egg-info/dependency_links.txt
[9.809s] writing entry points to ../../build/learning_tf2_py/learning_tf2_py.egg-info/entry_points.txt
[9.812s] writing requirements to ../../build/learning_tf2_py/learning_tf2_py.egg-info/requires.txt
[9.813s] writing top-level names to ../../build/learning_tf2_py/learning_tf2_py.egg-info/top_level.txt
[9.830s] reading manifest file '../../build/learning_tf2_py/learning_tf2_py.egg-info/SOURCES.txt'
[9.841s] writing manifest file '../../build/learning_tf2_py/learning_tf2_py.egg-info/SOURCES.txt'
[9.842s] running build
[9.844s] running build_py
[9.848s] running install
[9.850s] /usr/lib/python3/dist-packages/setuptools/command/install.py:34: SetuptoolsDeprecationWarning: setup.py install is deprecated. Use build and pip and other standards-based tools.
[9.853s]   warnings.warn(
[9.855s] running install_lib
[9.873s] running install_data
[9.879s] running install_egg_info
[9.890s] removing '/home/hsun/ros2_ws/install/learning_tf2_py/lib/python3.10/site-packages/learning_tf2_py-0.0.0-py3.10.egg-info' (and everything under it)
[9.894s] Copying ../../build/learning_tf2_py/learning_tf2_py.egg-info to /home/hsun/ros2_ws/install/learning_tf2_py/lib/python3.10/site-packages/learning_tf2_py-0.0.0-py3.10.egg-info
[9.909s] running install_scripts
[10.110s] Installing dynamic_frame_tf2_broadcaster script to /home/hsun/ros2_ws/install/learning_tf2_py/lib/learning_tf2_py
[10.113s] Installing fixed_frame_tf2_broadcaster script to /home/hsun/ros2_ws/install/learning_tf2_py/lib/learning_tf2_py
[10.119s] Installing static_turtle_tf2_broadcaster script to /home/hsun/ros2_ws/install/learning_tf2_py/lib/learning_tf2_py
[10.125s] Installing turtle_tf2_broadcaster script to /home/hsun/ros2_ws/install/learning_tf2_py/lib/learning_tf2_py
[10.127s] Installing turtle_tf2_listener script to /home/hsun/ros2_ws/install/learning_tf2_py/lib/learning_tf2_py
[10.140s] writing list of installed files to '/home/hsun/ros2_ws/build/learning_tf2_py/install.log'
[10.483s] Invoked command in '/home/hsun/ros2_ws/src/learning_tf2_py' returned '0': PYTHONPATH=/home/hsun/ros2_ws/build/learning_tf2_py/prefix_override:/home/hsun/ros2_ws/install/learning_tf2_py/lib/python3.10/site-packages:${PYTHONPATH} /usr/bin/python3 setup.py egg_info --egg-base ../../build/learning_tf2_py build --build-base /home/hsun/ros2_ws/build/learning_tf2_py/build install --record /home/hsun/ros2_ws/build/learning_tf2_py/install.log --single-version-externally-managed
