[0.238s] Invoking command in '/home/hsun/ros2_ws/build/custom_action_interfaces': /usr/bin/cmake --build /home/hsun/ros2_ws/build/custom_action_interfaces -- -j4 -l4
[0.669s] [  2%] Built target custom_action_interfaces__rosidl_generator_type_description
[1.131s] [  2%] Built target ament_cmake_python_copy_custom_action_interfaces
[1.382s] [ 17%] Built target custom_action_interfaces__rosidl_generator_c
[4.697s] running egg_info
[4.705s] writing custom_action_interfaces.egg-info/PKG-INFO
[4.717s] writing dependency_links to custom_action_interfaces.egg-info/dependency_links.txt
[4.723s] writing top-level names to custom_action_interfaces.egg-info/top_level.txt
[4.759s] reading manifest file 'custom_action_interfaces.egg-info/SOURCES.txt'
[4.762s] writing manifest file 'custom_action_interfaces.egg-info/SOURCES.txt'
[5.131s] [ 17%] Built target ament_cmake_python_build_custom_action_interfaces_egg
[5.402s] [ 26%] Built target custom_action_interfaces__rosidl_typesupport_introspection_c
[5.745s] [ 35%] Built target custom_action_interfaces__rosidl_typesupport_c
[5.992s] [ 44%] Built target custom_action_interfaces__rosidl_typesupport_fastrtps_c
[6.231s] [ 47%] Built target custom_action_interfaces__cpp
[6.546s] [ 55%] Built target custom_action_interfaces__rosidl_typesupport_cpp
[6.936s] [ 64%] Built target custom_action_interfaces__rosidl_typesupport_introspection_cpp
[7.299s] [ 73%] Built target custom_action_interfaces__rosidl_typesupport_fastrtps_cpp
[7.642s] [ 73%] Built target custom_action_interfaces
[7.905s] [ 76%] Built target custom_action_interfaces__py
[8.148s] [ 82%] Built target custom_action_interfaces__rosidl_generator_py
[8.480s] [ 88%] Built target custom_action_interfaces__rosidl_typesupport_fastrtps_c__pyext
[8.761s] [ 94%] Built target custom_action_interfaces__rosidl_typesupport_c__pyext
[9.125s] [100%] Built target custom_action_interfaces__rosidl_typesupport_introspection_c__pyext
[11.164s] Invoked command in '/home/hsun/ros2_ws/build/custom_action_interfaces' returned '0': /usr/bin/cmake --build /home/hsun/ros2_ws/build/custom_action_interfaces -- -j4 -l4
[12.414s] Invoking command in '/home/hsun/ros2_ws/build/custom_action_interfaces': /usr/bin/cmake --install /home/hsun/ros2_ws/build/custom_action_interfaces
[12.529s] -- Install configuration: ""
[12.529s] -- Up-to-date: /home/hsun/ros2_ws/install/custom_action_interfaces/share/ament_index/resource_index/rosidl_interfaces/custom_action_interfaces
[12.530s] -- Up-to-date: /home/hsun/ros2_ws/install/custom_action_interfaces/share/custom_action_interfaces/action/Fibonacci.json
[12.531s] -- Up-to-date: /home/hsun/ros2_ws/install/custom_action_interfaces/include/custom_action_interfaces/custom_action_interfaces
[12.538s] -- Up-to-date: /home/hsun/ros2_ws/install/custom_action_interfaces/include/custom_action_interfaces/custom_action_interfaces/msg
[12.539s] -- Up-to-date: /home/hsun/ros2_ws/install/custom_action_interfaces/include/custom_action_interfaces/custom_action_interfaces/msg/rosidl_generator_c__visibility_control.h
[12.543s] -- Up-to-date: /home/hsun/ros2_ws/install/custom_action_interfaces/include/custom_action_interfaces/custom_action_interfaces/action
[12.565s] -- Up-to-date: /home/hsun/ros2_ws/install/custom_action_interfaces/include/custom_action_interfaces/custom_action_interfaces/action/detail
[12.567s] -- Up-to-date: /home/hsun/ros2_ws/install/custom_action_interfaces/include/custom_action_interfaces/custom_action_interfaces/action/detail/fibonacci__functions.h
[12.569s] -- Up-to-date: /home/hsun/ros2_ws/install/custom_action_interfaces/include/custom_action_interfaces/custom_action_interfaces/action/detail/fibonacci__functions.c
[12.570s] -- Up-to-date: /home/hsun/ros2_ws/install/custom_action_interfaces/include/custom_action_interfaces/custom_action_interfaces/action/detail/fibonacci__description.c
[12.575s] -- Up-to-date: /home/hsun/ros2_ws/install/custom_action_interfaces/include/custom_action_interfaces/custom_action_interfaces/action/detail/fibonacci__type_support.h
[12.580s] -- Up-to-date: /home/hsun/ros2_ws/install/custom_action_interfaces/include/custom_action_interfaces/custom_action_interfaces/action/detail/fibonacci__struct.h
[12.582s] -- Installing: /home/hsun/ros2_ws/install/custom_action_interfaces/include/custom_action_interfaces/custom_action_interfaces/action/detail/fibonacci__type_support.c
[12.583s] -- Up-to-date: /home/hsun/ros2_ws/install/custom_action_interfaces/include/custom_action_interfaces/custom_action_interfaces/action/fibonacci.h
[12.592s] -- Up-to-date: /home/hsun/ros2_ws/install/custom_action_interfaces/share/custom_action_interfaces/environment/library_path.sh
[12.600s] -- Up-to-date: /home/hsun/ros2_ws/install/custom_action_interfaces/share/custom_action_interfaces/environment/library_path.dsv
[12.605s] -- Up-to-date: /home/hsun/ros2_ws/install/custom_action_interfaces/lib/libcustom_action_interfaces__rosidl_generator_c.so
[12.606s] -- Up-to-date: /home/hsun/ros2_ws/install/custom_action_interfaces/include/custom_action_interfaces/custom_action_interfaces
[12.607s] -- Up-to-date: /home/hsun/ros2_ws/install/custom_action_interfaces/include/custom_action_interfaces/custom_action_interfaces/msg
[12.608s] -- Up-to-date: /home/hsun/ros2_ws/install/custom_action_interfaces/include/custom_action_interfaces/custom_action_interfaces/msg/rosidl_typesupport_fastrtps_c__visibility_control.h
[12.609s] -- Up-to-date: /home/hsun/ros2_ws/install/custom_action_interfaces/include/custom_action_interfaces/custom_action_interfaces/action
[12.620s] -- Up-to-date: /home/hsun/ros2_ws/install/custom_action_interfaces/include/custom_action_interfaces/custom_action_interfaces/action/detail
[12.624s] -- Up-to-date: /home/hsun/ros2_ws/install/custom_action_interfaces/include/custom_action_interfaces/custom_action_interfaces/action/detail/fibonacci__rosidl_typesupport_fastrtps_c.h
[12.624s] -- Up-to-date: /home/hsun/ros2_ws/install/custom_action_interfaces/lib/libcustom_action_interfaces__rosidl_typesupport_fastrtps_c.so
[12.625s] -- Up-to-date: /home/hsun/ros2_ws/install/custom_action_interfaces/include/custom_action_interfaces/custom_action_interfaces
[12.626s] -- Up-to-date: /home/hsun/ros2_ws/install/custom_action_interfaces/include/custom_action_interfaces/custom_action_interfaces/msg
[12.626s] -- Up-to-date: /home/hsun/ros2_ws/install/custom_action_interfaces/include/custom_action_interfaces/custom_action_interfaces/msg/rosidl_typesupport_introspection_c__visibility_control.h
[12.634s] -- Up-to-date: /home/hsun/ros2_ws/install/custom_action_interfaces/include/custom_action_interfaces/custom_action_interfaces/action
[12.634s] -- Up-to-date: /home/hsun/ros2_ws/install/custom_action_interfaces/include/custom_action_interfaces/custom_action_interfaces/action/detail
[12.636s] -- Up-to-date: /home/hsun/ros2_ws/install/custom_action_interfaces/include/custom_action_interfaces/custom_action_interfaces/action/detail/fibonacci__rosidl_typesupport_introspection_c.h
[12.637s] -- Installing: /home/hsun/ros2_ws/install/custom_action_interfaces/include/custom_action_interfaces/custom_action_interfaces/action/detail/fibonacci__type_support.c
[12.638s] -- Up-to-date: /home/hsun/ros2_ws/install/custom_action_interfaces/lib/libcustom_action_interfaces__rosidl_typesupport_introspection_c.so
[12.638s] -- Up-to-date: /home/hsun/ros2_ws/install/custom_action_interfaces/lib/libcustom_action_interfaces__rosidl_typesupport_c.so
[12.639s] -- Up-to-date: /home/hsun/ros2_ws/install/custom_action_interfaces/include/custom_action_interfaces/custom_action_interfaces
[12.639s] -- Up-to-date: /home/hsun/ros2_ws/install/custom_action_interfaces/include/custom_action_interfaces/custom_action_interfaces/action
[12.643s] -- Up-to-date: /home/hsun/ros2_ws/install/custom_action_interfaces/include/custom_action_interfaces/custom_action_interfaces/action/detail
[12.643s] -- Up-to-date: /home/hsun/ros2_ws/install/custom_action_interfaces/include/custom_action_interfaces/custom_action_interfaces/action/detail/fibonacci__traits.hpp
[12.644s] -- Up-to-date: /home/hsun/ros2_ws/install/custom_action_interfaces/include/custom_action_interfaces/custom_action_interfaces/action/detail/fibonacci__builder.hpp
[12.645s] -- Up-to-date: /home/hsun/ros2_ws/install/custom_action_interfaces/include/custom_action_interfaces/custom_action_interfaces/action/detail/fibonacci__struct.hpp
[12.646s] -- Up-to-date: /home/hsun/ros2_ws/install/custom_action_interfaces/include/custom_action_interfaces/custom_action_interfaces/action/fibonacci.hpp
[12.647s] -- Up-to-date: /home/hsun/ros2_ws/install/custom_action_interfaces/include/custom_action_interfaces/custom_action_interfaces
[12.653s] -- Up-to-date: /home/hsun/ros2_ws/install/custom_action_interfaces/include/custom_action_interfaces/custom_action_interfaces/msg
[12.654s] -- Up-to-date: /home/hsun/ros2_ws/install/custom_action_interfaces/include/custom_action_interfaces/custom_action_interfaces/msg/rosidl_typesupport_fastrtps_cpp__visibility_control.h
[12.654s] -- Up-to-date: /home/hsun/ros2_ws/install/custom_action_interfaces/include/custom_action_interfaces/custom_action_interfaces/action
[12.661s] -- Up-to-date: /home/hsun/ros2_ws/install/custom_action_interfaces/include/custom_action_interfaces/custom_action_interfaces/action/detail
[12.662s] -- Up-to-date: /home/hsun/ros2_ws/install/custom_action_interfaces/include/custom_action_interfaces/custom_action_interfaces/action/detail/dds_fastrtps
[12.672s] -- Up-to-date: /home/hsun/ros2_ws/install/custom_action_interfaces/include/custom_action_interfaces/custom_action_interfaces/action/detail/fibonacci__rosidl_typesupport_fastrtps_cpp.hpp
[12.675s] -- Up-to-date: /home/hsun/ros2_ws/install/custom_action_interfaces/lib/libcustom_action_interfaces__rosidl_typesupport_fastrtps_cpp.so
[12.689s] -- Up-to-date: /home/hsun/ros2_ws/install/custom_action_interfaces/include/custom_action_interfaces/custom_action_interfaces
[12.690s] -- Up-to-date: /home/hsun/ros2_ws/install/custom_action_interfaces/include/custom_action_interfaces/custom_action_interfaces/action
[12.690s] -- Up-to-date: /home/hsun/ros2_ws/install/custom_action_interfaces/include/custom_action_interfaces/custom_action_interfaces/action/detail
[12.691s] -- Up-to-date: /home/hsun/ros2_ws/install/custom_action_interfaces/include/custom_action_interfaces/custom_action_interfaces/action/detail/fibonacci__rosidl_typesupport_introspection_cpp.hpp
[12.692s] -- Up-to-date: /home/hsun/ros2_ws/install/custom_action_interfaces/include/custom_action_interfaces/custom_action_interfaces/action/detail/fibonacci__type_support.cpp
[12.692s] -- Up-to-date: /home/hsun/ros2_ws/install/custom_action_interfaces/lib/libcustom_action_interfaces__rosidl_typesupport_introspection_cpp.so
[12.693s] -- Up-to-date: /home/hsun/ros2_ws/install/custom_action_interfaces/lib/libcustom_action_interfaces__rosidl_typesupport_cpp.so
[12.693s] -- Up-to-date: /home/hsun/ros2_ws/install/custom_action_interfaces/share/custom_action_interfaces/environment/pythonpath.sh
[12.694s] -- Up-to-date: /home/hsun/ros2_ws/install/custom_action_interfaces/share/custom_action_interfaces/environment/pythonpath.dsv
[12.695s] -- Up-to-date: /home/hsun/ros2_ws/install/custom_action_interfaces/lib/python3.10/site-packages/custom_action_interfaces-0.0.0-py3.10.egg-info
[12.695s] -- Installing: /home/hsun/ros2_ws/install/custom_action_interfaces/lib/python3.10/site-packages/custom_action_interfaces-0.0.0-py3.10.egg-info/SOURCES.txt
[12.696s] -- Installing: /home/hsun/ros2_ws/install/custom_action_interfaces/lib/python3.10/site-packages/custom_action_interfaces-0.0.0-py3.10.egg-info/PKG-INFO
[12.697s] -- Installing: /home/hsun/ros2_ws/install/custom_action_interfaces/lib/python3.10/site-packages/custom_action_interfaces-0.0.0-py3.10.egg-info/dependency_links.txt
[12.697s] -- Installing: /home/hsun/ros2_ws/install/custom_action_interfaces/lib/python3.10/site-packages/custom_action_interfaces-0.0.0-py3.10.egg-info/top_level.txt
[12.697s] -- Up-to-date: /home/hsun/ros2_ws/install/custom_action_interfaces/lib/python3.10/site-packages/custom_action_interfaces
[12.698s] -- Up-to-date: /home/hsun/ros2_ws/install/custom_action_interfaces/lib/python3.10/site-packages/custom_action_interfaces/_custom_action_interfaces_s.ep.rosidl_typesupport_c.c
[12.698s] -- Up-to-date: /home/hsun/ros2_ws/install/custom_action_interfaces/lib/python3.10/site-packages/custom_action_interfaces/_custom_action_interfaces_s.ep.rosidl_typesupport_introspection_c.c
[12.699s] -- Up-to-date: /home/hsun/ros2_ws/install/custom_action_interfaces/lib/python3.10/site-packages/custom_action_interfaces/__init__.py
[12.699s] -- Up-to-date: /home/hsun/ros2_ws/install/custom_action_interfaces/lib/python3.10/site-packages/custom_action_interfaces/custom_action_interfaces_s__rosidl_typesupport_introspection_c.cpython-310-aarch64-linux-gnu.so
[12.709s] -- Up-to-date: /home/hsun/ros2_ws/install/custom_action_interfaces/lib/python3.10/site-packages/custom_action_interfaces/custom_action_interfaces_s__rosidl_typesupport_c.cpython-310-aarch64-linux-gnu.so
[12.711s] -- Up-to-date: /home/hsun/ros2_ws/install/custom_action_interfaces/lib/python3.10/site-packages/custom_action_interfaces/_custom_action_interfaces_s.ep.rosidl_typesupport_fastrtps_c.c
[12.712s] -- Up-to-date: /home/hsun/ros2_ws/install/custom_action_interfaces/lib/python3.10/site-packages/custom_action_interfaces/custom_action_interfaces_s__rosidl_typesupport_fastrtps_c.cpython-310-aarch64-linux-gnu.so
[12.712s] -- Up-to-date: /home/hsun/ros2_ws/install/custom_action_interfaces/lib/python3.10/site-packages/custom_action_interfaces/action
[12.713s] -- Up-to-date: /home/hsun/ros2_ws/install/custom_action_interfaces/lib/python3.10/site-packages/custom_action_interfaces/action/__init__.py
[12.713s] -- Up-to-date: /home/hsun/ros2_ws/install/custom_action_interfaces/lib/python3.10/site-packages/custom_action_interfaces/action/_fibonacci.py
[12.714s] -- Up-to-date: /home/hsun/ros2_ws/install/custom_action_interfaces/lib/python3.10/site-packages/custom_action_interfaces/action/_fibonacci_s.c
[12.715s] -- Up-to-date: /home/hsun/ros2_ws/install/custom_action_interfaces/lib/python3.10/site-packages/custom_action_interfaces/libcustom_action_interfaces__rosidl_generator_py.so
[12.970s] Listing '/home/hsun/ros2_ws/install/custom_action_interfaces/lib/python3.10/site-packages/custom_action_interfaces'...
[12.972s] Listing '/home/hsun/ros2_ws/install/custom_action_interfaces/lib/python3.10/site-packages/custom_action_interfaces/action'...
[13.044s] -- Up-to-date: /home/hsun/ros2_ws/install/custom_action_interfaces/lib/python3.10/site-packages/custom_action_interfaces/custom_action_interfaces_s__rosidl_typesupport_fastrtps_c.cpython-310-aarch64-linux-gnu.so
[13.055s] -- Up-to-date: /home/hsun/ros2_ws/install/custom_action_interfaces/lib/python3.10/site-packages/custom_action_interfaces/custom_action_interfaces_s__rosidl_typesupport_introspection_c.cpython-310-aarch64-linux-gnu.so
[13.056s] -- Up-to-date: /home/hsun/ros2_ws/install/custom_action_interfaces/lib/python3.10/site-packages/custom_action_interfaces/custom_action_interfaces_s__rosidl_typesupport_c.cpython-310-aarch64-linux-gnu.so
[13.064s] -- Up-to-date: /home/hsun/ros2_ws/install/custom_action_interfaces/lib/libcustom_action_interfaces__rosidl_generator_py.so
[13.065s] -- Up-to-date: /home/hsun/ros2_ws/install/custom_action_interfaces/share/custom_action_interfaces/action/Fibonacci.idl
[13.066s] -- Up-to-date: /home/hsun/ros2_ws/install/custom_action_interfaces/share/custom_action_interfaces/action/Fibonacci.action
[13.068s] -- Up-to-date: /home/hsun/ros2_ws/install/custom_action_interfaces/share/ament_index/resource_index/package_run_dependencies/custom_action_interfaces
[13.068s] -- Up-to-date: /home/hsun/ros2_ws/install/custom_action_interfaces/share/ament_index/resource_index/parent_prefix_path/custom_action_interfaces
[13.069s] -- Up-to-date: /home/hsun/ros2_ws/install/custom_action_interfaces/share/custom_action_interfaces/environment/ament_prefix_path.sh
[13.070s] -- Up-to-date: /home/hsun/ros2_ws/install/custom_action_interfaces/share/custom_action_interfaces/environment/ament_prefix_path.dsv
[13.071s] -- Up-to-date: /home/hsun/ros2_ws/install/custom_action_interfaces/share/custom_action_interfaces/environment/path.sh
[13.077s] -- Up-to-date: /home/hsun/ros2_ws/install/custom_action_interfaces/share/custom_action_interfaces/environment/path.dsv
[13.086s] -- Up-to-date: /home/hsun/ros2_ws/install/custom_action_interfaces/share/custom_action_interfaces/local_setup.bash
[13.095s] -- Up-to-date: /home/hsun/ros2_ws/install/custom_action_interfaces/share/custom_action_interfaces/local_setup.sh
[13.096s] -- Up-to-date: /home/hsun/ros2_ws/install/custom_action_interfaces/share/custom_action_interfaces/local_setup.zsh
[13.096s] -- Up-to-date: /home/hsun/ros2_ws/install/custom_action_interfaces/share/custom_action_interfaces/local_setup.dsv
[13.097s] -- Installing: /home/hsun/ros2_ws/install/custom_action_interfaces/share/custom_action_interfaces/package.dsv
[13.113s] -- Up-to-date: /home/hsun/ros2_ws/install/custom_action_interfaces/share/ament_index/resource_index/packages/custom_action_interfaces
[13.114s] -- Up-to-date: /home/hsun/ros2_ws/install/custom_action_interfaces/share/custom_action_interfaces/cmake/export_custom_action_interfaces__rosidl_generator_cExport.cmake
[13.115s] -- Up-to-date: /home/hsun/ros2_ws/install/custom_action_interfaces/share/custom_action_interfaces/cmake/export_custom_action_interfaces__rosidl_generator_cExport-noconfig.cmake
[13.115s] -- Up-to-date: /home/hsun/ros2_ws/install/custom_action_interfaces/share/custom_action_interfaces/cmake/export_custom_action_interfaces__rosidl_typesupport_fastrtps_cExport.cmake
[13.126s] -- Up-to-date: /home/hsun/ros2_ws/install/custom_action_interfaces/share/custom_action_interfaces/cmake/export_custom_action_interfaces__rosidl_typesupport_fastrtps_cExport-noconfig.cmake
[13.172s] -- Up-to-date: /home/hsun/ros2_ws/install/custom_action_interfaces/share/custom_action_interfaces/cmake/custom_action_interfaces__rosidl_typesupport_introspection_cExport.cmake
[13.173s] -- Up-to-date: /home/hsun/ros2_ws/install/custom_action_interfaces/share/custom_action_interfaces/cmake/custom_action_interfaces__rosidl_typesupport_introspection_cExport-noconfig.cmake
[13.173s] -- Up-to-date: /home/hsun/ros2_ws/install/custom_action_interfaces/share/custom_action_interfaces/cmake/custom_action_interfaces__rosidl_typesupport_cExport.cmake
[13.174s] -- Up-to-date: /home/hsun/ros2_ws/install/custom_action_interfaces/share/custom_action_interfaces/cmake/custom_action_interfaces__rosidl_typesupport_cExport-noconfig.cmake
[13.175s] -- Up-to-date: /home/hsun/ros2_ws/install/custom_action_interfaces/share/custom_action_interfaces/cmake/export_custom_action_interfaces__rosidl_generator_cppExport.cmake
[13.175s] -- Up-to-date: /home/hsun/ros2_ws/install/custom_action_interfaces/share/custom_action_interfaces/cmake/export_custom_action_interfaces__rosidl_typesupport_fastrtps_cppExport.cmake
[13.176s] -- Up-to-date: /home/hsun/ros2_ws/install/custom_action_interfaces/share/custom_action_interfaces/cmake/export_custom_action_interfaces__rosidl_typesupport_fastrtps_cppExport-noconfig.cmake
[13.177s] -- Up-to-date: /home/hsun/ros2_ws/install/custom_action_interfaces/share/custom_action_interfaces/cmake/custom_action_interfaces__rosidl_typesupport_introspection_cppExport.cmake
[13.177s] -- Up-to-date: /home/hsun/ros2_ws/install/custom_action_interfaces/share/custom_action_interfaces/cmake/custom_action_interfaces__rosidl_typesupport_introspection_cppExport-noconfig.cmake
[13.178s] -- Up-to-date: /home/hsun/ros2_ws/install/custom_action_interfaces/share/custom_action_interfaces/cmake/custom_action_interfaces__rosidl_typesupport_cppExport.cmake
[13.178s] -- Up-to-date: /home/hsun/ros2_ws/install/custom_action_interfaces/share/custom_action_interfaces/cmake/custom_action_interfaces__rosidl_typesupport_cppExport-noconfig.cmake
[13.179s] -- Up-to-date: /home/hsun/ros2_ws/install/custom_action_interfaces/share/custom_action_interfaces/cmake/export_custom_action_interfaces__rosidl_generator_pyExport.cmake
[13.191s] -- Up-to-date: /home/hsun/ros2_ws/install/custom_action_interfaces/share/custom_action_interfaces/cmake/export_custom_action_interfaces__rosidl_generator_pyExport-noconfig.cmake
[13.193s] -- Up-to-date: /home/hsun/ros2_ws/install/custom_action_interfaces/share/custom_action_interfaces/cmake/rosidl_cmake-extras.cmake
[13.193s] -- Up-to-date: /home/hsun/ros2_ws/install/custom_action_interfaces/share/custom_action_interfaces/cmake/ament_cmake_export_dependencies-extras.cmake
[13.194s] -- Up-to-date: /home/hsun/ros2_ws/install/custom_action_interfaces/share/custom_action_interfaces/cmake/ament_cmake_export_include_directories-extras.cmake
[13.195s] -- Up-to-date: /home/hsun/ros2_ws/install/custom_action_interfaces/share/custom_action_interfaces/cmake/ament_cmake_export_libraries-extras.cmake
[13.219s] -- Up-to-date: /home/hsun/ros2_ws/install/custom_action_interfaces/share/custom_action_interfaces/cmake/ament_cmake_export_targets-extras.cmake
[13.220s] -- Up-to-date: /home/hsun/ros2_ws/install/custom_action_interfaces/share/custom_action_interfaces/cmake/rosidl_cmake_export_typesupport_targets-extras.cmake
[13.220s] -- Up-to-date: /home/hsun/ros2_ws/install/custom_action_interfaces/share/custom_action_interfaces/cmake/rosidl_cmake_export_typesupport_libraries-extras.cmake
[13.221s] -- Up-to-date: /home/hsun/ros2_ws/install/custom_action_interfaces/share/custom_action_interfaces/cmake/custom_action_interfacesConfig.cmake
[13.221s] -- Up-to-date: /home/hsun/ros2_ws/install/custom_action_interfaces/share/custom_action_interfaces/cmake/custom_action_interfacesConfig-version.cmake
[13.222s] -- Up-to-date: /home/hsun/ros2_ws/install/custom_action_interfaces/share/custom_action_interfaces/package.xml
[13.223s] Invoked command in '/home/hsun/ros2_ws/build/custom_action_interfaces' returned '0': /usr/bin/cmake --install /home/hsun/ros2_ws/build/custom_action_interfaces
