[0.181s] Invoking command in '/home/hsun/ros2_ws/build/polygon_base': /usr/bin/cmake --build /home/hsun/ros2_ws/build/polygon_base -- -j4 -l4
[0.707s] [100%] Built target area_node
[0.825s] Invoked command in '/home/hsun/ros2_ws/build/polygon_base' returned '0': /usr/bin/cmake --build /home/hsun/ros2_ws/build/polygon_base -- -j4 -l4
[1.362s] Invoking command in '/home/hsun/ros2_ws/build/polygon_base': /usr/bin/cmake --install /home/hsun/ros2_ws/build/polygon_base
[1.502s] -- Install configuration: ""
[1.504s] -- Up-to-date: /home/hsun/ros2_ws/install/polygon_base/include
[1.506s] -- Up-to-date: /home/hsun/ros2_ws/install/polygon_base/include/polygon_base
[1.518s] -- Up-to-date: /home/hsun/ros2_ws/install/polygon_base/include/polygon_base/regular_polygon.hpp
[1.526s] -- Up-to-date: /home/hsun/ros2_ws/install/polygon_base/lib/polygon_base/area_node
[1.530s] -- Up-to-date: /home/hsun/ros2_ws/install/polygon_base/share/ament_index/resource_index/package_run_dependencies/polygon_base
[1.547s] -- Up-to-date: /home/hsun/ros2_ws/install/polygon_base/share/ament_index/resource_index/parent_prefix_path/polygon_base
[1.549s] -- Up-to-date: /home/hsun/ros2_ws/install/polygon_base/share/polygon_base/environment/ament_prefix_path.sh
[1.549s] -- Up-to-date: /home/hsun/ros2_ws/install/polygon_base/share/polygon_base/environment/ament_prefix_path.dsv
[1.550s] -- Up-to-date: /home/hsun/ros2_ws/install/polygon_base/share/polygon_base/environment/path.sh
[1.551s] -- Up-to-date: /home/hsun/ros2_ws/install/polygon_base/share/polygon_base/environment/path.dsv
[1.551s] -- Up-to-date: /home/hsun/ros2_ws/install/polygon_base/share/polygon_base/local_setup.bash
[1.562s] -- Up-to-date: /home/hsun/ros2_ws/install/polygon_base/share/polygon_base/local_setup.sh
[1.563s] -- Up-to-date: /home/hsun/ros2_ws/install/polygon_base/share/polygon_base/local_setup.zsh
[1.563s] -- Up-to-date: /home/hsun/ros2_ws/install/polygon_base/share/polygon_base/local_setup.dsv
[1.564s] -- Installing: /home/hsun/ros2_ws/install/polygon_base/share/polygon_base/package.dsv
[1.593s] -- Up-to-date: /home/hsun/ros2_ws/install/polygon_base/share/ament_index/resource_index/packages/polygon_base
[1.594s] -- Up-to-date: /home/hsun/ros2_ws/install/polygon_base/share/polygon_base/cmake/ament_cmake_export_include_directories-extras.cmake
[1.601s] -- Up-to-date: /home/hsun/ros2_ws/install/polygon_base/share/polygon_base/cmake/polygon_baseConfig.cmake
[1.601s] -- Up-to-date: /home/hsun/ros2_ws/install/polygon_base/share/polygon_base/cmake/polygon_baseConfig-version.cmake
[1.602s] -- Up-to-date: /home/hsun/ros2_ws/install/polygon_base/share/polygon_base/package.xml
[1.682s] Invoked command in '/home/hsun/ros2_ws/build/polygon_base' returned '0': /usr/bin/cmake --install /home/hsun/ros2_ws/build/polygon_base
