[0.776s] Invoking command in '/home/hsun/ros2_ws/build/cpp_parameters': CMAKE_PREFIX_PATH=${CMAKE_PREFIX_PATH}:/opt/ros/iron:/home/hsun/ros2_ws/install/python_parameters:/home/hsun/ros2_ws/install/py_srvcli:/home/hsun/ros2_ws/install/py_pubsub:/home/hsun/ros2_ws/install/py_launch_example /usr/bin/cmake --build /home/hsun/ros2_ws/build/cpp_parameters -- -j4 -l4
[1.747s] [100%] Built target minimal_param_node
[5.153s] Invoked command in '/home/hsun/ros2_ws/build/cpp_parameters' returned '0': CMAKE_PREFIX_PATH=${CMAKE_PREFIX_PATH}:/opt/ros/iron:/home/hsun/ros2_ws/install/python_parameters:/home/hsun/ros2_ws/install/py_srvcli:/home/hsun/ros2_ws/install/py_pubsub:/home/hsun/ros2_ws/install/py_launch_example /usr/bin/cmake --build /home/hsun/ros2_ws/build/cpp_parameters -- -j4 -l4
[5.639s] Invoking command in '/home/hsun/ros2_ws/build/cpp_parameters': CMAKE_PREFIX_PATH=${CMAKE_PREFIX_PATH}:/opt/ros/iron:/home/hsun/ros2_ws/install/python_parameters:/home/hsun/ros2_ws/install/py_srvcli:/home/hsun/ros2_ws/install/py_pubsub:/home/hsun/ros2_ws/install/py_launch_example /usr/bin/cmake --install /home/hsun/ros2_ws/build/cpp_parameters
[5.798s] -- Install configuration: ""
[5.804s] -- Up-to-date: /home/hsun/ros2_ws/install/cpp_parameters/lib/cpp_parameters/minimal_param_node
[5.808s] -- Up-to-date: /home/hsun/ros2_ws/install/cpp_parameters/share/cpp_parameters/launch
[5.814s] -- Up-to-date: /home/hsun/ros2_ws/install/cpp_parameters/share/cpp_parameters/launch/cpp_parameters_launch.py
[5.816s] -- Up-to-date: /home/hsun/ros2_ws/install/cpp_parameters/share/ament_index/resource_index/package_run_dependencies/cpp_parameters
[5.818s] -- Up-to-date: /home/hsun/ros2_ws/install/cpp_parameters/share/ament_index/resource_index/parent_prefix_path/cpp_parameters
[5.830s] -- Up-to-date: /home/hsun/ros2_ws/install/cpp_parameters/share/cpp_parameters/environment/ament_prefix_path.sh
[5.831s] -- Up-to-date: /home/hsun/ros2_ws/install/cpp_parameters/share/cpp_parameters/environment/ament_prefix_path.dsv
[5.838s] -- Up-to-date: /home/hsun/ros2_ws/install/cpp_parameters/share/cpp_parameters/environment/path.sh
[5.842s] -- Up-to-date: /home/hsun/ros2_ws/install/cpp_parameters/share/cpp_parameters/environment/path.dsv
[5.843s] -- Up-to-date: /home/hsun/ros2_ws/install/cpp_parameters/share/cpp_parameters/local_setup.bash
[5.844s] -- Up-to-date: /home/hsun/ros2_ws/install/cpp_parameters/share/cpp_parameters/local_setup.sh
[5.845s] -- Up-to-date: /home/hsun/ros2_ws/install/cpp_parameters/share/cpp_parameters/local_setup.zsh
[5.846s] -- Up-to-date: /home/hsun/ros2_ws/install/cpp_parameters/share/cpp_parameters/local_setup.dsv
[5.847s] -- Installing: /home/hsun/ros2_ws/install/cpp_parameters/share/cpp_parameters/package.dsv
[5.851s] -- Up-to-date: /home/hsun/ros2_ws/install/cpp_parameters/share/ament_index/resource_index/packages/cpp_parameters
[5.864s] -- Up-to-date: /home/hsun/ros2_ws/install/cpp_parameters/share/cpp_parameters/cmake/cpp_parametersConfig.cmake
[5.873s] -- Up-to-date: /home/hsun/ros2_ws/install/cpp_parameters/share/cpp_parameters/cmake/cpp_parametersConfig-version.cmake
[5.882s] -- Up-to-date: /home/hsun/ros2_ws/install/cpp_parameters/share/cpp_parameters/package.xml
[5.889s] Invoked command in '/home/hsun/ros2_ws/build/cpp_parameters' returned '0': CMAKE_PREFIX_PATH=${CMAKE_PREFIX_PATH}:/opt/ros/iron:/home/hsun/ros2_ws/install/python_parameters:/home/hsun/ros2_ws/install/py_srvcli:/home/hsun/ros2_ws/install/py_pubsub:/home/hsun/ros2_ws/install/py_launch_example /usr/bin/cmake --install /home/hsun/ros2_ws/build/cpp_parameters
