[0.260s] Invoking command in '/home/hsun/ros2_ws/build/cpp_parameters': CMAKE_PREFIX_PATH=${CMAKE_PREFIX_PATH}:/home/hsun/ros2_ws/install/python_parameters:/home/hsun/ros2_ws/install/py_srvcli:/home/hsun/ros2_ws/install/py_pubsub:/opt/ros/iron /usr/bin/cmake --build /home/hsun/ros2_ws/build/cpp_parameters -- -j4 -l4
[1.103s] [100%] Built target minimal_param_node
[1.201s] Invoked command in '/home/hsun/ros2_ws/build/cpp_parameters' returned '0': CMAKE_PREFIX_PATH=${CMAKE_PREFIX_PATH}:/home/hsun/ros2_ws/install/python_parameters:/home/hsun/ros2_ws/install/py_srvcli:/home/hsun/ros2_ws/install/py_pubsub:/opt/ros/iron /usr/bin/cmake --build /home/hsun/ros2_ws/build/cpp_parameters -- -j4 -l4
[1.733s] Invoking command in '/home/hsun/ros2_ws/build/cpp_parameters': CMAKE_PREFIX_PATH=${CMAKE_PREFIX_PATH}:/home/hsun/ros2_ws/install/python_parameters:/home/hsun/ros2_ws/install/py_srvcli:/home/hsun/ros2_ws/install/py_pubsub:/opt/ros/iron /usr/bin/cmake --install /home/hsun/ros2_ws/build/cpp_parameters
[1.927s] -- Install configuration: ""
[1.952s] -- Up-to-date: /home/hsun/ros2_ws/install/cpp_parameters/lib/cpp_parameters/minimal_param_node
[1.955s] -- Up-to-date: /home/hsun/ros2_ws/install/cpp_parameters/share/cpp_parameters/launch
[1.957s] -- Up-to-date: /home/hsun/ros2_ws/install/cpp_parameters/share/cpp_parameters/launch/cpp_parameters_launch.py
[1.958s] -- Up-to-date: /home/hsun/ros2_ws/install/cpp_parameters/share/ament_index/resource_index/package_run_dependencies/cpp_parameters
[1.959s] -- Up-to-date: /home/hsun/ros2_ws/install/cpp_parameters/share/ament_index/resource_index/parent_prefix_path/cpp_parameters
[1.985s] -- Up-to-date: /home/hsun/ros2_ws/install/cpp_parameters/share/cpp_parameters/environment/ament_prefix_path.sh
[1.986s] -- Up-to-date: /home/hsun/ros2_ws/install/cpp_parameters/share/cpp_parameters/environment/ament_prefix_path.dsv
[2.023s] -- Up-to-date: /home/hsun/ros2_ws/install/cpp_parameters/share/cpp_parameters/environment/path.sh
[2.147s] -- Up-to-date: /home/hsun/ros2_ws/install/cpp_parameters/share/cpp_parameters/environment/path.dsv
[2.149s] -- Up-to-date: /home/hsun/ros2_ws/install/cpp_parameters/share/cpp_parameters/local_setup.bash
[2.149s] -- Up-to-date: /home/hsun/ros2_ws/install/cpp_parameters/share/cpp_parameters/local_setup.sh
[2.150s] -- Up-to-date: /home/hsun/ros2_ws/install/cpp_parameters/share/cpp_parameters/local_setup.zsh
[2.159s] -- Up-to-date: /home/hsun/ros2_ws/install/cpp_parameters/share/cpp_parameters/local_setup.dsv
[2.160s] -- Installing: /home/hsun/ros2_ws/install/cpp_parameters/share/cpp_parameters/package.dsv
[2.161s] -- Up-to-date: /home/hsun/ros2_ws/install/cpp_parameters/share/ament_index/resource_index/packages/cpp_parameters
[2.161s] -- Up-to-date: /home/hsun/ros2_ws/install/cpp_parameters/share/cpp_parameters/cmake/cpp_parametersConfig.cmake
[2.162s] -- Up-to-date: /home/hsun/ros2_ws/install/cpp_parameters/share/cpp_parameters/cmake/cpp_parametersConfig-version.cmake
[2.182s] -- Up-to-date: /home/hsun/ros2_ws/install/cpp_parameters/share/cpp_parameters/package.xml
[2.184s] Invoked command in '/home/hsun/ros2_ws/build/cpp_parameters' returned '0': CMAKE_PREFIX_PATH=${CMAKE_PREFIX_PATH}:/home/hsun/ros2_ws/install/python_parameters:/home/hsun/ros2_ws/install/py_srvcli:/home/hsun/ros2_ws/install/py_pubsub:/opt/ros/iron /usr/bin/cmake --install /home/hsun/ros2_ws/build/cpp_parameters
