[17.903s] Invoking command in '/home/hsun/ros2_ws/src/py_launch_example': PYTHONPATH=/home/hsun/ros2_ws/build/py_launch_example/prefix_override:/home/hsun/ros2_ws/install/py_launch_example/lib/python3.10/site-packages:${PYTHONPATH} /usr/bin/python3 setup.py egg_info --egg-base ../../build/py_launch_example build --build-base /home/hsun/ros2_ws/build/py_launch_example/build install --record /home/hsun/ros2_ws/build/py_launch_example/install.log --single-version-externally-managed
[23.713s] running egg_info
[23.727s] writing ../../build/py_launch_example/py_launch_example.egg-info/PKG-INFO
[23.737s] writing dependency_links to ../../build/py_launch_example/py_launch_example.egg-info/dependency_links.txt
[23.745s] writing entry points to ../../build/py_launch_example/py_launch_example.egg-info/entry_points.txt
[23.755s] writing requirements to ../../build/py_launch_example/py_launch_example.egg-info/requires.txt
[23.758s] writing top-level names to ../../build/py_launch_example/py_launch_example.egg-info/top_level.txt
[23.795s] reading manifest file '../../build/py_launch_example/py_launch_example.egg-info/SOURCES.txt'
[23.799s] writing manifest file '../../build/py_launch_example/py_launch_example.egg-info/SOURCES.txt'
[23.804s] running build
[23.805s] running build_py
[23.815s] running install
[23.820s] /usr/lib/python3/dist-packages/setuptools/command/install.py:34: SetuptoolsDeprecationWarning: setup.py install is deprecated. Use build and pip and other standards-based tools.
[23.821s]   warnings.warn(
[23.834s] running install_lib
[23.850s] running install_data
[23.873s] running install_egg_info
[23.906s] removing '/home/hsun/ros2_ws/install/py_launch_example/lib/python3.10/site-packages/py_launch_example-0.0.0-py3.10.egg-info' (and everything under it)
[23.912s] Copying ../../build/py_launch_example/py_launch_example.egg-info to /home/hsun/ros2_ws/install/py_launch_example/lib/python3.10/site-packages/py_launch_example-0.0.0-py3.10.egg-info
[23.922s] running install_scripts
[24.188s] writing list of installed files to '/home/hsun/ros2_ws/build/py_launch_example/install.log'
[26.472s] Invoked command in '/home/hsun/ros2_ws/src/py_launch_example' returned '0': PYTHONPATH=/home/hsun/ros2_ws/build/py_launch_example/prefix_override:/home/hsun/ros2_ws/install/py_launch_example/lib/python3.10/site-packages:${PYTHONPATH} /usr/bin/python3 setup.py egg_info --egg-base ../../build/py_launch_example build --build-base /home/hsun/ros2_ws/build/py_launch_example/build install --record /home/hsun/ros2_ws/build/py_launch_example/install.log --single-version-externally-managed
