[10.620s] Invoking command in '/home/hsun/ros2_ws/src/py_srvcli': PYTHONPATH=/home/hsun/ros2_ws/build/py_srvcli/prefix_override:/home/hsun/ros2_ws/install/py_srvcli/lib/python3.10/site-packages:${PYTHONPATH} /usr/bin/python3 setup.py egg_info --egg-base ../../build/py_srvcli build --build-base /home/hsun/ros2_ws/build/py_srvcli/build install --record /home/hsun/ros2_ws/build/py_srvcli/install.log --single-version-externally-managed
[15.388s] running egg_info
[15.399s] writing ../../build/py_srvcli/py_srvcli.egg-info/PKG-INFO
[15.408s] writing dependency_links to ../../build/py_srvcli/py_srvcli.egg-info/dependency_links.txt
[15.410s] writing entry points to ../../build/py_srvcli/py_srvcli.egg-info/entry_points.txt
[15.412s] writing requirements to ../../build/py_srvcli/py_srvcli.egg-info/requires.txt
[15.424s] writing top-level names to ../../build/py_srvcli/py_srvcli.egg-info/top_level.txt
[15.475s] reading manifest file '../../build/py_srvcli/py_srvcli.egg-info/SOURCES.txt'
[15.476s] writing manifest file '../../build/py_srvcli/py_srvcli.egg-info/SOURCES.txt'
[15.492s] running build
[15.493s] running build_py
[15.494s] /usr/lib/python3/dist-packages/setuptools/command/install.py:34: SetuptoolsDeprecationWarning: setup.py install is deprecated. Use build and pip and other standards-based tools.
[15.495s]   warnings.warn(
[15.495s] running install
[15.496s] running install_lib
[15.534s] running install_data
[15.539s] running install_egg_info
[15.561s] removing '/home/hsun/ros2_ws/install/py_srvcli/lib/python3.10/site-packages/py_srvcli-0.0.0-py3.10.egg-info' (and everything under it)
[15.563s] Copying ../../build/py_srvcli/py_srvcli.egg-info to /home/hsun/ros2_ws/install/py_srvcli/lib/python3.10/site-packages/py_srvcli-0.0.0-py3.10.egg-info
[15.623s] running install_scripts
[16.059s] Installing client script to /home/hsun/ros2_ws/install/py_srvcli/lib/py_srvcli
[16.071s] Installing service script to /home/hsun/ros2_ws/install/py_srvcli/lib/py_srvcli
[16.078s] writing list of installed files to '/home/hsun/ros2_ws/build/py_srvcli/install.log'
[16.627s] Invoked command in '/home/hsun/ros2_ws/src/py_srvcli' returned '0': PYTHONPATH=/home/hsun/ros2_ws/build/py_srvcli/prefix_override:/home/hsun/ros2_ws/install/py_srvcli/lib/python3.10/site-packages:${PYTHONPATH} /usr/bin/python3 setup.py egg_info --egg-base ../../build/py_srvcli build --build-base /home/hsun/ros2_ws/build/py_srvcli/build install --record /home/hsun/ros2_ws/build/py_srvcli/install.log --single-version-externally-managed
