[10.141s] Invoking command in '/home/hsun/ros2_ws/src/py_launch_example': PYTHONPATH=/home/hsun/ros2_ws/build/py_launch_example/prefix_override:/home/hsun/ros2_ws/install/py_launch_example/lib/python3.10/site-packages: /usr/bin/python3 setup.py egg_info --egg-base ../../build/py_launch_example build --build-base /home/hsun/ros2_ws/build/py_launch_example/build install --record /home/hsun/ros2_ws/build/py_launch_example/install.log --single-version-externally-managed
[12.876s] running egg_info
[12.881s] creating ../../build/py_launch_example/py_launch_example.egg-info
[12.891s] writing ../../build/py_launch_example/py_launch_example.egg-info/PKG-INFO
[12.903s] writing dependency_links to ../../build/py_launch_example/py_launch_example.egg-info/dependency_links.txt
[12.914s] writing entry points to ../../build/py_launch_example/py_launch_example.egg-info/entry_points.txt
[12.916s] writing requirements to ../../build/py_launch_example/py_launch_example.egg-info/requires.txt
[12.923s] writing top-level names to ../../build/py_launch_example/py_launch_example.egg-info/top_level.txt
[12.927s] writing manifest file '../../build/py_launch_example/py_launch_example.egg-info/SOURCES.txt'
[12.971s] reading manifest file '../../build/py_launch_example/py_launch_example.egg-info/SOURCES.txt'
[12.989s] writing manifest file '../../build/py_launch_example/py_launch_example.egg-info/SOURCES.txt'
[12.998s] running build
[13.000s] running build_py
[13.011s] creating /home/hsun/ros2_ws/build/py_launch_example/build
[13.020s] creating /home/hsun/ros2_ws/build/py_launch_example/build/lib
[13.021s] creating /home/hsun/ros2_ws/build/py_launch_example/build/lib/py_launch_example
[13.035s] copying py_launch_example/__init__.py -> /home/hsun/ros2_ws/build/py_launch_example/build/lib/py_launch_example
[13.037s] running install
[13.045s] /usr/lib/python3/dist-packages/setuptools/command/install.py:34: SetuptoolsDeprecationWarning: setup.py install is deprecated. Use build and pip and other standards-based tools.
[13.046s]   warnings.warn(
[13.058s] running install_lib
[13.069s] creating /home/hsun/ros2_ws/install/py_launch_example/lib/python3.10/site-packages/py_launch_example
[13.073s] copying /home/hsun/ros2_ws/build/py_launch_example/build/lib/py_launch_example/__init__.py -> /home/hsun/ros2_ws/install/py_launch_example/lib/python3.10/site-packages/py_launch_example
[13.088s] byte-compiling /home/hsun/ros2_ws/install/py_launch_example/lib/python3.10/site-packages/py_launch_example/__init__.py to __init__.cpython-310.pyc
[13.099s] running install_data
[13.108s] creating /home/hsun/ros2_ws/install/py_launch_example/share/ament_index
[13.113s] creating /home/hsun/ros2_ws/install/py_launch_example/share/ament_index/resource_index
[13.125s] creating /home/hsun/ros2_ws/install/py_launch_example/share/ament_index/resource_index/packages
[13.127s] copying resource/py_launch_example -> /home/hsun/ros2_ws/install/py_launch_example/share/ament_index/resource_index/packages
[13.128s] copying package.xml -> /home/hsun/ros2_ws/install/py_launch_example/share/py_launch_example
[13.136s] running install_egg_info
[13.160s] Copying ../../build/py_launch_example/py_launch_example.egg-info to /home/hsun/ros2_ws/install/py_launch_example/lib/python3.10/site-packages/py_launch_example-0.0.0-py3.10.egg-info
[13.202s] running install_scripts
[13.552s] writing list of installed files to '/home/hsun/ros2_ws/build/py_launch_example/install.log'
[14.406s] Invoked command in '/home/hsun/ros2_ws/src/py_launch_example' returned '0': PYTHONPATH=/home/hsun/ros2_ws/build/py_launch_example/prefix_override:/home/hsun/ros2_ws/install/py_launch_example/lib/python3.10/site-packages: /usr/bin/python3 setup.py egg_info --egg-base ../../build/py_launch_example build --build-base /home/hsun/ros2_ws/build/py_launch_example/build install --record /home/hsun/ros2_ws/build/py_launch_example/install.log --single-version-externally-managed
