[0.099s] Invoking command in '/home/hsun/ros2_ws/build/my_package': CMAKE_PREFIX_PATH=${CMAKE_PREFIX_PATH}:/home/hsun/ros2_ws/install/learning_tf2_py:/home/hsun/ros2_ws/install/python_parameters:/home/hsun/ros2_ws/install/py_srvcli:/home/hsun/ros2_ws/install/py_pubsub:/home/hsun/ros2_ws/install/py_launch_example:/home/hsun/ros2_ws/install/launch_tutorial:/opt/ros/iron /usr/bin/cmake --build /home/hsun/ros2_ws/build/my_package -- -j4 -l4
[0.290s] -- Found ament_cmake: 2.0.3 (/opt/ros/iron/share/ament_cmake/cmake)
[1.869s] -- Found ament_lint_auto: 0.14.1 (/opt/ros/iron/share/ament_lint_auto/cmake)
[2.484s] -- Added test 'cppcheck' to perform static code analysis on C / C++ code
[2.496s] -- Configured cppcheck include dirs: $<BUILD_INTERFACE:/home/hsun/ros2_ws/src/my_package/include>
[2.496s] -- Configured cppcheck exclude dirs and/or files: 
[2.518s] -- Added test 'lint_cmake' to check CMake code style
[2.519s] -- Added test 'uncrustify' to check C / C++ code style
[2.520s] -- Configured uncrustify additional arguments: 
[2.521s] -- Added test 'xmllint' to check XML markup files
[2.528s] -- Configuring done
[2.582s] -- Generating done
[2.583s] -- Build files have been written to: /home/hsun/ros2_ws/build/my_package
[2.719s] [35m[1mConsolidate compiler generated dependencies of target my_node[0m
[2.811s] [ 50%] [32mBuilding CXX object CMakeFiles/my_node.dir/src/my_node.cpp.o[0m
[3.035s] [100%] [32m[1mLinking CXX executable my_node[0m
[3.385s] [100%] Built target my_node
[4.961s] Invoked command in '/home/hsun/ros2_ws/build/my_package' returned '0': CMAKE_PREFIX_PATH=${CMAKE_PREFIX_PATH}:/home/hsun/ros2_ws/install/learning_tf2_py:/home/hsun/ros2_ws/install/python_parameters:/home/hsun/ros2_ws/install/py_srvcli:/home/hsun/ros2_ws/install/py_pubsub:/home/hsun/ros2_ws/install/py_launch_example:/home/hsun/ros2_ws/install/launch_tutorial:/opt/ros/iron /usr/bin/cmake --build /home/hsun/ros2_ws/build/my_package -- -j4 -l4
[5.199s] Invoking command in '/home/hsun/ros2_ws/build/my_package': CMAKE_PREFIX_PATH=${CMAKE_PREFIX_PATH}:/home/hsun/ros2_ws/install/learning_tf2_py:/home/hsun/ros2_ws/install/python_parameters:/home/hsun/ros2_ws/install/py_srvcli:/home/hsun/ros2_ws/install/py_pubsub:/home/hsun/ros2_ws/install/py_launch_example:/home/hsun/ros2_ws/install/launch_tutorial:/opt/ros/iron /usr/bin/cmake --install /home/hsun/ros2_ws/build/my_package
[5.255s] -- Install configuration: ""
[5.257s] -- Installing: /home/hsun/ros2_ws/install/my_package/lib/my_package/my_node
[5.261s] -- Installing: /home/hsun/ros2_ws/install/my_package/share/ament_index/resource_index/package_run_dependencies/my_package
[5.264s] -- Installing: /home/hsun/ros2_ws/install/my_package/share/ament_index/resource_index/parent_prefix_path/my_package
[5.267s] -- Installing: /home/hsun/ros2_ws/install/my_package/share/my_package/environment/ament_prefix_path.sh
[5.269s] -- Installing: /home/hsun/ros2_ws/install/my_package/share/my_package/environment/ament_prefix_path.dsv
[5.274s] -- Installing: /home/hsun/ros2_ws/install/my_package/share/my_package/environment/path.sh
[5.277s] -- Installing: /home/hsun/ros2_ws/install/my_package/share/my_package/environment/path.dsv
[5.280s] -- Installing: /home/hsun/ros2_ws/install/my_package/share/my_package/local_setup.bash
[5.283s] -- Installing: /home/hsun/ros2_ws/install/my_package/share/my_package/local_setup.sh
[5.286s] -- Installing: /home/hsun/ros2_ws/install/my_package/share/my_package/local_setup.zsh
[5.288s] -- Installing: /home/hsun/ros2_ws/install/my_package/share/my_package/local_setup.dsv
[5.291s] -- Installing: /home/hsun/ros2_ws/install/my_package/share/my_package/package.dsv
[5.296s] -- Installing: /home/hsun/ros2_ws/install/my_package/share/ament_index/resource_index/packages/my_package
[5.299s] -- Installing: /home/hsun/ros2_ws/install/my_package/share/my_package/cmake/my_packageConfig.cmake
[5.302s] -- Installing: /home/hsun/ros2_ws/install/my_package/share/my_package/cmake/my_packageConfig-version.cmake
[5.304s] -- Up-to-date: /home/hsun/ros2_ws/install/my_package/share/my_package/package.xml
[5.328s] Invoked command in '/home/hsun/ros2_ws/build/my_package' returned '0': CMAKE_PREFIX_PATH=${CMAKE_PREFIX_PATH}:/home/hsun/ros2_ws/install/learning_tf2_py:/home/hsun/ros2_ws/install/python_parameters:/home/hsun/ros2_ws/install/py_srvcli:/home/hsun/ros2_ws/install/py_pubsub:/home/hsun/ros2_ws/install/py_launch_example:/home/hsun/ros2_ws/install/launch_tutorial:/opt/ros/iron /usr/bin/cmake --install /home/hsun/ros2_ws/build/my_package
