[2.676s] DEBUG:colcon:Command line arguments: ['/usr/bin/colcon', 'build', '--packages-select', 'polygon_base', 'polygon_plugins']
[2.676s] DEBUG:colcon:Parsed command line arguments: Namespace(log_base=None, log_level=None, verb_name='build', build_base='build', install_base='install', merge_install=False, symlink_install=False, test_result_base=None, continue_on_error=False, executor='parallel', parallel_workers=4, event_handlers=None, ignore_user_meta=False, metas=['./colcon.meta'], base_paths=['.'], packages_ignore=None, packages_ignore_regex=None, paths=None, packages_up_to=None, packages_up_to_regex=None, packages_above=None, packages_above_and_dependencies=None, packages_above_depth=None, packages_select_by_dep=None, packages_skip_by_dep=None, packages_skip_up_to=None, packages_select_build_failed=False, packages_skip_build_finished=False, packages_select_test_failures=False, packages_skip_test_passed=False, packages_select=['polygon_base', 'polygon_plugins'], packages_skip=None, packages_select_regex=None, packages_skip_regex=None, packages_start=None, packages_end=None, allow_overriding=[], cmake_args=None, cmake_target=None, cmake_target_skip_unavailable=False, cmake_clean_cache=False, cmake_clean_first=False, cmake_force_configure=False, ament_cmake_args=None, catkin_cmake_args=None, catkin_skip_building_tests=False, verb_parser=<colcon_defaults.argument_parser.defaults.DefaultArgumentsDecorator object at 0xffff90fd0df0>, verb_extension=<colcon_core.verb.build.BuildVerb object at 0xffff917b0400>, main=<bound method BuildVerb.main of <colcon_core.verb.build.BuildVerb object at 0xffff917b0400>>)
[3.019s] Level 1:colcon.colcon_core.package_discovery:discover_packages(colcon_meta) check parameters
[3.021s] Level 1:colcon.colcon_core.package_discovery:discover_packages(recursive) check parameters
[3.022s] Level 1:colcon.colcon_core.package_discovery:discover_packages(ignore) check parameters
[3.022s] Level 1:colcon.colcon_core.package_discovery:discover_packages(path) check parameters
[3.022s] Level 1:colcon.colcon_core.package_discovery:discover_packages(colcon_meta) discover
[3.023s] Level 1:colcon.colcon_core.package_discovery:discover_packages(recursive) discover
[3.024s] INFO:colcon.colcon_core.package_discovery:Crawling recursively for packages in '/home/hsun/ros2_ws'
[3.026s] Level 1:colcon.colcon_core.package_identification:_identify(.) by extensions ['ignore', 'ignore_ament_install']
[3.028s] Level 1:colcon.colcon_core.package_identification:_identify(.) by extension 'ignore'
[3.029s] Level 1:colcon.colcon_core.package_identification:_identify(.) by extension 'ignore_ament_install'
[3.031s] Level 1:colcon.colcon_core.package_identification:_identify(.) by extensions ['colcon_pkg']
[3.032s] Level 1:colcon.colcon_core.package_identification:_identify(.) by extension 'colcon_pkg'
[3.034s] Level 1:colcon.colcon_core.package_identification:_identify(.) by extensions ['colcon_meta']
[3.035s] Level 1:colcon.colcon_core.package_identification:_identify(.) by extension 'colcon_meta'
[3.036s] Level 1:colcon.colcon_core.package_identification:_identify(.) by extensions ['ros']
[3.037s] Level 1:colcon.colcon_core.package_identification:_identify(.) by extension 'ros'
[3.196s] Level 1:colcon.colcon_core.package_identification:_identify(.) by extensions ['cmake', 'python']
[3.198s] Level 1:colcon.colcon_core.package_identification:_identify(.) by extension 'cmake'
[3.200s] Level 1:colcon.colcon_core.package_identification:_identify(.) by extension 'python'
[3.201s] Level 1:colcon.colcon_core.package_identification:_identify(.) by extensions ['python_setup_py']
[3.203s] Level 1:colcon.colcon_core.package_identification:_identify(.) by extension 'python_setup_py'
[3.206s] Level 1:colcon.colcon_core.package_identification:_identify(build) by extensions ['ignore', 'ignore_ament_install']
[3.208s] Level 1:colcon.colcon_core.package_identification:_identify(build) by extension 'ignore'
[3.208s] Level 1:colcon.colcon_core.package_identification:_identify(build) ignored
[3.211s] Level 1:colcon.colcon_core.package_identification:_identify(install) by extensions ['ignore', 'ignore_ament_install']
[3.213s] Level 1:colcon.colcon_core.package_identification:_identify(install) by extension 'ignore'
[3.214s] Level 1:colcon.colcon_core.package_identification:_identify(install) ignored
[3.217s] Level 1:colcon.colcon_core.package_identification:_identify(log) by extensions ['ignore', 'ignore_ament_install']
[3.219s] Level 1:colcon.colcon_core.package_identification:_identify(log) by extension 'ignore'
[3.220s] Level 1:colcon.colcon_core.package_identification:_identify(log) ignored
[3.221s] Level 1:colcon.colcon_core.package_identification:_identify(src) by extensions ['ignore', 'ignore_ament_install']
[3.222s] Level 1:colcon.colcon_core.package_identification:_identify(src) by extension 'ignore'
[3.223s] Level 1:colcon.colcon_core.package_identification:_identify(src) by extension 'ignore_ament_install'
[3.224s] Level 1:colcon.colcon_core.package_identification:_identify(src) by extensions ['colcon_pkg']
[3.224s] Level 1:colcon.colcon_core.package_identification:_identify(src) by extension 'colcon_pkg'
[3.225s] Level 1:colcon.colcon_core.package_identification:_identify(src) by extensions ['colcon_meta']
[3.225s] Level 1:colcon.colcon_core.package_identification:_identify(src) by extension 'colcon_meta'
[3.226s] Level 1:colcon.colcon_core.package_identification:_identify(src) by extensions ['ros']
[3.226s] Level 1:colcon.colcon_core.package_identification:_identify(src) by extension 'ros'
[3.227s] Level 1:colcon.colcon_core.package_identification:_identify(src) by extensions ['cmake', 'python']
[3.228s] Level 1:colcon.colcon_core.package_identification:_identify(src) by extension 'cmake'
[3.228s] Level 1:colcon.colcon_core.package_identification:_identify(src) by extension 'python'
[3.229s] Level 1:colcon.colcon_core.package_identification:_identify(src) by extensions ['python_setup_py']
[3.229s] Level 1:colcon.colcon_core.package_identification:_identify(src) by extension 'python_setup_py'
[3.231s] Level 1:colcon.colcon_core.package_identification:_identify(src/cpp_parameters) by extensions ['ignore', 'ignore_ament_install']
[3.232s] Level 1:colcon.colcon_core.package_identification:_identify(src/cpp_parameters) by extension 'ignore'
[3.233s] Level 1:colcon.colcon_core.package_identification:_identify(src/cpp_parameters) by extension 'ignore_ament_install'
[3.234s] Level 1:colcon.colcon_core.package_identification:_identify(src/cpp_parameters) by extensions ['colcon_pkg']
[3.235s] Level 1:colcon.colcon_core.package_identification:_identify(src/cpp_parameters) by extension 'colcon_pkg'
[3.236s] Level 1:colcon.colcon_core.package_identification:_identify(src/cpp_parameters) by extensions ['colcon_meta']
[3.238s] Level 1:colcon.colcon_core.package_identification:_identify(src/cpp_parameters) by extension 'colcon_meta'
[3.239s] Level 1:colcon.colcon_core.package_identification:_identify(src/cpp_parameters) by extensions ['ros']
[3.240s] Level 1:colcon.colcon_core.package_identification:_identify(src/cpp_parameters) by extension 'ros'
[3.267s] DEBUG:colcon.colcon_core.package_identification:Package 'src/cpp_parameters' with type 'ros.ament_cmake' and name 'cpp_parameters'
[3.270s] Level 1:colcon.colcon_core.package_identification:_identify(src/cpp_pubsub) by extensions ['ignore', 'ignore_ament_install']
[3.272s] Level 1:colcon.colcon_core.package_identification:_identify(src/cpp_pubsub) by extension 'ignore'
[3.273s] Level 1:colcon.colcon_core.package_identification:_identify(src/cpp_pubsub) by extension 'ignore_ament_install'
[3.275s] Level 1:colcon.colcon_core.package_identification:_identify(src/cpp_pubsub) by extensions ['colcon_pkg']
[3.275s] Level 1:colcon.colcon_core.package_identification:_identify(src/cpp_pubsub) by extension 'colcon_pkg'
[3.276s] Level 1:colcon.colcon_core.package_identification:_identify(src/cpp_pubsub) by extensions ['colcon_meta']
[3.277s] Level 1:colcon.colcon_core.package_identification:_identify(src/cpp_pubsub) by extension 'colcon_meta'
[3.279s] Level 1:colcon.colcon_core.package_identification:_identify(src/cpp_pubsub) by extensions ['ros']
[3.280s] Level 1:colcon.colcon_core.package_identification:_identify(src/cpp_pubsub) by extension 'ros'
[3.288s] DEBUG:colcon.colcon_core.package_identification:Package 'src/cpp_pubsub' with type 'ros.ament_cmake' and name 'cpp_pubsub'
[3.289s] Level 1:colcon.colcon_core.package_identification:_identify(src/cpp_srvcli) by extensions ['ignore', 'ignore_ament_install']
[3.290s] Level 1:colcon.colcon_core.package_identification:_identify(src/cpp_srvcli) by extension 'ignore'
[3.291s] Level 1:colcon.colcon_core.package_identification:_identify(src/cpp_srvcli) by extension 'ignore_ament_install'
[3.293s] Level 1:colcon.colcon_core.package_identification:_identify(src/cpp_srvcli) by extensions ['colcon_pkg']
[3.294s] Level 1:colcon.colcon_core.package_identification:_identify(src/cpp_srvcli) by extension 'colcon_pkg'
[3.296s] Level 1:colcon.colcon_core.package_identification:_identify(src/cpp_srvcli) by extensions ['colcon_meta']
[3.296s] Level 1:colcon.colcon_core.package_identification:_identify(src/cpp_srvcli) by extension 'colcon_meta'
[3.297s] Level 1:colcon.colcon_core.package_identification:_identify(src/cpp_srvcli) by extensions ['ros']
[3.298s] Level 1:colcon.colcon_core.package_identification:_identify(src/cpp_srvcli) by extension 'ros'
[3.309s] DEBUG:colcon.colcon_core.package_identification:Package 'src/cpp_srvcli' with type 'ros.ament_cmake' and name 'cpp_srvcli'
[3.312s] Level 1:colcon.colcon_core.package_identification:_identify(src/more_interfaces) by extensions ['ignore', 'ignore_ament_install']
[3.314s] Level 1:colcon.colcon_core.package_identification:_identify(src/more_interfaces) by extension 'ignore'
[3.315s] Level 1:colcon.colcon_core.package_identification:_identify(src/more_interfaces) by extension 'ignore_ament_install'
[3.315s] Level 1:colcon.colcon_core.package_identification:_identify(src/more_interfaces) by extensions ['colcon_pkg']
[3.316s] Level 1:colcon.colcon_core.package_identification:_identify(src/more_interfaces) by extension 'colcon_pkg'
[3.317s] Level 1:colcon.colcon_core.package_identification:_identify(src/more_interfaces) by extensions ['colcon_meta']
[3.318s] Level 1:colcon.colcon_core.package_identification:_identify(src/more_interfaces) by extension 'colcon_meta'
[3.318s] Level 1:colcon.colcon_core.package_identification:_identify(src/more_interfaces) by extensions ['ros']
[3.319s] Level 1:colcon.colcon_core.package_identification:_identify(src/more_interfaces) by extension 'ros'
[3.327s] DEBUG:colcon.colcon_core.package_identification:Package 'src/more_interfaces' with type 'ros.ament_cmake' and name 'more_interfaces'
[3.329s] Level 1:colcon.colcon_core.package_identification:_identify(src/my_package) by extensions ['ignore', 'ignore_ament_install']
[3.331s] Level 1:colcon.colcon_core.package_identification:_identify(src/my_package) by extension 'ignore'
[3.332s] Level 1:colcon.colcon_core.package_identification:_identify(src/my_package) by extension 'ignore_ament_install'
[3.333s] Level 1:colcon.colcon_core.package_identification:_identify(src/my_package) by extensions ['colcon_pkg']
[3.334s] Level 1:colcon.colcon_core.package_identification:_identify(src/my_package) by extension 'colcon_pkg'
[3.335s] Level 1:colcon.colcon_core.package_identification:_identify(src/my_package) by extensions ['colcon_meta']
[3.336s] Level 1:colcon.colcon_core.package_identification:_identify(src/my_package) by extension 'colcon_meta'
[3.337s] Level 1:colcon.colcon_core.package_identification:_identify(src/my_package) by extensions ['ros']
[3.339s] Level 1:colcon.colcon_core.package_identification:_identify(src/my_package) by extension 'ros'
[3.346s] DEBUG:colcon.colcon_core.package_identification:Package 'src/my_package' with type 'ros.ament_cmake' and name 'my_package'
[3.348s] Level 1:colcon.colcon_core.package_identification:_identify(src/polygon_base) by extensions ['ignore', 'ignore_ament_install']
[3.350s] Level 1:colcon.colcon_core.package_identification:_identify(src/polygon_base) by extension 'ignore'
[3.351s] Level 1:colcon.colcon_core.package_identification:_identify(src/polygon_base) by extension 'ignore_ament_install'
[3.352s] Level 1:colcon.colcon_core.package_identification:_identify(src/polygon_base) by extensions ['colcon_pkg']
[3.353s] Level 1:colcon.colcon_core.package_identification:_identify(src/polygon_base) by extension 'colcon_pkg'
[3.355s] Level 1:colcon.colcon_core.package_identification:_identify(src/polygon_base) by extensions ['colcon_meta']
[3.356s] Level 1:colcon.colcon_core.package_identification:_identify(src/polygon_base) by extension 'colcon_meta'
[3.358s] Level 1:colcon.colcon_core.package_identification:_identify(src/polygon_base) by extensions ['ros']
[3.359s] Level 1:colcon.colcon_core.package_identification:_identify(src/polygon_base) by extension 'ros'
[3.367s] DEBUG:colcon.colcon_core.package_identification:Package 'src/polygon_base' with type 'ros.ament_cmake' and name 'polygon_base'
[3.370s] Level 1:colcon.colcon_core.package_identification:_identify(src/polygon_plugins) by extensions ['ignore', 'ignore_ament_install']
[3.371s] Level 1:colcon.colcon_core.package_identification:_identify(src/polygon_plugins) by extension 'ignore'
[3.373s] Level 1:colcon.colcon_core.package_identification:_identify(src/polygon_plugins) by extension 'ignore_ament_install'
[3.374s] Level 1:colcon.colcon_core.package_identification:_identify(src/polygon_plugins) by extensions ['colcon_pkg']
[3.375s] Level 1:colcon.colcon_core.package_identification:_identify(src/polygon_plugins) by extension 'colcon_pkg'
[3.376s] Level 1:colcon.colcon_core.package_identification:_identify(src/polygon_plugins) by extensions ['colcon_meta']
[3.377s] Level 1:colcon.colcon_core.package_identification:_identify(src/polygon_plugins) by extension 'colcon_meta'
[3.378s] Level 1:colcon.colcon_core.package_identification:_identify(src/polygon_plugins) by extensions ['ros']
[3.379s] Level 1:colcon.colcon_core.package_identification:_identify(src/polygon_plugins) by extension 'ros'
[3.386s] DEBUG:colcon.colcon_core.package_identification:Package 'src/polygon_plugins' with type 'ros.ament_cmake' and name 'polygon_plugins'
[3.388s] Level 1:colcon.colcon_core.package_identification:_identify(src/py_pubsub) by extensions ['ignore', 'ignore_ament_install']
[3.391s] Level 1:colcon.colcon_core.package_identification:_identify(src/py_pubsub) by extension 'ignore'
[3.393s] Level 1:colcon.colcon_core.package_identification:_identify(src/py_pubsub) by extension 'ignore_ament_install'
[3.395s] Level 1:colcon.colcon_core.package_identification:_identify(src/py_pubsub) by extensions ['colcon_pkg']
[3.396s] Level 1:colcon.colcon_core.package_identification:_identify(src/py_pubsub) by extension 'colcon_pkg'
[3.397s] Level 1:colcon.colcon_core.package_identification:_identify(src/py_pubsub) by extensions ['colcon_meta']
[3.398s] Level 1:colcon.colcon_core.package_identification:_identify(src/py_pubsub) by extension 'colcon_meta'
[3.399s] Level 1:colcon.colcon_core.package_identification:_identify(src/py_pubsub) by extensions ['ros']
[3.400s] Level 1:colcon.colcon_core.package_identification:_identify(src/py_pubsub) by extension 'ros'
[3.408s] DEBUG:colcon.colcon_core.package_identification:Package 'src/py_pubsub' with type 'ros.ament_python' and name 'py_pubsub'
[3.412s] Level 1:colcon.colcon_core.package_identification:_identify(src/py_srvcli) by extensions ['ignore', 'ignore_ament_install']
[3.414s] Level 1:colcon.colcon_core.package_identification:_identify(src/py_srvcli) by extension 'ignore'
[3.415s] Level 1:colcon.colcon_core.package_identification:_identify(src/py_srvcli) by extension 'ignore_ament_install'
[3.416s] Level 1:colcon.colcon_core.package_identification:_identify(src/py_srvcli) by extensions ['colcon_pkg']
[3.417s] Level 1:colcon.colcon_core.package_identification:_identify(src/py_srvcli) by extension 'colcon_pkg'
[3.419s] Level 1:colcon.colcon_core.package_identification:_identify(src/py_srvcli) by extensions ['colcon_meta']
[3.420s] Level 1:colcon.colcon_core.package_identification:_identify(src/py_srvcli) by extension 'colcon_meta'
[3.422s] Level 1:colcon.colcon_core.package_identification:_identify(src/py_srvcli) by extensions ['ros']
[3.423s] Level 1:colcon.colcon_core.package_identification:_identify(src/py_srvcli) by extension 'ros'
[3.431s] DEBUG:colcon.colcon_core.package_identification:Package 'src/py_srvcli' with type 'ros.ament_python' and name 'py_srvcli'
[3.433s] Level 1:colcon.colcon_core.package_identification:_identify(src/python_parameters) by extensions ['ignore', 'ignore_ament_install']
[3.436s] Level 1:colcon.colcon_core.package_identification:_identify(src/python_parameters) by extension 'ignore'
[3.437s] Level 1:colcon.colcon_core.package_identification:_identify(src/python_parameters) by extension 'ignore_ament_install'
[3.439s] Level 1:colcon.colcon_core.package_identification:_identify(src/python_parameters) by extensions ['colcon_pkg']
[3.440s] Level 1:colcon.colcon_core.package_identification:_identify(src/python_parameters) by extension 'colcon_pkg'
[3.441s] Level 1:colcon.colcon_core.package_identification:_identify(src/python_parameters) by extensions ['colcon_meta']
[3.442s] Level 1:colcon.colcon_core.package_identification:_identify(src/python_parameters) by extension 'colcon_meta'
[3.443s] Level 1:colcon.colcon_core.package_identification:_identify(src/python_parameters) by extensions ['ros']
[3.444s] Level 1:colcon.colcon_core.package_identification:_identify(src/python_parameters) by extension 'ros'
[3.452s] DEBUG:colcon.colcon_core.package_identification:Package 'src/python_parameters' with type 'ros.ament_python' and name 'python_parameters'
[3.455s] Level 1:colcon.colcon_core.package_identification:_identify(src/ros_tutorials) by extensions ['ignore', 'ignore_ament_install']
[3.458s] Level 1:colcon.colcon_core.package_identification:_identify(src/ros_tutorials) by extension 'ignore'
[3.459s] Level 1:colcon.colcon_core.package_identification:_identify(src/ros_tutorials) by extension 'ignore_ament_install'
[3.461s] Level 1:colcon.colcon_core.package_identification:_identify(src/ros_tutorials) by extensions ['colcon_pkg']
[3.462s] Level 1:colcon.colcon_core.package_identification:_identify(src/ros_tutorials) by extension 'colcon_pkg'
[3.463s] Level 1:colcon.colcon_core.package_identification:_identify(src/ros_tutorials) by extensions ['colcon_meta']
[3.464s] Level 1:colcon.colcon_core.package_identification:_identify(src/ros_tutorials) by extension 'colcon_meta'
[3.466s] Level 1:colcon.colcon_core.package_identification:_identify(src/ros_tutorials) by extensions ['ros']
[3.467s] Level 1:colcon.colcon_core.package_identification:_identify(src/ros_tutorials) by extension 'ros'
[3.469s] Level 1:colcon.colcon_core.package_identification:_identify(src/ros_tutorials) by extensions ['cmake', 'python']
[3.469s] Level 1:colcon.colcon_core.package_identification:_identify(src/ros_tutorials) by extension 'cmake'
[3.472s] Level 1:colcon.colcon_core.package_identification:_identify(src/ros_tutorials) by extension 'python'
[3.473s] Level 1:colcon.colcon_core.package_identification:_identify(src/ros_tutorials) by extensions ['python_setup_py']
[3.474s] Level 1:colcon.colcon_core.package_identification:_identify(src/ros_tutorials) by extension 'python_setup_py'
[3.477s] Level 1:colcon.colcon_core.package_identification:_identify(src/ros_tutorials/ros_tutorials) by extensions ['ignore', 'ignore_ament_install']
[3.478s] Level 1:colcon.colcon_core.package_identification:_identify(src/ros_tutorials/ros_tutorials) by extension 'ignore'
[3.480s] Level 1:colcon.colcon_core.package_identification:_identify(src/ros_tutorials/ros_tutorials) ignored
[3.483s] Level 1:colcon.colcon_core.package_identification:_identify(src/ros_tutorials/roscpp_tutorials) by extensions ['ignore', 'ignore_ament_install']
[3.485s] Level 1:colcon.colcon_core.package_identification:_identify(src/ros_tutorials/roscpp_tutorials) by extension 'ignore'
[3.487s] Level 1:colcon.colcon_core.package_identification:_identify(src/ros_tutorials/roscpp_tutorials) ignored
[3.490s] Level 1:colcon.colcon_core.package_identification:_identify(src/ros_tutorials/rospy_tutorials) by extensions ['ignore', 'ignore_ament_install']
[3.492s] Level 1:colcon.colcon_core.package_identification:_identify(src/ros_tutorials/rospy_tutorials) by extension 'ignore'
[3.494s] Level 1:colcon.colcon_core.package_identification:_identify(src/ros_tutorials/rospy_tutorials) ignored
[3.497s] Level 1:colcon.colcon_core.package_identification:_identify(src/ros_tutorials/turtlesim) by extensions ['ignore', 'ignore_ament_install']
[3.499s] Level 1:colcon.colcon_core.package_identification:_identify(src/ros_tutorials/turtlesim) by extension 'ignore'
[3.501s] Level 1:colcon.colcon_core.package_identification:_identify(src/ros_tutorials/turtlesim) by extension 'ignore_ament_install'
[3.502s] Level 1:colcon.colcon_core.package_identification:_identify(src/ros_tutorials/turtlesim) by extensions ['colcon_pkg']
[3.503s] Level 1:colcon.colcon_core.package_identification:_identify(src/ros_tutorials/turtlesim) by extension 'colcon_pkg'
[3.504s] Level 1:colcon.colcon_core.package_identification:_identify(src/ros_tutorials/turtlesim) by extensions ['colcon_meta']
[3.505s] Level 1:colcon.colcon_core.package_identification:_identify(src/ros_tutorials/turtlesim) by extension 'colcon_meta'
[3.506s] Level 1:colcon.colcon_core.package_identification:_identify(src/ros_tutorials/turtlesim) by extensions ['ros']
[3.507s] Level 1:colcon.colcon_core.package_identification:_identify(src/ros_tutorials/turtlesim) by extension 'ros'
[3.520s] DEBUG:colcon.colcon_core.package_identification:Package 'src/ros_tutorials/turtlesim' with type 'ros.ament_cmake' and name 'turtlesim'
[3.523s] Level 1:colcon.colcon_core.package_identification:_identify(src/tutorial_interfaces) by extensions ['ignore', 'ignore_ament_install']
[3.524s] Level 1:colcon.colcon_core.package_identification:_identify(src/tutorial_interfaces) by extension 'ignore'
[3.525s] Level 1:colcon.colcon_core.package_identification:_identify(src/tutorial_interfaces) by extension 'ignore_ament_install'
[3.526s] Level 1:colcon.colcon_core.package_identification:_identify(src/tutorial_interfaces) by extensions ['colcon_pkg']
[3.528s] Level 1:colcon.colcon_core.package_identification:_identify(src/tutorial_interfaces) by extension 'colcon_pkg'
[3.530s] Level 1:colcon.colcon_core.package_identification:_identify(src/tutorial_interfaces) by extensions ['colcon_meta']
[3.531s] Level 1:colcon.colcon_core.package_identification:_identify(src/tutorial_interfaces) by extension 'colcon_meta'
[3.532s] Level 1:colcon.colcon_core.package_identification:_identify(src/tutorial_interfaces) by extensions ['ros']
[3.533s] Level 1:colcon.colcon_core.package_identification:_identify(src/tutorial_interfaces) by extension 'ros'
[3.541s] DEBUG:colcon.colcon_core.package_identification:Package 'src/tutorial_interfaces' with type 'ros.ament_cmake' and name 'tutorial_interfaces'
[3.542s] Level 1:colcon.colcon_core.package_discovery:discover_packages(recursive) using defaults
[3.544s] Level 1:colcon.colcon_core.package_discovery:discover_packages(ignore) discover
[3.545s] Level 1:colcon.colcon_core.package_discovery:discover_packages(ignore) using defaults
[3.547s] Level 1:colcon.colcon_core.package_discovery:discover_packages(path) discover
[3.548s] Level 1:colcon.colcon_core.package_discovery:discover_packages(path) using defaults
[3.851s] INFO:colcon.colcon_core.package_selection:Skipping not selected package 'cpp_parameters' in 'src/cpp_parameters'
[3.853s] INFO:colcon.colcon_core.package_selection:Skipping not selected package 'more_interfaces' in 'src/more_interfaces'
[3.854s] INFO:colcon.colcon_core.package_selection:Skipping not selected package 'my_package' in 'src/my_package'
[3.856s] INFO:colcon.colcon_core.package_selection:Skipping not selected package 'py_pubsub' in 'src/py_pubsub'
[3.858s] INFO:colcon.colcon_core.package_selection:Skipping not selected package 'py_srvcli' in 'src/py_srvcli'
[3.859s] INFO:colcon.colcon_core.package_selection:Skipping not selected package 'python_parameters' in 'src/python_parameters'
[3.859s] INFO:colcon.colcon_core.package_selection:Skipping not selected package 'turtlesim' in 'src/ros_tutorials/turtlesim'
[3.860s] INFO:colcon.colcon_core.package_selection:Skipping not selected package 'tutorial_interfaces' in 'src/tutorial_interfaces'
[3.861s] INFO:colcon.colcon_core.package_selection:Skipping not selected package 'cpp_pubsub' in 'src/cpp_pubsub'
[3.862s] INFO:colcon.colcon_core.package_selection:Skipping not selected package 'cpp_srvcli' in 'src/cpp_srvcli'
[3.874s] Level 1:colcon.colcon_core.package_discovery:discover_packages(prefix_path) check parameters
[3.876s] Level 1:colcon.colcon_core.package_discovery:discover_packages(prefix_path) discover
[3.927s] DEBUG:colcon.colcon_installed_package_information.package_discovery:Found 281 installed packages in /opt/ros/iron
[3.938s] Level 1:colcon.colcon_core.package_discovery:discover_packages(prefix_path) using defaults
[4.869s] Level 5:colcon.colcon_core.verb:set package 'polygon_base' build argument 'cmake_args' from command line to 'None'
[4.870s] Level 5:colcon.colcon_core.verb:set package 'polygon_base' build argument 'cmake_target' from command line to 'None'
[4.870s] Level 5:colcon.colcon_core.verb:set package 'polygon_base' build argument 'cmake_target_skip_unavailable' from command line to 'False'
[4.871s] Level 5:colcon.colcon_core.verb:set package 'polygon_base' build argument 'cmake_clean_cache' from command line to 'False'
[4.872s] Level 5:colcon.colcon_core.verb:set package 'polygon_base' build argument 'cmake_clean_first' from command line to 'False'
[4.874s] Level 5:colcon.colcon_core.verb:set package 'polygon_base' build argument 'cmake_force_configure' from command line to 'False'
[4.875s] Level 5:colcon.colcon_core.verb:set package 'polygon_base' build argument 'ament_cmake_args' from command line to 'None'
[4.876s] Level 5:colcon.colcon_core.verb:set package 'polygon_base' build argument 'catkin_cmake_args' from command line to 'None'
[4.876s] Level 5:colcon.colcon_core.verb:set package 'polygon_base' build argument 'catkin_skip_building_tests' from command line to 'False'
[4.877s] DEBUG:colcon.colcon_core.verb:Building package 'polygon_base' with the following arguments: {'ament_cmake_args': None, 'build_base': '/home/hsun/ros2_ws/build/polygon_base', 'catkin_cmake_args': None, 'catkin_skip_building_tests': False, 'cmake_args': None, 'cmake_clean_cache': False, 'cmake_clean_first': False, 'cmake_force_configure': False, 'cmake_target': None, 'cmake_target_skip_unavailable': False, 'install_base': '/home/hsun/ros2_ws/install/polygon_base', 'merge_install': False, 'path': '/home/hsun/ros2_ws/src/polygon_base', 'symlink_install': False, 'test_result_base': None}
[4.887s] Level 5:colcon.colcon_core.verb:set package 'polygon_plugins' build argument 'cmake_args' from command line to 'None'
[4.887s] Level 5:colcon.colcon_core.verb:set package 'polygon_plugins' build argument 'cmake_target' from command line to 'None'
[4.887s] Level 5:colcon.colcon_core.verb:set package 'polygon_plugins' build argument 'cmake_target_skip_unavailable' from command line to 'False'
[4.887s] Level 5:colcon.colcon_core.verb:set package 'polygon_plugins' build argument 'cmake_clean_cache' from command line to 'False'
[4.888s] Level 5:colcon.colcon_core.verb:set package 'polygon_plugins' build argument 'cmake_clean_first' from command line to 'False'
[4.888s] Level 5:colcon.colcon_core.verb:set package 'polygon_plugins' build argument 'cmake_force_configure' from command line to 'False'
[4.888s] Level 5:colcon.colcon_core.verb:set package 'polygon_plugins' build argument 'ament_cmake_args' from command line to 'None'
[4.888s] Level 5:colcon.colcon_core.verb:set package 'polygon_plugins' build argument 'catkin_cmake_args' from command line to 'None'
[4.888s] Level 5:colcon.colcon_core.verb:set package 'polygon_plugins' build argument 'catkin_skip_building_tests' from command line to 'False'
[4.888s] DEBUG:colcon.colcon_core.verb:Building package 'polygon_plugins' with the following arguments: {'ament_cmake_args': None, 'build_base': '/home/hsun/ros2_ws/build/polygon_plugins', 'catkin_cmake_args': None, 'catkin_skip_building_tests': False, 'cmake_args': None, 'cmake_clean_cache': False, 'cmake_clean_first': False, 'cmake_force_configure': False, 'cmake_target': None, 'cmake_target_skip_unavailable': False, 'install_base': '/home/hsun/ros2_ws/install/polygon_plugins', 'merge_install': False, 'path': '/home/hsun/ros2_ws/src/polygon_plugins', 'symlink_install': False, 'test_result_base': None}
[4.895s] INFO:colcon.colcon_core.executor:Executing jobs using 'parallel' executor
[4.936s] DEBUG:colcon.colcon_parallel_executor.executor.parallel:run_until_complete
[4.941s] INFO:colcon.colcon_ros.task.ament_cmake.build:Building ROS package in '/home/hsun/ros2_ws/src/polygon_base' with build type 'ament_cmake'
[4.945s] INFO:colcon.colcon_cmake.task.cmake.build:Building CMake package in '/home/hsun/ros2_ws/src/polygon_base'
[5.023s] INFO:colcon.colcon_core.plugin_system:Skipping extension 'colcon_core.shell.bat': Not used on non-Windows systems
[5.027s] INFO:colcon.colcon_core.shell:Skip shell extension 'powershell' for command environment: Not usable outside of PowerShell
[5.032s] DEBUG:colcon.colcon_core.shell:Skip shell extension 'dsv' for command environment
[5.152s] DEBUG:colcon.colcon_core.event_handler.log_command:Invoking command in '/home/hsun/ros2_ws/build/polygon_base': CMAKE_PREFIX_PATH=/opt/ros/iron /usr/bin/cmake /home/hsun/ros2_ws/src/polygon_base -DCMAKE_INSTALL_PREFIX=/home/hsun/ros2_ws/install/polygon_base
[14.895s] DEBUG:colcon.colcon_core.event_handler.log_command:Invoked command in '/home/hsun/ros2_ws/build/polygon_base' returned '0': CMAKE_PREFIX_PATH=/opt/ros/iron /usr/bin/cmake /home/hsun/ros2_ws/src/polygon_base -DCMAKE_INSTALL_PREFIX=/home/hsun/ros2_ws/install/polygon_base
[14.900s] DEBUG:colcon.colcon_core.event_handler.log_command:Invoking command in '/home/hsun/ros2_ws/build/polygon_base': CMAKE_PREFIX_PATH=/opt/ros/iron /usr/bin/cmake --build /home/hsun/ros2_ws/build/polygon_base -- -j4 -l4
[39.665s] DEBUG:colcon.colcon_core.event_handler.log_command:Invoked command in '/home/hsun/ros2_ws/build/polygon_base' returned '0': CMAKE_PREFIX_PATH=/opt/ros/iron /usr/bin/cmake --build /home/hsun/ros2_ws/build/polygon_base -- -j4 -l4
[40.028s] DEBUG:colcon.colcon_core.event_handler.log_command:Invoking command in '/home/hsun/ros2_ws/build/polygon_base': CMAKE_PREFIX_PATH=/opt/ros/iron /usr/bin/cmake --install /home/hsun/ros2_ws/build/polygon_base
[40.185s] Level 1:colcon.colcon_core.environment:create_environment_scripts_only(polygon_base)
[40.204s] DEBUG:colcon.colcon_core.event_handler.log_command:Invoked command in '/home/hsun/ros2_ws/build/polygon_base' returned '0': CMAKE_PREFIX_PATH=/opt/ros/iron /usr/bin/cmake --install /home/hsun/ros2_ws/build/polygon_base
[40.248s] Level 1:colcon.colcon_core.environment:checking '/home/hsun/ros2_ws/install/polygon_base' for CMake module files
[40.256s] Level 1:colcon.colcon_core.environment:checking '/home/hsun/ros2_ws/install/polygon_base' for CMake config files
[40.258s] Level 1:colcon.colcon_core.shell:create_environment_hook('polygon_base', 'cmake_prefix_path')
[40.267s] INFO:colcon.colcon_core.shell:Creating environment hook '/home/hsun/ros2_ws/install/polygon_base/share/polygon_base/hook/cmake_prefix_path.ps1'
[40.271s] INFO:colcon.colcon_core.shell:Creating environment descriptor '/home/hsun/ros2_ws/install/polygon_base/share/polygon_base/hook/cmake_prefix_path.dsv'
[40.276s] INFO:colcon.colcon_core.shell:Creating environment hook '/home/hsun/ros2_ws/install/polygon_base/share/polygon_base/hook/cmake_prefix_path.sh'
[40.287s] Level 1:colcon.colcon_core.environment:checking '/home/hsun/ros2_ws/install/polygon_base/lib'
[40.290s] Level 1:colcon.colcon_core.environment:checking '/home/hsun/ros2_ws/install/polygon_base/bin'
[40.292s] Level 1:colcon.colcon_core.environment:checking '/home/hsun/ros2_ws/install/polygon_base/lib/pkgconfig/polygon_base.pc'
[40.295s] Level 1:colcon.colcon_core.environment:checking '/home/hsun/ros2_ws/install/polygon_base/lib/python3.10/site-packages'
[40.299s] Level 1:colcon.colcon_core.environment:checking '/home/hsun/ros2_ws/install/polygon_base/bin'
[40.308s] INFO:colcon.colcon_core.shell:Creating package script '/home/hsun/ros2_ws/install/polygon_base/share/polygon_base/package.ps1'
[40.315s] INFO:colcon.colcon_core.shell:Creating package descriptor '/home/hsun/ros2_ws/install/polygon_base/share/polygon_base/package.dsv'
[40.322s] INFO:colcon.colcon_core.shell:Creating package script '/home/hsun/ros2_ws/install/polygon_base/share/polygon_base/package.sh'
[40.331s] INFO:colcon.colcon_core.shell:Creating package script '/home/hsun/ros2_ws/install/polygon_base/share/polygon_base/package.bash'
[40.339s] INFO:colcon.colcon_core.shell:Creating package script '/home/hsun/ros2_ws/install/polygon_base/share/polygon_base/package.zsh'
[40.349s] Level 1:colcon.colcon_core.environment:create_file_with_runtime_dependencies(/home/hsun/ros2_ws/install/polygon_base/share/colcon-core/packages/polygon_base)
[40.634s] Level 1:colcon.colcon_core.environment:create_environment_scripts_only(polygon_base)
[40.662s] Level 1:colcon.colcon_core.environment:checking '/home/hsun/ros2_ws/install/polygon_base' for CMake module files
[40.670s] Level 1:colcon.colcon_core.environment:checking '/home/hsun/ros2_ws/install/polygon_base' for CMake config files
[40.674s] Level 1:colcon.colcon_core.shell:create_environment_hook('polygon_base', 'cmake_prefix_path')
[40.691s] INFO:colcon.colcon_core.shell:Creating environment hook '/home/hsun/ros2_ws/install/polygon_base/share/polygon_base/hook/cmake_prefix_path.ps1'
[40.700s] INFO:colcon.colcon_core.shell:Creating environment descriptor '/home/hsun/ros2_ws/install/polygon_base/share/polygon_base/hook/cmake_prefix_path.dsv'
[40.707s] INFO:colcon.colcon_core.shell:Creating environment hook '/home/hsun/ros2_ws/install/polygon_base/share/polygon_base/hook/cmake_prefix_path.sh'
[40.719s] Level 1:colcon.colcon_core.environment:checking '/home/hsun/ros2_ws/install/polygon_base/lib'
[40.721s] Level 1:colcon.colcon_core.environment:checking '/home/hsun/ros2_ws/install/polygon_base/bin'
[40.722s] Level 1:colcon.colcon_core.environment:checking '/home/hsun/ros2_ws/install/polygon_base/lib/pkgconfig/polygon_base.pc'
[40.724s] Level 1:colcon.colcon_core.environment:checking '/home/hsun/ros2_ws/install/polygon_base/lib/python3.10/site-packages'
[40.726s] Level 1:colcon.colcon_core.environment:checking '/home/hsun/ros2_ws/install/polygon_base/bin'
[40.740s] INFO:colcon.colcon_core.shell:Creating package script '/home/hsun/ros2_ws/install/polygon_base/share/polygon_base/package.ps1'
[40.747s] INFO:colcon.colcon_core.shell:Creating package descriptor '/home/hsun/ros2_ws/install/polygon_base/share/polygon_base/package.dsv'
[40.756s] INFO:colcon.colcon_core.shell:Creating package script '/home/hsun/ros2_ws/install/polygon_base/share/polygon_base/package.sh'
[40.762s] INFO:colcon.colcon_core.shell:Creating package script '/home/hsun/ros2_ws/install/polygon_base/share/polygon_base/package.bash'
[40.766s] INFO:colcon.colcon_core.shell:Creating package script '/home/hsun/ros2_ws/install/polygon_base/share/polygon_base/package.zsh'
[40.769s] Level 1:colcon.colcon_core.environment:create_file_with_runtime_dependencies(/home/hsun/ros2_ws/install/polygon_base/share/colcon-core/packages/polygon_base)
[40.773s] INFO:colcon.colcon_ros.task.ament_cmake.build:Building ROS package in '/home/hsun/ros2_ws/src/polygon_plugins' with build type 'ament_cmake'
[40.775s] INFO:colcon.colcon_cmake.task.cmake.build:Building CMake package in '/home/hsun/ros2_ws/src/polygon_plugins'
[40.793s] INFO:colcon.colcon_core.shell:Skip shell extension 'powershell' for command environment: Not usable outside of PowerShell
[40.794s] DEBUG:colcon.colcon_core.shell:Skip shell extension 'dsv' for command environment
[40.892s] DEBUG:colcon.colcon_core.event_handler.log_command:Invoking command in '/home/hsun/ros2_ws/build/polygon_plugins': AMENT_PREFIX_PATH=/home/hsun/ros2_ws/install/polygon_base:${AMENT_PREFIX_PATH} CMAKE_PREFIX_PATH=/home/hsun/ros2_ws/install/polygon_base:/opt/ros/iron /usr/bin/cmake /home/hsun/ros2_ws/src/polygon_plugins -DCMAKE_INSTALL_PREFIX=/home/hsun/ros2_ws/install/polygon_plugins
[48.918s] DEBUG:colcon.colcon_core.event_handler.log_command:Invoked command in '/home/hsun/ros2_ws/build/polygon_plugins' returned '0': AMENT_PREFIX_PATH=/home/hsun/ros2_ws/install/polygon_base:${AMENT_PREFIX_PATH} CMAKE_PREFIX_PATH=/home/hsun/ros2_ws/install/polygon_base:/opt/ros/iron /usr/bin/cmake /home/hsun/ros2_ws/src/polygon_plugins -DCMAKE_INSTALL_PREFIX=/home/hsun/ros2_ws/install/polygon_plugins
[48.929s] DEBUG:colcon.colcon_core.event_handler.log_command:Invoking command in '/home/hsun/ros2_ws/build/polygon_plugins': AMENT_PREFIX_PATH=/home/hsun/ros2_ws/install/polygon_base:${AMENT_PREFIX_PATH} CMAKE_PREFIX_PATH=/home/hsun/ros2_ws/install/polygon_base:/opt/ros/iron /usr/bin/cmake --build /home/hsun/ros2_ws/build/polygon_plugins -- -j4 -l4
[56.591s] DEBUG:colcon.colcon_core.event_handler.log_command:Invoked command in '/home/hsun/ros2_ws/build/polygon_plugins' returned '0': AMENT_PREFIX_PATH=/home/hsun/ros2_ws/install/polygon_base:${AMENT_PREFIX_PATH} CMAKE_PREFIX_PATH=/home/hsun/ros2_ws/install/polygon_base:/opt/ros/iron /usr/bin/cmake --build /home/hsun/ros2_ws/build/polygon_plugins -- -j4 -l4
[56.843s] DEBUG:colcon.colcon_core.event_handler.log_command:Invoking command in '/home/hsun/ros2_ws/build/polygon_plugins': AMENT_PREFIX_PATH=/home/hsun/ros2_ws/install/polygon_base:${AMENT_PREFIX_PATH} CMAKE_PREFIX_PATH=/home/hsun/ros2_ws/install/polygon_base:/opt/ros/iron /usr/bin/cmake --install /home/hsun/ros2_ws/build/polygon_plugins
[57.045s] Level 1:colcon.colcon_core.environment:create_environment_scripts_only(polygon_plugins)
[57.048s] DEBUG:colcon.colcon_core.event_handler.log_command:Invoked command in '/home/hsun/ros2_ws/build/polygon_plugins' returned '0': AMENT_PREFIX_PATH=/home/hsun/ros2_ws/install/polygon_base:${AMENT_PREFIX_PATH} CMAKE_PREFIX_PATH=/home/hsun/ros2_ws/install/polygon_base:/opt/ros/iron /usr/bin/cmake --install /home/hsun/ros2_ws/build/polygon_plugins
[57.089s] Level 1:colcon.colcon_core.environment:checking '/home/hsun/ros2_ws/install/polygon_plugins' for CMake module files
[57.093s] Level 1:colcon.colcon_core.environment:checking '/home/hsun/ros2_ws/install/polygon_plugins' for CMake config files
[57.096s] Level 1:colcon.colcon_core.shell:create_environment_hook('polygon_plugins', 'cmake_prefix_path')
[57.117s] INFO:colcon.colcon_core.shell:Creating environment hook '/home/hsun/ros2_ws/install/polygon_plugins/share/polygon_plugins/hook/cmake_prefix_path.ps1'
[57.122s] INFO:colcon.colcon_core.shell:Creating environment descriptor '/home/hsun/ros2_ws/install/polygon_plugins/share/polygon_plugins/hook/cmake_prefix_path.dsv'
[57.128s] INFO:colcon.colcon_core.shell:Creating environment hook '/home/hsun/ros2_ws/install/polygon_plugins/share/polygon_plugins/hook/cmake_prefix_path.sh'
[57.139s] Level 1:colcon.colcon_core.environment:checking '/home/hsun/ros2_ws/install/polygon_plugins/lib'
[57.140s] Level 1:colcon.colcon_core.shell:create_environment_hook('polygon_plugins', 'ld_library_path_lib')
[57.158s] INFO:colcon.colcon_core.shell:Creating environment hook '/home/hsun/ros2_ws/install/polygon_plugins/share/polygon_plugins/hook/ld_library_path_lib.ps1'
[57.165s] INFO:colcon.colcon_core.shell:Creating environment descriptor '/home/hsun/ros2_ws/install/polygon_plugins/share/polygon_plugins/hook/ld_library_path_lib.dsv'
[57.171s] INFO:colcon.colcon_core.shell:Creating environment hook '/home/hsun/ros2_ws/install/polygon_plugins/share/polygon_plugins/hook/ld_library_path_lib.sh'
[57.179s] Level 1:colcon.colcon_core.environment:checking '/home/hsun/ros2_ws/install/polygon_plugins/bin'
[57.181s] Level 1:colcon.colcon_core.environment:checking '/home/hsun/ros2_ws/install/polygon_plugins/lib/pkgconfig/polygon_plugins.pc'
[57.185s] Level 1:colcon.colcon_core.environment:checking '/home/hsun/ros2_ws/install/polygon_plugins/lib/python3.10/site-packages'
[57.189s] Level 1:colcon.colcon_core.environment:checking '/home/hsun/ros2_ws/install/polygon_plugins/bin'
[57.216s] INFO:colcon.colcon_core.shell:Creating package script '/home/hsun/ros2_ws/install/polygon_plugins/share/polygon_plugins/package.ps1'
[57.223s] INFO:colcon.colcon_core.shell:Creating package descriptor '/home/hsun/ros2_ws/install/polygon_plugins/share/polygon_plugins/package.dsv'
[57.234s] INFO:colcon.colcon_core.shell:Creating package script '/home/hsun/ros2_ws/install/polygon_plugins/share/polygon_plugins/package.sh'
[57.240s] INFO:colcon.colcon_core.shell:Creating package script '/home/hsun/ros2_ws/install/polygon_plugins/share/polygon_plugins/package.bash'
[57.245s] INFO:colcon.colcon_core.shell:Creating package script '/home/hsun/ros2_ws/install/polygon_plugins/share/polygon_plugins/package.zsh'
[57.252s] Level 1:colcon.colcon_core.environment:create_file_with_runtime_dependencies(/home/hsun/ros2_ws/install/polygon_plugins/share/colcon-core/packages/polygon_plugins)
[57.586s] Level 1:colcon.colcon_core.environment:create_environment_scripts_only(polygon_plugins)
[57.614s] Level 1:colcon.colcon_core.environment:checking '/home/hsun/ros2_ws/install/polygon_plugins' for CMake module files
[57.623s] Level 1:colcon.colcon_core.environment:checking '/home/hsun/ros2_ws/install/polygon_plugins' for CMake config files
[57.629s] Level 1:colcon.colcon_core.shell:create_environment_hook('polygon_plugins', 'cmake_prefix_path')
[57.652s] INFO:colcon.colcon_core.shell:Creating environment hook '/home/hsun/ros2_ws/install/polygon_plugins/share/polygon_plugins/hook/cmake_prefix_path.ps1'
[57.661s] INFO:colcon.colcon_core.shell:Creating environment descriptor '/home/hsun/ros2_ws/install/polygon_plugins/share/polygon_plugins/hook/cmake_prefix_path.dsv'
[57.668s] INFO:colcon.colcon_core.shell:Creating environment hook '/home/hsun/ros2_ws/install/polygon_plugins/share/polygon_plugins/hook/cmake_prefix_path.sh'
[57.680s] Level 1:colcon.colcon_core.environment:checking '/home/hsun/ros2_ws/install/polygon_plugins/lib'
[57.682s] Level 1:colcon.colcon_core.shell:create_environment_hook('polygon_plugins', 'ld_library_path_lib')
[57.699s] INFO:colcon.colcon_core.shell:Creating environment hook '/home/hsun/ros2_ws/install/polygon_plugins/share/polygon_plugins/hook/ld_library_path_lib.ps1'
[57.707s] INFO:colcon.colcon_core.shell:Creating environment descriptor '/home/hsun/ros2_ws/install/polygon_plugins/share/polygon_plugins/hook/ld_library_path_lib.dsv'
[57.713s] INFO:colcon.colcon_core.shell:Creating environment hook '/home/hsun/ros2_ws/install/polygon_plugins/share/polygon_plugins/hook/ld_library_path_lib.sh'
[57.718s] Level 1:colcon.colcon_core.environment:checking '/home/hsun/ros2_ws/install/polygon_plugins/bin'
[57.718s] Level 1:colcon.colcon_core.environment:checking '/home/hsun/ros2_ws/install/polygon_plugins/lib/pkgconfig/polygon_plugins.pc'
[57.727s] Level 1:colcon.colcon_core.environment:checking '/home/hsun/ros2_ws/install/polygon_plugins/lib/python3.10/site-packages'
[57.732s] Level 1:colcon.colcon_core.environment:checking '/home/hsun/ros2_ws/install/polygon_plugins/bin'
[57.761s] INFO:colcon.colcon_core.shell:Creating package script '/home/hsun/ros2_ws/install/polygon_plugins/share/polygon_plugins/package.ps1'
[57.772s] INFO:colcon.colcon_core.shell:Creating package descriptor '/home/hsun/ros2_ws/install/polygon_plugins/share/polygon_plugins/package.dsv'
[57.778s] INFO:colcon.colcon_core.shell:Creating package script '/home/hsun/ros2_ws/install/polygon_plugins/share/polygon_plugins/package.sh'
[57.792s] INFO:colcon.colcon_core.shell:Creating package script '/home/hsun/ros2_ws/install/polygon_plugins/share/polygon_plugins/package.bash'
[57.800s] INFO:colcon.colcon_core.shell:Creating package script '/home/hsun/ros2_ws/install/polygon_plugins/share/polygon_plugins/package.zsh'
[57.808s] Level 1:colcon.colcon_core.environment:create_file_with_runtime_dependencies(/home/hsun/ros2_ws/install/polygon_plugins/share/colcon-core/packages/polygon_plugins)
[57.814s] DEBUG:colcon.colcon_parallel_executor.executor.parallel:closing loop
[57.816s] DEBUG:colcon.colcon_parallel_executor.executor.parallel:loop closed
[57.819s] DEBUG:colcon.colcon_parallel_executor.executor.parallel:run_until_complete finished with '0'
[57.821s] DEBUG:colcon.colcon_core.event_reactor:joining thread
[57.914s] INFO:colcon.colcon_core.plugin_system:Skipping extension 'colcon_notification.desktop_notification.terminal_notifier': Not used on non-Darwin systems
[57.916s] INFO:colcon.colcon_core.plugin_system:Skipping extension 'colcon_notification.desktop_notification.win32': Not used on non-Windows systems
[57.917s] INFO:colcon.colcon_notification.desktop_notification:Sending desktop notification using 'notify2'
[58.105s] DEBUG:colcon.colcon_core.event_reactor:joined thread
[58.127s] INFO:colcon.colcon_core.shell:Creating prefix script '/home/hsun/ros2_ws/install/local_setup.ps1'
[58.148s] INFO:colcon.colcon_core.shell:Creating prefix util module '/home/hsun/ros2_ws/install/_local_setup_util_ps1.py'
[58.167s] INFO:colcon.colcon_core.shell:Creating prefix chain script '/home/hsun/ros2_ws/install/setup.ps1'
[58.181s] INFO:colcon.colcon_core.shell:Creating prefix script '/home/hsun/ros2_ws/install/local_setup.sh'
[58.186s] INFO:colcon.colcon_core.shell:Creating prefix util module '/home/hsun/ros2_ws/install/_local_setup_util_sh.py'
[58.190s] INFO:colcon.colcon_core.shell:Creating prefix chain script '/home/hsun/ros2_ws/install/setup.sh'
[58.201s] INFO:colcon.colcon_core.shell:Creating prefix script '/home/hsun/ros2_ws/install/local_setup.bash'
[58.213s] INFO:colcon.colcon_core.shell:Creating prefix chain script '/home/hsun/ros2_ws/install/setup.bash'
[58.228s] INFO:colcon.colcon_core.shell:Creating prefix script '/home/hsun/ros2_ws/install/local_setup.zsh'
[58.234s] INFO:colcon.colcon_core.shell:Creating prefix chain script '/home/hsun/ros2_ws/install/setup.zsh'
