[1.580s] DEBUG:colcon:Command line arguments: ['/usr/bin/colcon', 'build', '--packages-select', 'learning_tf2_py']
[1.580s] DEBUG:colcon:Parsed command line arguments: Namespace(log_base=None, log_level=None, verb_name='build', build_base='build', install_base='install', merge_install=False, symlink_install=False, test_result_base=None, continue_on_error=False, executor='parallel', parallel_workers=4, event_handlers=None, ignore_user_meta=False, metas=['./colcon.meta'], base_paths=['.'], packages_ignore=None, packages_ignore_regex=None, paths=None, packages_up_to=None, packages_up_to_regex=None, packages_above=None, packages_above_and_dependencies=None, packages_above_depth=None, packages_select_by_dep=None, packages_skip_by_dep=None, packages_skip_up_to=None, packages_select_build_failed=False, packages_skip_build_finished=False, packages_select_test_failures=False, packages_skip_test_passed=False, packages_select=['learning_tf2_py'], packages_skip=None, packages_select_regex=None, packages_skip_regex=None, packages_start=None, packages_end=None, allow_overriding=[], cmake_args=None, cmake_target=None, cmake_target_skip_unavailable=False, cmake_clean_cache=False, cmake_clean_first=False, cmake_force_configure=False, ament_cmake_args=None, catkin_cmake_args=None, catkin_skip_building_tests=False, verb_parser=<colcon_defaults.argument_parser.defaults.DefaultArgumentsDecorator object at 0xffffb4c7ef80>, verb_extension=<colcon_core.verb.build.BuildVerb object at 0xffffb5464c10>, main=<bound method BuildVerb.main of <colcon_core.verb.build.BuildVerb object at 0xffffb5464c10>>)
[1.730s] Level 1:colcon.colcon_core.package_discovery:discover_packages(colcon_meta) check parameters
[1.731s] Level 1:colcon.colcon_core.package_discovery:discover_packages(recursive) check parameters
[1.731s] Level 1:colcon.colcon_core.package_discovery:discover_packages(ignore) check parameters
[1.731s] Level 1:colcon.colcon_core.package_discovery:discover_packages(path) check parameters
[1.731s] Level 1:colcon.colcon_core.package_discovery:discover_packages(colcon_meta) discover
[1.735s] Level 1:colcon.colcon_core.package_discovery:discover_packages(recursive) discover
[1.735s] INFO:colcon.colcon_core.package_discovery:Crawling recursively for packages in '/home/hsun/ros2_ws'
[1.736s] Level 1:colcon.colcon_core.package_identification:_identify(.) by extensions ['ignore', 'ignore_ament_install']
[1.736s] Level 1:colcon.colcon_core.package_identification:_identify(.) by extension 'ignore'
[1.737s] Level 1:colcon.colcon_core.package_identification:_identify(.) by extension 'ignore_ament_install'
[1.737s] Level 1:colcon.colcon_core.package_identification:_identify(.) by extensions ['colcon_pkg']
[1.737s] Level 1:colcon.colcon_core.package_identification:_identify(.) by extension 'colcon_pkg'
[1.737s] Level 1:colcon.colcon_core.package_identification:_identify(.) by extensions ['colcon_meta']
[1.737s] Level 1:colcon.colcon_core.package_identification:_identify(.) by extension 'colcon_meta'
[1.737s] Level 1:colcon.colcon_core.package_identification:_identify(.) by extensions ['ros']
[1.738s] Level 1:colcon.colcon_core.package_identification:_identify(.) by extension 'ros'
[1.783s] Level 1:colcon.colcon_core.package_identification:_identify(.) by extensions ['cmake', 'python']
[1.784s] Level 1:colcon.colcon_core.package_identification:_identify(.) by extension 'cmake'
[1.784s] Level 1:colcon.colcon_core.package_identification:_identify(.) by extension 'python'
[1.784s] Level 1:colcon.colcon_core.package_identification:_identify(.) by extensions ['python_setup_py']
[1.784s] Level 1:colcon.colcon_core.package_identification:_identify(.) by extension 'python_setup_py'
[1.785s] Level 1:colcon.colcon_core.package_identification:_identify(build) by extensions ['ignore', 'ignore_ament_install']
[1.785s] Level 1:colcon.colcon_core.package_identification:_identify(build) by extension 'ignore'
[1.786s] Level 1:colcon.colcon_core.package_identification:_identify(build) ignored
[1.787s] Level 1:colcon.colcon_core.package_identification:_identify(install) by extensions ['ignore', 'ignore_ament_install']
[1.787s] Level 1:colcon.colcon_core.package_identification:_identify(install) by extension 'ignore'
[1.788s] Level 1:colcon.colcon_core.package_identification:_identify(install) ignored
[1.789s] Level 1:colcon.colcon_core.package_identification:_identify(log) by extensions ['ignore', 'ignore_ament_install']
[1.789s] Level 1:colcon.colcon_core.package_identification:_identify(log) by extension 'ignore'
[1.790s] Level 1:colcon.colcon_core.package_identification:_identify(log) ignored
[1.790s] Level 1:colcon.colcon_core.package_identification:_identify(src) by extensions ['ignore', 'ignore_ament_install']
[1.791s] Level 1:colcon.colcon_core.package_identification:_identify(src) by extension 'ignore'
[1.791s] Level 1:colcon.colcon_core.package_identification:_identify(src) by extension 'ignore_ament_install'
[1.791s] Level 1:colcon.colcon_core.package_identification:_identify(src) by extensions ['colcon_pkg']
[1.791s] Level 1:colcon.colcon_core.package_identification:_identify(src) by extension 'colcon_pkg'
[1.791s] Level 1:colcon.colcon_core.package_identification:_identify(src) by extensions ['colcon_meta']
[1.792s] Level 1:colcon.colcon_core.package_identification:_identify(src) by extension 'colcon_meta'
[1.792s] Level 1:colcon.colcon_core.package_identification:_identify(src) by extensions ['ros']
[1.792s] Level 1:colcon.colcon_core.package_identification:_identify(src) by extension 'ros'
[1.792s] Level 1:colcon.colcon_core.package_identification:_identify(src) by extensions ['cmake', 'python']
[1.792s] Level 1:colcon.colcon_core.package_identification:_identify(src) by extension 'cmake'
[1.793s] Level 1:colcon.colcon_core.package_identification:_identify(src) by extension 'python'
[1.793s] Level 1:colcon.colcon_core.package_identification:_identify(src) by extensions ['python_setup_py']
[1.793s] Level 1:colcon.colcon_core.package_identification:_identify(src) by extension 'python_setup_py'
[1.794s] Level 1:colcon.colcon_core.package_identification:_identify(src/build) by extensions ['ignore', 'ignore_ament_install']
[1.794s] Level 1:colcon.colcon_core.package_identification:_identify(src/build) by extension 'ignore'
[1.794s] Level 1:colcon.colcon_core.package_identification:_identify(src/build) ignored
[1.795s] Level 1:colcon.colcon_core.package_identification:_identify(src/cpp_parameter_event_handler) by extensions ['ignore', 'ignore_ament_install']
[1.795s] Level 1:colcon.colcon_core.package_identification:_identify(src/cpp_parameter_event_handler) by extension 'ignore'
[1.795s] Level 1:colcon.colcon_core.package_identification:_identify(src/cpp_parameter_event_handler) by extension 'ignore_ament_install'
[1.796s] Level 1:colcon.colcon_core.package_identification:_identify(src/cpp_parameter_event_handler) by extensions ['colcon_pkg']
[1.796s] Level 1:colcon.colcon_core.package_identification:_identify(src/cpp_parameter_event_handler) by extension 'colcon_pkg'
[1.796s] Level 1:colcon.colcon_core.package_identification:_identify(src/cpp_parameter_event_handler) by extensions ['colcon_meta']
[1.796s] Level 1:colcon.colcon_core.package_identification:_identify(src/cpp_parameter_event_handler) by extension 'colcon_meta'
[1.796s] Level 1:colcon.colcon_core.package_identification:_identify(src/cpp_parameter_event_handler) by extensions ['ros']
[1.796s] Level 1:colcon.colcon_core.package_identification:_identify(src/cpp_parameter_event_handler) by extension 'ros'
[1.805s] DEBUG:colcon.colcon_core.package_identification:Package 'src/cpp_parameter_event_handler' with type 'ros.ament_cmake' and name 'cpp_parameter_event_handler'
[1.806s] Level 1:colcon.colcon_core.package_identification:_identify(src/cpp_parameters) by extensions ['ignore', 'ignore_ament_install']
[1.806s] Level 1:colcon.colcon_core.package_identification:_identify(src/cpp_parameters) by extension 'ignore'
[1.807s] Level 1:colcon.colcon_core.package_identification:_identify(src/cpp_parameters) by extension 'ignore_ament_install'
[1.807s] Level 1:colcon.colcon_core.package_identification:_identify(src/cpp_parameters) by extensions ['colcon_pkg']
[1.807s] Level 1:colcon.colcon_core.package_identification:_identify(src/cpp_parameters) by extension 'colcon_pkg'
[1.807s] Level 1:colcon.colcon_core.package_identification:_identify(src/cpp_parameters) by extensions ['colcon_meta']
[1.808s] Level 1:colcon.colcon_core.package_identification:_identify(src/cpp_parameters) by extension 'colcon_meta'
[1.808s] Level 1:colcon.colcon_core.package_identification:_identify(src/cpp_parameters) by extensions ['ros']
[1.808s] Level 1:colcon.colcon_core.package_identification:_identify(src/cpp_parameters) by extension 'ros'
[1.810s] DEBUG:colcon.colcon_core.package_identification:Package 'src/cpp_parameters' with type 'ros.ament_cmake' and name 'cpp_parameters'
[1.811s] Level 1:colcon.colcon_core.package_identification:_identify(src/cpp_pubsub) by extensions ['ignore', 'ignore_ament_install']
[1.812s] Level 1:colcon.colcon_core.package_identification:_identify(src/cpp_pubsub) by extension 'ignore'
[1.812s] Level 1:colcon.colcon_core.package_identification:_identify(src/cpp_pubsub) by extension 'ignore_ament_install'
[1.812s] Level 1:colcon.colcon_core.package_identification:_identify(src/cpp_pubsub) by extensions ['colcon_pkg']
[1.812s] Level 1:colcon.colcon_core.package_identification:_identify(src/cpp_pubsub) by extension 'colcon_pkg'
[1.813s] Level 1:colcon.colcon_core.package_identification:_identify(src/cpp_pubsub) by extensions ['colcon_meta']
[1.813s] Level 1:colcon.colcon_core.package_identification:_identify(src/cpp_pubsub) by extension 'colcon_meta'
[1.813s] Level 1:colcon.colcon_core.package_identification:_identify(src/cpp_pubsub) by extensions ['ros']
[1.813s] Level 1:colcon.colcon_core.package_identification:_identify(src/cpp_pubsub) by extension 'ros'
[1.816s] DEBUG:colcon.colcon_core.package_identification:Package 'src/cpp_pubsub' with type 'ros.ament_cmake' and name 'cpp_pubsub'
[1.816s] Level 1:colcon.colcon_core.package_identification:_identify(src/cpp_srvcli) by extensions ['ignore', 'ignore_ament_install']
[1.817s] Level 1:colcon.colcon_core.package_identification:_identify(src/cpp_srvcli) by extension 'ignore'
[1.817s] Level 1:colcon.colcon_core.package_identification:_identify(src/cpp_srvcli) by extension 'ignore_ament_install'
[1.817s] Level 1:colcon.colcon_core.package_identification:_identify(src/cpp_srvcli) by extensions ['colcon_pkg']
[1.817s] Level 1:colcon.colcon_core.package_identification:_identify(src/cpp_srvcli) by extension 'colcon_pkg'
[1.818s] Level 1:colcon.colcon_core.package_identification:_identify(src/cpp_srvcli) by extensions ['colcon_meta']
[1.818s] Level 1:colcon.colcon_core.package_identification:_identify(src/cpp_srvcli) by extension 'colcon_meta'
[1.818s] Level 1:colcon.colcon_core.package_identification:_identify(src/cpp_srvcli) by extensions ['ros']
[1.818s] Level 1:colcon.colcon_core.package_identification:_identify(src/cpp_srvcli) by extension 'ros'
[1.821s] DEBUG:colcon.colcon_core.package_identification:Package 'src/cpp_srvcli' with type 'ros.ament_cmake' and name 'cpp_srvcli'
[1.822s] Level 1:colcon.colcon_core.package_identification:_identify(src/custom_action_cpp) by extensions ['ignore', 'ignore_ament_install']
[1.822s] Level 1:colcon.colcon_core.package_identification:_identify(src/custom_action_cpp) by extension 'ignore'
[1.822s] Level 1:colcon.colcon_core.package_identification:_identify(src/custom_action_cpp) by extension 'ignore_ament_install'
[1.823s] Level 1:colcon.colcon_core.package_identification:_identify(src/custom_action_cpp) by extensions ['colcon_pkg']
[1.823s] Level 1:colcon.colcon_core.package_identification:_identify(src/custom_action_cpp) by extension 'colcon_pkg'
[1.823s] Level 1:colcon.colcon_core.package_identification:_identify(src/custom_action_cpp) by extensions ['colcon_meta']
[1.823s] Level 1:colcon.colcon_core.package_identification:_identify(src/custom_action_cpp) by extension 'colcon_meta'
[1.824s] Level 1:colcon.colcon_core.package_identification:_identify(src/custom_action_cpp) by extensions ['ros']
[1.824s] Level 1:colcon.colcon_core.package_identification:_identify(src/custom_action_cpp) by extension 'ros'
[1.827s] DEBUG:colcon.colcon_core.package_identification:Package 'src/custom_action_cpp' with type 'ros.ament_cmake' and name 'custom_action_cpp'
[1.828s] Level 1:colcon.colcon_core.package_identification:_identify(src/custom_action_interfaces) by extensions ['ignore', 'ignore_ament_install']
[1.828s] Level 1:colcon.colcon_core.package_identification:_identify(src/custom_action_interfaces) by extension 'ignore'
[1.828s] Level 1:colcon.colcon_core.package_identification:_identify(src/custom_action_interfaces) by extension 'ignore_ament_install'
[1.829s] Level 1:colcon.colcon_core.package_identification:_identify(src/custom_action_interfaces) by extensions ['colcon_pkg']
[1.829s] Level 1:colcon.colcon_core.package_identification:_identify(src/custom_action_interfaces) by extension 'colcon_pkg'
[1.829s] Level 1:colcon.colcon_core.package_identification:_identify(src/custom_action_interfaces) by extensions ['colcon_meta']
[1.829s] Level 1:colcon.colcon_core.package_identification:_identify(src/custom_action_interfaces) by extension 'colcon_meta'
[1.829s] Level 1:colcon.colcon_core.package_identification:_identify(src/custom_action_interfaces) by extensions ['ros']
[1.829s] Level 1:colcon.colcon_core.package_identification:_identify(src/custom_action_interfaces) by extension 'ros'
[1.832s] DEBUG:colcon.colcon_core.package_identification:Package 'src/custom_action_interfaces' with type 'ros.ament_cmake' and name 'custom_action_interfaces'
[1.832s] Level 1:colcon.colcon_core.package_identification:_identify(src/custom_action_python) by extensions ['ignore', 'ignore_ament_install']
[1.833s] Level 1:colcon.colcon_core.package_identification:_identify(src/custom_action_python) by extension 'ignore'
[1.833s] Level 1:colcon.colcon_core.package_identification:_identify(src/custom_action_python) by extension 'ignore_ament_install'
[1.833s] Level 1:colcon.colcon_core.package_identification:_identify(src/custom_action_python) by extensions ['colcon_pkg']
[1.833s] Level 1:colcon.colcon_core.package_identification:_identify(src/custom_action_python) by extension 'colcon_pkg'
[1.834s] Level 1:colcon.colcon_core.package_identification:_identify(src/custom_action_python) by extensions ['colcon_meta']
[1.834s] Level 1:colcon.colcon_core.package_identification:_identify(src/custom_action_python) by extension 'colcon_meta'
[1.834s] Level 1:colcon.colcon_core.package_identification:_identify(src/custom_action_python) by extensions ['ros']
[1.834s] Level 1:colcon.colcon_core.package_identification:_identify(src/custom_action_python) by extension 'ros'
[1.836s] DEBUG:colcon.colcon_core.package_identification:Package 'src/custom_action_python' with type 'ros.ament_cmake' and name 'custom_action_python'
[1.837s] Level 1:colcon.colcon_core.package_identification:_identify(src/install) by extensions ['ignore', 'ignore_ament_install']
[1.838s] Level 1:colcon.colcon_core.package_identification:_identify(src/install) by extension 'ignore'
[1.838s] Level 1:colcon.colcon_core.package_identification:_identify(src/install) ignored
[1.838s] Level 1:colcon.colcon_core.package_identification:_identify(src/launch) by extensions ['ignore', 'ignore_ament_install']
[1.839s] Level 1:colcon.colcon_core.package_identification:_identify(src/launch) by extension 'ignore'
[1.839s] Level 1:colcon.colcon_core.package_identification:_identify(src/launch) by extension 'ignore_ament_install'
[1.839s] Level 1:colcon.colcon_core.package_identification:_identify(src/launch) by extensions ['colcon_pkg']
[1.840s] Level 1:colcon.colcon_core.package_identification:_identify(src/launch) by extension 'colcon_pkg'
[1.840s] Level 1:colcon.colcon_core.package_identification:_identify(src/launch) by extensions ['colcon_meta']
[1.840s] Level 1:colcon.colcon_core.package_identification:_identify(src/launch) by extension 'colcon_meta'
[1.840s] Level 1:colcon.colcon_core.package_identification:_identify(src/launch) by extensions ['ros']
[1.840s] Level 1:colcon.colcon_core.package_identification:_identify(src/launch) by extension 'ros'
[1.841s] Level 1:colcon.colcon_core.package_identification:_identify(src/launch) by extensions ['cmake', 'python']
[1.841s] Level 1:colcon.colcon_core.package_identification:_identify(src/launch) by extension 'cmake'
[1.841s] Level 1:colcon.colcon_core.package_identification:_identify(src/launch) by extension 'python'
[1.841s] Level 1:colcon.colcon_core.package_identification:_identify(src/launch) by extensions ['python_setup_py']
[1.841s] Level 1:colcon.colcon_core.package_identification:_identify(src/launch) by extension 'python_setup_py'
[1.842s] Level 1:colcon.colcon_core.package_identification:_identify(src/launch/__pycache__) by extensions ['ignore', 'ignore_ament_install']
[1.842s] Level 1:colcon.colcon_core.package_identification:_identify(src/launch/__pycache__) by extension 'ignore'
[1.842s] Level 1:colcon.colcon_core.package_identification:_identify(src/launch/__pycache__) by extension 'ignore_ament_install'
[1.843s] Level 1:colcon.colcon_core.package_identification:_identify(src/launch/__pycache__) by extensions ['colcon_pkg']
[1.843s] Level 1:colcon.colcon_core.package_identification:_identify(src/launch/__pycache__) by extension 'colcon_pkg'
[1.843s] Level 1:colcon.colcon_core.package_identification:_identify(src/launch/__pycache__) by extensions ['colcon_meta']
[1.843s] Level 1:colcon.colcon_core.package_identification:_identify(src/launch/__pycache__) by extension 'colcon_meta'
[1.843s] Level 1:colcon.colcon_core.package_identification:_identify(src/launch/__pycache__) by extensions ['ros']
[1.843s] Level 1:colcon.colcon_core.package_identification:_identify(src/launch/__pycache__) by extension 'ros'
[1.844s] Level 1:colcon.colcon_core.package_identification:_identify(src/launch/__pycache__) by extensions ['cmake', 'python']
[1.844s] Level 1:colcon.colcon_core.package_identification:_identify(src/launch/__pycache__) by extension 'cmake'
[1.844s] Level 1:colcon.colcon_core.package_identification:_identify(src/launch/__pycache__) by extension 'python'
[1.844s] Level 1:colcon.colcon_core.package_identification:_identify(src/launch/__pycache__) by extensions ['python_setup_py']
[1.844s] Level 1:colcon.colcon_core.package_identification:_identify(src/launch/__pycache__) by extension 'python_setup_py'
[1.845s] Level 1:colcon.colcon_core.package_identification:_identify(src/launch_tutorial) by extensions ['ignore', 'ignore_ament_install']
[1.845s] Level 1:colcon.colcon_core.package_identification:_identify(src/launch_tutorial) by extension 'ignore'
[1.846s] Level 1:colcon.colcon_core.package_identification:_identify(src/launch_tutorial) by extension 'ignore_ament_install'
[1.846s] Level 1:colcon.colcon_core.package_identification:_identify(src/launch_tutorial) by extensions ['colcon_pkg']
[1.846s] Level 1:colcon.colcon_core.package_identification:_identify(src/launch_tutorial) by extension 'colcon_pkg'
[1.846s] Level 1:colcon.colcon_core.package_identification:_identify(src/launch_tutorial) by extensions ['colcon_meta']
[1.847s] Level 1:colcon.colcon_core.package_identification:_identify(src/launch_tutorial) by extension 'colcon_meta'
[1.847s] Level 1:colcon.colcon_core.package_identification:_identify(src/launch_tutorial) by extensions ['ros']
[1.847s] Level 1:colcon.colcon_core.package_identification:_identify(src/launch_tutorial) by extension 'ros'
[1.849s] DEBUG:colcon.colcon_core.package_identification:Package 'src/launch_tutorial' with type 'ros.ament_python' and name 'launch_tutorial'
[1.850s] Level 1:colcon.colcon_core.package_identification:_identify(src/learning_tf2_cpp) by extensions ['ignore', 'ignore_ament_install']
[1.850s] Level 1:colcon.colcon_core.package_identification:_identify(src/learning_tf2_cpp) by extension 'ignore'
[1.850s] Level 1:colcon.colcon_core.package_identification:_identify(src/learning_tf2_cpp) by extension 'ignore_ament_install'
[1.851s] Level 1:colcon.colcon_core.package_identification:_identify(src/learning_tf2_cpp) by extensions ['colcon_pkg']
[1.851s] Level 1:colcon.colcon_core.package_identification:_identify(src/learning_tf2_cpp) by extension 'colcon_pkg'
[1.851s] Level 1:colcon.colcon_core.package_identification:_identify(src/learning_tf2_cpp) by extensions ['colcon_meta']
[1.851s] Level 1:colcon.colcon_core.package_identification:_identify(src/learning_tf2_cpp) by extension 'colcon_meta'
[1.852s] Level 1:colcon.colcon_core.package_identification:_identify(src/learning_tf2_cpp) by extensions ['ros']
[1.852s] Level 1:colcon.colcon_core.package_identification:_identify(src/learning_tf2_cpp) by extension 'ros'
[1.855s] DEBUG:colcon.colcon_core.package_identification:Package 'src/learning_tf2_cpp' with type 'ros.ament_cmake' and name 'learning_tf2_cpp'
[1.856s] Level 1:colcon.colcon_core.package_identification:_identify(src/learning_tf2_py) by extensions ['ignore', 'ignore_ament_install']
[1.856s] Level 1:colcon.colcon_core.package_identification:_identify(src/learning_tf2_py) by extension 'ignore'
[1.857s] Level 1:colcon.colcon_core.package_identification:_identify(src/learning_tf2_py) by extension 'ignore_ament_install'
[1.857s] Level 1:colcon.colcon_core.package_identification:_identify(src/learning_tf2_py) by extensions ['colcon_pkg']
[1.857s] Level 1:colcon.colcon_core.package_identification:_identify(src/learning_tf2_py) by extension 'colcon_pkg'
[1.857s] Level 1:colcon.colcon_core.package_identification:_identify(src/learning_tf2_py) by extensions ['colcon_meta']
[1.857s] Level 1:colcon.colcon_core.package_identification:_identify(src/learning_tf2_py) by extension 'colcon_meta'
[1.858s] Level 1:colcon.colcon_core.package_identification:_identify(src/learning_tf2_py) by extensions ['ros']
[1.858s] Level 1:colcon.colcon_core.package_identification:_identify(src/learning_tf2_py) by extension 'ros'
[1.860s] DEBUG:colcon.colcon_core.package_identification:Package 'src/learning_tf2_py' with type 'ros.ament_python' and name 'learning_tf2_py'
[1.861s] Level 1:colcon.colcon_core.package_identification:_identify(src/more_interfaces) by extensions ['ignore', 'ignore_ament_install']
[1.861s] Level 1:colcon.colcon_core.package_identification:_identify(src/more_interfaces) by extension 'ignore'
[1.861s] Level 1:colcon.colcon_core.package_identification:_identify(src/more_interfaces) by extension 'ignore_ament_install'
[1.862s] Level 1:colcon.colcon_core.package_identification:_identify(src/more_interfaces) by extensions ['colcon_pkg']
[1.862s] Level 1:colcon.colcon_core.package_identification:_identify(src/more_interfaces) by extension 'colcon_pkg'
[1.862s] Level 1:colcon.colcon_core.package_identification:_identify(src/more_interfaces) by extensions ['colcon_meta']
[1.862s] Level 1:colcon.colcon_core.package_identification:_identify(src/more_interfaces) by extension 'colcon_meta'
[1.862s] Level 1:colcon.colcon_core.package_identification:_identify(src/more_interfaces) by extensions ['ros']
[1.863s] Level 1:colcon.colcon_core.package_identification:_identify(src/more_interfaces) by extension 'ros'
[1.865s] DEBUG:colcon.colcon_core.package_identification:Package 'src/more_interfaces' with type 'ros.ament_cmake' and name 'more_interfaces'
[1.865s] Level 1:colcon.colcon_core.package_identification:_identify(src/my_package) by extensions ['ignore', 'ignore_ament_install']
[1.866s] Level 1:colcon.colcon_core.package_identification:_identify(src/my_package) by extension 'ignore'
[1.866s] Level 1:colcon.colcon_core.package_identification:_identify(src/my_package) by extension 'ignore_ament_install'
[1.866s] Level 1:colcon.colcon_core.package_identification:_identify(src/my_package) by extensions ['colcon_pkg']
[1.866s] Level 1:colcon.colcon_core.package_identification:_identify(src/my_package) by extension 'colcon_pkg'
[1.866s] Level 1:colcon.colcon_core.package_identification:_identify(src/my_package) by extensions ['colcon_meta']
[1.867s] Level 1:colcon.colcon_core.package_identification:_identify(src/my_package) by extension 'colcon_meta'
[1.867s] Level 1:colcon.colcon_core.package_identification:_identify(src/my_package) by extensions ['ros']
[1.867s] Level 1:colcon.colcon_core.package_identification:_identify(src/my_package) by extension 'ros'
[1.869s] DEBUG:colcon.colcon_core.package_identification:Package 'src/my_package' with type 'ros.ament_cmake' and name 'my_package'
[1.870s] Level 1:colcon.colcon_core.package_identification:_identify(src/polygon_base) by extensions ['ignore', 'ignore_ament_install']
[1.871s] Level 1:colcon.colcon_core.package_identification:_identify(src/polygon_base) by extension 'ignore'
[1.871s] Level 1:colcon.colcon_core.package_identification:_identify(src/polygon_base) by extension 'ignore_ament_install'
[1.871s] Level 1:colcon.colcon_core.package_identification:_identify(src/polygon_base) by extensions ['colcon_pkg']
[1.871s] Level 1:colcon.colcon_core.package_identification:_identify(src/polygon_base) by extension 'colcon_pkg'
[1.871s] Level 1:colcon.colcon_core.package_identification:_identify(src/polygon_base) by extensions ['colcon_meta']
[1.872s] Level 1:colcon.colcon_core.package_identification:_identify(src/polygon_base) by extension 'colcon_meta'
[1.872s] Level 1:colcon.colcon_core.package_identification:_identify(src/polygon_base) by extensions ['ros']
[1.872s] Level 1:colcon.colcon_core.package_identification:_identify(src/polygon_base) by extension 'ros'
[1.874s] DEBUG:colcon.colcon_core.package_identification:Package 'src/polygon_base' with type 'ros.ament_cmake' and name 'polygon_base'
[1.875s] Level 1:colcon.colcon_core.package_identification:_identify(src/polygon_plugins) by extensions ['ignore', 'ignore_ament_install']
[1.875s] Level 1:colcon.colcon_core.package_identification:_identify(src/polygon_plugins) by extension 'ignore'
[1.875s] Level 1:colcon.colcon_core.package_identification:_identify(src/polygon_plugins) by extension 'ignore_ament_install'
[1.876s] Level 1:colcon.colcon_core.package_identification:_identify(src/polygon_plugins) by extensions ['colcon_pkg']
[1.876s] Level 1:colcon.colcon_core.package_identification:_identify(src/polygon_plugins) by extension 'colcon_pkg'
[1.876s] Level 1:colcon.colcon_core.package_identification:_identify(src/polygon_plugins) by extensions ['colcon_meta']
[1.876s] Level 1:colcon.colcon_core.package_identification:_identify(src/polygon_plugins) by extension 'colcon_meta'
[1.876s] Level 1:colcon.colcon_core.package_identification:_identify(src/polygon_plugins) by extensions ['ros']
[1.877s] Level 1:colcon.colcon_core.package_identification:_identify(src/polygon_plugins) by extension 'ros'
[1.879s] DEBUG:colcon.colcon_core.package_identification:Package 'src/polygon_plugins' with type 'ros.ament_cmake' and name 'polygon_plugins'
[1.880s] Level 1:colcon.colcon_core.package_identification:_identify(src/py_launch_example) by extensions ['ignore', 'ignore_ament_install']
[1.880s] Level 1:colcon.colcon_core.package_identification:_identify(src/py_launch_example) by extension 'ignore'
[1.880s] Level 1:colcon.colcon_core.package_identification:_identify(src/py_launch_example) by extension 'ignore_ament_install'
[1.881s] Level 1:colcon.colcon_core.package_identification:_identify(src/py_launch_example) by extensions ['colcon_pkg']
[1.881s] Level 1:colcon.colcon_core.package_identification:_identify(src/py_launch_example) by extension 'colcon_pkg'
[1.881s] Level 1:colcon.colcon_core.package_identification:_identify(src/py_launch_example) by extensions ['colcon_meta']
[1.881s] Level 1:colcon.colcon_core.package_identification:_identify(src/py_launch_example) by extension 'colcon_meta'
[1.881s] Level 1:colcon.colcon_core.package_identification:_identify(src/py_launch_example) by extensions ['ros']
[1.881s] Level 1:colcon.colcon_core.package_identification:_identify(src/py_launch_example) by extension 'ros'
[1.883s] DEBUG:colcon.colcon_core.package_identification:Package 'src/py_launch_example' with type 'ros.ament_python' and name 'py_launch_example'
[1.884s] Level 1:colcon.colcon_core.package_identification:_identify(src/py_pubsub) by extensions ['ignore', 'ignore_ament_install']
[1.884s] Level 1:colcon.colcon_core.package_identification:_identify(src/py_pubsub) by extension 'ignore'
[1.885s] Level 1:colcon.colcon_core.package_identification:_identify(src/py_pubsub) by extension 'ignore_ament_install'
[1.885s] Level 1:colcon.colcon_core.package_identification:_identify(src/py_pubsub) by extensions ['colcon_pkg']
[1.885s] Level 1:colcon.colcon_core.package_identification:_identify(src/py_pubsub) by extension 'colcon_pkg'
[1.885s] Level 1:colcon.colcon_core.package_identification:_identify(src/py_pubsub) by extensions ['colcon_meta']
[1.885s] Level 1:colcon.colcon_core.package_identification:_identify(src/py_pubsub) by extension 'colcon_meta'
[1.886s] Level 1:colcon.colcon_core.package_identification:_identify(src/py_pubsub) by extensions ['ros']
[1.886s] Level 1:colcon.colcon_core.package_identification:_identify(src/py_pubsub) by extension 'ros'
[1.888s] DEBUG:colcon.colcon_core.package_identification:Package 'src/py_pubsub' with type 'ros.ament_python' and name 'py_pubsub'
[1.889s] Level 1:colcon.colcon_core.package_identification:_identify(src/py_srvcli) by extensions ['ignore', 'ignore_ament_install']
[1.889s] Level 1:colcon.colcon_core.package_identification:_identify(src/py_srvcli) by extension 'ignore'
[1.890s] Level 1:colcon.colcon_core.package_identification:_identify(src/py_srvcli) by extension 'ignore_ament_install'
[1.890s] Level 1:colcon.colcon_core.package_identification:_identify(src/py_srvcli) by extensions ['colcon_pkg']
[1.890s] Level 1:colcon.colcon_core.package_identification:_identify(src/py_srvcli) by extension 'colcon_pkg'
[1.890s] Level 1:colcon.colcon_core.package_identification:_identify(src/py_srvcli) by extensions ['colcon_meta']
[1.890s] Level 1:colcon.colcon_core.package_identification:_identify(src/py_srvcli) by extension 'colcon_meta'
[1.891s] Level 1:colcon.colcon_core.package_identification:_identify(src/py_srvcli) by extensions ['ros']
[1.891s] Level 1:colcon.colcon_core.package_identification:_identify(src/py_srvcli) by extension 'ros'
[1.893s] DEBUG:colcon.colcon_core.package_identification:Package 'src/py_srvcli' with type 'ros.ament_python' and name 'py_srvcli'
[1.894s] Level 1:colcon.colcon_core.package_identification:_identify(src/python_parameters) by extensions ['ignore', 'ignore_ament_install']
[1.894s] Level 1:colcon.colcon_core.package_identification:_identify(src/python_parameters) by extension 'ignore'
[1.895s] Level 1:colcon.colcon_core.package_identification:_identify(src/python_parameters) by extension 'ignore_ament_install'
[1.895s] Level 1:colcon.colcon_core.package_identification:_identify(src/python_parameters) by extensions ['colcon_pkg']
[1.895s] Level 1:colcon.colcon_core.package_identification:_identify(src/python_parameters) by extension 'colcon_pkg'
[1.895s] Level 1:colcon.colcon_core.package_identification:_identify(src/python_parameters) by extensions ['colcon_meta']
[1.895s] Level 1:colcon.colcon_core.package_identification:_identify(src/python_parameters) by extension 'colcon_meta'
[1.896s] Level 1:colcon.colcon_core.package_identification:_identify(src/python_parameters) by extensions ['ros']
[1.896s] Level 1:colcon.colcon_core.package_identification:_identify(src/python_parameters) by extension 'ros'
[1.902s] DEBUG:colcon.colcon_core.package_identification:Package 'src/python_parameters' with type 'ros.ament_python' and name 'python_parameters'
[1.902s] Level 1:colcon.colcon_core.package_identification:_identify(src/ros_tutorials) by extensions ['ignore', 'ignore_ament_install']
[1.903s] Level 1:colcon.colcon_core.package_identification:_identify(src/ros_tutorials) by extension 'ignore'
[1.903s] Level 1:colcon.colcon_core.package_identification:_identify(src/ros_tutorials) by extension 'ignore_ament_install'
[1.904s] Level 1:colcon.colcon_core.package_identification:_identify(src/ros_tutorials) by extensions ['colcon_pkg']
[1.904s] Level 1:colcon.colcon_core.package_identification:_identify(src/ros_tutorials) by extension 'colcon_pkg'
[1.904s] Level 1:colcon.colcon_core.package_identification:_identify(src/ros_tutorials) by extensions ['colcon_meta']
[1.904s] Level 1:colcon.colcon_core.package_identification:_identify(src/ros_tutorials) by extension 'colcon_meta'
[1.905s] Level 1:colcon.colcon_core.package_identification:_identify(src/ros_tutorials) by extensions ['ros']
[1.905s] Level 1:colcon.colcon_core.package_identification:_identify(src/ros_tutorials) by extension 'ros'
[1.905s] Level 1:colcon.colcon_core.package_identification:_identify(src/ros_tutorials) by extensions ['cmake', 'python']
[1.905s] Level 1:colcon.colcon_core.package_identification:_identify(src/ros_tutorials) by extension 'cmake'
[1.905s] Level 1:colcon.colcon_core.package_identification:_identify(src/ros_tutorials) by extension 'python'
[1.906s] Level 1:colcon.colcon_core.package_identification:_identify(src/ros_tutorials) by extensions ['python_setup_py']
[1.906s] Level 1:colcon.colcon_core.package_identification:_identify(src/ros_tutorials) by extension 'python_setup_py'
[1.906s] Level 1:colcon.colcon_core.package_identification:_identify(src/tf2_tools) by extensions ['ignore', 'ignore_ament_install']
[1.907s] Level 1:colcon.colcon_core.package_identification:_identify(src/tf2_tools) by extension 'ignore'
[1.907s] Level 1:colcon.colcon_core.package_identification:_identify(src/tf2_tools) by extension 'ignore_ament_install'
[1.907s] Level 1:colcon.colcon_core.package_identification:_identify(src/tf2_tools) by extensions ['colcon_pkg']
[1.907s] Level 1:colcon.colcon_core.package_identification:_identify(src/tf2_tools) by extension 'colcon_pkg'
[1.908s] Level 1:colcon.colcon_core.package_identification:_identify(src/tf2_tools) by extensions ['colcon_meta']
[1.908s] Level 1:colcon.colcon_core.package_identification:_identify(src/tf2_tools) by extension 'colcon_meta'
[1.908s] Level 1:colcon.colcon_core.package_identification:_identify(src/tf2_tools) by extensions ['ros']
[1.908s] Level 1:colcon.colcon_core.package_identification:_identify(src/tf2_tools) by extension 'ros'
[1.909s] Level 1:colcon.colcon_core.package_identification:_identify(src/tf2_tools) by extensions ['cmake', 'python']
[1.909s] Level 1:colcon.colcon_core.package_identification:_identify(src/tf2_tools) by extension 'cmake'
[1.909s] Level 1:colcon.colcon_core.package_identification:_identify(src/tf2_tools) by extension 'python'
[1.910s] Level 1:colcon.colcon_core.package_identification:_identify(src/tf2_tools) by extensions ['python_setup_py']
[1.910s] Level 1:colcon.colcon_core.package_identification:_identify(src/tf2_tools) by extension 'python_setup_py'
[1.911s] Level 1:colcon.colcon_core.package_identification:_identify(src/tutorial_interfaces) by extensions ['ignore', 'ignore_ament_install']
[1.911s] Level 1:colcon.colcon_core.package_identification:_identify(src/tutorial_interfaces) by extension 'ignore'
[1.912s] Level 1:colcon.colcon_core.package_identification:_identify(src/tutorial_interfaces) by extension 'ignore_ament_install'
[1.912s] Level 1:colcon.colcon_core.package_identification:_identify(src/tutorial_interfaces) by extensions ['colcon_pkg']
[1.912s] Level 1:colcon.colcon_core.package_identification:_identify(src/tutorial_interfaces) by extension 'colcon_pkg'
[1.913s] Level 1:colcon.colcon_core.package_identification:_identify(src/tutorial_interfaces) by extensions ['colcon_meta']
[1.913s] Level 1:colcon.colcon_core.package_identification:_identify(src/tutorial_interfaces) by extension 'colcon_meta'
[1.913s] Level 1:colcon.colcon_core.package_identification:_identify(src/tutorial_interfaces) by extensions ['ros']
[1.913s] Level 1:colcon.colcon_core.package_identification:_identify(src/tutorial_interfaces) by extension 'ros'
[1.916s] DEBUG:colcon.colcon_core.package_identification:Package 'src/tutorial_interfaces' with type 'ros.ament_cmake' and name 'tutorial_interfaces'
[1.916s] Level 1:colcon.colcon_core.package_discovery:discover_packages(recursive) using defaults
[1.916s] Level 1:colcon.colcon_core.package_discovery:discover_packages(ignore) discover
[1.916s] Level 1:colcon.colcon_core.package_discovery:discover_packages(ignore) using defaults
[1.916s] Level 1:colcon.colcon_core.package_discovery:discover_packages(path) discover
[1.916s] Level 1:colcon.colcon_core.package_discovery:discover_packages(path) using defaults
[2.018s] INFO:colcon.colcon_core.package_selection:Skipping not selected package 'cpp_parameter_event_handler' in 'src/cpp_parameter_event_handler'
[2.018s] INFO:colcon.colcon_core.package_selection:Skipping not selected package 'cpp_parameters' in 'src/cpp_parameters'
[2.024s] INFO:colcon.colcon_core.package_selection:Skipping not selected package 'custom_action_interfaces' in 'src/custom_action_interfaces'
[2.024s] INFO:colcon.colcon_core.package_selection:Skipping not selected package 'custom_action_python' in 'src/custom_action_python'
[2.024s] INFO:colcon.colcon_core.package_selection:Skipping not selected package 'launch_tutorial' in 'src/launch_tutorial'
[2.024s] INFO:colcon.colcon_core.package_selection:Skipping not selected package 'learning_tf2_cpp' in 'src/learning_tf2_cpp'
[2.024s] INFO:colcon.colcon_core.package_selection:Skipping not selected package 'more_interfaces' in 'src/more_interfaces'
[2.024s] INFO:colcon.colcon_core.package_selection:Skipping not selected package 'my_package' in 'src/my_package'
[2.024s] INFO:colcon.colcon_core.package_selection:Skipping not selected package 'polygon_base' in 'src/polygon_base'
[2.025s] INFO:colcon.colcon_core.package_selection:Skipping not selected package 'py_launch_example' in 'src/py_launch_example'
[2.025s] INFO:colcon.colcon_core.package_selection:Skipping not selected package 'py_pubsub' in 'src/py_pubsub'
[2.025s] INFO:colcon.colcon_core.package_selection:Skipping not selected package 'py_srvcli' in 'src/py_srvcli'
[2.025s] INFO:colcon.colcon_core.package_selection:Skipping not selected package 'python_parameters' in 'src/python_parameters'
[2.025s] INFO:colcon.colcon_core.package_selection:Skipping not selected package 'tutorial_interfaces' in 'src/tutorial_interfaces'
[2.025s] INFO:colcon.colcon_core.package_selection:Skipping not selected package 'cpp_pubsub' in 'src/cpp_pubsub'
[2.025s] INFO:colcon.colcon_core.package_selection:Skipping not selected package 'cpp_srvcli' in 'src/cpp_srvcli'
[2.025s] INFO:colcon.colcon_core.package_selection:Skipping not selected package 'custom_action_cpp' in 'src/custom_action_cpp'
[2.025s] INFO:colcon.colcon_core.package_selection:Skipping not selected package 'polygon_plugins' in 'src/polygon_plugins'
[2.030s] Level 1:colcon.colcon_core.package_discovery:discover_packages(prefix_path) check parameters
[2.030s] Level 1:colcon.colcon_core.package_discovery:discover_packages(prefix_path) discover
[2.053s] DEBUG:colcon.colcon_installed_package_information.package_discovery:Found 19 installed packages in /home/hsun/ros2_ws/install
[2.065s] DEBUG:colcon.colcon_installed_package_information.package_discovery:Found 283 installed packages in /opt/ros/iron
[2.072s] Level 1:colcon.colcon_core.package_discovery:discover_packages(prefix_path) using defaults
[2.375s] Level 5:colcon.colcon_core.verb:set package 'learning_tf2_py' build argument 'cmake_args' from command line to 'None'
[2.376s] Level 5:colcon.colcon_core.verb:set package 'learning_tf2_py' build argument 'cmake_target' from command line to 'None'
[2.377s] Level 5:colcon.colcon_core.verb:set package 'learning_tf2_py' build argument 'cmake_target_skip_unavailable' from command line to 'False'
[2.377s] Level 5:colcon.colcon_core.verb:set package 'learning_tf2_py' build argument 'cmake_clean_cache' from command line to 'False'
[2.378s] Level 5:colcon.colcon_core.verb:set package 'learning_tf2_py' build argument 'cmake_clean_first' from command line to 'False'
[2.379s] Level 5:colcon.colcon_core.verb:set package 'learning_tf2_py' build argument 'cmake_force_configure' from command line to 'False'
[2.380s] Level 5:colcon.colcon_core.verb:set package 'learning_tf2_py' build argument 'ament_cmake_args' from command line to 'None'
[2.380s] Level 5:colcon.colcon_core.verb:set package 'learning_tf2_py' build argument 'catkin_cmake_args' from command line to 'None'
[2.381s] Level 5:colcon.colcon_core.verb:set package 'learning_tf2_py' build argument 'catkin_skip_building_tests' from command line to 'False'
[2.381s] DEBUG:colcon.colcon_core.verb:Building package 'learning_tf2_py' with the following arguments: {'ament_cmake_args': None, 'build_base': '/home/hsun/ros2_ws/build/learning_tf2_py', 'catkin_cmake_args': None, 'catkin_skip_building_tests': False, 'cmake_args': None, 'cmake_clean_cache': False, 'cmake_clean_first': False, 'cmake_force_configure': False, 'cmake_target': None, 'cmake_target_skip_unavailable': False, 'install_base': '/home/hsun/ros2_ws/install/learning_tf2_py', 'merge_install': False, 'path': '/home/hsun/ros2_ws/src/learning_tf2_py', 'symlink_install': False, 'test_result_base': None}
[2.387s] INFO:colcon.colcon_core.executor:Executing jobs using 'parallel' executor
[2.427s] DEBUG:colcon.colcon_parallel_executor.executor.parallel:run_until_complete
[2.429s] INFO:colcon.colcon_ros.task.ament_python.build:Building ROS package in '/home/hsun/ros2_ws/src/learning_tf2_py' with build type 'ament_python'
[2.435s] Level 1:colcon.colcon_core.shell:create_environment_hook('learning_tf2_py', 'ament_prefix_path')
[2.493s] INFO:colcon.colcon_core.plugin_system:Skipping extension 'colcon_core.shell.bat': Not used on non-Windows systems
[2.495s] INFO:colcon.colcon_core.shell:Creating environment hook '/home/hsun/ros2_ws/install/learning_tf2_py/share/learning_tf2_py/hook/ament_prefix_path.ps1'
[2.500s] INFO:colcon.colcon_core.shell:Creating environment descriptor '/home/hsun/ros2_ws/install/learning_tf2_py/share/learning_tf2_py/hook/ament_prefix_path.dsv'
[2.503s] INFO:colcon.colcon_core.shell:Creating environment hook '/home/hsun/ros2_ws/install/learning_tf2_py/share/learning_tf2_py/hook/ament_prefix_path.sh'
[2.517s] INFO:colcon.colcon_core.shell:Skip shell extension 'powershell' for command environment: Not usable outside of PowerShell
[2.517s] DEBUG:colcon.colcon_core.shell:Skip shell extension 'dsv' for command environment
[5.417s] INFO:colcon.colcon_core.task.python.build:Building Python package in '/home/hsun/ros2_ws/src/learning_tf2_py'
[5.432s] INFO:colcon.colcon_core.shell:Skip shell extension 'powershell' for command environment: Not usable outside of PowerShell
[5.433s] DEBUG:colcon.colcon_core.shell:Skip shell extension 'dsv' for command environment
[9.255s] DEBUG:colcon.colcon_core.event_handler.log_command:Invoking command in '/home/hsun/ros2_ws/src/learning_tf2_py': PYTHONPATH=/home/hsun/ros2_ws/build/learning_tf2_py/prefix_override:/home/hsun/ros2_ws/install/learning_tf2_py/lib/python3.10/site-packages:${PYTHONPATH} /usr/bin/python3 setup.py egg_info --egg-base ../../build/learning_tf2_py build --build-base /home/hsun/ros2_ws/build/learning_tf2_py/build install --record /home/hsun/ros2_ws/build/learning_tf2_py/install.log --single-version-externally-managed
[12.993s] DEBUG:colcon.colcon_core.event_handler.log_command:Invoked command in '/home/hsun/ros2_ws/src/learning_tf2_py' returned '0': PYTHONPATH=/home/hsun/ros2_ws/build/learning_tf2_py/prefix_override:/home/hsun/ros2_ws/install/learning_tf2_py/lib/python3.10/site-packages:${PYTHONPATH} /usr/bin/python3 setup.py egg_info --egg-base ../../build/learning_tf2_py build --build-base /home/hsun/ros2_ws/build/learning_tf2_py/build install --record /home/hsun/ros2_ws/build/learning_tf2_py/install.log --single-version-externally-managed
[13.036s] Level 1:colcon.colcon_core.environment:checking '/home/hsun/ros2_ws/install/learning_tf2_py' for CMake module files
[13.040s] Level 1:colcon.colcon_core.environment:checking '/home/hsun/ros2_ws/install/learning_tf2_py' for CMake config files
[13.055s] Level 1:colcon.colcon_core.environment:checking '/home/hsun/ros2_ws/install/learning_tf2_py/lib'
[13.059s] Level 1:colcon.colcon_core.environment:checking '/home/hsun/ros2_ws/install/learning_tf2_py/bin'
[13.061s] Level 1:colcon.colcon_core.environment:checking '/home/hsun/ros2_ws/install/learning_tf2_py/lib/pkgconfig/learning_tf2_py.pc'
[13.064s] Level 1:colcon.colcon_core.environment:checking '/home/hsun/ros2_ws/install/learning_tf2_py/lib/python3.10/site-packages'
[13.065s] Level 1:colcon.colcon_core.shell:create_environment_hook('learning_tf2_py', 'pythonpath')
[13.080s] INFO:colcon.colcon_core.shell:Creating environment hook '/home/hsun/ros2_ws/install/learning_tf2_py/share/learning_tf2_py/hook/pythonpath.ps1'
[13.086s] INFO:colcon.colcon_core.shell:Creating environment descriptor '/home/hsun/ros2_ws/install/learning_tf2_py/share/learning_tf2_py/hook/pythonpath.dsv'
[13.092s] INFO:colcon.colcon_core.shell:Creating environment hook '/home/hsun/ros2_ws/install/learning_tf2_py/share/learning_tf2_py/hook/pythonpath.sh'
[13.103s] Level 1:colcon.colcon_core.environment:checking '/home/hsun/ros2_ws/install/learning_tf2_py/bin'
[13.105s] Level 1:colcon.colcon_core.environment:create_environment_scripts_only(learning_tf2_py)
[13.121s] INFO:colcon.colcon_core.shell:Creating package script '/home/hsun/ros2_ws/install/learning_tf2_py/share/learning_tf2_py/package.ps1'
[13.126s] INFO:colcon.colcon_core.shell:Creating package descriptor '/home/hsun/ros2_ws/install/learning_tf2_py/share/learning_tf2_py/package.dsv'
[13.132s] INFO:colcon.colcon_core.shell:Creating package script '/home/hsun/ros2_ws/install/learning_tf2_py/share/learning_tf2_py/package.sh'
[13.140s] INFO:colcon.colcon_core.shell:Creating package script '/home/hsun/ros2_ws/install/learning_tf2_py/share/learning_tf2_py/package.bash'
[13.152s] INFO:colcon.colcon_core.shell:Creating package script '/home/hsun/ros2_ws/install/learning_tf2_py/share/learning_tf2_py/package.zsh'
[13.159s] Level 1:colcon.colcon_core.environment:create_file_with_runtime_dependencies(/home/hsun/ros2_ws/install/learning_tf2_py/share/colcon-core/packages/learning_tf2_py)
[13.163s] DEBUG:colcon.colcon_parallel_executor.executor.parallel:closing loop
[13.165s] DEBUG:colcon.colcon_parallel_executor.executor.parallel:loop closed
[13.165s] DEBUG:colcon.colcon_parallel_executor.executor.parallel:run_until_complete finished with '0'
[13.166s] DEBUG:colcon.colcon_core.event_reactor:joining thread
[13.237s] INFO:colcon.colcon_core.plugin_system:Skipping extension 'colcon_notification.desktop_notification.terminal_notifier': Not used on non-Darwin systems
[13.238s] INFO:colcon.colcon_core.plugin_system:Skipping extension 'colcon_notification.desktop_notification.win32': Not used on non-Windows systems
[13.239s] INFO:colcon.colcon_notification.desktop_notification:Sending desktop notification using 'notify2'
[13.392s] DEBUG:colcon.colcon_core.event_reactor:joined thread
[13.410s] INFO:colcon.colcon_core.shell:Creating prefix script '/home/hsun/ros2_ws/install/local_setup.ps1'
[13.418s] INFO:colcon.colcon_core.shell:Creating prefix util module '/home/hsun/ros2_ws/install/_local_setup_util_ps1.py'
[13.434s] INFO:colcon.colcon_core.shell:Creating prefix chain script '/home/hsun/ros2_ws/install/setup.ps1'
[13.461s] INFO:colcon.colcon_core.shell:Creating prefix script '/home/hsun/ros2_ws/install/local_setup.sh'
[13.467s] INFO:colcon.colcon_core.shell:Creating prefix util module '/home/hsun/ros2_ws/install/_local_setup_util_sh.py'
[13.473s] INFO:colcon.colcon_core.shell:Creating prefix chain script '/home/hsun/ros2_ws/install/setup.sh'
[13.499s] INFO:colcon.colcon_core.shell:Creating prefix script '/home/hsun/ros2_ws/install/local_setup.bash'
[13.505s] INFO:colcon.colcon_core.shell:Creating prefix chain script '/home/hsun/ros2_ws/install/setup.bash'
[13.533s] INFO:colcon.colcon_core.shell:Creating prefix script '/home/hsun/ros2_ws/install/local_setup.zsh'
[13.538s] INFO:colcon.colcon_core.shell:Creating prefix chain script '/home/hsun/ros2_ws/install/setup.zsh'
