[7.887s] Invoking command in '/home/hsun/ros2_ws/src/learning_tf2_py': PYTHONPATH=/home/hsun/ros2_ws/build/learning_tf2_py/prefix_override:/home/hsun/ros2_ws/install/learning_tf2_py/lib/python3.10/site-packages:${PYTHONPATH} /usr/bin/python3 setup.py egg_info --egg-base ../../build/learning_tf2_py build --build-base /home/hsun/ros2_ws/build/learning_tf2_py/build install --record /home/hsun/ros2_ws/build/learning_tf2_py/install.log --single-version-externally-managed
[10.900s] running egg_info
[10.903s] writing ../../build/learning_tf2_py/learning_tf2_py.egg-info/PKG-INFO
[10.906s] writing dependency_links to ../../build/learning_tf2_py/learning_tf2_py.egg-info/dependency_links.txt
[10.918s] writing entry points to ../../build/learning_tf2_py/learning_tf2_py.egg-info/entry_points.txt
[10.919s] writing requirements to ../../build/learning_tf2_py/learning_tf2_py.egg-info/requires.txt
[10.921s] writing top-level names to ../../build/learning_tf2_py/learning_tf2_py.egg-info/top_level.txt
[10.936s] reading manifest file '../../build/learning_tf2_py/learning_tf2_py.egg-info/SOURCES.txt'
[10.948s] writing manifest file '../../build/learning_tf2_py/learning_tf2_py.egg-info/SOURCES.txt'
[10.951s] running build
[10.961s] running build_py
[10.968s] copying learning_tf2_py/turtle_tf2_listener.py -> /home/hsun/ros2_ws/build/learning_tf2_py/build/lib/learning_tf2_py
[10.969s] running install
[10.970s] /usr/lib/python3/dist-packages/setuptools/command/install.py:34: SetuptoolsDeprecationWarning: setup.py install is deprecated. Use build and pip and other standards-based tools.
[10.972s]   warnings.warn(
[10.973s] running install_lib
[10.975s] copying /home/hsun/ros2_ws/build/learning_tf2_py/build/lib/learning_tf2_py/turtle_tf2_listener.py -> /home/hsun/ros2_ws/install/learning_tf2_py/lib/python3.10/site-packages/learning_tf2_py
[10.981s] byte-compiling /home/hsun/ros2_ws/install/learning_tf2_py/lib/python3.10/site-packages/learning_tf2_py/turtle_tf2_listener.py to turtle_tf2_listener.cpython-310.pyc
[10.989s] running install_data
[10.995s] running install_egg_info
[11.014s] removing '/home/hsun/ros2_ws/install/learning_tf2_py/lib/python3.10/site-packages/learning_tf2_py-0.0.0-py3.10.egg-info' (and everything under it)
[11.021s] Copying ../../build/learning_tf2_py/learning_tf2_py.egg-info to /home/hsun/ros2_ws/install/learning_tf2_py/lib/python3.10/site-packages/learning_tf2_py-0.0.0-py3.10.egg-info
[11.037s] running install_scripts
[11.284s] Installing dynamic_frame_tf2_broadcaster script to /home/hsun/ros2_ws/install/learning_tf2_py/lib/learning_tf2_py
[11.287s] Installing fixed_frame_tf2_broadcaster script to /home/hsun/ros2_ws/install/learning_tf2_py/lib/learning_tf2_py
[11.289s] Installing static_turtle_tf2_broadcaster script to /home/hsun/ros2_ws/install/learning_tf2_py/lib/learning_tf2_py
[11.292s] Installing turtle_tf2_broadcaster script to /home/hsun/ros2_ws/install/learning_tf2_py/lib/learning_tf2_py
[11.301s] Installing turtle_tf2_listener script to /home/hsun/ros2_ws/install/learning_tf2_py/lib/learning_tf2_py
[11.307s] writing list of installed files to '/home/hsun/ros2_ws/build/learning_tf2_py/install.log'
[11.642s] Invoked command in '/home/hsun/ros2_ws/src/learning_tf2_py' returned '0': PYTHONPATH=/home/hsun/ros2_ws/build/learning_tf2_py/prefix_override:/home/hsun/ros2_ws/install/learning_tf2_py/lib/python3.10/site-packages:${PYTHONPATH} /usr/bin/python3 setup.py egg_info --egg-base ../../build/learning_tf2_py build --build-base /home/hsun/ros2_ws/build/learning_tf2_py/build install --record /home/hsun/ros2_ws/build/learning_tf2_py/install.log --single-version-externally-managed
