[9.229s] Invoking command in '/home/hsun/ros2_ws/src/learning_tf2_py': CMAKE_PREFIX_PATH=/home/hsun/ros2_ws/install/turtlesim:/home/hsun/ros2_ws/install/cpp_srvcli:/home/hsun/ros2_ws/install/cpp_pubsub:/home/hsun/ros2_ws/install/tutorial_interfaces:/home/hsun/ros2_ws/install/polygon_plugins:/home/hsun/ros2_ws/install/polygon_base:/home/hsun/ros2_ws/install/my_package:/home/hsun/ros2_ws/install/more_interfaces:/home/hsun/ros2_ws/install/custom_action_cpp:/home/hsun/ros2_ws/install/custom_action_interfaces:/home/hsun/ros2_ws/install/cpp_parameters:/home/hsun/ros2_ws/install/cpp_parameter_event_handler LD_LIBRARY_PATH=/home/hsun/ros2_ws/install/turtlesim/lib:/home/hsun/ros2_ws/install/tutorial_interfaces/lib:/home/hsun/ros2_ws/install/polygon_plugins/lib:/home/hsun/ros2_ws/install/more_interfaces/lib:/home/hsun/ros2_ws/install/custom_action_cpp/lib:/home/hsun/ros2_ws/install/custom_action_interfaces/lib:/opt/ros/iron/opt/rviz_ogre_vendor/lib:/opt/ros/iron/lib/aarch64-linux-gnu:/opt/ros/iron/lib PYTHONPATH=/home/hsun/ros2_ws/build/learning_tf2_py/prefix_override:/home/hsun/ros2_ws/install/learning_tf2_py/lib/python3.10/site-packages:/home/hsun/ros2_ws/install/turtlesim/lib/python3.10/site-packages:/home/hsun/ros2_ws/install/learning_tf2_py/lib/python3.10/site-packages:/home/hsun/ros2_ws/install/tutorial_interfaces/lib/python3.10/site-packages:/home/hsun/ros2_ws/install/python_parameters/lib/python3.10/site-packages:/home/hsun/ros2_ws/install/py_srvcli/lib/python3.10/site-packages:/home/hsun/ros2_ws/install/py_pubsub/lib/python3.10/site-packages:/home/hsun/ros2_ws/install/py_launch_example/lib/python3.10/site-packages:/home/hsun/ros2_ws/install/more_interfaces/lib/python3.10/site-packages:/home/hsun/ros2_ws/install/launch_tutorial/lib/python3.10/site-packages:/home/hsun/ros2_ws/install/custom_action_interfaces/lib/python3.10/site-packages:/opt/ros/iron/lib/python3.10/site-packages /usr/bin/python3 setup.py egg_info --egg-base ../../build/learning_tf2_py build --build-base /home/hsun/ros2_ws/build/learning_tf2_py/build install --record /home/hsun/ros2_ws/build/learning_tf2_py/install.log --single-version-externally-managed
[11.878s] running egg_info
[11.883s] writing ../../build/learning_tf2_py/learning_tf2_py.egg-info/PKG-INFO
[11.884s] writing dependency_links to ../../build/learning_tf2_py/learning_tf2_py.egg-info/dependency_links.txt
[11.886s] writing entry points to ../../build/learning_tf2_py/learning_tf2_py.egg-info/entry_points.txt
[11.887s] writing requirements to ../../build/learning_tf2_py/learning_tf2_py.egg-info/requires.txt
[11.888s] writing top-level names to ../../build/learning_tf2_py/learning_tf2_py.egg-info/top_level.txt
[11.904s] reading manifest file '../../build/learning_tf2_py/learning_tf2_py.egg-info/SOURCES.txt'
[11.912s] writing manifest file '../../build/learning_tf2_py/learning_tf2_py.egg-info/SOURCES.txt'
[11.913s] running build
[11.914s] running build_py
[11.918s] running install
[11.921s] /usr/lib/python3/dist-packages/setuptools/command/install.py:34: SetuptoolsDeprecationWarning: setup.py install is deprecated. Use build and pip and other standards-based tools.
[11.922s]   warnings.warn(
[11.924s] running install_lib
[11.939s] running install_data
[11.940s] running install_egg_info
[11.950s] removing '/home/hsun/ros2_ws/install/learning_tf2_py/lib/python3.10/site-packages/learning_tf2_py-0.0.0-py3.10.egg-info' (and everything under it)
[11.952s] Copying ../../build/learning_tf2_py/learning_tf2_py.egg-info to /home/hsun/ros2_ws/install/learning_tf2_py/lib/python3.10/site-packages/learning_tf2_py-0.0.0-py3.10.egg-info
[11.958s] running install_scripts
[12.078s] Installing static_turtle_tf2_broadcaster script to /home/hsun/ros2_ws/install/learning_tf2_py/lib/learning_tf2_py
[12.079s] Installing turtle_tf2_broadcaster script to /home/hsun/ros2_ws/install/learning_tf2_py/lib/learning_tf2_py
[12.081s] writing list of installed files to '/home/hsun/ros2_ws/build/learning_tf2_py/install.log'
[12.335s] Invoked command in '/home/hsun/ros2_ws/src/learning_tf2_py' returned '0': CMAKE_PREFIX_PATH=/home/hsun/ros2_ws/install/turtlesim:/home/hsun/ros2_ws/install/cpp_srvcli:/home/hsun/ros2_ws/install/cpp_pubsub:/home/hsun/ros2_ws/install/tutorial_interfaces:/home/hsun/ros2_ws/install/polygon_plugins:/home/hsun/ros2_ws/install/polygon_base:/home/hsun/ros2_ws/install/my_package:/home/hsun/ros2_ws/install/more_interfaces:/home/hsun/ros2_ws/install/custom_action_cpp:/home/hsun/ros2_ws/install/custom_action_interfaces:/home/hsun/ros2_ws/install/cpp_parameters:/home/hsun/ros2_ws/install/cpp_parameter_event_handler LD_LIBRARY_PATH=/home/hsun/ros2_ws/install/turtlesim/lib:/home/hsun/ros2_ws/install/tutorial_interfaces/lib:/home/hsun/ros2_ws/install/polygon_plugins/lib:/home/hsun/ros2_ws/install/more_interfaces/lib:/home/hsun/ros2_ws/install/custom_action_cpp/lib:/home/hsun/ros2_ws/install/custom_action_interfaces/lib:/opt/ros/iron/opt/rviz_ogre_vendor/lib:/opt/ros/iron/lib/aarch64-linux-gnu:/opt/ros/iron/lib PYTHONPATH=/home/hsun/ros2_ws/build/learning_tf2_py/prefix_override:/home/hsun/ros2_ws/install/learning_tf2_py/lib/python3.10/site-packages:/home/hsun/ros2_ws/install/turtlesim/lib/python3.10/site-packages:/home/hsun/ros2_ws/install/learning_tf2_py/lib/python3.10/site-packages:/home/hsun/ros2_ws/install/tutorial_interfaces/lib/python3.10/site-packages:/home/hsun/ros2_ws/install/python_parameters/lib/python3.10/site-packages:/home/hsun/ros2_ws/install/py_srvcli/lib/python3.10/site-packages:/home/hsun/ros2_ws/install/py_pubsub/lib/python3.10/site-packages:/home/hsun/ros2_ws/install/py_launch_example/lib/python3.10/site-packages:/home/hsun/ros2_ws/install/more_interfaces/lib/python3.10/site-packages:/home/hsun/ros2_ws/install/launch_tutorial/lib/python3.10/site-packages:/home/hsun/ros2_ws/install/custom_action_interfaces/lib/python3.10/site-packages:/opt/ros/iron/lib/python3.10/site-packages /usr/bin/python3 setup.py egg_info --egg-base ../../build/learning_tf2_py build --build-base /home/hsun/ros2_ws/build/learning_tf2_py/build install --record /home/hsun/ros2_ws/build/learning_tf2_py/install.log --single-version-externally-managed
