[0.195s] Invoking command in '/home/hsun/ros2_ws/build/learning_tf2_cpp': CMAKE_PREFIX_PATH=/home/hsun/ros2_ws/install/turtlesim:/home/hsun/ros2_ws/install/cpp_srvcli:/home/hsun/ros2_ws/install/cpp_pubsub:/home/hsun/ros2_ws/install/tutorial_interfaces:/home/hsun/ros2_ws/install/learning_tf2_cpp:/home/hsun/ros2_ws/install/polygon_plugins:/home/hsun/ros2_ws/install/polygon_base:/home/hsun/ros2_ws/install/my_package:/home/hsun/ros2_ws/install/more_interfaces:/home/hsun/ros2_ws/install/custom_action_cpp:/home/hsun/ros2_ws/install/custom_action_interfaces:/home/hsun/ros2_ws/install/cpp_parameters:/home/hsun/ros2_ws/install/cpp_parameter_event_handler:/home/hsun/ros2_ws/install/learning_tf2_py:/home/hsun/ros2_ws/install/python_parameters:/home/hsun/ros2_ws/install/py_srvcli:/home/hsun/ros2_ws/install/py_pubsub:/home/hsun/ros2_ws/install/py_launch_example:/home/hsun/ros2_ws/install/launch_tutorial:/opt/ros/iron LD_LIBRARY_PATH=/home/hsun/ros2_ws/install/turtlesim/lib:/home/hsun/ros2_ws/install/tutorial_interfaces/lib:/home/hsun/ros2_ws/install/polygon_plugins/lib:/home/hsun/ros2_ws/install/more_interfaces/lib:/home/hsun/ros2_ws/install/custom_action_cpp/lib:/home/hsun/ros2_ws/install/custom_action_interfaces/lib:/opt/ros/iron/opt/rviz_ogre_vendor/lib:/opt/ros/iron/lib/aarch64-linux-gnu:/opt/ros/iron/lib PYTHONPATH=/home/hsun/ros2_ws/install/turtlesim/lib/python3.10/site-packages:/home/hsun/ros2_ws/install/tutorial_interfaces/lib/python3.10/site-packages:/home/hsun/ros2_ws/install/learning_tf2_py/lib/python3.10/site-packages:/home/hsun/ros2_ws/install/python_parameters/lib/python3.10/site-packages:/home/hsun/ros2_ws/install/py_srvcli/lib/python3.10/site-packages:/home/hsun/ros2_ws/install/py_pubsub/lib/python3.10/site-packages:/home/hsun/ros2_ws/install/py_launch_example/lib/python3.10/site-packages:/home/hsun/ros2_ws/install/more_interfaces/lib/python3.10/site-packages:/home/hsun/ros2_ws/install/launch_tutorial/lib/python3.10/site-packages:/home/hsun/ros2_ws/install/custom_action_interfaces/lib/python3.10/site-packages:/opt/ros/iron/lib/python3.10/site-packages /usr/bin/cmake --build /home/hsun/ros2_ws/build/learning_tf2_cpp -- -j4 -l4
[0.444s] -- Found ament_cmake: 2.0.3 (/opt/ros/iron/share/ament_cmake/cmake)
[1.646s] -- Found geometry_msgs: 5.0.0 (/opt/ros/iron/share/geometry_msgs/cmake)
[1.850s] -- Found rosidl_generator_c: 4.0.1 (/opt/ros/iron/share/rosidl_generator_c/cmake)
[1.886s] -- Found rosidl_generator_cpp: 4.0.1 (/opt/ros/iron/share/rosidl_generator_cpp/cmake)
[1.968s] -- Using all available rosidl_typesupport_c: rosidl_typesupport_fastrtps_c;rosidl_typesupport_introspection_c
[2.064s] -- Using all available rosidl_typesupport_cpp: rosidl_typesupport_fastrtps_cpp;rosidl_typesupport_introspection_cpp
[2.556s] -- Found rclcpp: 21.0.2 (/opt/ros/iron/share/rclcpp/cmake)
[3.213s] -- Found rmw_implementation_cmake: 7.1.0 (/opt/ros/iron/share/rmw_implementation_cmake/cmake)
[3.228s] -- Found rmw_fastrtps_cpp: 7.1.1 (/opt/ros/iron/share/rmw_fastrtps_cpp/cmake)
[4.501s] -- Using RMW implementation 'rmw_fastrtps_cpp' as default
[5.287s] -- Found tf2: 0.31.4 (/opt/ros/iron/share/tf2/cmake)
[5.320s] -- Found tf2_ros: 0.31.4 (/opt/ros/iron/share/tf2_ros/cmake)
[7.157s] -- Found turtlesim: 1.6.1 (/home/hsun/ros2_ws/install/turtlesim/share/turtlesim/cmake)
[7.506s] -- Found ament_lint_auto: 0.14.1 (/opt/ros/iron/share/ament_lint_auto/cmake)
[8.046s] -- Added test 'cppcheck' to perform static code analysis on C / C++ code
[8.047s] -- Configured cppcheck include dirs: 
[8.048s] -- Configured cppcheck exclude dirs and/or files: 
[8.051s] -- Added test 'flake8' to check Python code syntax and style conventions
[8.051s] -- Configured 'flake8' exclude dirs and/or files: 
[8.055s] -- Added test 'lint_cmake' to check CMake code style
[8.058s] -- Added test 'pep257' to check Python code against some of the docstring style conventions in PEP 257
[8.069s] -- Added test 'uncrustify' to check C / C++ code style
[8.070s] -- Configured uncrustify additional arguments: 
[8.074s] -- Added test 'xmllint' to check XML markup files
[8.083s] -- Configuring done
[8.194s] -- Generating done
[8.208s] -- Build files have been written to: /home/hsun/ros2_ws/build/learning_tf2_cpp
[8.468s] [ 50%] [32mBuilding CXX object CMakeFiles/turtle_tf2_listener.dir/src/turtle_tf2_listener.cpp.o[0m
[44.865s] [100%] [32m[1mLinking CXX executable turtle_tf2_listener[0m
[47.362s] [100%] Built target turtle_tf2_listener
[47.417s] Invoked command in '/home/hsun/ros2_ws/build/learning_tf2_cpp' returned '0': CMAKE_PREFIX_PATH=/home/hsun/ros2_ws/install/turtlesim:/home/hsun/ros2_ws/install/cpp_srvcli:/home/hsun/ros2_ws/install/cpp_pubsub:/home/hsun/ros2_ws/install/tutorial_interfaces:/home/hsun/ros2_ws/install/learning_tf2_cpp:/home/hsun/ros2_ws/install/polygon_plugins:/home/hsun/ros2_ws/install/polygon_base:/home/hsun/ros2_ws/install/my_package:/home/hsun/ros2_ws/install/more_interfaces:/home/hsun/ros2_ws/install/custom_action_cpp:/home/hsun/ros2_ws/install/custom_action_interfaces:/home/hsun/ros2_ws/install/cpp_parameters:/home/hsun/ros2_ws/install/cpp_parameter_event_handler:/home/hsun/ros2_ws/install/learning_tf2_py:/home/hsun/ros2_ws/install/python_parameters:/home/hsun/ros2_ws/install/py_srvcli:/home/hsun/ros2_ws/install/py_pubsub:/home/hsun/ros2_ws/install/py_launch_example:/home/hsun/ros2_ws/install/launch_tutorial:/opt/ros/iron LD_LIBRARY_PATH=/home/hsun/ros2_ws/install/turtlesim/lib:/home/hsun/ros2_ws/install/tutorial_interfaces/lib:/home/hsun/ros2_ws/install/polygon_plugins/lib:/home/hsun/ros2_ws/install/more_interfaces/lib:/home/hsun/ros2_ws/install/custom_action_cpp/lib:/home/hsun/ros2_ws/install/custom_action_interfaces/lib:/opt/ros/iron/opt/rviz_ogre_vendor/lib:/opt/ros/iron/lib/aarch64-linux-gnu:/opt/ros/iron/lib PYTHONPATH=/home/hsun/ros2_ws/install/turtlesim/lib/python3.10/site-packages:/home/hsun/ros2_ws/install/tutorial_interfaces/lib/python3.10/site-packages:/home/hsun/ros2_ws/install/learning_tf2_py/lib/python3.10/site-packages:/home/hsun/ros2_ws/install/python_parameters/lib/python3.10/site-packages:/home/hsun/ros2_ws/install/py_srvcli/lib/python3.10/site-packages:/home/hsun/ros2_ws/install/py_pubsub/lib/python3.10/site-packages:/home/hsun/ros2_ws/install/py_launch_example/lib/python3.10/site-packages:/home/hsun/ros2_ws/install/more_interfaces/lib/python3.10/site-packages:/home/hsun/ros2_ws/install/launch_tutorial/lib/python3.10/site-packages:/home/hsun/ros2_ws/install/custom_action_interfaces/lib/python3.10/site-packages:/opt/ros/iron/lib/python3.10/site-packages /usr/bin/cmake --build /home/hsun/ros2_ws/build/learning_tf2_cpp -- -j4 -l4
[47.754s] Invoking command in '/home/hsun/ros2_ws/build/learning_tf2_cpp': CMAKE_PREFIX_PATH=/home/hsun/ros2_ws/install/turtlesim:/home/hsun/ros2_ws/install/cpp_srvcli:/home/hsun/ros2_ws/install/cpp_pubsub:/home/hsun/ros2_ws/install/tutorial_interfaces:/home/hsun/ros2_ws/install/learning_tf2_cpp:/home/hsun/ros2_ws/install/polygon_plugins:/home/hsun/ros2_ws/install/polygon_base:/home/hsun/ros2_ws/install/my_package:/home/hsun/ros2_ws/install/more_interfaces:/home/hsun/ros2_ws/install/custom_action_cpp:/home/hsun/ros2_ws/install/custom_action_interfaces:/home/hsun/ros2_ws/install/cpp_parameters:/home/hsun/ros2_ws/install/cpp_parameter_event_handler:/home/hsun/ros2_ws/install/learning_tf2_py:/home/hsun/ros2_ws/install/python_parameters:/home/hsun/ros2_ws/install/py_srvcli:/home/hsun/ros2_ws/install/py_pubsub:/home/hsun/ros2_ws/install/py_launch_example:/home/hsun/ros2_ws/install/launch_tutorial:/opt/ros/iron LD_LIBRARY_PATH=/home/hsun/ros2_ws/install/turtlesim/lib:/home/hsun/ros2_ws/install/tutorial_interfaces/lib:/home/hsun/ros2_ws/install/polygon_plugins/lib:/home/hsun/ros2_ws/install/more_interfaces/lib:/home/hsun/ros2_ws/install/custom_action_cpp/lib:/home/hsun/ros2_ws/install/custom_action_interfaces/lib:/opt/ros/iron/opt/rviz_ogre_vendor/lib:/opt/ros/iron/lib/aarch64-linux-gnu:/opt/ros/iron/lib PYTHONPATH=/home/hsun/ros2_ws/install/turtlesim/lib/python3.10/site-packages:/home/hsun/ros2_ws/install/tutorial_interfaces/lib/python3.10/site-packages:/home/hsun/ros2_ws/install/learning_tf2_py/lib/python3.10/site-packages:/home/hsun/ros2_ws/install/python_parameters/lib/python3.10/site-packages:/home/hsun/ros2_ws/install/py_srvcli/lib/python3.10/site-packages:/home/hsun/ros2_ws/install/py_pubsub/lib/python3.10/site-packages:/home/hsun/ros2_ws/install/py_launch_example/lib/python3.10/site-packages:/home/hsun/ros2_ws/install/more_interfaces/lib/python3.10/site-packages:/home/hsun/ros2_ws/install/launch_tutorial/lib/python3.10/site-packages:/home/hsun/ros2_ws/install/custom_action_interfaces/lib/python3.10/site-packages:/opt/ros/iron/lib/python3.10/site-packages /usr/bin/cmake --install /home/hsun/ros2_ws/build/learning_tf2_cpp
[47.828s] -- Install configuration: ""
[47.829s] -- Installing: /home/hsun/ros2_ws/install/learning_tf2_cpp/lib/learning_tf2_cpp/turtle_tf2_listener
[47.850s] -- Set runtime path of "/home/hsun/ros2_ws/install/learning_tf2_cpp/lib/learning_tf2_cpp/turtle_tf2_listener" to ""
[47.851s] -- Up-to-date: /home/hsun/ros2_ws/install/learning_tf2_cpp/share/learning_tf2_cpp/launch
[47.852s] -- Installing: /home/hsun/ros2_ws/install/learning_tf2_cpp/share/learning_tf2_cpp/launch/turtle_tf2_demo_launch.py
[47.855s] -- Up-to-date: /home/hsun/ros2_ws/install/learning_tf2_cpp/share/ament_index/resource_index/package_run_dependencies/learning_tf2_cpp
[47.859s] -- Installing: /home/hsun/ros2_ws/install/learning_tf2_cpp/share/ament_index/resource_index/parent_prefix_path/learning_tf2_cpp
[47.862s] -- Up-to-date: /home/hsun/ros2_ws/install/learning_tf2_cpp/share/learning_tf2_cpp/environment/ament_prefix_path.sh
[47.863s] -- Up-to-date: /home/hsun/ros2_ws/install/learning_tf2_cpp/share/learning_tf2_cpp/environment/ament_prefix_path.dsv
[47.894s] -- Up-to-date: /home/hsun/ros2_ws/install/learning_tf2_cpp/share/learning_tf2_cpp/environment/path.sh
[47.896s] -- Up-to-date: /home/hsun/ros2_ws/install/learning_tf2_cpp/share/learning_tf2_cpp/environment/path.dsv
[47.897s] -- Up-to-date: /home/hsun/ros2_ws/install/learning_tf2_cpp/share/learning_tf2_cpp/local_setup.bash
[47.899s] -- Up-to-date: /home/hsun/ros2_ws/install/learning_tf2_cpp/share/learning_tf2_cpp/local_setup.sh
[47.900s] -- Up-to-date: /home/hsun/ros2_ws/install/learning_tf2_cpp/share/learning_tf2_cpp/local_setup.zsh
[47.902s] -- Up-to-date: /home/hsun/ros2_ws/install/learning_tf2_cpp/share/learning_tf2_cpp/local_setup.dsv
[47.917s] -- Installing: /home/hsun/ros2_ws/install/learning_tf2_cpp/share/learning_tf2_cpp/package.dsv
[47.921s] -- Up-to-date: /home/hsun/ros2_ws/install/learning_tf2_cpp/share/ament_index/resource_index/packages/learning_tf2_cpp
[47.926s] -- Up-to-date: /home/hsun/ros2_ws/install/learning_tf2_cpp/share/learning_tf2_cpp/cmake/learning_tf2_cppConfig.cmake
[47.935s] -- Up-to-date: /home/hsun/ros2_ws/install/learning_tf2_cpp/share/learning_tf2_cpp/cmake/learning_tf2_cppConfig-version.cmake
[47.936s] -- Up-to-date: /home/hsun/ros2_ws/install/learning_tf2_cpp/share/learning_tf2_cpp/package.xml
[47.938s] Invoked command in '/home/hsun/ros2_ws/build/learning_tf2_cpp' returned '0': CMAKE_PREFIX_PATH=/home/hsun/ros2_ws/install/turtlesim:/home/hsun/ros2_ws/install/cpp_srvcli:/home/hsun/ros2_ws/install/cpp_pubsub:/home/hsun/ros2_ws/install/tutorial_interfaces:/home/hsun/ros2_ws/install/learning_tf2_cpp:/home/hsun/ros2_ws/install/polygon_plugins:/home/hsun/ros2_ws/install/polygon_base:/home/hsun/ros2_ws/install/my_package:/home/hsun/ros2_ws/install/more_interfaces:/home/hsun/ros2_ws/install/custom_action_cpp:/home/hsun/ros2_ws/install/custom_action_interfaces:/home/hsun/ros2_ws/install/cpp_parameters:/home/hsun/ros2_ws/install/cpp_parameter_event_handler:/home/hsun/ros2_ws/install/learning_tf2_py:/home/hsun/ros2_ws/install/python_parameters:/home/hsun/ros2_ws/install/py_srvcli:/home/hsun/ros2_ws/install/py_pubsub:/home/hsun/ros2_ws/install/py_launch_example:/home/hsun/ros2_ws/install/launch_tutorial:/opt/ros/iron LD_LIBRARY_PATH=/home/hsun/ros2_ws/install/turtlesim/lib:/home/hsun/ros2_ws/install/tutorial_interfaces/lib:/home/hsun/ros2_ws/install/polygon_plugins/lib:/home/hsun/ros2_ws/install/more_interfaces/lib:/home/hsun/ros2_ws/install/custom_action_cpp/lib:/home/hsun/ros2_ws/install/custom_action_interfaces/lib:/opt/ros/iron/opt/rviz_ogre_vendor/lib:/opt/ros/iron/lib/aarch64-linux-gnu:/opt/ros/iron/lib PYTHONPATH=/home/hsun/ros2_ws/install/turtlesim/lib/python3.10/site-packages:/home/hsun/ros2_ws/install/tutorial_interfaces/lib/python3.10/site-packages:/home/hsun/ros2_ws/install/learning_tf2_py/lib/python3.10/site-packages:/home/hsun/ros2_ws/install/python_parameters/lib/python3.10/site-packages:/home/hsun/ros2_ws/install/py_srvcli/lib/python3.10/site-packages:/home/hsun/ros2_ws/install/py_pubsub/lib/python3.10/site-packages:/home/hsun/ros2_ws/install/py_launch_example/lib/python3.10/site-packages:/home/hsun/ros2_ws/install/more_interfaces/lib/python3.10/site-packages:/home/hsun/ros2_ws/install/launch_tutorial/lib/python3.10/site-packages:/home/hsun/ros2_ws/install/custom_action_interfaces/lib/python3.10/site-packages:/opt/ros/iron/lib/python3.10/site-packages /usr/bin/cmake --install /home/hsun/ros2_ws/build/learning_tf2_cpp
