[0.235s] Invoking command in '/home/hsun/ros2_ws/build/polygon_base': CMAKE_PREFIX_PATH=${CMAKE_PREFIX_PATH}:/home/hsun/ros2_ws/install/python_parameters:/home/hsun/ros2_ws/install/py_srvcli:/home/hsun/ros2_ws/install/py_pubsub:/opt/ros/iron /usr/bin/cmake --build /home/hsun/ros2_ws/build/polygon_base -- -j4 -l4
[1.219s] [100%] Built target area_node
[1.521s] Invoked command in '/home/hsun/ros2_ws/build/polygon_base' returned '0': CMAKE_PREFIX_PATH=${CMAKE_PREFIX_PATH}:/home/hsun/ros2_ws/install/python_parameters:/home/hsun/ros2_ws/install/py_srvcli:/home/hsun/ros2_ws/install/py_pubsub:/opt/ros/iron /usr/bin/cmake --build /home/hsun/ros2_ws/build/polygon_base -- -j4 -l4
[3.147s] Invoking command in '/home/hsun/ros2_ws/build/polygon_base': CMAKE_PREFIX_PATH=${CMAKE_PREFIX_PATH}:/home/hsun/ros2_ws/install/python_parameters:/home/hsun/ros2_ws/install/py_srvcli:/home/hsun/ros2_ws/install/py_pubsub:/opt/ros/iron /usr/bin/cmake --install /home/hsun/ros2_ws/build/polygon_base
[3.384s] -- Install configuration: ""
[3.399s] -- Up-to-date: /home/hsun/ros2_ws/install/polygon_base/include
[3.401s] -- Up-to-date: /home/hsun/ros2_ws/install/polygon_base/include/polygon_base
[3.412s] -- Up-to-date: /home/hsun/ros2_ws/install/polygon_base/include/polygon_base/regular_polygon.hpp
[3.415s] -- Up-to-date: /home/hsun/ros2_ws/install/polygon_base/lib/polygon_base/area_node
[3.433s] -- Up-to-date: /home/hsun/ros2_ws/install/polygon_base/share/ament_index/resource_index/package_run_dependencies/polygon_base
[3.434s] -- Up-to-date: /home/hsun/ros2_ws/install/polygon_base/share/ament_index/resource_index/parent_prefix_path/polygon_base
[3.435s] -- Up-to-date: /home/hsun/ros2_ws/install/polygon_base/share/polygon_base/environment/ament_prefix_path.sh
[3.436s] -- Up-to-date: /home/hsun/ros2_ws/install/polygon_base/share/polygon_base/environment/ament_prefix_path.dsv
[3.451s] -- Up-to-date: /home/hsun/ros2_ws/install/polygon_base/share/polygon_base/environment/path.sh
[3.452s] -- Up-to-date: /home/hsun/ros2_ws/install/polygon_base/share/polygon_base/environment/path.dsv
[3.453s] -- Up-to-date: /home/hsun/ros2_ws/install/polygon_base/share/polygon_base/local_setup.bash
[3.472s] -- Up-to-date: /home/hsun/ros2_ws/install/polygon_base/share/polygon_base/local_setup.sh
[3.475s] -- Up-to-date: /home/hsun/ros2_ws/install/polygon_base/share/polygon_base/local_setup.zsh
[3.505s] -- Up-to-date: /home/hsun/ros2_ws/install/polygon_base/share/polygon_base/local_setup.dsv
[3.560s] -- Installing: /home/hsun/ros2_ws/install/polygon_base/share/polygon_base/package.dsv
[3.562s] -- Up-to-date: /home/hsun/ros2_ws/install/polygon_base/share/ament_index/resource_index/packages/polygon_base
[3.563s] -- Up-to-date: /home/hsun/ros2_ws/install/polygon_base/share/polygon_base/cmake/ament_cmake_export_include_directories-extras.cmake
[3.568s] -- Up-to-date: /home/hsun/ros2_ws/install/polygon_base/share/polygon_base/cmake/polygon_baseConfig.cmake
[3.569s] -- Up-to-date: /home/hsun/ros2_ws/install/polygon_base/share/polygon_base/cmake/polygon_baseConfig-version.cmake
[3.569s] -- Up-to-date: /home/hsun/ros2_ws/install/polygon_base/share/polygon_base/package.xml
[3.577s] Invoked command in '/home/hsun/ros2_ws/build/polygon_base' returned '0': CMAKE_PREFIX_PATH=${CMAKE_PREFIX_PATH}:/home/hsun/ros2_ws/install/python_parameters:/home/hsun/ros2_ws/install/py_srvcli:/home/hsun/ros2_ws/install/py_pubsub:/opt/ros/iron /usr/bin/cmake --install /home/hsun/ros2_ws/build/polygon_base
