[0.148s] Invoking command in '/home/hsun/ros2_ws/build/cpp_parameter_event_handler': CMAKE_PREFIX_PATH=/opt/ros/iron /usr/bin/cmake /home/hsun/ros2_ws/src/cpp_parameter_event_handler -DCMAKE_INSTALL_PREFIX=/home/hsun/ros2_ws/install/cpp_parameter_event_handler
[1.113s] -- The C compiler identification is GNU 11.3.0
[1.905s] -- The CXX compiler identification is GNU 11.3.0
[2.018s] -- Detecting C compiler ABI info
[2.676s] -- Detecting C compiler ABI info - done
[2.719s] -- Check for working C compiler: /usr/bin/cc - skipped
[2.736s] -- Detecting C compile features
[2.740s] -- Detecting C compile features - done
[2.786s] -- Detecting CXX compiler ABI info
[3.610s] -- Detecting CXX compiler ABI info - done
[3.667s] -- Check for working CXX compiler: /usr/bin/c++ - skipped
[3.668s] -- Detecting CXX compile features
[3.670s] -- Detecting CXX compile features - done
[3.724s] -- Found ament_cmake: 2.0.3 (/opt/ros/iron/share/ament_cmake/cmake)
[5.326s] -- Found Python3: /usr/bin/python3.10 (found version "3.10.6") found components: Interpreter 
[6.261s] -- Found rclcpp: 21.0.1 (/opt/ros/iron/share/rclcpp/cmake)
[6.849s] -- Found rosidl_generator_c: 4.0.0 (/opt/ros/iron/share/rosidl_generator_c/cmake)
[7.002s] -- Found rosidl_generator_cpp: 4.0.0 (/opt/ros/iron/share/rosidl_generator_cpp/cmake)
[7.196s] -- Using all available rosidl_typesupport_c: rosidl_typesupport_fastrtps_c;rosidl_typesupport_introspection_c
[7.381s] -- Using all available rosidl_typesupport_cpp: rosidl_typesupport_fastrtps_cpp;rosidl_typesupport_introspection_cpp
[8.402s] -- Found rmw_implementation_cmake: 7.1.0 (/opt/ros/iron/share/rmw_implementation_cmake/cmake)
[8.443s] -- Found rmw_fastrtps_cpp: 7.1.1 (/opt/ros/iron/share/rmw_fastrtps_cpp/cmake)
[9.377s] -- Found OpenSSL: /usr/lib/aarch64-linux-gnu/libcrypto.so (found version "3.0.2")  
[9.677s] -- Found FastRTPS: /opt/ros/iron/include  
[10.142s] -- Using RMW implementation 'rmw_fastrtps_cpp' as default
[11.172s] -- Found ament_lint_auto: 0.14.1 (/opt/ros/iron/share/ament_lint_auto/cmake)
[11.827s] -- Added test 'cppcheck' to perform static code analysis on C / C++ code
[11.829s] -- Configured cppcheck include dirs: 
[11.830s] -- Configured cppcheck exclude dirs and/or files: 
[11.835s] -- Added test 'lint_cmake' to check CMake code style
[11.844s] -- Added test 'uncrustify' to check C / C++ code style
[11.846s] -- Configured uncrustify additional arguments: 
[11.849s] -- Added test 'xmllint' to check XML markup files
[11.864s] -- Configuring done
[11.945s] -- Generating done
[11.955s] -- Build files have been written to: /home/hsun/ros2_ws/build/cpp_parameter_event_handler
[12.022s] Invoked command in '/home/hsun/ros2_ws/build/cpp_parameter_event_handler' returned '0': CMAKE_PREFIX_PATH=/opt/ros/iron /usr/bin/cmake /home/hsun/ros2_ws/src/cpp_parameter_event_handler -DCMAKE_INSTALL_PREFIX=/home/hsun/ros2_ws/install/cpp_parameter_event_handler
[12.027s] Invoking command in '/home/hsun/ros2_ws/build/cpp_parameter_event_handler': CMAKE_PREFIX_PATH=/opt/ros/iron /usr/bin/cmake --build /home/hsun/ros2_ws/build/cpp_parameter_event_handler -- -j4 -l4
[12.418s] [ 50%] [32mBuilding CXX object CMakeFiles/parameter_event_handler.dir/src/parameter_event_handler.cpp.o[0m
[60.843s] [100%] [32m[1mLinking CXX executable parameter_event_handler[0m
[63.886s] [100%] Built target parameter_event_handler
[63.956s] Invoked command in '/home/hsun/ros2_ws/build/cpp_parameter_event_handler' returned '0': CMAKE_PREFIX_PATH=/opt/ros/iron /usr/bin/cmake --build /home/hsun/ros2_ws/build/cpp_parameter_event_handler -- -j4 -l4
[64.185s] Invoking command in '/home/hsun/ros2_ws/build/cpp_parameter_event_handler': CMAKE_PREFIX_PATH=/opt/ros/iron /usr/bin/cmake --install /home/hsun/ros2_ws/build/cpp_parameter_event_handler
[64.228s] -- Install configuration: ""
[64.229s] -- Installing: /home/hsun/ros2_ws/install/cpp_parameter_event_handler/lib/cpp_parameter_event_handler/parameter_event_handler
[64.270s] -- Set runtime path of "/home/hsun/ros2_ws/install/cpp_parameter_event_handler/lib/cpp_parameter_event_handler/parameter_event_handler" to ""
[64.271s] -- Installing: /home/hsun/ros2_ws/install/cpp_parameter_event_handler/share/ament_index/resource_index/package_run_dependencies/cpp_parameter_event_handler
[64.272s] -- Installing: /home/hsun/ros2_ws/install/cpp_parameter_event_handler/share/ament_index/resource_index/parent_prefix_path/cpp_parameter_event_handler
[64.274s] -- Installing: /home/hsun/ros2_ws/install/cpp_parameter_event_handler/share/cpp_parameter_event_handler/environment/ament_prefix_path.sh
[64.275s] -- Installing: /home/hsun/ros2_ws/install/cpp_parameter_event_handler/share/cpp_parameter_event_handler/environment/ament_prefix_path.dsv
[64.277s] -- Installing: /home/hsun/ros2_ws/install/cpp_parameter_event_handler/share/cpp_parameter_event_handler/environment/path.sh
[64.278s] -- Installing: /home/hsun/ros2_ws/install/cpp_parameter_event_handler/share/cpp_parameter_event_handler/environment/path.dsv
[64.279s] -- Installing: /home/hsun/ros2_ws/install/cpp_parameter_event_handler/share/cpp_parameter_event_handler/local_setup.bash
[64.281s] -- Installing: /home/hsun/ros2_ws/install/cpp_parameter_event_handler/share/cpp_parameter_event_handler/local_setup.sh
[64.282s] -- Installing: /home/hsun/ros2_ws/install/cpp_parameter_event_handler/share/cpp_parameter_event_handler/local_setup.zsh
[64.283s] -- Installing: /home/hsun/ros2_ws/install/cpp_parameter_event_handler/share/cpp_parameter_event_handler/local_setup.dsv
[64.285s] -- Installing: /home/hsun/ros2_ws/install/cpp_parameter_event_handler/share/cpp_parameter_event_handler/package.dsv
[64.286s] -- Installing: /home/hsun/ros2_ws/install/cpp_parameter_event_handler/share/ament_index/resource_index/packages/cpp_parameter_event_handler
[64.288s] -- Installing: /home/hsun/ros2_ws/install/cpp_parameter_event_handler/share/cpp_parameter_event_handler/cmake/cpp_parameter_event_handlerConfig.cmake
[64.289s] -- Installing: /home/hsun/ros2_ws/install/cpp_parameter_event_handler/share/cpp_parameter_event_handler/cmake/cpp_parameter_event_handlerConfig-version.cmake
[64.290s] -- Installing: /home/hsun/ros2_ws/install/cpp_parameter_event_handler/share/cpp_parameter_event_handler/package.xml
[64.302s] Invoked command in '/home/hsun/ros2_ws/build/cpp_parameter_event_handler' returned '0': CMAKE_PREFIX_PATH=/opt/ros/iron /usr/bin/cmake --install /home/hsun/ros2_ws/build/cpp_parameter_event_handler
