[0.300s] Invoking command in '/home/hsun/ros2_ws/build/polygon_base': /usr/bin/cmake --build /home/hsun/ros2_ws/build/polygon_base -- -j4 -l4
[0.936s] [100%] Built target area_node
[1.057s] Invoked command in '/home/hsun/ros2_ws/build/polygon_base' returned '0': /usr/bin/cmake --build /home/hsun/ros2_ws/build/polygon_base -- -j4 -l4
[1.576s] Invoking command in '/home/hsun/ros2_ws/build/polygon_base': /usr/bin/cmake --install /home/hsun/ros2_ws/build/polygon_base
[1.667s] -- Install configuration: ""
[1.668s] -- Up-to-date: /home/hsun/ros2_ws/install/polygon_base/include
[1.669s] -- Up-to-date: /home/hsun/ros2_ws/install/polygon_base/include/polygon_base
[1.670s] -- Up-to-date: /home/hsun/ros2_ws/install/polygon_base/include/polygon_base/regular_polygon.hpp
[1.671s] -- Up-to-date: /home/hsun/ros2_ws/install/polygon_base/lib/polygon_base/area_node
[1.676s] -- Up-to-date: /home/hsun/ros2_ws/install/polygon_base/share/ament_index/resource_index/package_run_dependencies/polygon_base
[1.677s] -- Up-to-date: /home/hsun/ros2_ws/install/polygon_base/share/ament_index/resource_index/parent_prefix_path/polygon_base
[1.679s] -- Up-to-date: /home/hsun/ros2_ws/install/polygon_base/share/polygon_base/environment/ament_prefix_path.sh
[1.681s] -- Up-to-date: /home/hsun/ros2_ws/install/polygon_base/share/polygon_base/environment/ament_prefix_path.dsv
[1.682s] -- Up-to-date: /home/hsun/ros2_ws/install/polygon_base/share/polygon_base/environment/path.sh
[1.684s] -- Up-to-date: /home/hsun/ros2_ws/install/polygon_base/share/polygon_base/environment/path.dsv
[1.712s] -- Up-to-date: /home/hsun/ros2_ws/install/polygon_base/share/polygon_base/local_setup.bash
[1.713s] -- Up-to-date: /home/hsun/ros2_ws/install/polygon_base/share/polygon_base/local_setup.sh
[1.713s] -- Up-to-date: /home/hsun/ros2_ws/install/polygon_base/share/polygon_base/local_setup.zsh
[1.714s] -- Up-to-date: /home/hsun/ros2_ws/install/polygon_base/share/polygon_base/local_setup.dsv
[1.714s] -- Installing: /home/hsun/ros2_ws/install/polygon_base/share/polygon_base/package.dsv
[1.715s] -- Up-to-date: /home/hsun/ros2_ws/install/polygon_base/share/ament_index/resource_index/packages/polygon_base
[1.720s] -- Up-to-date: /home/hsun/ros2_ws/install/polygon_base/share/polygon_base/cmake/ament_cmake_export_include_directories-extras.cmake
[1.721s] -- Up-to-date: /home/hsun/ros2_ws/install/polygon_base/share/polygon_base/cmake/polygon_baseConfig.cmake
[1.722s] -- Up-to-date: /home/hsun/ros2_ws/install/polygon_base/share/polygon_base/cmake/polygon_baseConfig-version.cmake
[1.722s] -- Up-to-date: /home/hsun/ros2_ws/install/polygon_base/share/polygon_base/package.xml
[1.729s] Invoked command in '/home/hsun/ros2_ws/build/polygon_base' returned '0': /usr/bin/cmake --install /home/hsun/ros2_ws/build/polygon_base
