[0.208s] Invoking command in '/home/hsun/ros2_ws/build/cpp_pubsub': CMAKE_PREFIX_PATH=/home/hsun/ros2_ws/install/tutorial_interfaces:/home/hsun/ros2_ws/install/cpp_srvcli:/home/hsun/ros2_ws/install/cpp_pubsub:/home/hsun/ros2_ws/install/turtlesim:/home/hsun/ros2_ws/install/polygon_plugins:/home/hsun/ros2_ws/install/polygon_base:/home/hsun/ros2_ws/install/my_package:/home/hsun/ros2_ws/install/more_interfaces:/home/hsun/ros2_ws/install/cpp_parameters:/home/hsun/ros2_ws/install/python_parameters:/home/hsun/ros2_ws/install/py_srvcli:/home/hsun/ros2_ws/install/py_pubsub:/opt/ros/iron /usr/bin/cmake --build /home/hsun/ros2_ws/build/cpp_pubsub -- -j4 -l4
[0.824s] [35m[1mConsolidate compiler generated dependencies of target talker[0m
[1.089s] [ 50%] Built target talker
[1.290s] [35m[1mConsolidate compiler generated dependencies of target listener[0m
[1.551s] [100%] Built target listener
[1.629s] Invoked command in '/home/hsun/ros2_ws/build/cpp_pubsub' returned '0': CMAKE_PREFIX_PATH=/home/hsun/ros2_ws/install/tutorial_interfaces:/home/hsun/ros2_ws/install/cpp_srvcli:/home/hsun/ros2_ws/install/cpp_pubsub:/home/hsun/ros2_ws/install/turtlesim:/home/hsun/ros2_ws/install/polygon_plugins:/home/hsun/ros2_ws/install/polygon_base:/home/hsun/ros2_ws/install/my_package:/home/hsun/ros2_ws/install/more_interfaces:/home/hsun/ros2_ws/install/cpp_parameters:/home/hsun/ros2_ws/install/python_parameters:/home/hsun/ros2_ws/install/py_srvcli:/home/hsun/ros2_ws/install/py_pubsub:/opt/ros/iron /usr/bin/cmake --build /home/hsun/ros2_ws/build/cpp_pubsub -- -j4 -l4
[2.171s] Invoking command in '/home/hsun/ros2_ws/build/cpp_pubsub': CMAKE_PREFIX_PATH=/home/hsun/ros2_ws/install/tutorial_interfaces:/home/hsun/ros2_ws/install/cpp_srvcli:/home/hsun/ros2_ws/install/cpp_pubsub:/home/hsun/ros2_ws/install/turtlesim:/home/hsun/ros2_ws/install/polygon_plugins:/home/hsun/ros2_ws/install/polygon_base:/home/hsun/ros2_ws/install/my_package:/home/hsun/ros2_ws/install/more_interfaces:/home/hsun/ros2_ws/install/cpp_parameters:/home/hsun/ros2_ws/install/python_parameters:/home/hsun/ros2_ws/install/py_srvcli:/home/hsun/ros2_ws/install/py_pubsub:/opt/ros/iron /usr/bin/cmake --install /home/hsun/ros2_ws/build/cpp_pubsub
[2.251s] -- Install configuration: ""
[2.272s] -- Up-to-date: /home/hsun/ros2_ws/install/cpp_pubsub/lib/cpp_pubsub/talker
[2.273s] -- Up-to-date: /home/hsun/ros2_ws/install/cpp_pubsub/lib/cpp_pubsub/listener
[2.285s] -- Up-to-date: /home/hsun/ros2_ws/install/cpp_pubsub/share/ament_index/resource_index/package_run_dependencies/cpp_pubsub
[2.292s] -- Up-to-date: /home/hsun/ros2_ws/install/cpp_pubsub/share/ament_index/resource_index/parent_prefix_path/cpp_pubsub
[2.293s] -- Up-to-date: /home/hsun/ros2_ws/install/cpp_pubsub/share/cpp_pubsub/environment/ament_prefix_path.sh
[2.294s] -- Up-to-date: /home/hsun/ros2_ws/install/cpp_pubsub/share/cpp_pubsub/environment/ament_prefix_path.dsv
[2.295s] -- Up-to-date: /home/hsun/ros2_ws/install/cpp_pubsub/share/cpp_pubsub/environment/path.sh
[2.296s] -- Up-to-date: /home/hsun/ros2_ws/install/cpp_pubsub/share/cpp_pubsub/environment/path.dsv
[2.296s] -- Up-to-date: /home/hsun/ros2_ws/install/cpp_pubsub/share/cpp_pubsub/local_setup.bash
[2.317s] -- Up-to-date: /home/hsun/ros2_ws/install/cpp_pubsub/share/cpp_pubsub/local_setup.sh
[2.339s] -- Up-to-date: /home/hsun/ros2_ws/install/cpp_pubsub/share/cpp_pubsub/local_setup.zsh
[2.341s] -- Up-to-date: /home/hsun/ros2_ws/install/cpp_pubsub/share/cpp_pubsub/local_setup.dsv
[2.342s] -- Installing: /home/hsun/ros2_ws/install/cpp_pubsub/share/cpp_pubsub/package.dsv
[2.343s] -- Up-to-date: /home/hsun/ros2_ws/install/cpp_pubsub/share/ament_index/resource_index/packages/cpp_pubsub
[2.344s] -- Up-to-date: /home/hsun/ros2_ws/install/cpp_pubsub/share/cpp_pubsub/cmake/cpp_pubsubConfig.cmake
[2.346s] -- Up-to-date: /home/hsun/ros2_ws/install/cpp_pubsub/share/cpp_pubsub/cmake/cpp_pubsubConfig-version.cmake
[2.347s] -- Up-to-date: /home/hsun/ros2_ws/install/cpp_pubsub/share/cpp_pubsub/package.xml
[2.351s] Invoked command in '/home/hsun/ros2_ws/build/cpp_pubsub' returned '0': CMAKE_PREFIX_PATH=/home/hsun/ros2_ws/install/tutorial_interfaces:/home/hsun/ros2_ws/install/cpp_srvcli:/home/hsun/ros2_ws/install/cpp_pubsub:/home/hsun/ros2_ws/install/turtlesim:/home/hsun/ros2_ws/install/polygon_plugins:/home/hsun/ros2_ws/install/polygon_base:/home/hsun/ros2_ws/install/my_package:/home/hsun/ros2_ws/install/more_interfaces:/home/hsun/ros2_ws/install/cpp_parameters:/home/hsun/ros2_ws/install/python_parameters:/home/hsun/ros2_ws/install/py_srvcli:/home/hsun/ros2_ws/install/py_pubsub:/opt/ros/iron /usr/bin/cmake --install /home/hsun/ros2_ws/build/cpp_pubsub
