[0.244s] Invoking command in '/home/hsun/ros2_ws/build/custom_action_cpp': CMAKE_PREFIX_PATH=/home/hsun/ros2_ws/install/custom_action_interfaces:/home/hsun/ros2_ws/install/cpp_srvcli:/home/hsun/ros2_ws/install/cpp_pubsub:/home/hsun/ros2_ws/install/tutorial_interfaces:/home/hsun/ros2_ws/install/turtlesim:/home/hsun/ros2_ws/install/polygon_plugins:/home/hsun/ros2_ws/install/polygon_base:/home/hsun/ros2_ws/install/my_package:/home/hsun/ros2_ws/install/more_interfaces:/home/hsun/ros2_ws/install/custom_action_cpp:/home/hsun/ros2_ws/install/cpp_parameters:/home/hsun/ros2_ws/install/cpp_parameter_event_handler:/opt/ros/iron:/home/hsun/ros2_ws/install/python_parameters:/home/hsun/ros2_ws/install/py_srvcli:/home/hsun/ros2_ws/install/py_pubsub:/home/hsun/ros2_ws/install/py_launch_example LD_LIBRARY_PATH=/home/hsun/ros2_ws/install/custom_action_interfaces/lib:/opt/ros/iron/opt/rviz_ogre_vendor/lib:/opt/ros/iron/lib/aarch64-linux-gnu:/opt/ros/iron/lib:/home/hsun/ros2_ws/install/tutorial_interfaces/lib:/home/hsun/ros2_ws/install/turtlesim/lib:/home/hsun/ros2_ws/install/polygon_plugins/lib:/home/hsun/ros2_ws/install/more_interfaces/lib:/home/hsun/ros2_ws/install/custom_action_cpp/lib PYTHONPATH=/home/hsun/ros2_ws/install/custom_action_interfaces/lib/python3.10/site-packages:/opt/ros/iron/lib/python3.10/site-packages:/home/hsun/ros2_ws/install/tutorial_interfaces/lib/python3.10/site-packages:/home/hsun/ros2_ws/install/turtlesim/lib/python3.10/site-packages:/home/hsun/ros2_ws/install/python_parameters/lib/python3.10/site-packages:/home/hsun/ros2_ws/install/py_srvcli/lib/python3.10/site-packages:/home/hsun/ros2_ws/install/py_pubsub/lib/python3.10/site-packages:/home/hsun/ros2_ws/install/py_launch_example/lib/python3.10/site-packages:/home/hsun/ros2_ws/install/more_interfaces/lib/python3.10/site-packages /usr/bin/cmake --build /home/hsun/ros2_ws/build/custom_action_cpp -- -j4 -l4
[0.610s] -- Found ament_cmake: 2.0.3 (/opt/ros/iron/share/ament_cmake/cmake)
[3.606s] -- Found custom_action_interfaces: 0.0.0 (/home/hsun/ros2_ws/install/custom_action_interfaces/share/custom_action_interfaces/cmake)
[4.232s] -- Found rosidl_generator_c: 4.0.0 (/opt/ros/iron/share/rosidl_generator_c/cmake)
[4.374s] -- Found rosidl_generator_cpp: 4.0.0 (/opt/ros/iron/share/rosidl_generator_cpp/cmake)
[4.605s] -- Using all available rosidl_typesupport_c: rosidl_typesupport_fastrtps_c;rosidl_typesupport_introspection_c
[4.829s] -- Using all available rosidl_typesupport_cpp: rosidl_typesupport_fastrtps_cpp;rosidl_typesupport_introspection_cpp
[6.859s] -- Found rclcpp: 21.0.1 (/opt/ros/iron/share/rclcpp/cmake)
[7.495s] -- Found rmw_implementation_cmake: 7.1.0 (/opt/ros/iron/share/rmw_implementation_cmake/cmake)
[7.504s] -- Found rmw_fastrtps_cpp: 7.1.1 (/opt/ros/iron/share/rmw_fastrtps_cpp/cmake)
[9.595s] -- Using RMW implementation 'rmw_fastrtps_cpp' as default
[10.939s] -- Found rclcpp_action: 21.0.1 (/opt/ros/iron/share/rclcpp_action/cmake)
[11.236s] -- Found rclcpp_components: 21.0.1 (/opt/ros/iron/share/rclcpp_components/cmake)
[12.008s] -- Found ament_lint_auto: 0.14.1 (/opt/ros/iron/share/ament_lint_auto/cmake)
[13.147s] -- Added test 'cppcheck' to perform static code analysis on C / C++ code
[13.148s] -- Configured cppcheck include dirs: $<BUILD_INTERFACE:/home/hsun/ros2_ws/src/custom_action_cpp/include>
[13.150s] -- Configured cppcheck exclude dirs and/or files: 
[13.162s] -- Added test 'lint_cmake' to check CMake code style
[13.175s] -- Added test 'uncrustify' to check C / C++ code style
[13.186s] -- Configured uncrustify additional arguments: 
[13.187s] -- Added test 'xmllint' to check XML markup files
[13.209s] -- Configuring done
[13.535s] -- Generating done
[13.555s] -- Build files have been written to: /home/hsun/ros2_ws/build/custom_action_cpp
[14.000s] [ 12%] [32mBuilding CXX object CMakeFiles/action_client.dir/src/fibonacci_action_client.cpp.o[0m
[64.737s] [ 25%] [32m[1mLinking CXX shared library libaction_client.so[0m
[66.803s] [ 25%] Built target action_client
[66.922s] [35m[1mConsolidate compiler generated dependencies of target fibonacci_action_server[0m
[67.090s] [ 50%] Built target fibonacci_action_server
[67.177s] [35m[1mConsolidate compiler generated dependencies of target action_server[0m
[67.345s] [ 62%] [32mBuilding CXX object CMakeFiles/action_server.dir/src/fibonacci_action_server.cpp.o[0m
[108.983s] [ 75%] [32m[1mLinking CXX shared library libaction_server.so[0m
[110.837s] [ 75%] Built target action_server
[110.982s] [ 87%] [32mBuilding CXX object CMakeFiles/fibonacci_action_client.dir/rclcpp_components/node_main_fibonacci_action_client.cpp.o[0m
[143.367s] [100%] [32m[1mLinking CXX executable fibonacci_action_client[0m
[144.595s] [100%] Built target fibonacci_action_client
[144.683s] Invoked command in '/home/hsun/ros2_ws/build/custom_action_cpp' returned '0': CMAKE_PREFIX_PATH=/home/hsun/ros2_ws/install/custom_action_interfaces:/home/hsun/ros2_ws/install/cpp_srvcli:/home/hsun/ros2_ws/install/cpp_pubsub:/home/hsun/ros2_ws/install/tutorial_interfaces:/home/hsun/ros2_ws/install/turtlesim:/home/hsun/ros2_ws/install/polygon_plugins:/home/hsun/ros2_ws/install/polygon_base:/home/hsun/ros2_ws/install/my_package:/home/hsun/ros2_ws/install/more_interfaces:/home/hsun/ros2_ws/install/custom_action_cpp:/home/hsun/ros2_ws/install/cpp_parameters:/home/hsun/ros2_ws/install/cpp_parameter_event_handler:/opt/ros/iron:/home/hsun/ros2_ws/install/python_parameters:/home/hsun/ros2_ws/install/py_srvcli:/home/hsun/ros2_ws/install/py_pubsub:/home/hsun/ros2_ws/install/py_launch_example LD_LIBRARY_PATH=/home/hsun/ros2_ws/install/custom_action_interfaces/lib:/opt/ros/iron/opt/rviz_ogre_vendor/lib:/opt/ros/iron/lib/aarch64-linux-gnu:/opt/ros/iron/lib:/home/hsun/ros2_ws/install/tutorial_interfaces/lib:/home/hsun/ros2_ws/install/turtlesim/lib:/home/hsun/ros2_ws/install/polygon_plugins/lib:/home/hsun/ros2_ws/install/more_interfaces/lib:/home/hsun/ros2_ws/install/custom_action_cpp/lib PYTHONPATH=/home/hsun/ros2_ws/install/custom_action_interfaces/lib/python3.10/site-packages:/opt/ros/iron/lib/python3.10/site-packages:/home/hsun/ros2_ws/install/tutorial_interfaces/lib/python3.10/site-packages:/home/hsun/ros2_ws/install/turtlesim/lib/python3.10/site-packages:/home/hsun/ros2_ws/install/python_parameters/lib/python3.10/site-packages:/home/hsun/ros2_ws/install/py_srvcli/lib/python3.10/site-packages:/home/hsun/ros2_ws/install/py_pubsub/lib/python3.10/site-packages:/home/hsun/ros2_ws/install/py_launch_example/lib/python3.10/site-packages:/home/hsun/ros2_ws/install/more_interfaces/lib/python3.10/site-packages /usr/bin/cmake --build /home/hsun/ros2_ws/build/custom_action_cpp -- -j4 -l4
[145.066s] Invoking command in '/home/hsun/ros2_ws/build/custom_action_cpp': CMAKE_PREFIX_PATH=/home/hsun/ros2_ws/install/custom_action_interfaces:/home/hsun/ros2_ws/install/cpp_srvcli:/home/hsun/ros2_ws/install/cpp_pubsub:/home/hsun/ros2_ws/install/tutorial_interfaces:/home/hsun/ros2_ws/install/turtlesim:/home/hsun/ros2_ws/install/polygon_plugins:/home/hsun/ros2_ws/install/polygon_base:/home/hsun/ros2_ws/install/my_package:/home/hsun/ros2_ws/install/more_interfaces:/home/hsun/ros2_ws/install/custom_action_cpp:/home/hsun/ros2_ws/install/cpp_parameters:/home/hsun/ros2_ws/install/cpp_parameter_event_handler:/opt/ros/iron:/home/hsun/ros2_ws/install/python_parameters:/home/hsun/ros2_ws/install/py_srvcli:/home/hsun/ros2_ws/install/py_pubsub:/home/hsun/ros2_ws/install/py_launch_example LD_LIBRARY_PATH=/home/hsun/ros2_ws/install/custom_action_interfaces/lib:/opt/ros/iron/opt/rviz_ogre_vendor/lib:/opt/ros/iron/lib/aarch64-linux-gnu:/opt/ros/iron/lib:/home/hsun/ros2_ws/install/tutorial_interfaces/lib:/home/hsun/ros2_ws/install/turtlesim/lib:/home/hsun/ros2_ws/install/polygon_plugins/lib:/home/hsun/ros2_ws/install/more_interfaces/lib:/home/hsun/ros2_ws/install/custom_action_cpp/lib PYTHONPATH=/home/hsun/ros2_ws/install/custom_action_interfaces/lib/python3.10/site-packages:/opt/ros/iron/lib/python3.10/site-packages:/home/hsun/ros2_ws/install/tutorial_interfaces/lib/python3.10/site-packages:/home/hsun/ros2_ws/install/turtlesim/lib/python3.10/site-packages:/home/hsun/ros2_ws/install/python_parameters/lib/python3.10/site-packages:/home/hsun/ros2_ws/install/py_srvcli/lib/python3.10/site-packages:/home/hsun/ros2_ws/install/py_pubsub/lib/python3.10/site-packages:/home/hsun/ros2_ws/install/py_launch_example/lib/python3.10/site-packages:/home/hsun/ros2_ws/install/more_interfaces/lib/python3.10/site-packages /usr/bin/cmake --install /home/hsun/ros2_ws/build/custom_action_cpp
[145.131s] -- Install configuration: ""
[145.131s] -- Installing: /home/hsun/ros2_ws/install/custom_action_cpp/lib/custom_action_cpp/fibonacci_action_client
[145.140s] -- Set runtime path of "/home/hsun/ros2_ws/install/custom_action_cpp/lib/custom_action_cpp/fibonacci_action_client" to ""
[145.141s] -- Installing: /home/hsun/ros2_ws/install/custom_action_cpp/lib/libaction_client.so
[145.170s] -- Set runtime path of "/home/hsun/ros2_ws/install/custom_action_cpp/lib/libaction_client.so" to ""
[145.183s] -- Up-to-date: /home/hsun/ros2_ws/install/custom_action_cpp/lib/custom_action_cpp/fibonacci_action_server
[145.190s] -- Installing: /home/hsun/ros2_ws/install/custom_action_cpp/lib/libaction_server.so
[145.208s] -- Set runtime path of "/home/hsun/ros2_ws/install/custom_action_cpp/lib/libaction_server.so" to ""
[145.209s] -- Up-to-date: /home/hsun/ros2_ws/install/custom_action_cpp/share/ament_index/resource_index/package_run_dependencies/custom_action_cpp
[145.210s] -- Installing: /home/hsun/ros2_ws/install/custom_action_cpp/share/ament_index/resource_index/parent_prefix_path/custom_action_cpp
[145.214s] -- Up-to-date: /home/hsun/ros2_ws/install/custom_action_cpp/share/custom_action_cpp/environment/ament_prefix_path.sh
[145.217s] -- Up-to-date: /home/hsun/ros2_ws/install/custom_action_cpp/share/custom_action_cpp/environment/ament_prefix_path.dsv
[145.217s] -- Up-to-date: /home/hsun/ros2_ws/install/custom_action_cpp/share/custom_action_cpp/environment/path.sh
[145.219s] -- Up-to-date: /home/hsun/ros2_ws/install/custom_action_cpp/share/custom_action_cpp/environment/path.dsv
[145.220s] -- Up-to-date: /home/hsun/ros2_ws/install/custom_action_cpp/share/custom_action_cpp/local_setup.bash
[145.224s] -- Up-to-date: /home/hsun/ros2_ws/install/custom_action_cpp/share/custom_action_cpp/local_setup.sh
[145.226s] -- Up-to-date: /home/hsun/ros2_ws/install/custom_action_cpp/share/custom_action_cpp/local_setup.zsh
[145.228s] -- Up-to-date: /home/hsun/ros2_ws/install/custom_action_cpp/share/custom_action_cpp/local_setup.dsv
[145.246s] -- Installing: /home/hsun/ros2_ws/install/custom_action_cpp/share/custom_action_cpp/package.dsv
[145.248s] -- Up-to-date: /home/hsun/ros2_ws/install/custom_action_cpp/share/ament_index/resource_index/packages/custom_action_cpp
[145.249s] -- Installing: /home/hsun/ros2_ws/install/custom_action_cpp/share/ament_index/resource_index/rclcpp_components/custom_action_cpp
[145.259s] -- Up-to-date: /home/hsun/ros2_ws/install/custom_action_cpp/share/custom_action_cpp/cmake/custom_action_cppConfig.cmake
[145.267s] -- Up-to-date: /home/hsun/ros2_ws/install/custom_action_cpp/share/custom_action_cpp/cmake/custom_action_cppConfig-version.cmake
[145.268s] -- Up-to-date: /home/hsun/ros2_ws/install/custom_action_cpp/share/custom_action_cpp/package.xml
[145.270s] Invoked command in '/home/hsun/ros2_ws/build/custom_action_cpp' returned '0': CMAKE_PREFIX_PATH=/home/hsun/ros2_ws/install/custom_action_interfaces:/home/hsun/ros2_ws/install/cpp_srvcli:/home/hsun/ros2_ws/install/cpp_pubsub:/home/hsun/ros2_ws/install/tutorial_interfaces:/home/hsun/ros2_ws/install/turtlesim:/home/hsun/ros2_ws/install/polygon_plugins:/home/hsun/ros2_ws/install/polygon_base:/home/hsun/ros2_ws/install/my_package:/home/hsun/ros2_ws/install/more_interfaces:/home/hsun/ros2_ws/install/custom_action_cpp:/home/hsun/ros2_ws/install/cpp_parameters:/home/hsun/ros2_ws/install/cpp_parameter_event_handler:/opt/ros/iron:/home/hsun/ros2_ws/install/python_parameters:/home/hsun/ros2_ws/install/py_srvcli:/home/hsun/ros2_ws/install/py_pubsub:/home/hsun/ros2_ws/install/py_launch_example LD_LIBRARY_PATH=/home/hsun/ros2_ws/install/custom_action_interfaces/lib:/opt/ros/iron/opt/rviz_ogre_vendor/lib:/opt/ros/iron/lib/aarch64-linux-gnu:/opt/ros/iron/lib:/home/hsun/ros2_ws/install/tutorial_interfaces/lib:/home/hsun/ros2_ws/install/turtlesim/lib:/home/hsun/ros2_ws/install/polygon_plugins/lib:/home/hsun/ros2_ws/install/more_interfaces/lib:/home/hsun/ros2_ws/install/custom_action_cpp/lib PYTHONPATH=/home/hsun/ros2_ws/install/custom_action_interfaces/lib/python3.10/site-packages:/opt/ros/iron/lib/python3.10/site-packages:/home/hsun/ros2_ws/install/tutorial_interfaces/lib/python3.10/site-packages:/home/hsun/ros2_ws/install/turtlesim/lib/python3.10/site-packages:/home/hsun/ros2_ws/install/python_parameters/lib/python3.10/site-packages:/home/hsun/ros2_ws/install/py_srvcli/lib/python3.10/site-packages:/home/hsun/ros2_ws/install/py_pubsub/lib/python3.10/site-packages:/home/hsun/ros2_ws/install/py_launch_example/lib/python3.10/site-packages:/home/hsun/ros2_ws/install/more_interfaces/lib/python3.10/site-packages /usr/bin/cmake --install /home/hsun/ros2_ws/build/custom_action_cpp
