[0.179s] Invoking command in '/home/hsun/ros2_ws/build/cpp_parameters': CMAKE_PREFIX_PATH=${CMAKE_PREFIX_PATH}:/home/hsun/ros2_ws/install/py_srvcli:/home/hsun/ros2_ws/install/py_pubsub:/opt/ros/iron /usr/bin/cmake --build /home/hsun/ros2_ws/build/cpp_parameters -- -j4 -l4
[0.355s] -- Found ament_cmake: 2.0.3 (/opt/ros/iron/share/ament_cmake/cmake)
[2.280s] -- Found rclcpp: 21.0.1 (/opt/ros/iron/share/rclcpp/cmake)
[2.533s] -- Found rosidl_generator_c: 4.0.0 (/opt/ros/iron/share/rosidl_generator_c/cmake)
[2.593s] -- Found rosidl_generator_cpp: 4.0.0 (/opt/ros/iron/share/rosidl_generator_cpp/cmake)
[2.671s] -- Using all available rosidl_typesupport_c: rosidl_typesupport_fastrtps_c;rosidl_typesupport_introspection_c
[2.789s] -- Using all available rosidl_typesupport_cpp: rosidl_typesupport_fastrtps_cpp;rosidl_typesupport_introspection_cpp
[3.806s] -- Found rmw_implementation_cmake: 7.1.0 (/opt/ros/iron/share/rmw_implementation_cmake/cmake)
[3.817s] -- Found rmw_fastrtps_cpp: 7.1.1 (/opt/ros/iron/share/rmw_fastrtps_cpp/cmake)
[5.181s] -- Using RMW implementation 'rmw_fastrtps_cpp' as default
[6.182s] [31mCMake Error at CMakeLists.txt:15 (install):
[6.189s]   install TARGETS given target "DIRECTORY" which does not exist.
[6.193s] 
[6.195s] [0m
[6.196s] -- Found ament_lint_auto: 0.14.1 (/opt/ros/iron/share/ament_lint_auto/cmake)
[6.995s] -- Added test 'cppcheck' to perform static code analysis on C / C++ code
[6.996s] -- Configured cppcheck include dirs: 
[6.996s] -- Configured cppcheck exclude dirs and/or files: 
[6.998s] -- Added test 'flake8' to check Python code syntax and style conventions
[6.998s] -- Configured 'flake8' exclude dirs and/or files: 
[7.003s] -- Added test 'lint_cmake' to check CMake code style
[7.006s] -- Added test 'pep257' to check Python code against some of the docstring style conventions in PEP 257
[7.019s] -- Added test 'uncrustify' to check C / C++ code style
[7.020s] -- Configured uncrustify additional arguments: 
[7.024s] -- Added test 'xmllint' to check XML markup files
[7.034s] -- Configuring incomplete, errors occurred!
[7.035s] See also "/home/hsun/ros2_ws/build/cpp_parameters/CMakeFiles/CMakeOutput.log".
[7.082s] gmake: *** [Makefile:267: cmake_check_build_system] Error 1
[7.095s] Invoked command in '/home/hsun/ros2_ws/build/cpp_parameters' returned '2': CMAKE_PREFIX_PATH=${CMAKE_PREFIX_PATH}:/home/hsun/ros2_ws/install/py_srvcli:/home/hsun/ros2_ws/install/py_pubsub:/opt/ros/iron /usr/bin/cmake --build /home/hsun/ros2_ws/build/cpp_parameters -- -j4 -l4
