[0.205s] Invoking command in '/home/hsun/ros2_ws/build/more_interfaces': CMAKE_PREFIX_PATH=${CMAKE_PREFIX_PATH}:/home/hsun/ros2_ws/install/py_srvcli:/home/hsun/ros2_ws/install/py_pubsub:/opt/ros/iron /usr/bin/cmake --build /home/hsun/ros2_ws/build/more_interfaces -- -j4 -l4
[0.396s] -- Found ament_cmake: 2.0.3 (/opt/ros/iron/share/ament_cmake/cmake)
[2.138s] -- Found rclcpp: 21.0.1 (/opt/ros/iron/share/rclcpp/cmake)
[2.555s] -- Found rosidl_generator_c: 4.0.0 (/opt/ros/iron/share/rosidl_generator_c/cmake)
[2.644s] -- Found rosidl_generator_cpp: 4.0.0 (/opt/ros/iron/share/rosidl_generator_cpp/cmake)
[2.805s] -- Using all available rosidl_typesupport_c: rosidl_typesupport_fastrtps_c;rosidl_typesupport_introspection_c
[2.991s] -- Using all available rosidl_typesupport_cpp: rosidl_typesupport_fastrtps_cpp;rosidl_typesupport_introspection_cpp
[4.152s] -- Found rmw_implementation_cmake: 7.1.0 (/opt/ros/iron/share/rmw_implementation_cmake/cmake)
[4.174s] -- Found rmw_fastrtps_cpp: 7.1.1 (/opt/ros/iron/share/rmw_fastrtps_cpp/cmake)
[5.967s] -- Using RMW implementation 'rmw_fastrtps_cpp' as default
[7.404s] -- Found rosidl_default_generators: 1.5.0 (/opt/ros/iron/share/rosidl_default_generators/cmake)
[7.492s] -- Found rosidl_adapter: 4.0.0 (/opt/ros/iron/share/rosidl_adapter/cmake)
[7.536s] -- Found ament_lint_auto: 0.14.1 (/opt/ros/iron/share/ament_lint_auto/cmake)
[10.983s] -- Found ament_cmake_ros: 0.11.2 (/opt/ros/iron/share/ament_cmake_ros/cmake)
[14.355s] -- Using all available rosidl_typesupport_c: rosidl_typesupport_fastrtps_c;rosidl_typesupport_introspection_c
[15.884s] -- Using all available rosidl_typesupport_cpp: rosidl_typesupport_fastrtps_cpp;rosidl_typesupport_introspection_cpp
[16.184s] -- Found python_cmake_module: 0.10.2 (/opt/ros/iron/share/python_cmake_module/cmake)
[16.412s] -- Using PYTHON_EXECUTABLE: /usr/bin/python3
[16.413s] -- Using PYTHON_INCLUDE_DIRS: /usr/include/python3.10
[16.414s] -- Using PYTHON_LIBRARIES: /usr/lib/aarch64-linux-gnu/libpython3.10.so
[16.590s] -- Added test 'cppcheck' to perform static code analysis on C / C++ code
[16.594s] -- Configured cppcheck include dirs: 
[16.596s] -- Configured cppcheck exclude dirs and/or files: 
[16.602s] -- Added test 'lint_cmake' to check CMake code style
[16.620s] -- Added test 'uncrustify' to check C / C++ code style
[16.623s] -- Configured uncrustify additional arguments: 
[16.632s] -- Added test 'xmllint' to check XML markup files
[16.691s] -- Configuring done
[17.219s] -- Generating done
[17.283s] -- Build files have been written to: /home/hsun/ros2_ws/build/more_interfaces
[17.602s] [  2%] Built target more_interfaces__rosidl_generator_type_description
[17.859s] [  2%] Built target ament_cmake_python_copy_more_interfaces
[18.039s] [  5%] Built target more_interfaces__cpp
[20.483s] running egg_info
[20.486s] writing more_interfaces.egg-info/PKG-INFO
[20.488s] writing dependency_links to more_interfaces.egg-info/dependency_links.txt
[20.489s] writing top-level names to more_interfaces.egg-info/top_level.txt
[20.508s] reading manifest file 'more_interfaces.egg-info/SOURCES.txt'
[20.516s] writing manifest file 'more_interfaces.egg-info/SOURCES.txt'
[20.756s] [  5%] Built target ament_cmake_python_build_more_interfaces_egg
[20.830s] [35m[1mConsolidate compiler generated dependencies of target more_interfaces__rosidl_generator_c[0m
[20.902s] [ 19%] Built target more_interfaces__rosidl_generator_c
[20.971s] [35m[1mConsolidate compiler generated dependencies of target more_interfaces__rosidl_typesupport_cpp[0m
[21.063s] [ 27%] Built target more_interfaces__rosidl_typesupport_cpp
[21.144s] [35m[1mConsolidate compiler generated dependencies of target more_interfaces__rosidl_typesupport_introspection_c[0m
[21.246s] [ 36%] Built target more_interfaces__rosidl_typesupport_introspection_c
[21.340s] [35m[1mConsolidate compiler generated dependencies of target more_interfaces__rosidl_typesupport_c[0m
[21.448s] [ 44%] Built target more_interfaces__rosidl_typesupport_c
[21.559s] [35m[1mConsolidate compiler generated dependencies of target more_interfaces__rosidl_typesupport_introspection_cpp[0m
[21.677s] [ 52%] Built target more_interfaces__rosidl_typesupport_introspection_cpp
[21.757s] [35m[1mConsolidate compiler generated dependencies of target publish_address_book[0m
[21.881s] [ 58%] Built target publish_address_book
[21.973s] [35m[1mConsolidate compiler generated dependencies of target more_interfaces__rosidl_typesupport_fastrtps_cpp[0m
[22.099s] [ 66%] Built target more_interfaces__rosidl_typesupport_fastrtps_cpp
[22.180s] [35m[1mConsolidate compiler generated dependencies of target more_interfaces__rosidl_typesupport_fastrtps_c[0m
[22.286s] [ 75%] Built target more_interfaces__rosidl_typesupport_fastrtps_c
[22.464s] [ 75%] Built target more_interfaces
[22.643s] [ 77%] Built target more_interfaces__py
[22.740s] [35m[1mConsolidate compiler generated dependencies of target more_interfaces__rosidl_generator_py[0m
[22.843s] [ 83%] Built target more_interfaces__rosidl_generator_py
[22.935s] [35m[1mConsolidate compiler generated dependencies of target more_interfaces__rosidl_typesupport_fastrtps_c__pyext[0m
[23.044s] [ 88%] Built target more_interfaces__rosidl_typesupport_fastrtps_c__pyext
[23.136s] [35m[1mConsolidate compiler generated dependencies of target more_interfaces__rosidl_typesupport_c__pyext[0m
[23.245s] [ 94%] Built target more_interfaces__rosidl_typesupport_c__pyext
[23.336s] [35m[1mConsolidate compiler generated dependencies of target more_interfaces__rosidl_typesupport_introspection_c__pyext[0m
[23.446s] [100%] Built target more_interfaces__rosidl_typesupport_introspection_c__pyext
[23.552s] Invoked command in '/home/hsun/ros2_ws/build/more_interfaces' returned '0': CMAKE_PREFIX_PATH=${CMAKE_PREFIX_PATH}:/home/hsun/ros2_ws/install/py_srvcli:/home/hsun/ros2_ws/install/py_pubsub:/opt/ros/iron /usr/bin/cmake --build /home/hsun/ros2_ws/build/more_interfaces -- -j4 -l4
[24.359s] Invoking command in '/home/hsun/ros2_ws/build/more_interfaces': CMAKE_PREFIX_PATH=${CMAKE_PREFIX_PATH}:/home/hsun/ros2_ws/install/py_srvcli:/home/hsun/ros2_ws/install/py_pubsub:/opt/ros/iron /usr/bin/cmake --install /home/hsun/ros2_ws/build/more_interfaces
[24.423s] -- Install configuration: ""
[24.424s] -- Up-to-date: /home/hsun/ros2_ws/install/more_interfaces/lib/more_interfaces/publish_address_book
[24.426s] -- Up-to-date: /home/hsun/ros2_ws/install/more_interfaces/share/ament_index/resource_index/rosidl_interfaces/more_interfaces
[24.427s] -- Up-to-date: /home/hsun/ros2_ws/install/more_interfaces/share/more_interfaces/msg/AddressBook.json
[24.428s] -- Up-to-date: /home/hsun/ros2_ws/install/more_interfaces/include/more_interfaces/more_interfaces
[24.429s] -- Up-to-date: /home/hsun/ros2_ws/install/more_interfaces/include/more_interfaces/more_interfaces/msg
[24.430s] -- Up-to-date: /home/hsun/ros2_ws/install/more_interfaces/include/more_interfaces/more_interfaces/msg/detail
[24.432s] -- Up-to-date: /home/hsun/ros2_ws/install/more_interfaces/include/more_interfaces/more_interfaces/msg/detail/address_book__description.c
[24.433s] -- Installing: /home/hsun/ros2_ws/install/more_interfaces/include/more_interfaces/more_interfaces/msg/detail/address_book__type_support.c
[24.437s] -- Up-to-date: /home/hsun/ros2_ws/install/more_interfaces/include/more_interfaces/more_interfaces/msg/detail/address_book__struct.h
[24.438s] -- Up-to-date: /home/hsun/ros2_ws/install/more_interfaces/include/more_interfaces/more_interfaces/msg/detail/address_book__type_support.h
[24.439s] -- Up-to-date: /home/hsun/ros2_ws/install/more_interfaces/include/more_interfaces/more_interfaces/msg/detail/address_book__functions.h
[24.440s] -- Up-to-date: /home/hsun/ros2_ws/install/more_interfaces/include/more_interfaces/more_interfaces/msg/detail/address_book__functions.c
[24.441s] -- Up-to-date: /home/hsun/ros2_ws/install/more_interfaces/include/more_interfaces/more_interfaces/msg/rosidl_generator_c__visibility_control.h
[24.442s] -- Up-to-date: /home/hsun/ros2_ws/install/more_interfaces/include/more_interfaces/more_interfaces/msg/address_book.h
[24.442s] -- Up-to-date: /home/hsun/ros2_ws/install/more_interfaces/share/more_interfaces/environment/library_path.sh
[24.444s] -- Up-to-date: /home/hsun/ros2_ws/install/more_interfaces/share/more_interfaces/environment/library_path.dsv
[24.446s] -- Up-to-date: /home/hsun/ros2_ws/install/more_interfaces/lib/libmore_interfaces__rosidl_generator_c.so
[24.450s] -- Up-to-date: /home/hsun/ros2_ws/install/more_interfaces/include/more_interfaces/more_interfaces
[24.451s] -- Up-to-date: /home/hsun/ros2_ws/install/more_interfaces/include/more_interfaces/more_interfaces/msg
[24.452s] -- Up-to-date: /home/hsun/ros2_ws/install/more_interfaces/include/more_interfaces/more_interfaces/msg/detail
[24.452s] -- Up-to-date: /home/hsun/ros2_ws/install/more_interfaces/include/more_interfaces/more_interfaces/msg/detail/address_book__rosidl_typesupport_fastrtps_c.h
[24.453s] -- Up-to-date: /home/hsun/ros2_ws/install/more_interfaces/include/more_interfaces/more_interfaces/msg/rosidl_typesupport_fastrtps_c__visibility_control.h
[24.456s] -- Up-to-date: /home/hsun/ros2_ws/install/more_interfaces/lib/libmore_interfaces__rosidl_typesupport_fastrtps_c.so
[24.457s] -- Up-to-date: /home/hsun/ros2_ws/install/more_interfaces/include/more_interfaces/more_interfaces
[24.458s] -- Up-to-date: /home/hsun/ros2_ws/install/more_interfaces/include/more_interfaces/more_interfaces/msg
[24.462s] -- Up-to-date: /home/hsun/ros2_ws/install/more_interfaces/include/more_interfaces/more_interfaces/msg/detail
[24.465s] -- Up-to-date: /home/hsun/ros2_ws/install/more_interfaces/include/more_interfaces/more_interfaces/msg/detail/address_book__struct.hpp
[24.469s] -- Up-to-date: /home/hsun/ros2_ws/install/more_interfaces/include/more_interfaces/more_interfaces/msg/detail/address_book__builder.hpp
[24.478s] -- Up-to-date: /home/hsun/ros2_ws/install/more_interfaces/include/more_interfaces/more_interfaces/msg/detail/address_book__traits.hpp
[24.481s] -- Up-to-date: /home/hsun/ros2_ws/install/more_interfaces/include/more_interfaces/more_interfaces/msg/address_book.hpp
[24.490s] -- Up-to-date: /home/hsun/ros2_ws/install/more_interfaces/include/more_interfaces/more_interfaces
[24.493s] -- Up-to-date: /home/hsun/ros2_ws/install/more_interfaces/include/more_interfaces/more_interfaces/msg
[24.497s] -- Up-to-date: /home/hsun/ros2_ws/install/more_interfaces/include/more_interfaces/more_interfaces/msg/detail
[24.504s] -- Up-to-date: /home/hsun/ros2_ws/install/more_interfaces/include/more_interfaces/more_interfaces/msg/detail/dds_fastrtps
[24.510s] -- Up-to-date: /home/hsun/ros2_ws/install/more_interfaces/include/more_interfaces/more_interfaces/msg/detail/address_book__rosidl_typesupport_fastrtps_cpp.hpp
[24.512s] -- Up-to-date: /home/hsun/ros2_ws/install/more_interfaces/include/more_interfaces/more_interfaces/msg/rosidl_typesupport_fastrtps_cpp__visibility_control.h
[24.514s] -- Up-to-date: /home/hsun/ros2_ws/install/more_interfaces/lib/libmore_interfaces__rosidl_typesupport_fastrtps_cpp.so
[24.516s] -- Up-to-date: /home/hsun/ros2_ws/install/more_interfaces/include/more_interfaces/more_interfaces
[24.517s] -- Up-to-date: /home/hsun/ros2_ws/install/more_interfaces/include/more_interfaces/more_interfaces/msg
[24.521s] -- Up-to-date: /home/hsun/ros2_ws/install/more_interfaces/include/more_interfaces/more_interfaces/msg/detail
[24.525s] -- Up-to-date: /home/hsun/ros2_ws/install/more_interfaces/include/more_interfaces/more_interfaces/msg/detail/address_book__rosidl_typesupport_introspection_c.h
[24.527s] -- Installing: /home/hsun/ros2_ws/install/more_interfaces/include/more_interfaces/more_interfaces/msg/detail/address_book__type_support.c
[24.528s] -- Up-to-date: /home/hsun/ros2_ws/install/more_interfaces/include/more_interfaces/more_interfaces/msg/rosidl_typesupport_introspection_c__visibility_control.h
[24.529s] -- Up-to-date: /home/hsun/ros2_ws/install/more_interfaces/lib/libmore_interfaces__rosidl_typesupport_introspection_c.so
[24.530s] -- Up-to-date: /home/hsun/ros2_ws/install/more_interfaces/lib/libmore_interfaces__rosidl_typesupport_c.so
[24.531s] -- Up-to-date: /home/hsun/ros2_ws/install/more_interfaces/include/more_interfaces/more_interfaces
[24.534s] -- Up-to-date: /home/hsun/ros2_ws/install/more_interfaces/include/more_interfaces/more_interfaces/msg
[24.540s] -- Up-to-date: /home/hsun/ros2_ws/install/more_interfaces/include/more_interfaces/more_interfaces/msg/detail
[24.547s] -- Up-to-date: /home/hsun/ros2_ws/install/more_interfaces/include/more_interfaces/more_interfaces/msg/detail/address_book__rosidl_typesupport_introspection_cpp.hpp
[24.548s] -- Up-to-date: /home/hsun/ros2_ws/install/more_interfaces/include/more_interfaces/more_interfaces/msg/detail/address_book__type_support.cpp
[24.550s] -- Up-to-date: /home/hsun/ros2_ws/install/more_interfaces/lib/libmore_interfaces__rosidl_typesupport_introspection_cpp.so
[24.551s] -- Up-to-date: /home/hsun/ros2_ws/install/more_interfaces/lib/libmore_interfaces__rosidl_typesupport_cpp.so
[24.551s] -- Up-to-date: /home/hsun/ros2_ws/install/more_interfaces/share/more_interfaces/environment/pythonpath.sh
[24.552s] -- Up-to-date: /home/hsun/ros2_ws/install/more_interfaces/share/more_interfaces/environment/pythonpath.dsv
[24.553s] -- Up-to-date: /home/hsun/ros2_ws/install/more_interfaces/lib/python3.10/site-packages/more_interfaces-0.0.0-py3.10.egg-info
[24.559s] -- Installing: /home/hsun/ros2_ws/install/more_interfaces/lib/python3.10/site-packages/more_interfaces-0.0.0-py3.10.egg-info/SOURCES.txt
[24.565s] -- Installing: /home/hsun/ros2_ws/install/more_interfaces/lib/python3.10/site-packages/more_interfaces-0.0.0-py3.10.egg-info/PKG-INFO
[24.570s] -- Installing: /home/hsun/ros2_ws/install/more_interfaces/lib/python3.10/site-packages/more_interfaces-0.0.0-py3.10.egg-info/dependency_links.txt
[24.573s] -- Installing: /home/hsun/ros2_ws/install/more_interfaces/lib/python3.10/site-packages/more_interfaces-0.0.0-py3.10.egg-info/top_level.txt
[24.575s] -- Up-to-date: /home/hsun/ros2_ws/install/more_interfaces/lib/python3.10/site-packages/more_interfaces
[24.583s] -- Up-to-date: /home/hsun/ros2_ws/install/more_interfaces/lib/python3.10/site-packages/more_interfaces/_more_interfaces_s.ep.rosidl_typesupport_introspection_c.c
[24.586s] -- Up-to-date: /home/hsun/ros2_ws/install/more_interfaces/lib/python3.10/site-packages/more_interfaces/_more_interfaces_s.ep.rosidl_typesupport_fastrtps_c.c
[24.588s] -- Up-to-date: /home/hsun/ros2_ws/install/more_interfaces/lib/python3.10/site-packages/more_interfaces/libmore_interfaces__rosidl_generator_py.so
[24.592s] -- Installing: /home/hsun/ros2_ws/install/more_interfaces/lib/python3.10/site-packages/more_interfaces/__init__.py
[24.595s] -- Up-to-date: /home/hsun/ros2_ws/install/more_interfaces/lib/python3.10/site-packages/more_interfaces/more_interfaces_s__rosidl_typesupport_c.cpython-310-aarch64-linux-gnu.so
[24.600s] -- Up-to-date: /home/hsun/ros2_ws/install/more_interfaces/lib/python3.10/site-packages/more_interfaces/_more_interfaces_s.ep.rosidl_typesupport_c.c
[24.603s] -- Up-to-date: /home/hsun/ros2_ws/install/more_interfaces/lib/python3.10/site-packages/more_interfaces/more_interfaces_s__rosidl_typesupport_fastrtps_c.cpython-310-aarch64-linux-gnu.so
[24.604s] -- Up-to-date: /home/hsun/ros2_ws/install/more_interfaces/lib/python3.10/site-packages/more_interfaces/more_interfaces_s__rosidl_typesupport_introspection_c.cpython-310-aarch64-linux-gnu.so
[24.606s] -- Up-to-date: /home/hsun/ros2_ws/install/more_interfaces/lib/python3.10/site-packages/more_interfaces/msg
[24.612s] -- Up-to-date: /home/hsun/ros2_ws/install/more_interfaces/lib/python3.10/site-packages/more_interfaces/msg/__init__.py
[24.613s] -- Up-to-date: /home/hsun/ros2_ws/install/more_interfaces/lib/python3.10/site-packages/more_interfaces/msg/_address_book.py
[24.615s] -- Up-to-date: /home/hsun/ros2_ws/install/more_interfaces/lib/python3.10/site-packages/more_interfaces/msg/_address_book_s.c
[24.851s] Listing '/home/hsun/ros2_ws/install/more_interfaces/lib/python3.10/site-packages/more_interfaces'...
[24.859s] Compiling '/home/hsun/ros2_ws/install/more_interfaces/lib/python3.10/site-packages/more_interfaces/__init__.py'...
[24.864s] Listing '/home/hsun/ros2_ws/install/more_interfaces/lib/python3.10/site-packages/more_interfaces/msg'...
[24.914s] -- Up-to-date: /home/hsun/ros2_ws/install/more_interfaces/lib/python3.10/site-packages/more_interfaces/more_interfaces_s__rosidl_typesupport_fastrtps_c.cpython-310-aarch64-linux-gnu.so
[24.917s] -- Up-to-date: /home/hsun/ros2_ws/install/more_interfaces/lib/python3.10/site-packages/more_interfaces/more_interfaces_s__rosidl_typesupport_introspection_c.cpython-310-aarch64-linux-gnu.so
[24.920s] -- Up-to-date: /home/hsun/ros2_ws/install/more_interfaces/lib/python3.10/site-packages/more_interfaces/more_interfaces_s__rosidl_typesupport_c.cpython-310-aarch64-linux-gnu.so
[24.923s] -- Up-to-date: /home/hsun/ros2_ws/install/more_interfaces/lib/libmore_interfaces__rosidl_generator_py.so
[24.924s] -- Up-to-date: /home/hsun/ros2_ws/install/more_interfaces/share/more_interfaces/msg/AddressBook.idl
[24.925s] -- Up-to-date: /home/hsun/ros2_ws/install/more_interfaces/share/more_interfaces/msg/AddressBook.msg
[24.926s] -- Up-to-date: /home/hsun/ros2_ws/install/more_interfaces/share/ament_index/resource_index/package_run_dependencies/more_interfaces
[24.927s] -- Up-to-date: /home/hsun/ros2_ws/install/more_interfaces/share/ament_index/resource_index/parent_prefix_path/more_interfaces
[24.929s] -- Up-to-date: /home/hsun/ros2_ws/install/more_interfaces/share/more_interfaces/environment/ament_prefix_path.sh
[24.929s] -- Up-to-date: /home/hsun/ros2_ws/install/more_interfaces/share/more_interfaces/environment/ament_prefix_path.dsv
[24.930s] -- Up-to-date: /home/hsun/ros2_ws/install/more_interfaces/share/more_interfaces/environment/path.sh
[24.931s] -- Up-to-date: /home/hsun/ros2_ws/install/more_interfaces/share/more_interfaces/environment/path.dsv
[24.934s] -- Up-to-date: /home/hsun/ros2_ws/install/more_interfaces/share/more_interfaces/local_setup.bash
[24.935s] -- Up-to-date: /home/hsun/ros2_ws/install/more_interfaces/share/more_interfaces/local_setup.sh
[24.938s] -- Up-to-date: /home/hsun/ros2_ws/install/more_interfaces/share/more_interfaces/local_setup.zsh
[24.939s] -- Up-to-date: /home/hsun/ros2_ws/install/more_interfaces/share/more_interfaces/local_setup.dsv
[24.940s] -- Installing: /home/hsun/ros2_ws/install/more_interfaces/share/more_interfaces/package.dsv
[24.940s] -- Up-to-date: /home/hsun/ros2_ws/install/more_interfaces/share/ament_index/resource_index/packages/more_interfaces
[24.941s] -- Up-to-date: /home/hsun/ros2_ws/install/more_interfaces/share/more_interfaces/cmake/export_more_interfaces__rosidl_generator_cExport.cmake
[24.942s] -- Up-to-date: /home/hsun/ros2_ws/install/more_interfaces/share/more_interfaces/cmake/export_more_interfaces__rosidl_generator_cExport-noconfig.cmake
[24.942s] -- Up-to-date: /home/hsun/ros2_ws/install/more_interfaces/share/more_interfaces/cmake/export_more_interfaces__rosidl_typesupport_fastrtps_cExport.cmake
[24.944s] -- Up-to-date: /home/hsun/ros2_ws/install/more_interfaces/share/more_interfaces/cmake/export_more_interfaces__rosidl_typesupport_fastrtps_cExport-noconfig.cmake
[24.945s] -- Up-to-date: /home/hsun/ros2_ws/install/more_interfaces/share/more_interfaces/cmake/export_more_interfaces__rosidl_generator_cppExport.cmake
[24.946s] -- Up-to-date: /home/hsun/ros2_ws/install/more_interfaces/share/more_interfaces/cmake/export_more_interfaces__rosidl_typesupport_fastrtps_cppExport.cmake
[24.946s] -- Up-to-date: /home/hsun/ros2_ws/install/more_interfaces/share/more_interfaces/cmake/export_more_interfaces__rosidl_typesupport_fastrtps_cppExport-noconfig.cmake
[24.948s] -- Up-to-date: /home/hsun/ros2_ws/install/more_interfaces/share/more_interfaces/cmake/more_interfaces__rosidl_typesupport_introspection_cExport.cmake
[24.949s] -- Up-to-date: /home/hsun/ros2_ws/install/more_interfaces/share/more_interfaces/cmake/more_interfaces__rosidl_typesupport_introspection_cExport-noconfig.cmake
[24.951s] -- Up-to-date: /home/hsun/ros2_ws/install/more_interfaces/share/more_interfaces/cmake/more_interfaces__rosidl_typesupport_cExport.cmake
[24.952s] -- Up-to-date: /home/hsun/ros2_ws/install/more_interfaces/share/more_interfaces/cmake/more_interfaces__rosidl_typesupport_cExport-noconfig.cmake
[24.953s] -- Up-to-date: /home/hsun/ros2_ws/install/more_interfaces/share/more_interfaces/cmake/more_interfaces__rosidl_typesupport_introspection_cppExport.cmake
[24.953s] -- Up-to-date: /home/hsun/ros2_ws/install/more_interfaces/share/more_interfaces/cmake/more_interfaces__rosidl_typesupport_introspection_cppExport-noconfig.cmake
[24.954s] -- Up-to-date: /home/hsun/ros2_ws/install/more_interfaces/share/more_interfaces/cmake/more_interfaces__rosidl_typesupport_cppExport.cmake
[24.955s] -- Up-to-date: /home/hsun/ros2_ws/install/more_interfaces/share/more_interfaces/cmake/more_interfaces__rosidl_typesupport_cppExport-noconfig.cmake
[24.955s] -- Up-to-date: /home/hsun/ros2_ws/install/more_interfaces/share/more_interfaces/cmake/export_more_interfaces__rosidl_generator_pyExport.cmake
[24.956s] -- Up-to-date: /home/hsun/ros2_ws/install/more_interfaces/share/more_interfaces/cmake/export_more_interfaces__rosidl_generator_pyExport-noconfig.cmake
[24.956s] -- Up-to-date: /home/hsun/ros2_ws/install/more_interfaces/share/more_interfaces/cmake/rosidl_cmake-extras.cmake
[24.957s] -- Up-to-date: /home/hsun/ros2_ws/install/more_interfaces/share/more_interfaces/cmake/ament_cmake_export_include_directories-extras.cmake
[24.958s] -- Up-to-date: /home/hsun/ros2_ws/install/more_interfaces/share/more_interfaces/cmake/ament_cmake_export_libraries-extras.cmake
[24.958s] -- Up-to-date: /home/hsun/ros2_ws/install/more_interfaces/share/more_interfaces/cmake/ament_cmake_export_targets-extras.cmake
[24.977s] -- Up-to-date: /home/hsun/ros2_ws/install/more_interfaces/share/more_interfaces/cmake/rosidl_cmake_export_typesupport_targets-extras.cmake
[24.979s] -- Up-to-date: /home/hsun/ros2_ws/install/more_interfaces/share/more_interfaces/cmake/ament_cmake_export_dependencies-extras.cmake
[24.981s] -- Up-to-date: /home/hsun/ros2_ws/install/more_interfaces/share/more_interfaces/cmake/rosidl_cmake_export_typesupport_libraries-extras.cmake
[24.982s] -- Up-to-date: /home/hsun/ros2_ws/install/more_interfaces/share/more_interfaces/cmake/more_interfacesConfig.cmake
[24.983s] -- Up-to-date: /home/hsun/ros2_ws/install/more_interfaces/share/more_interfaces/cmake/more_interfacesConfig-version.cmake
[24.984s] -- Up-to-date: /home/hsun/ros2_ws/install/more_interfaces/share/more_interfaces/package.xml
[24.994s] Invoked command in '/home/hsun/ros2_ws/build/more_interfaces' returned '0': CMAKE_PREFIX_PATH=${CMAKE_PREFIX_PATH}:/home/hsun/ros2_ws/install/py_srvcli:/home/hsun/ros2_ws/install/py_pubsub:/opt/ros/iron /usr/bin/cmake --install /home/hsun/ros2_ws/build/more_interfaces
