[0.252s] Invoking command in '/home/hsun/ros2_ws/build/cpp_parameters': CMAKE_PREFIX_PATH=${CMAKE_PREFIX_PATH}:/home/hsun/ros2_ws/install/python_parameters:/home/hsun/ros2_ws/install/py_srvcli:/home/hsun/ros2_ws/install/py_pubsub:/opt/ros/iron /usr/bin/cmake --build /home/hsun/ros2_ws/build/cpp_parameters -- -j4 -l4
[1.000s] [100%] Built target minimal_param_node
[1.210s] Invoked command in '/home/hsun/ros2_ws/build/cpp_parameters' returned '0': CMAKE_PREFIX_PATH=${CMAKE_PREFIX_PATH}:/home/hsun/ros2_ws/install/python_parameters:/home/hsun/ros2_ws/install/py_srvcli:/home/hsun/ros2_ws/install/py_pubsub:/opt/ros/iron /usr/bin/cmake --build /home/hsun/ros2_ws/build/cpp_parameters -- -j4 -l4
[2.113s] Invoking command in '/home/hsun/ros2_ws/build/cpp_parameters': CMAKE_PREFIX_PATH=${CMAKE_PREFIX_PATH}:/home/hsun/ros2_ws/install/python_parameters:/home/hsun/ros2_ws/install/py_srvcli:/home/hsun/ros2_ws/install/py_pubsub:/opt/ros/iron /usr/bin/cmake --install /home/hsun/ros2_ws/build/cpp_parameters
[2.298s] -- Install configuration: ""
[2.328s] -- Up-to-date: /home/hsun/ros2_ws/install/cpp_parameters/lib/cpp_parameters/minimal_param_node
[2.355s] -- Up-to-date: /home/hsun/ros2_ws/install/cpp_parameters/share/cpp_parameters/launch
[2.356s] -- Up-to-date: /home/hsun/ros2_ws/install/cpp_parameters/share/cpp_parameters/launch/cpp_parameters_launch.py
[2.364s] -- Up-to-date: /home/hsun/ros2_ws/install/cpp_parameters/share/ament_index/resource_index/package_run_dependencies/cpp_parameters
[2.365s] -- Up-to-date: /home/hsun/ros2_ws/install/cpp_parameters/share/ament_index/resource_index/parent_prefix_path/cpp_parameters
[2.366s] -- Up-to-date: /home/hsun/ros2_ws/install/cpp_parameters/share/cpp_parameters/environment/ament_prefix_path.sh
[2.367s] -- Up-to-date: /home/hsun/ros2_ws/install/cpp_parameters/share/cpp_parameters/environment/ament_prefix_path.dsv
[2.367s] -- Up-to-date: /home/hsun/ros2_ws/install/cpp_parameters/share/cpp_parameters/environment/path.sh
[2.368s] -- Up-to-date: /home/hsun/ros2_ws/install/cpp_parameters/share/cpp_parameters/environment/path.dsv
[2.369s] -- Up-to-date: /home/hsun/ros2_ws/install/cpp_parameters/share/cpp_parameters/local_setup.bash
[2.404s] -- Up-to-date: /home/hsun/ros2_ws/install/cpp_parameters/share/cpp_parameters/local_setup.sh
[2.407s] -- Up-to-date: /home/hsun/ros2_ws/install/cpp_parameters/share/cpp_parameters/local_setup.zsh
[2.408s] -- Up-to-date: /home/hsun/ros2_ws/install/cpp_parameters/share/cpp_parameters/local_setup.dsv
[2.409s] -- Installing: /home/hsun/ros2_ws/install/cpp_parameters/share/cpp_parameters/package.dsv
[2.440s] -- Up-to-date: /home/hsun/ros2_ws/install/cpp_parameters/share/ament_index/resource_index/packages/cpp_parameters
[2.441s] -- Up-to-date: /home/hsun/ros2_ws/install/cpp_parameters/share/cpp_parameters/cmake/cpp_parametersConfig.cmake
[2.473s] -- Up-to-date: /home/hsun/ros2_ws/install/cpp_parameters/share/cpp_parameters/cmake/cpp_parametersConfig-version.cmake
[2.474s] -- Up-to-date: /home/hsun/ros2_ws/install/cpp_parameters/share/cpp_parameters/package.xml
[2.788s] Invoked command in '/home/hsun/ros2_ws/build/cpp_parameters' returned '0': CMAKE_PREFIX_PATH=${CMAKE_PREFIX_PATH}:/home/hsun/ros2_ws/install/python_parameters:/home/hsun/ros2_ws/install/py_srvcli:/home/hsun/ros2_ws/install/py_pubsub:/opt/ros/iron /usr/bin/cmake --install /home/hsun/ros2_ws/build/cpp_parameters
