[0.147s] Invoking command in '/home/hsun/ros2_ws/build/cpp_srvcli': CMAKE_PREFIX_PATH=${CMAKE_PREFIX_PATH}:/home/hsun/ros2_ws/install/py_srvcli:/home/hsun/ros2_ws/install/py_pubsub:/opt/ros/iron /usr/bin/cmake --build /home/hsun/ros2_ws/build/cpp_srvcli -- -j4 -l4
[0.353s] -- Found ament_cmake: 2.0.3 (/opt/ros/iron/share/ament_cmake/cmake)
[1.777s] -- Found rclcpp: 21.0.1 (/opt/ros/iron/share/rclcpp/cmake)
[1.998s] -- Found rosidl_generator_c: 4.0.0 (/opt/ros/iron/share/rosidl_generator_c/cmake)
[2.041s] -- Found rosidl_generator_cpp: 4.0.0 (/opt/ros/iron/share/rosidl_generator_cpp/cmake)
[2.110s] -- Using all available rosidl_typesupport_c: rosidl_typesupport_fastrtps_c;rosidl_typesupport_introspection_c
[2.202s] -- Using all available rosidl_typesupport_cpp: rosidl_typesupport_fastrtps_cpp;rosidl_typesupport_introspection_cpp
[2.938s] -- Found rmw_implementation_cmake: 7.1.0 (/opt/ros/iron/share/rmw_implementation_cmake/cmake)
[2.951s] -- Found rmw_fastrtps_cpp: 7.1.1 (/opt/ros/iron/share/rmw_fastrtps_cpp/cmake)
[4.138s] -- Using RMW implementation 'rmw_fastrtps_cpp' as default
[4.946s] -- Found tutorial_interfaces: 0.0.0 (/home/hsun/ros2_ws/install/tutorial_interfaces/share/tutorial_interfaces/cmake)
[5.908s] -- Found ament_lint_auto: 0.14.1 (/opt/ros/iron/share/ament_lint_auto/cmake)
[6.417s] -- Added test 'cppcheck' to perform static code analysis on C / C++ code
[6.420s] -- Configured cppcheck include dirs: 
[6.421s] -- Configured cppcheck exclude dirs and/or files: 
[6.424s] -- Added test 'lint_cmake' to check CMake code style
[6.431s] -- Added test 'uncrustify' to check C / C++ code style
[6.431s] -- Configured uncrustify additional arguments: 
[6.433s] -- Added test 'xmllint' to check XML markup files
[6.440s] -- Configuring done
[6.567s] -- Generating done
[6.584s] -- Build files have been written to: /home/hsun/ros2_ws/build/cpp_srvcli
[6.771s] [35m[1mConsolidate compiler generated dependencies of target server[0m
[6.946s] [ 25%] [32mBuilding CXX object CMakeFiles/server.dir/src/add_two_ints_server.cpp.o[0m
[32.758s] [ 50%] [32m[1mLinking CXX executable server[0m
[34.344s] [ 50%] Built target server
[34.415s] [35m[1mConsolidate compiler generated dependencies of target client[0m
[34.539s] [ 75%] [32mBuilding CXX object CMakeFiles/client.dir/src/add_two_ints_client.cpp.o[0m
[61.622s] [100%] [32m[1mLinking CXX executable client[0m
[63.244s] [100%] Built target client
[63.290s] Invoked command in '/home/hsun/ros2_ws/build/cpp_srvcli' returned '0': CMAKE_PREFIX_PATH=${CMAKE_PREFIX_PATH}:/home/hsun/ros2_ws/install/py_srvcli:/home/hsun/ros2_ws/install/py_pubsub:/opt/ros/iron /usr/bin/cmake --build /home/hsun/ros2_ws/build/cpp_srvcli -- -j4 -l4
[63.575s] Invoking command in '/home/hsun/ros2_ws/build/cpp_srvcli': CMAKE_PREFIX_PATH=${CMAKE_PREFIX_PATH}:/home/hsun/ros2_ws/install/py_srvcli:/home/hsun/ros2_ws/install/py_pubsub:/opt/ros/iron /usr/bin/cmake --install /home/hsun/ros2_ws/build/cpp_srvcli
[63.626s] -- Install configuration: ""
[63.632s] -- Installing: /home/hsun/ros2_ws/install/cpp_srvcli/lib/cpp_srvcli/server
[63.645s] -- Set runtime path of "/home/hsun/ros2_ws/install/cpp_srvcli/lib/cpp_srvcli/server" to ""
[63.650s] -- Installing: /home/hsun/ros2_ws/install/cpp_srvcli/lib/cpp_srvcli/client
[63.664s] -- Set runtime path of "/home/hsun/ros2_ws/install/cpp_srvcli/lib/cpp_srvcli/client" to ""
[63.665s] -- Up-to-date: /home/hsun/ros2_ws/install/cpp_srvcli/share/ament_index/resource_index/package_run_dependencies/cpp_srvcli
[63.666s] -- Installing: /home/hsun/ros2_ws/install/cpp_srvcli/share/ament_index/resource_index/parent_prefix_path/cpp_srvcli
[63.668s] -- Up-to-date: /home/hsun/ros2_ws/install/cpp_srvcli/share/cpp_srvcli/environment/ament_prefix_path.sh
[63.669s] -- Up-to-date: /home/hsun/ros2_ws/install/cpp_srvcli/share/cpp_srvcli/environment/ament_prefix_path.dsv
[63.669s] -- Up-to-date: /home/hsun/ros2_ws/install/cpp_srvcli/share/cpp_srvcli/environment/path.sh
[63.670s] -- Up-to-date: /home/hsun/ros2_ws/install/cpp_srvcli/share/cpp_srvcli/environment/path.dsv
[63.670s] -- Up-to-date: /home/hsun/ros2_ws/install/cpp_srvcli/share/cpp_srvcli/local_setup.bash
[63.671s] -- Up-to-date: /home/hsun/ros2_ws/install/cpp_srvcli/share/cpp_srvcli/local_setup.sh
[63.671s] -- Up-to-date: /home/hsun/ros2_ws/install/cpp_srvcli/share/cpp_srvcli/local_setup.zsh
[63.672s] -- Up-to-date: /home/hsun/ros2_ws/install/cpp_srvcli/share/cpp_srvcli/local_setup.dsv
[63.672s] -- Installing: /home/hsun/ros2_ws/install/cpp_srvcli/share/cpp_srvcli/package.dsv
[63.673s] -- Up-to-date: /home/hsun/ros2_ws/install/cpp_srvcli/share/ament_index/resource_index/packages/cpp_srvcli
[63.673s] -- Up-to-date: /home/hsun/ros2_ws/install/cpp_srvcli/share/cpp_srvcli/cmake/cpp_srvcliConfig.cmake
[63.674s] -- Up-to-date: /home/hsun/ros2_ws/install/cpp_srvcli/share/cpp_srvcli/cmake/cpp_srvcliConfig-version.cmake
[63.675s] -- Up-to-date: /home/hsun/ros2_ws/install/cpp_srvcli/share/cpp_srvcli/package.xml
[63.680s] Invoked command in '/home/hsun/ros2_ws/build/cpp_srvcli' returned '0': CMAKE_PREFIX_PATH=${CMAKE_PREFIX_PATH}:/home/hsun/ros2_ws/install/py_srvcli:/home/hsun/ros2_ws/install/py_pubsub:/opt/ros/iron /usr/bin/cmake --install /home/hsun/ros2_ws/build/cpp_srvcli
