[10.131s] Invoking command in '/home/hsun/ros2_ws/src/py_pubsub': PYTHONPATH=/home/hsun/ros2_ws/build/py_pubsub/prefix_override:/home/hsun/ros2_ws/install/py_pubsub/lib/python3.10/site-packages: /usr/bin/python3 setup.py egg_info --egg-base ../../build/py_pubsub build --build-base /home/hsun/ros2_ws/build/py_pubsub/build install --record /home/hsun/ros2_ws/build/py_pubsub/install.log --single-version-externally-managed
[14.059s] running egg_info
[14.071s] writing ../../build/py_pubsub/py_pubsub.egg-info/PKG-INFO
[14.082s] writing dependency_links to ../../build/py_pubsub/py_pubsub.egg-info/dependency_links.txt
[14.083s] writing entry points to ../../build/py_pubsub/py_pubsub.egg-info/entry_points.txt
[14.083s] writing requirements to ../../build/py_pubsub/py_pubsub.egg-info/requires.txt
[14.084s] writing top-level names to ../../build/py_pubsub/py_pubsub.egg-info/top_level.txt
[14.115s] reading manifest file '../../build/py_pubsub/py_pubsub.egg-info/SOURCES.txt'
[14.126s] writing manifest file '../../build/py_pubsub/py_pubsub.egg-info/SOURCES.txt'
[14.127s] running build
[14.128s] running build_py
[14.129s] /usr/lib/python3/dist-packages/setuptools/command/install.py:34: SetuptoolsDeprecationWarning: setup.py install is deprecated. Use build and pip and other standards-based tools.
[14.130s]   warnings.warn(
[14.131s] running install
[14.131s] running install_lib
[14.138s] running install_data
[14.140s] running install_egg_info
[14.149s] removing '/home/hsun/ros2_ws/install/py_pubsub/lib/python3.10/site-packages/py_pubsub-0.0.0-py3.10.egg-info' (and everything under it)
[14.151s] Copying ../../build/py_pubsub/py_pubsub.egg-info to /home/hsun/ros2_ws/install/py_pubsub/lib/python3.10/site-packages/py_pubsub-0.0.0-py3.10.egg-info
[14.166s] running install_scripts
[14.315s] Installing listener script to /home/hsun/ros2_ws/install/py_pubsub/lib/py_pubsub
[14.317s] Installing talker script to /home/hsun/ros2_ws/install/py_pubsub/lib/py_pubsub
[14.320s] writing list of installed files to '/home/hsun/ros2_ws/build/py_pubsub/install.log'
[14.642s] Invoked command in '/home/hsun/ros2_ws/src/py_pubsub' returned '0': PYTHONPATH=/home/hsun/ros2_ws/build/py_pubsub/prefix_override:/home/hsun/ros2_ws/install/py_pubsub/lib/python3.10/site-packages: /usr/bin/python3 setup.py egg_info --egg-base ../../build/py_pubsub build --build-base /home/hsun/ros2_ws/build/py_pubsub/build install --record /home/hsun/ros2_ws/build/py_pubsub/install.log --single-version-externally-managed
