[0.101s] Invoking command in '/home/hsun/ros2_ws/build/more_interfaces': CMAKE_PREFIX_PATH=${CMAKE_PREFIX_PATH}:/home/hsun/ros2_ws/install/py_srvcli:/home/hsun/ros2_ws/install/py_pubsub:/opt/ros/iron /usr/bin/cmake /home/hsun/ros2_ws/src/more_interfaces -DCMAKE_INSTALL_PREFIX=/home/hsun/ros2_ws/install/more_interfaces
[0.207s] -- Found ament_cmake: 2.0.3 (/opt/ros/iron/share/ament_cmake/cmake)
[1.467s] -- Found rclcpp: 21.0.1 (/opt/ros/iron/share/rclcpp/cmake)
[1.700s] -- Found rosidl_generator_c: 4.0.0 (/opt/ros/iron/share/rosidl_generator_c/cmake)
[1.756s] -- Found rosidl_generator_cpp: 4.0.0 (/opt/ros/iron/share/rosidl_generator_cpp/cmake)
[1.816s] -- Using all available rosidl_typesupport_c: rosidl_typesupport_fastrtps_c;rosidl_typesupport_introspection_c
[1.907s] -- Using all available rosidl_typesupport_cpp: rosidl_typesupport_fastrtps_cpp;rosidl_typesupport_introspection_cpp
[2.673s] -- Found rmw_implementation_cmake: 7.1.0 (/opt/ros/iron/share/rmw_implementation_cmake/cmake)
[2.682s] -- Found rmw_fastrtps_cpp: 7.1.1 (/opt/ros/iron/share/rmw_fastrtps_cpp/cmake)
[3.908s] -- Using RMW implementation 'rmw_fastrtps_cpp' as default
[4.724s] -- Found rosidl_default_generators: 1.5.0 (/opt/ros/iron/share/rosidl_default_generators/cmake)
[4.793s] -- Found rosidl_adapter: 4.0.0 (/opt/ros/iron/share/rosidl_adapter/cmake)
[4.825s] -- Found ament_lint_auto: 0.14.1 (/opt/ros/iron/share/ament_lint_auto/cmake)
[7.436s] -- Found ament_cmake_ros: 0.11.2 (/opt/ros/iron/share/ament_cmake_ros/cmake)
[10.764s] -- Using all available rosidl_typesupport_c: rosidl_typesupport_fastrtps_c;rosidl_typesupport_introspection_c
[11.917s] -- Using all available rosidl_typesupport_cpp: rosidl_typesupport_fastrtps_cpp;rosidl_typesupport_introspection_cpp
[12.261s] -- Found PythonInterp: /usr/bin/python3 (found suitable version "3.10.6", minimum required is "3.6") 
[12.304s] -- Found python_cmake_module: 0.10.2 (/opt/ros/iron/share/python_cmake_module/cmake)
[12.532s] -- Found PythonLibs: /usr/lib/aarch64-linux-gnu/libpython3.10.so (found suitable version "3.10.6", minimum required is "3.5") 
[12.534s] -- Using PYTHON_EXECUTABLE: /usr/bin/python3
[12.537s] -- Using PYTHON_INCLUDE_DIRS: /usr/include/python3.10
[12.540s] -- Using PYTHON_LIBRARIES: /usr/lib/aarch64-linux-gnu/libpython3.10.so
[12.775s] -- Found PythonExtra: .so  
[13.242s] -- Added test 'cppcheck' to perform static code analysis on C / C++ code
[13.247s] -- Configured cppcheck include dirs: 
[13.250s] -- Configured cppcheck exclude dirs and/or files: 
[13.269s] -- Added test 'lint_cmake' to check CMake code style
[13.277s] -- Added test 'uncrustify' to check C / C++ code style
[13.279s] -- Configured uncrustify additional arguments: 
[13.285s] -- Added test 'xmllint' to check XML markup files
[13.396s] -- Configuring done
[13.967s] -- Generating done
[13.990s] -- Build files have been written to: /home/hsun/ros2_ws/build/more_interfaces
[14.067s] Invoked command in '/home/hsun/ros2_ws/build/more_interfaces' returned '0': CMAKE_PREFIX_PATH=${CMAKE_PREFIX_PATH}:/home/hsun/ros2_ws/install/py_srvcli:/home/hsun/ros2_ws/install/py_pubsub:/opt/ros/iron /usr/bin/cmake /home/hsun/ros2_ws/src/more_interfaces -DCMAKE_INSTALL_PREFIX=/home/hsun/ros2_ws/install/more_interfaces
[14.076s] Invoking command in '/home/hsun/ros2_ws/build/more_interfaces': CMAKE_PREFIX_PATH=${CMAKE_PREFIX_PATH}:/home/hsun/ros2_ws/install/py_srvcli:/home/hsun/ros2_ws/install/py_pubsub:/opt/ros/iron /usr/bin/cmake --build /home/hsun/ros2_ws/build/more_interfaces -- -j4 -l4
[14.673s] [  2%] [32mBuilding CXX object CMakeFiles/publish_address_book.dir/src/publish_address_book.cpp.o[0m
[14.693s] [  5%] [34m[1mGenerating type hashes for ROS interfaces[0m
[14.894s] [  5%] Built target ament_cmake_python_copy_more_interfaces
[17.726s] [  5%] Built target more_interfaces__rosidl_generator_type_description
[18.062s] [  8%] [34m[1mGenerating C code for ROS interfaces[0m
[18.143s] [ 11%] [34m[1mGenerating C++ code for ROS interfaces[0m
[18.307s] [01m[K/home/hsun/ros2_ws/src/more_interfaces/src/publish_address_book.cpp:5:10:[m[K [01;31m[Kfatal error: [m[Kmore_interfaces/msg/address_book.hpp: No such file or directory
[18.311s]     5 | #include [01;31m[K"more_interfaces/msg/address_book.hpp"[m[K
[18.313s]       |          [01;31m[K^~~~~~~~~~~~~~~~~~~~~~~~~~~~~~~~~~~~~~[m[K
[18.315s] compilation terminated.
[18.347s] gmake[2]: *** [CMakeFiles/publish_address_book.dir/build.make:76: CMakeFiles/publish_address_book.dir/src/publish_address_book.cpp.o] Error 1
[18.348s] gmake[1]: *** [CMakeFiles/Makefile2:183: CMakeFiles/publish_address_book.dir/all] Error 2
[18.357s] gmake[1]: *** Waiting for unfinished jobs....
[20.357s] running egg_info
[20.380s] creating more_interfaces.egg-info
[20.389s] writing more_interfaces.egg-info/PKG-INFO
[20.401s] writing dependency_links to more_interfaces.egg-info/dependency_links.txt
[20.412s] writing top-level names to more_interfaces.egg-info/top_level.txt
[20.422s] writing manifest file 'more_interfaces.egg-info/SOURCES.txt'
[20.455s] reading manifest file 'more_interfaces.egg-info/SOURCES.txt'
[20.466s] writing manifest file 'more_interfaces.egg-info/SOURCES.txt'
[20.902s] [ 11%] Built target ament_cmake_python_build_more_interfaces_egg
[21.516s] [ 11%] Built target more_interfaces__cpp
[21.898s] [ 13%] [32mBuilding C object CMakeFiles/more_interfaces__rosidl_generator_c.dir/rosidl_generator_c/more_interfaces/msg/detail/address_book__description.c.o[0m
[22.163s] [ 16%] [32mBuilding C object CMakeFiles/more_interfaces__rosidl_generator_c.dir/rosidl_generator_c/more_interfaces/msg/detail/address_book__type_support.c.o[0m
[22.439s] [ 19%] [32mBuilding C object CMakeFiles/more_interfaces__rosidl_generator_c.dir/rosidl_generator_c/more_interfaces/msg/detail/address_book__functions.c.o[0m
[22.887s] [ 22%] [32m[1mLinking C shared library libmore_interfaces__rosidl_generator_c.so[0m
[23.185s] [ 22%] Built target more_interfaces__rosidl_generator_c
[23.196s] gmake: *** [Makefile:146: all] Error 2
[23.207s] Invoked command in '/home/hsun/ros2_ws/build/more_interfaces' returned '2': CMAKE_PREFIX_PATH=${CMAKE_PREFIX_PATH}:/home/hsun/ros2_ws/install/py_srvcli:/home/hsun/ros2_ws/install/py_pubsub:/opt/ros/iron /usr/bin/cmake --build /home/hsun/ros2_ws/build/more_interfaces -- -j4 -l4
