[0.226s] Invoking command in '/home/hsun/ros2_ws/build/more_interfaces': CMAKE_PREFIX_PATH=${CMAKE_PREFIX_PATH}:/opt/ros/iron:/home/hsun/ros2_ws/install/python_parameters:/home/hsun/ros2_ws/install/py_srvcli:/home/hsun/ros2_ws/install/py_pubsub:/home/hsun/ros2_ws/install/py_launch_example /usr/bin/cmake --build /home/hsun/ros2_ws/build/more_interfaces -- -j4 -l4
[1.145s] [  2%] Built target more_interfaces__rosidl_generator_type_description
[1.499s] [  2%] Built target ament_cmake_python_copy_more_interfaces
[1.547s] [ 16%] Built target more_interfaces__rosidl_generator_c
[1.899s] [ 19%] Built target more_interfaces__cpp
[2.291s] [ 27%] Built target more_interfaces__rosidl_typesupport_introspection_c
[2.661s] [ 36%] Built target more_interfaces__rosidl_typesupport_c
[3.181s] [ 44%] Built target more_interfaces__rosidl_typesupport_introspection_cpp
[8.210s] running egg_info
[8.221s] writing more_interfaces.egg-info/PKG-INFO
[8.231s] writing dependency_links to more_interfaces.egg-info/dependency_links.txt
[8.232s] writing top-level names to more_interfaces.egg-info/top_level.txt
[8.268s] reading manifest file 'more_interfaces.egg-info/SOURCES.txt'
[8.269s] writing manifest file 'more_interfaces.egg-info/SOURCES.txt'
[8.644s] [ 44%] Built target ament_cmake_python_build_more_interfaces_egg
[8.890s] [ 52%] Built target more_interfaces__rosidl_typesupport_fastrtps_cpp
[9.184s] [ 61%] Built target more_interfaces__rosidl_typesupport_cpp
[9.558s] [ 69%] Built target more_interfaces__rosidl_typesupport_fastrtps_c
[9.908s] [ 75%] Built target publish_address_book
[10.325s] [ 75%] Built target more_interfaces
[10.696s] [ 77%] Built target more_interfaces__py
[11.215s] [ 83%] Built target more_interfaces__rosidl_generator_py
[11.615s] [ 88%] Built target more_interfaces__rosidl_typesupport_fastrtps_c__pyext
[11.835s] [ 94%] Built target more_interfaces__rosidl_typesupport_c__pyext
[12.161s] [100%] Built target more_interfaces__rosidl_typesupport_introspection_c__pyext
[12.951s] Invoked command in '/home/hsun/ros2_ws/build/more_interfaces' returned '0': CMAKE_PREFIX_PATH=${CMAKE_PREFIX_PATH}:/opt/ros/iron:/home/hsun/ros2_ws/install/python_parameters:/home/hsun/ros2_ws/install/py_srvcli:/home/hsun/ros2_ws/install/py_pubsub:/home/hsun/ros2_ws/install/py_launch_example /usr/bin/cmake --build /home/hsun/ros2_ws/build/more_interfaces -- -j4 -l4
[17.130s] Invoking command in '/home/hsun/ros2_ws/build/more_interfaces': CMAKE_PREFIX_PATH=${CMAKE_PREFIX_PATH}:/opt/ros/iron:/home/hsun/ros2_ws/install/python_parameters:/home/hsun/ros2_ws/install/py_srvcli:/home/hsun/ros2_ws/install/py_pubsub:/home/hsun/ros2_ws/install/py_launch_example /usr/bin/cmake --install /home/hsun/ros2_ws/build/more_interfaces
[17.270s] -- Install configuration: ""
[17.271s] -- Up-to-date: /home/hsun/ros2_ws/install/more_interfaces/lib/more_interfaces/publish_address_book
[17.272s] -- Up-to-date: /home/hsun/ros2_ws/install/more_interfaces/share/ament_index/resource_index/rosidl_interfaces/more_interfaces
[17.278s] -- Up-to-date: /home/hsun/ros2_ws/install/more_interfaces/share/more_interfaces/msg/AddressBook.json
[17.279s] -- Up-to-date: /home/hsun/ros2_ws/install/more_interfaces/include/more_interfaces/more_interfaces
[17.280s] -- Up-to-date: /home/hsun/ros2_ws/install/more_interfaces/include/more_interfaces/more_interfaces/msg
[17.281s] -- Up-to-date: /home/hsun/ros2_ws/install/more_interfaces/include/more_interfaces/more_interfaces/msg/detail
[17.282s] -- Up-to-date: /home/hsun/ros2_ws/install/more_interfaces/include/more_interfaces/more_interfaces/msg/detail/address_book__description.c
[17.283s] -- Installing: /home/hsun/ros2_ws/install/more_interfaces/include/more_interfaces/more_interfaces/msg/detail/address_book__type_support.c
[17.299s] -- Up-to-date: /home/hsun/ros2_ws/install/more_interfaces/include/more_interfaces/more_interfaces/msg/detail/address_book__struct.h
[17.301s] -- Up-to-date: /home/hsun/ros2_ws/install/more_interfaces/include/more_interfaces/more_interfaces/msg/detail/address_book__type_support.h
[17.302s] -- Up-to-date: /home/hsun/ros2_ws/install/more_interfaces/include/more_interfaces/more_interfaces/msg/detail/address_book__functions.h
[17.304s] -- Up-to-date: /home/hsun/ros2_ws/install/more_interfaces/include/more_interfaces/more_interfaces/msg/detail/address_book__functions.c
[17.322s] -- Up-to-date: /home/hsun/ros2_ws/install/more_interfaces/include/more_interfaces/more_interfaces/msg/rosidl_generator_c__visibility_control.h
[17.323s] -- Up-to-date: /home/hsun/ros2_ws/install/more_interfaces/include/more_interfaces/more_interfaces/msg/address_book.h
[17.324s] -- Up-to-date: /home/hsun/ros2_ws/install/more_interfaces/share/more_interfaces/environment/library_path.sh
[17.324s] -- Up-to-date: /home/hsun/ros2_ws/install/more_interfaces/share/more_interfaces/environment/library_path.dsv
[17.329s] -- Up-to-date: /home/hsun/ros2_ws/install/more_interfaces/lib/libmore_interfaces__rosidl_generator_c.so
[17.339s] -- Up-to-date: /home/hsun/ros2_ws/install/more_interfaces/include/more_interfaces/more_interfaces
[17.340s] -- Up-to-date: /home/hsun/ros2_ws/install/more_interfaces/include/more_interfaces/more_interfaces/msg
[17.350s] -- Up-to-date: /home/hsun/ros2_ws/install/more_interfaces/include/more_interfaces/more_interfaces/msg/detail
[17.351s] -- Up-to-date: /home/hsun/ros2_ws/install/more_interfaces/include/more_interfaces/more_interfaces/msg/detail/address_book__rosidl_typesupport_fastrtps_c.h
[17.352s] -- Up-to-date: /home/hsun/ros2_ws/install/more_interfaces/include/more_interfaces/more_interfaces/msg/rosidl_typesupport_fastrtps_c__visibility_control.h
[17.353s] -- Up-to-date: /home/hsun/ros2_ws/install/more_interfaces/lib/libmore_interfaces__rosidl_typesupport_fastrtps_c.so
[17.367s] -- Up-to-date: /home/hsun/ros2_ws/install/more_interfaces/include/more_interfaces/more_interfaces
[17.368s] -- Up-to-date: /home/hsun/ros2_ws/install/more_interfaces/include/more_interfaces/more_interfaces/msg
[17.370s] -- Up-to-date: /home/hsun/ros2_ws/install/more_interfaces/include/more_interfaces/more_interfaces/msg/detail
[17.371s] -- Up-to-date: /home/hsun/ros2_ws/install/more_interfaces/include/more_interfaces/more_interfaces/msg/detail/address_book__struct.hpp
[17.373s] -- Up-to-date: /home/hsun/ros2_ws/install/more_interfaces/include/more_interfaces/more_interfaces/msg/detail/address_book__builder.hpp
[17.378s] -- Up-to-date: /home/hsun/ros2_ws/install/more_interfaces/include/more_interfaces/more_interfaces/msg/detail/address_book__traits.hpp
[17.379s] -- Up-to-date: /home/hsun/ros2_ws/install/more_interfaces/include/more_interfaces/more_interfaces/msg/address_book.hpp
[17.380s] -- Up-to-date: /home/hsun/ros2_ws/install/more_interfaces/include/more_interfaces/more_interfaces
[17.398s] -- Up-to-date: /home/hsun/ros2_ws/install/more_interfaces/include/more_interfaces/more_interfaces/msg
[17.398s] -- Up-to-date: /home/hsun/ros2_ws/install/more_interfaces/include/more_interfaces/more_interfaces/msg/detail
[17.399s] -- Up-to-date: /home/hsun/ros2_ws/install/more_interfaces/include/more_interfaces/more_interfaces/msg/detail/dds_fastrtps
[17.400s] -- Up-to-date: /home/hsun/ros2_ws/install/more_interfaces/include/more_interfaces/more_interfaces/msg/detail/address_book__rosidl_typesupport_fastrtps_cpp.hpp
[17.402s] -- Up-to-date: /home/hsun/ros2_ws/install/more_interfaces/include/more_interfaces/more_interfaces/msg/rosidl_typesupport_fastrtps_cpp__visibility_control.h
[17.403s] -- Up-to-date: /home/hsun/ros2_ws/install/more_interfaces/lib/libmore_interfaces__rosidl_typesupport_fastrtps_cpp.so
[17.403s] -- Up-to-date: /home/hsun/ros2_ws/install/more_interfaces/include/more_interfaces/more_interfaces
[17.404s] -- Up-to-date: /home/hsun/ros2_ws/install/more_interfaces/include/more_interfaces/more_interfaces/msg
[17.404s] -- Up-to-date: /home/hsun/ros2_ws/install/more_interfaces/include/more_interfaces/more_interfaces/msg/detail
[17.405s] -- Up-to-date: /home/hsun/ros2_ws/install/more_interfaces/include/more_interfaces/more_interfaces/msg/detail/address_book__rosidl_typesupport_introspection_c.h
[17.406s] -- Installing: /home/hsun/ros2_ws/install/more_interfaces/include/more_interfaces/more_interfaces/msg/detail/address_book__type_support.c
[17.406s] -- Up-to-date: /home/hsun/ros2_ws/install/more_interfaces/include/more_interfaces/more_interfaces/msg/rosidl_typesupport_introspection_c__visibility_control.h
[17.407s] -- Up-to-date: /home/hsun/ros2_ws/install/more_interfaces/lib/libmore_interfaces__rosidl_typesupport_introspection_c.so
[17.408s] -- Up-to-date: /home/hsun/ros2_ws/install/more_interfaces/lib/libmore_interfaces__rosidl_typesupport_c.so
[17.419s] -- Up-to-date: /home/hsun/ros2_ws/install/more_interfaces/include/more_interfaces/more_interfaces
[17.420s] -- Up-to-date: /home/hsun/ros2_ws/install/more_interfaces/include/more_interfaces/more_interfaces/msg
[17.420s] -- Up-to-date: /home/hsun/ros2_ws/install/more_interfaces/include/more_interfaces/more_interfaces/msg/detail
[17.421s] -- Up-to-date: /home/hsun/ros2_ws/install/more_interfaces/include/more_interfaces/more_interfaces/msg/detail/address_book__rosidl_typesupport_introspection_cpp.hpp
[17.422s] -- Up-to-date: /home/hsun/ros2_ws/install/more_interfaces/include/more_interfaces/more_interfaces/msg/detail/address_book__type_support.cpp
[17.422s] -- Up-to-date: /home/hsun/ros2_ws/install/more_interfaces/lib/libmore_interfaces__rosidl_typesupport_introspection_cpp.so
[17.423s] -- Up-to-date: /home/hsun/ros2_ws/install/more_interfaces/lib/libmore_interfaces__rosidl_typesupport_cpp.so
[17.424s] -- Up-to-date: /home/hsun/ros2_ws/install/more_interfaces/share/more_interfaces/environment/pythonpath.sh
[17.425s] -- Up-to-date: /home/hsun/ros2_ws/install/more_interfaces/share/more_interfaces/environment/pythonpath.dsv
[17.430s] -- Up-to-date: /home/hsun/ros2_ws/install/more_interfaces/lib/python3.10/site-packages/more_interfaces-0.0.0-py3.10.egg-info
[17.431s] -- Installing: /home/hsun/ros2_ws/install/more_interfaces/lib/python3.10/site-packages/more_interfaces-0.0.0-py3.10.egg-info/SOURCES.txt
[17.432s] -- Installing: /home/hsun/ros2_ws/install/more_interfaces/lib/python3.10/site-packages/more_interfaces-0.0.0-py3.10.egg-info/PKG-INFO
[17.432s] -- Installing: /home/hsun/ros2_ws/install/more_interfaces/lib/python3.10/site-packages/more_interfaces-0.0.0-py3.10.egg-info/dependency_links.txt
[17.433s] -- Installing: /home/hsun/ros2_ws/install/more_interfaces/lib/python3.10/site-packages/more_interfaces-0.0.0-py3.10.egg-info/top_level.txt
[17.434s] -- Up-to-date: /home/hsun/ros2_ws/install/more_interfaces/lib/python3.10/site-packages/more_interfaces
[17.434s] -- Up-to-date: /home/hsun/ros2_ws/install/more_interfaces/lib/python3.10/site-packages/more_interfaces/_more_interfaces_s.ep.rosidl_typesupport_introspection_c.c
[17.435s] -- Up-to-date: /home/hsun/ros2_ws/install/more_interfaces/lib/python3.10/site-packages/more_interfaces/_more_interfaces_s.ep.rosidl_typesupport_fastrtps_c.c
[17.435s] -- Up-to-date: /home/hsun/ros2_ws/install/more_interfaces/lib/python3.10/site-packages/more_interfaces/libmore_interfaces__rosidl_generator_py.so
[17.436s] -- Up-to-date: /home/hsun/ros2_ws/install/more_interfaces/lib/python3.10/site-packages/more_interfaces/__init__.py
[17.436s] -- Up-to-date: /home/hsun/ros2_ws/install/more_interfaces/lib/python3.10/site-packages/more_interfaces/more_interfaces_s__rosidl_typesupport_c.cpython-310-aarch64-linux-gnu.so
[17.437s] -- Up-to-date: /home/hsun/ros2_ws/install/more_interfaces/lib/python3.10/site-packages/more_interfaces/_more_interfaces_s.ep.rosidl_typesupport_c.c
[17.446s] -- Up-to-date: /home/hsun/ros2_ws/install/more_interfaces/lib/python3.10/site-packages/more_interfaces/more_interfaces_s__rosidl_typesupport_fastrtps_c.cpython-310-aarch64-linux-gnu.so
[17.448s] -- Up-to-date: /home/hsun/ros2_ws/install/more_interfaces/lib/python3.10/site-packages/more_interfaces/more_interfaces_s__rosidl_typesupport_introspection_c.cpython-310-aarch64-linux-gnu.so
[17.449s] -- Up-to-date: /home/hsun/ros2_ws/install/more_interfaces/lib/python3.10/site-packages/more_interfaces/msg
[17.463s] -- Up-to-date: /home/hsun/ros2_ws/install/more_interfaces/lib/python3.10/site-packages/more_interfaces/msg/__init__.py
[17.465s] -- Up-to-date: /home/hsun/ros2_ws/install/more_interfaces/lib/python3.10/site-packages/more_interfaces/msg/_address_book.py
[17.467s] -- Up-to-date: /home/hsun/ros2_ws/install/more_interfaces/lib/python3.10/site-packages/more_interfaces/msg/_address_book_s.c
[18.150s] Listing '/home/hsun/ros2_ws/install/more_interfaces/lib/python3.10/site-packages/more_interfaces'...
[18.158s] Listing '/home/hsun/ros2_ws/install/more_interfaces/lib/python3.10/site-packages/more_interfaces/msg'...
[18.324s] -- Up-to-date: /home/hsun/ros2_ws/install/more_interfaces/lib/python3.10/site-packages/more_interfaces/more_interfaces_s__rosidl_typesupport_fastrtps_c.cpython-310-aarch64-linux-gnu.so
[18.336s] -- Up-to-date: /home/hsun/ros2_ws/install/more_interfaces/lib/python3.10/site-packages/more_interfaces/more_interfaces_s__rosidl_typesupport_introspection_c.cpython-310-aarch64-linux-gnu.so
[18.349s] -- Up-to-date: /home/hsun/ros2_ws/install/more_interfaces/lib/python3.10/site-packages/more_interfaces/more_interfaces_s__rosidl_typesupport_c.cpython-310-aarch64-linux-gnu.so
[18.357s] -- Up-to-date: /home/hsun/ros2_ws/install/more_interfaces/lib/libmore_interfaces__rosidl_generator_py.so
[18.358s] -- Up-to-date: /home/hsun/ros2_ws/install/more_interfaces/share/more_interfaces/msg/AddressBook.idl
[18.363s] -- Up-to-date: /home/hsun/ros2_ws/install/more_interfaces/share/more_interfaces/msg/AddressBook.msg
[18.369s] -- Up-to-date: /home/hsun/ros2_ws/install/more_interfaces/share/ament_index/resource_index/package_run_dependencies/more_interfaces
[18.370s] -- Up-to-date: /home/hsun/ros2_ws/install/more_interfaces/share/ament_index/resource_index/parent_prefix_path/more_interfaces
[18.370s] -- Up-to-date: /home/hsun/ros2_ws/install/more_interfaces/share/more_interfaces/environment/ament_prefix_path.sh
[18.371s] -- Up-to-date: /home/hsun/ros2_ws/install/more_interfaces/share/more_interfaces/environment/ament_prefix_path.dsv
[18.385s] -- Up-to-date: /home/hsun/ros2_ws/install/more_interfaces/share/more_interfaces/environment/path.sh
[18.386s] -- Up-to-date: /home/hsun/ros2_ws/install/more_interfaces/share/more_interfaces/environment/path.dsv
[18.386s] -- Up-to-date: /home/hsun/ros2_ws/install/more_interfaces/share/more_interfaces/local_setup.bash
[18.387s] -- Up-to-date: /home/hsun/ros2_ws/install/more_interfaces/share/more_interfaces/local_setup.sh
[18.388s] -- Up-to-date: /home/hsun/ros2_ws/install/more_interfaces/share/more_interfaces/local_setup.zsh
[18.388s] -- Up-to-date: /home/hsun/ros2_ws/install/more_interfaces/share/more_interfaces/local_setup.dsv
[18.389s] -- Installing: /home/hsun/ros2_ws/install/more_interfaces/share/more_interfaces/package.dsv
[18.391s] -- Up-to-date: /home/hsun/ros2_ws/install/more_interfaces/share/ament_index/resource_index/packages/more_interfaces
[18.403s] -- Up-to-date: /home/hsun/ros2_ws/install/more_interfaces/share/more_interfaces/cmake/export_more_interfaces__rosidl_generator_cExport.cmake
[18.404s] -- Up-to-date: /home/hsun/ros2_ws/install/more_interfaces/share/more_interfaces/cmake/export_more_interfaces__rosidl_generator_cExport-noconfig.cmake
[18.412s] -- Up-to-date: /home/hsun/ros2_ws/install/more_interfaces/share/more_interfaces/cmake/export_more_interfaces__rosidl_typesupport_fastrtps_cExport.cmake
[18.413s] -- Up-to-date: /home/hsun/ros2_ws/install/more_interfaces/share/more_interfaces/cmake/export_more_interfaces__rosidl_typesupport_fastrtps_cExport-noconfig.cmake
[18.414s] -- Up-to-date: /home/hsun/ros2_ws/install/more_interfaces/share/more_interfaces/cmake/export_more_interfaces__rosidl_generator_cppExport.cmake
[18.414s] -- Up-to-date: /home/hsun/ros2_ws/install/more_interfaces/share/more_interfaces/cmake/export_more_interfaces__rosidl_typesupport_fastrtps_cppExport.cmake
[18.426s] -- Up-to-date: /home/hsun/ros2_ws/install/more_interfaces/share/more_interfaces/cmake/export_more_interfaces__rosidl_typesupport_fastrtps_cppExport-noconfig.cmake
[18.427s] -- Up-to-date: /home/hsun/ros2_ws/install/more_interfaces/share/more_interfaces/cmake/more_interfaces__rosidl_typesupport_introspection_cExport.cmake
[18.428s] -- Up-to-date: /home/hsun/ros2_ws/install/more_interfaces/share/more_interfaces/cmake/more_interfaces__rosidl_typesupport_introspection_cExport-noconfig.cmake
[18.429s] -- Up-to-date: /home/hsun/ros2_ws/install/more_interfaces/share/more_interfaces/cmake/more_interfaces__rosidl_typesupport_cExport.cmake
[18.437s] -- Up-to-date: /home/hsun/ros2_ws/install/more_interfaces/share/more_interfaces/cmake/more_interfaces__rosidl_typesupport_cExport-noconfig.cmake
[18.442s] -- Up-to-date: /home/hsun/ros2_ws/install/more_interfaces/share/more_interfaces/cmake/more_interfaces__rosidl_typesupport_introspection_cppExport.cmake
[18.454s] -- Up-to-date: /home/hsun/ros2_ws/install/more_interfaces/share/more_interfaces/cmake/more_interfaces__rosidl_typesupport_introspection_cppExport-noconfig.cmake
[18.457s] -- Up-to-date: /home/hsun/ros2_ws/install/more_interfaces/share/more_interfaces/cmake/more_interfaces__rosidl_typesupport_cppExport.cmake
[18.458s] -- Up-to-date: /home/hsun/ros2_ws/install/more_interfaces/share/more_interfaces/cmake/more_interfaces__rosidl_typesupport_cppExport-noconfig.cmake
[18.474s] -- Up-to-date: /home/hsun/ros2_ws/install/more_interfaces/share/more_interfaces/cmake/export_more_interfaces__rosidl_generator_pyExport.cmake
[18.475s] -- Up-to-date: /home/hsun/ros2_ws/install/more_interfaces/share/more_interfaces/cmake/export_more_interfaces__rosidl_generator_pyExport-noconfig.cmake
[18.476s] -- Up-to-date: /home/hsun/ros2_ws/install/more_interfaces/share/more_interfaces/cmake/rosidl_cmake-extras.cmake
[18.476s] -- Up-to-date: /home/hsun/ros2_ws/install/more_interfaces/share/more_interfaces/cmake/ament_cmake_export_include_directories-extras.cmake
[18.477s] -- Up-to-date: /home/hsun/ros2_ws/install/more_interfaces/share/more_interfaces/cmake/ament_cmake_export_libraries-extras.cmake
[18.487s] -- Up-to-date: /home/hsun/ros2_ws/install/more_interfaces/share/more_interfaces/cmake/ament_cmake_export_targets-extras.cmake
[18.489s] -- Up-to-date: /home/hsun/ros2_ws/install/more_interfaces/share/more_interfaces/cmake/rosidl_cmake_export_typesupport_targets-extras.cmake
[18.504s] -- Up-to-date: /home/hsun/ros2_ws/install/more_interfaces/share/more_interfaces/cmake/ament_cmake_export_dependencies-extras.cmake
[18.505s] -- Up-to-date: /home/hsun/ros2_ws/install/more_interfaces/share/more_interfaces/cmake/rosidl_cmake_export_typesupport_libraries-extras.cmake
[18.506s] -- Up-to-date: /home/hsun/ros2_ws/install/more_interfaces/share/more_interfaces/cmake/more_interfacesConfig.cmake
[18.507s] -- Up-to-date: /home/hsun/ros2_ws/install/more_interfaces/share/more_interfaces/cmake/more_interfacesConfig-version.cmake
[18.508s] -- Up-to-date: /home/hsun/ros2_ws/install/more_interfaces/share/more_interfaces/package.xml
[23.257s] Invoked command in '/home/hsun/ros2_ws/build/more_interfaces' returned '0': CMAKE_PREFIX_PATH=${CMAKE_PREFIX_PATH}:/opt/ros/iron:/home/hsun/ros2_ws/install/python_parameters:/home/hsun/ros2_ws/install/py_srvcli:/home/hsun/ros2_ws/install/py_pubsub:/home/hsun/ros2_ws/install/py_launch_example /usr/bin/cmake --install /home/hsun/ros2_ws/build/more_interfaces
