[0.153s] Invoking command in '/home/hsun/ros2_ws/build/my_package': /usr/bin/cmake --build /home/hsun/ros2_ws/build/my_package -- -j4 -l4
[0.706s] [100%] Built target my_node
[0.803s] Invoked command in '/home/hsun/ros2_ws/build/my_package' returned '0': /usr/bin/cmake --build /home/hsun/ros2_ws/build/my_package -- -j4 -l4
[1.300s] Invoking command in '/home/hsun/ros2_ws/build/my_package': /usr/bin/cmake --install /home/hsun/ros2_ws/build/my_package
[1.387s] -- Install configuration: ""
[1.389s] -- Up-to-date: /home/hsun/ros2_ws/install/my_package/lib/my_package/my_node
[1.403s] -- Up-to-date: /home/hsun/ros2_ws/install/my_package/share/ament_index/resource_index/package_run_dependencies/my_package
[1.403s] -- Up-to-date: /home/hsun/ros2_ws/install/my_package/share/ament_index/resource_index/parent_prefix_path/my_package
[1.411s] -- Up-to-date: /home/hsun/ros2_ws/install/my_package/share/my_package/environment/ament_prefix_path.sh
[1.411s] -- Up-to-date: /home/hsun/ros2_ws/install/my_package/share/my_package/environment/ament_prefix_path.dsv
[1.412s] -- Up-to-date: /home/hsun/ros2_ws/install/my_package/share/my_package/environment/path.sh
[1.413s] -- Up-to-date: /home/hsun/ros2_ws/install/my_package/share/my_package/environment/path.dsv
[1.413s] -- Up-to-date: /home/hsun/ros2_ws/install/my_package/share/my_package/local_setup.bash
[1.416s] -- Up-to-date: /home/hsun/ros2_ws/install/my_package/share/my_package/local_setup.sh
[1.423s] -- Up-to-date: /home/hsun/ros2_ws/install/my_package/share/my_package/local_setup.zsh
[1.427s] -- Up-to-date: /home/hsun/ros2_ws/install/my_package/share/my_package/local_setup.dsv
[1.434s] -- Installing: /home/hsun/ros2_ws/install/my_package/share/my_package/package.dsv
[1.436s] -- Up-to-date: /home/hsun/ros2_ws/install/my_package/share/ament_index/resource_index/packages/my_package
[1.450s] -- Up-to-date: /home/hsun/ros2_ws/install/my_package/share/my_package/cmake/my_packageConfig.cmake
[1.455s] -- Up-to-date: /home/hsun/ros2_ws/install/my_package/share/my_package/cmake/my_packageConfig-version.cmake
[1.479s] -- Up-to-date: /home/hsun/ros2_ws/install/my_package/share/my_package/package.xml
[1.499s] Invoked command in '/home/hsun/ros2_ws/build/my_package' returned '0': /usr/bin/cmake --install /home/hsun/ros2_ws/build/my_package
