[0.165s] Invoking command in '/home/hsun/ros2_ws/build/cpp_srvcli': CMAKE_PREFIX_PATH=${CMAKE_PREFIX_PATH}:/home/hsun/ros2_ws/install/py_srvcli:/home/hsun/ros2_ws/install/py_pubsub:/opt/ros/iron /usr/bin/cmake --build /home/hsun/ros2_ws/build/cpp_srvcli -- -j4 -l4
[0.385s] -- Found ament_cmake: 2.0.3 (/opt/ros/iron/share/ament_cmake/cmake)
[1.657s] -- Found rclcpp: 21.0.1 (/opt/ros/iron/share/rclcpp/cmake)
[1.881s] -- Found rosidl_generator_c: 4.0.0 (/opt/ros/iron/share/rosidl_generator_c/cmake)
[1.937s] -- Found rosidl_generator_cpp: 4.0.0 (/opt/ros/iron/share/rosidl_generator_cpp/cmake)
[1.994s] -- Using all available rosidl_typesupport_c: rosidl_typesupport_fastrtps_c;rosidl_typesupport_introspection_c
[2.090s] -- Using all available rosidl_typesupport_cpp: rosidl_typesupport_fastrtps_cpp;rosidl_typesupport_introspection_cpp
[2.823s] -- Found rmw_implementation_cmake: 7.1.0 (/opt/ros/iron/share/rmw_implementation_cmake/cmake)
[2.834s] -- Found rmw_fastrtps_cpp: 7.1.1 (/opt/ros/iron/share/rmw_fastrtps_cpp/cmake)
[4.104s] -- Using RMW implementation 'rmw_fastrtps_cpp' as default
[4.972s] -- Found tutorial_interfaces: 0.0.0 (/home/hsun/ros2_ws/install/tutorial_interfaces/share/tutorial_interfaces/cmake)
[5.892s] -- Found ament_lint_auto: 0.14.1 (/opt/ros/iron/share/ament_lint_auto/cmake)
[6.369s] -- Added test 'cppcheck' to perform static code analysis on C / C++ code
[6.371s] -- Configured cppcheck include dirs: 
[6.372s] -- Configured cppcheck exclude dirs and/or files: 
[6.378s] -- Added test 'lint_cmake' to check CMake code style
[6.388s] -- Added test 'uncrustify' to check C / C++ code style
[6.391s] -- Configured uncrustify additional arguments: 
[6.393s] -- Added test 'xmllint' to check XML markup files
[6.398s] -- Configuring done
[6.515s] -- Generating done
[6.524s] -- Build files have been written to: /home/hsun/ros2_ws/build/cpp_srvcli
[6.708s] [35m[1mConsolidate compiler generated dependencies of target server[0m
[6.716s] [35m[1mConsolidate compiler generated dependencies of target client[0m
[6.914s] [ 50%] Built target client
[6.928s] [100%] Built target server
[7.014s] Invoked command in '/home/hsun/ros2_ws/build/cpp_srvcli' returned '0': CMAKE_PREFIX_PATH=${CMAKE_PREFIX_PATH}:/home/hsun/ros2_ws/install/py_srvcli:/home/hsun/ros2_ws/install/py_pubsub:/opt/ros/iron /usr/bin/cmake --build /home/hsun/ros2_ws/build/cpp_srvcli -- -j4 -l4
[7.395s] Invoking command in '/home/hsun/ros2_ws/build/cpp_srvcli': CMAKE_PREFIX_PATH=${CMAKE_PREFIX_PATH}:/home/hsun/ros2_ws/install/py_srvcli:/home/hsun/ros2_ws/install/py_pubsub:/opt/ros/iron /usr/bin/cmake --install /home/hsun/ros2_ws/build/cpp_srvcli
[7.472s] -- Install configuration: ""
[7.473s] -- Up-to-date: /home/hsun/ros2_ws/install/cpp_srvcli/lib/cpp_srvcli/server
[7.476s] -- Up-to-date: /home/hsun/ros2_ws/install/cpp_srvcli/lib/cpp_srvcli/client
[7.478s] -- Installing: /home/hsun/ros2_ws/install/cpp_srvcli/share/ament_index/resource_index/package_run_dependencies/cpp_srvcli
[7.481s] -- Up-to-date: /home/hsun/ros2_ws/install/cpp_srvcli/share/ament_index/resource_index/parent_prefix_path/cpp_srvcli
[7.482s] -- Up-to-date: /home/hsun/ros2_ws/install/cpp_srvcli/share/cpp_srvcli/environment/ament_prefix_path.sh
[7.483s] -- Up-to-date: /home/hsun/ros2_ws/install/cpp_srvcli/share/cpp_srvcli/environment/ament_prefix_path.dsv
[7.484s] -- Up-to-date: /home/hsun/ros2_ws/install/cpp_srvcli/share/cpp_srvcli/environment/path.sh
[7.495s] -- Up-to-date: /home/hsun/ros2_ws/install/cpp_srvcli/share/cpp_srvcli/environment/path.dsv
[7.496s] -- Up-to-date: /home/hsun/ros2_ws/install/cpp_srvcli/share/cpp_srvcli/local_setup.bash
[7.506s] -- Up-to-date: /home/hsun/ros2_ws/install/cpp_srvcli/share/cpp_srvcli/local_setup.sh
[7.508s] -- Up-to-date: /home/hsun/ros2_ws/install/cpp_srvcli/share/cpp_srvcli/local_setup.zsh
[7.510s] -- Up-to-date: /home/hsun/ros2_ws/install/cpp_srvcli/share/cpp_srvcli/local_setup.dsv
[7.538s] -- Installing: /home/hsun/ros2_ws/install/cpp_srvcli/share/cpp_srvcli/package.dsv
[7.542s] -- Up-to-date: /home/hsun/ros2_ws/install/cpp_srvcli/share/ament_index/resource_index/packages/cpp_srvcli
[7.544s] -- Up-to-date: /home/hsun/ros2_ws/install/cpp_srvcli/share/cpp_srvcli/cmake/cpp_srvcliConfig.cmake
[7.556s] -- Up-to-date: /home/hsun/ros2_ws/install/cpp_srvcli/share/cpp_srvcli/cmake/cpp_srvcliConfig-version.cmake
[7.558s] -- Installing: /home/hsun/ros2_ws/install/cpp_srvcli/share/cpp_srvcli/package.xml
[7.560s] Invoked command in '/home/hsun/ros2_ws/build/cpp_srvcli' returned '0': CMAKE_PREFIX_PATH=${CMAKE_PREFIX_PATH}:/home/hsun/ros2_ws/install/py_srvcli:/home/hsun/ros2_ws/install/py_pubsub:/opt/ros/iron /usr/bin/cmake --install /home/hsun/ros2_ws/build/cpp_srvcli
