[0.213s] Invoking command in '/home/hsun/ros2_ws/build/polygon_plugins': CMAKE_PREFIX_PATH=/home/hsun/ros2_ws/install/polygon_base:/home/hsun/ros2_ws/install/cpp_srvcli:/home/hsun/ros2_ws/install/cpp_pubsub:/home/hsun/ros2_ws/install/tutorial_interfaces:/home/hsun/ros2_ws/install/turtlesim:/home/hsun/ros2_ws/install/polygon_plugins:/home/hsun/ros2_ws/install/my_package:/home/hsun/ros2_ws/install/more_interfaces:/home/hsun/ros2_ws/install/custom_action_cpp:/home/hsun/ros2_ws/install/custom_action_interfaces:/home/hsun/ros2_ws/install/cpp_parameters:/home/hsun/ros2_ws/install/cpp_parameter_event_handler:/opt/ros/iron:/home/hsun/ros2_ws/install/python_parameters:/home/hsun/ros2_ws/install/py_srvcli:/home/hsun/ros2_ws/install/py_pubsub:/home/hsun/ros2_ws/install/py_launch_example /usr/bin/cmake --build /home/hsun/ros2_ws/build/polygon_plugins -- -j4 -l4
[1.026s] [100%] Built target polygon_plugins
[1.224s] Invoked command in '/home/hsun/ros2_ws/build/polygon_plugins' returned '0': CMAKE_PREFIX_PATH=/home/hsun/ros2_ws/install/polygon_base:/home/hsun/ros2_ws/install/cpp_srvcli:/home/hsun/ros2_ws/install/cpp_pubsub:/home/hsun/ros2_ws/install/tutorial_interfaces:/home/hsun/ros2_ws/install/turtlesim:/home/hsun/ros2_ws/install/polygon_plugins:/home/hsun/ros2_ws/install/my_package:/home/hsun/ros2_ws/install/more_interfaces:/home/hsun/ros2_ws/install/custom_action_cpp:/home/hsun/ros2_ws/install/custom_action_interfaces:/home/hsun/ros2_ws/install/cpp_parameters:/home/hsun/ros2_ws/install/cpp_parameter_event_handler:/opt/ros/iron:/home/hsun/ros2_ws/install/python_parameters:/home/hsun/ros2_ws/install/py_srvcli:/home/hsun/ros2_ws/install/py_pubsub:/home/hsun/ros2_ws/install/py_launch_example /usr/bin/cmake --build /home/hsun/ros2_ws/build/polygon_plugins -- -j4 -l4
[1.727s] Invoking command in '/home/hsun/ros2_ws/build/polygon_plugins': CMAKE_PREFIX_PATH=/home/hsun/ros2_ws/install/polygon_base:/home/hsun/ros2_ws/install/cpp_srvcli:/home/hsun/ros2_ws/install/cpp_pubsub:/home/hsun/ros2_ws/install/tutorial_interfaces:/home/hsun/ros2_ws/install/turtlesim:/home/hsun/ros2_ws/install/polygon_plugins:/home/hsun/ros2_ws/install/my_package:/home/hsun/ros2_ws/install/more_interfaces:/home/hsun/ros2_ws/install/custom_action_cpp:/home/hsun/ros2_ws/install/custom_action_interfaces:/home/hsun/ros2_ws/install/cpp_parameters:/home/hsun/ros2_ws/install/cpp_parameter_event_handler:/opt/ros/iron:/home/hsun/ros2_ws/install/python_parameters:/home/hsun/ros2_ws/install/py_srvcli:/home/hsun/ros2_ws/install/py_pubsub:/home/hsun/ros2_ws/install/py_launch_example /usr/bin/cmake --install /home/hsun/ros2_ws/build/polygon_plugins
[1.854s] -- Install configuration: ""
[1.856s] -- Up-to-date: /home/hsun/ros2_ws/install/polygon_plugins/share/polygon_plugins/plugins.xml
[1.862s] -- Up-to-date: /home/hsun/ros2_ws/install/polygon_plugins/include
[1.864s] -- Up-to-date: /home/hsun/ros2_ws/install/polygon_plugins/include/polygon_plugins
[1.881s] -- Up-to-date: /home/hsun/ros2_ws/install/polygon_plugins/include/polygon_plugins/polygon_plugins.hpp
[1.883s] -- Up-to-date: /home/hsun/ros2_ws/install/polygon_plugins/include/polygon_plugins/visibility_control.h
[1.887s] -- Up-to-date: /home/hsun/ros2_ws/install/polygon_plugins/lib/libpolygon_plugins.so
[1.888s] -- Up-to-date: /home/hsun/ros2_ws/install/polygon_plugins/share/polygon_plugins/environment/library_path.sh
[1.899s] -- Up-to-date: /home/hsun/ros2_ws/install/polygon_plugins/share/polygon_plugins/environment/library_path.dsv
[1.916s] -- Up-to-date: /home/hsun/ros2_ws/install/polygon_plugins/share/ament_index/resource_index/package_run_dependencies/polygon_plugins
[1.917s] -- Up-to-date: /home/hsun/ros2_ws/install/polygon_plugins/share/ament_index/resource_index/parent_prefix_path/polygon_plugins
[1.918s] -- Up-to-date: /home/hsun/ros2_ws/install/polygon_plugins/share/polygon_plugins/environment/ament_prefix_path.sh
[1.926s] -- Up-to-date: /home/hsun/ros2_ws/install/polygon_plugins/share/polygon_plugins/environment/ament_prefix_path.dsv
[1.927s] -- Up-to-date: /home/hsun/ros2_ws/install/polygon_plugins/share/polygon_plugins/environment/path.sh
[1.934s] -- Up-to-date: /home/hsun/ros2_ws/install/polygon_plugins/share/polygon_plugins/environment/path.dsv
[1.936s] -- Up-to-date: /home/hsun/ros2_ws/install/polygon_plugins/share/polygon_plugins/local_setup.bash
[1.937s] -- Up-to-date: /home/hsun/ros2_ws/install/polygon_plugins/share/polygon_plugins/local_setup.sh
[1.937s] -- Up-to-date: /home/hsun/ros2_ws/install/polygon_plugins/share/polygon_plugins/local_setup.zsh
[1.948s] -- Up-to-date: /home/hsun/ros2_ws/install/polygon_plugins/share/polygon_plugins/local_setup.dsv
[1.949s] -- Installing: /home/hsun/ros2_ws/install/polygon_plugins/share/polygon_plugins/package.dsv
[1.950s] -- Up-to-date: /home/hsun/ros2_ws/install/polygon_plugins/share/ament_index/resource_index/packages/polygon_plugins
[1.951s] -- Up-to-date: /home/hsun/ros2_ws/install/polygon_plugins/share/ament_index/resource_index/polygon_base__pluginlib__plugin/polygon_plugins
[1.951s] -- Up-to-date: /home/hsun/ros2_ws/install/polygon_plugins/share/polygon_plugins/cmake/export_polygon_pluginsExport.cmake
[1.952s] -- Up-to-date: /home/hsun/ros2_ws/install/polygon_plugins/share/polygon_plugins/cmake/export_polygon_pluginsExport-noconfig.cmake
[1.964s] -- Up-to-date: /home/hsun/ros2_ws/install/polygon_plugins/share/polygon_plugins/cmake/ament_cmake_export_include_directories-extras.cmake
[1.975s] -- Up-to-date: /home/hsun/ros2_ws/install/polygon_plugins/share/polygon_plugins/cmake/ament_cmake_export_libraries-extras.cmake
[2.023s] -- Up-to-date: /home/hsun/ros2_ws/install/polygon_plugins/share/polygon_plugins/cmake/ament_cmake_export_targets-extras.cmake
[2.024s] -- Up-to-date: /home/hsun/ros2_ws/install/polygon_plugins/share/polygon_plugins/cmake/polygon_pluginsConfig.cmake
[2.025s] -- Up-to-date: /home/hsun/ros2_ws/install/polygon_plugins/share/polygon_plugins/cmake/polygon_pluginsConfig-version.cmake
[2.036s] -- Up-to-date: /home/hsun/ros2_ws/install/polygon_plugins/share/polygon_plugins/package.xml
[2.060s] Invoked command in '/home/hsun/ros2_ws/build/polygon_plugins' returned '0': CMAKE_PREFIX_PATH=/home/hsun/ros2_ws/install/polygon_base:/home/hsun/ros2_ws/install/cpp_srvcli:/home/hsun/ros2_ws/install/cpp_pubsub:/home/hsun/ros2_ws/install/tutorial_interfaces:/home/hsun/ros2_ws/install/turtlesim:/home/hsun/ros2_ws/install/polygon_plugins:/home/hsun/ros2_ws/install/my_package:/home/hsun/ros2_ws/install/more_interfaces:/home/hsun/ros2_ws/install/custom_action_cpp:/home/hsun/ros2_ws/install/custom_action_interfaces:/home/hsun/ros2_ws/install/cpp_parameters:/home/hsun/ros2_ws/install/cpp_parameter_event_handler:/opt/ros/iron:/home/hsun/ros2_ws/install/python_parameters:/home/hsun/ros2_ws/install/py_srvcli:/home/hsun/ros2_ws/install/py_pubsub:/home/hsun/ros2_ws/install/py_launch_example /usr/bin/cmake --install /home/hsun/ros2_ws/build/polygon_plugins
