[12.014s] Invoking command in '/home/hsun/ros2_ws/src/python_parameters': PYTHONPATH=/home/hsun/ros2_ws/build/python_parameters/prefix_override:/home/hsun/ros2_ws/install/python_parameters/lib/python3.10/site-packages:${PYTHONPATH} /usr/bin/python3 setup.py egg_info --egg-base ../../build/python_parameters build --build-base /home/hsun/ros2_ws/build/python_parameters/build install --record /home/hsun/ros2_ws/build/python_parameters/install.log --single-version-externally-managed
[17.659s] running egg_info
[17.671s] writing ../../build/python_parameters/python_parameters.egg-info/PKG-INFO
[17.688s] writing dependency_links to ../../build/python_parameters/python_parameters.egg-info/dependency_links.txt
[17.690s] writing entry points to ../../build/python_parameters/python_parameters.egg-info/entry_points.txt
[17.693s] writing requirements to ../../build/python_parameters/python_parameters.egg-info/requires.txt
[17.695s] writing top-level names to ../../build/python_parameters/python_parameters.egg-info/top_level.txt
[17.734s] reading manifest file '../../build/python_parameters/python_parameters.egg-info/SOURCES.txt'
[17.754s] writing manifest file '../../build/python_parameters/python_parameters.egg-info/SOURCES.txt'
[17.770s] /usr/lib/python3/dist-packages/setuptools/command/install.py:34: SetuptoolsDeprecationWarning: setup.py install is deprecated. Use build and pip and other standards-based tools.
[17.770s]   warnings.warn(
[17.771s] running build
[17.772s] running build_py
[17.773s] running install
[17.774s] running install_lib
[17.784s] running install_data
[17.788s] running install_egg_info
[17.818s] removing '/home/hsun/ros2_ws/install/python_parameters/lib/python3.10/site-packages/python_parameters-0.0.0-py3.10.egg-info' (and everything under it)
[17.826s] Copying ../../build/python_parameters/python_parameters.egg-info to /home/hsun/ros2_ws/install/python_parameters/lib/python3.10/site-packages/python_parameters-0.0.0-py3.10.egg-info
[17.842s] running install_scripts
[18.162s] Installing minimal_param_node script to /home/hsun/ros2_ws/install/python_parameters/lib/python_parameters
[18.163s] writing list of installed files to '/home/hsun/ros2_ws/build/python_parameters/install.log'
[18.690s] Invoked command in '/home/hsun/ros2_ws/src/python_parameters' returned '0': PYTHONPATH=/home/hsun/ros2_ws/build/python_parameters/prefix_override:/home/hsun/ros2_ws/install/python_parameters/lib/python3.10/site-packages:${PYTHONPATH} /usr/bin/python3 setup.py egg_info --egg-base ../../build/python_parameters build --build-base /home/hsun/ros2_ws/build/python_parameters/build install --record /home/hsun/ros2_ws/build/python_parameters/install.log --single-version-externally-managed
