[14.280s] Invoking command in '/home/hsun/ros2_ws/src/py_pubsub': PYTHONPATH=/home/hsun/ros2_ws/build/py_pubsub/prefix_override:/home/hsun/ros2_ws/install/py_pubsub/lib/python3.10/site-packages:${PYTHONPATH} /usr/bin/python3 setup.py egg_info --egg-base ../../build/py_pubsub build --build-base /home/hsun/ros2_ws/build/py_pubsub/build install --record /home/hsun/ros2_ws/build/py_pubsub/install.log --single-version-externally-managed
[19.580s] running egg_info
[19.594s] writing ../../build/py_pubsub/py_pubsub.egg-info/PKG-INFO
[19.596s] writing dependency_links to ../../build/py_pubsub/py_pubsub.egg-info/dependency_links.txt
[19.596s] writing entry points to ../../build/py_pubsub/py_pubsub.egg-info/entry_points.txt
[19.602s] writing requirements to ../../build/py_pubsub/py_pubsub.egg-info/requires.txt
[19.604s] writing top-level names to ../../build/py_pubsub/py_pubsub.egg-info/top_level.txt
[19.624s] reading manifest file '../../build/py_pubsub/py_pubsub.egg-info/SOURCES.txt'
[19.651s] writing manifest file '../../build/py_pubsub/py_pubsub.egg-info/SOURCES.txt'
[19.652s] running build
[19.653s] running build_py
[19.663s] running install
[19.664s] running install_lib
[19.685s] /usr/lib/python3/dist-packages/setuptools/command/install.py:34: SetuptoolsDeprecationWarning: setup.py install is deprecated. Use build and pip and other standards-based tools.
[19.688s]   warnings.warn(
[19.705s] running install_data
[19.727s] running install_egg_info
[19.734s] removing '/home/hsun/ros2_ws/install/py_pubsub/lib/python3.10/site-packages/py_pubsub-0.0.0-py3.10.egg-info' (and everything under it)
[19.739s] Copying ../../build/py_pubsub/py_pubsub.egg-info to /home/hsun/ros2_ws/install/py_pubsub/lib/python3.10/site-packages/py_pubsub-0.0.0-py3.10.egg-info
[19.767s] running install_scripts
[20.123s] Installing listener script to /home/hsun/ros2_ws/install/py_pubsub/lib/py_pubsub
[20.132s] Installing talker script to /home/hsun/ros2_ws/install/py_pubsub/lib/py_pubsub
[20.137s] writing list of installed files to '/home/hsun/ros2_ws/build/py_pubsub/install.log'
[20.620s] Invoked command in '/home/hsun/ros2_ws/src/py_pubsub' returned '0': PYTHONPATH=/home/hsun/ros2_ws/build/py_pubsub/prefix_override:/home/hsun/ros2_ws/install/py_pubsub/lib/python3.10/site-packages:${PYTHONPATH} /usr/bin/python3 setup.py egg_info --egg-base ../../build/py_pubsub build --build-base /home/hsun/ros2_ws/build/py_pubsub/build install --record /home/hsun/ros2_ws/build/py_pubsub/install.log --single-version-externally-managed
