[0.278s] Invoking command in '/home/hsun/ros2_ws/build/turtlesim': CMAKE_PREFIX_PATH=${CMAKE_PREFIX_PATH}:/opt/ros/iron:/home/hsun/ros2_ws/install/python_parameters:/home/hsun/ros2_ws/install/py_srvcli:/home/hsun/ros2_ws/install/py_pubsub:/home/hsun/ros2_ws/install/py_launch_example /usr/bin/cmake --build /home/hsun/ros2_ws/build/turtlesim -- -j4 -l4
[0.983s] [  0%] Built target turtlesim__rosidl_generator_type_description
[1.710s] [  0%] Built target ament_cmake_python_copy_turtlesim
[2.153s] [ 23%] Built target turtlesim__rosidl_generator_c
[9.268s] running egg_info
[9.276s] writing turtlesim.egg-info/PKG-INFO
[9.289s] writing dependency_links to turtlesim.egg-info/dependency_links.txt
[9.292s] writing top-level names to turtlesim.egg-info/top_level.txt
[9.321s] reading manifest file 'turtlesim.egg-info/SOURCES.txt'
[9.335s] writing manifest file 'turtlesim.egg-info/SOURCES.txt'
[9.773s] [ 23%] Built target ament_cmake_python_build_turtlesim_egg
[10.196s] [ 32%] Built target turtlesim__rosidl_typesupport_introspection_c
[10.613s] [ 41%] Built target turtlesim__rosidl_typesupport_c
[11.100s] [ 50%] Built target turtlesim__rosidl_typesupport_fastrtps_c
[11.404s] [ 51%] Built target turtlesim__cpp
[11.843s] [ 59%] Built target turtlesim__rosidl_typesupport_cpp
[12.324s] [ 67%] Built target turtlesim__rosidl_typesupport_introspection_cpp
[12.659s] [ 69%] Built target turtle_teleop_key
[13.127s] [ 70%] Built target draw_square
[13.530s] [ 72%] Built target mimic
[13.911s] [ 78%] Built target turtlesim_node
[14.243s] [ 86%] Built target turtlesim__rosidl_typesupport_fastrtps_cpp
[14.483s] [ 86%] Built target turtlesim
[14.794s] [ 86%] Built target turtlesim__py
[15.052s] [ 94%] Built target turtlesim__rosidl_generator_py
[15.292s] [ 96%] Built target turtlesim__rosidl_typesupport_fastrtps_c__pyext
[15.514s] [ 98%] Built target turtlesim__rosidl_typesupport_c__pyext
[15.716s] [100%] Built target turtlesim__rosidl_typesupport_introspection_c__pyext
[15.818s] Invoked command in '/home/hsun/ros2_ws/build/turtlesim' returned '0': CMAKE_PREFIX_PATH=${CMAKE_PREFIX_PATH}:/opt/ros/iron:/home/hsun/ros2_ws/install/python_parameters:/home/hsun/ros2_ws/install/py_srvcli:/home/hsun/ros2_ws/install/py_pubsub:/home/hsun/ros2_ws/install/py_launch_example /usr/bin/cmake --build /home/hsun/ros2_ws/build/turtlesim -- -j4 -l4
[19.273s] Invoking command in '/home/hsun/ros2_ws/build/turtlesim': CMAKE_PREFIX_PATH=${CMAKE_PREFIX_PATH}:/opt/ros/iron:/home/hsun/ros2_ws/install/python_parameters:/home/hsun/ros2_ws/install/py_srvcli:/home/hsun/ros2_ws/install/py_pubsub:/home/hsun/ros2_ws/install/py_launch_example /usr/bin/cmake --install /home/hsun/ros2_ws/build/turtlesim
[19.347s] -- Install configuration: ""
[19.349s] -- Up-to-date: /home/hsun/ros2_ws/install/turtlesim/share/ament_index/resource_index/rosidl_interfaces/turtlesim
[19.354s] -- Up-to-date: /home/hsun/ros2_ws/install/turtlesim/share/turtlesim/action/RotateAbsolute.json
[19.358s] -- Up-to-date: /home/hsun/ros2_ws/install/turtlesim/share/turtlesim/msg/Color.json
[19.364s] -- Up-to-date: /home/hsun/ros2_ws/install/turtlesim/share/turtlesim/msg/Pose.json
[19.368s] -- Up-to-date: /home/hsun/ros2_ws/install/turtlesim/share/turtlesim/srv/Kill.json
[19.372s] -- Up-to-date: /home/hsun/ros2_ws/install/turtlesim/share/turtlesim/srv/SetPen.json
[19.376s] -- Up-to-date: /home/hsun/ros2_ws/install/turtlesim/share/turtlesim/srv/Spawn.json
[19.379s] -- Up-to-date: /home/hsun/ros2_ws/install/turtlesim/share/turtlesim/srv/TeleportAbsolute.json
[19.382s] -- Up-to-date: /home/hsun/ros2_ws/install/turtlesim/share/turtlesim/srv/TeleportRelative.json
[19.385s] -- Up-to-date: /home/hsun/ros2_ws/install/turtlesim/include/turtlesim/turtlesim
[19.386s] -- Up-to-date: /home/hsun/ros2_ws/install/turtlesim/include/turtlesim/turtlesim/srv
[19.394s] -- Up-to-date: /home/hsun/ros2_ws/install/turtlesim/include/turtlesim/turtlesim/srv/detail
[19.396s] -- Installing: /home/hsun/ros2_ws/install/turtlesim/include/turtlesim/turtlesim/srv/detail/teleport_relative__type_support.c
[19.404s] -- Up-to-date: /home/hsun/ros2_ws/install/turtlesim/include/turtlesim/turtlesim/srv/detail/teleport_relative__functions.c
[19.405s] -- Installing: /home/hsun/ros2_ws/install/turtlesim/include/turtlesim/turtlesim/srv/detail/kill__type_support.c
[19.407s] -- Up-to-date: /home/hsun/ros2_ws/install/turtlesim/include/turtlesim/turtlesim/srv/detail/teleport_relative__type_support.h
[19.417s] -- Up-to-date: /home/hsun/ros2_ws/install/turtlesim/include/turtlesim/turtlesim/srv/detail/kill__functions.c
[19.419s] -- Up-to-date: /home/hsun/ros2_ws/install/turtlesim/include/turtlesim/turtlesim/srv/detail/teleport_absolute__struct.h
[19.420s] -- Up-to-date: /home/hsun/ros2_ws/install/turtlesim/include/turtlesim/turtlesim/srv/detail/kill__struct.h
[19.422s] -- Installing: /home/hsun/ros2_ws/install/turtlesim/include/turtlesim/turtlesim/srv/detail/set_pen__type_support.c
[19.432s] -- Up-to-date: /home/hsun/ros2_ws/install/turtlesim/include/turtlesim/turtlesim/srv/detail/set_pen__struct.h
[19.441s] -- Up-to-date: /home/hsun/ros2_ws/install/turtlesim/include/turtlesim/turtlesim/srv/detail/spawn__functions.h
[19.447s] -- Installing: /home/hsun/ros2_ws/install/turtlesim/include/turtlesim/turtlesim/srv/detail/spawn__type_support.c
[19.448s] -- Up-to-date: /home/hsun/ros2_ws/install/turtlesim/include/turtlesim/turtlesim/srv/detail/kill__functions.h
[19.450s] -- Up-to-date: /home/hsun/ros2_ws/install/turtlesim/include/turtlesim/turtlesim/srv/detail/spawn__functions.c
[19.452s] -- Up-to-date: /home/hsun/ros2_ws/install/turtlesim/include/turtlesim/turtlesim/srv/detail/spawn__type_support.h
[19.453s] -- Up-to-date: /home/hsun/ros2_ws/install/turtlesim/include/turtlesim/turtlesim/srv/detail/teleport_absolute__functions.c
[19.455s] -- Up-to-date: /home/hsun/ros2_ws/install/turtlesim/include/turtlesim/turtlesim/srv/detail/teleport_relative__struct.h
[19.456s] -- Up-to-date: /home/hsun/ros2_ws/install/turtlesim/include/turtlesim/turtlesim/srv/detail/spawn__struct.h
[19.457s] -- Up-to-date: /home/hsun/ros2_ws/install/turtlesim/include/turtlesim/turtlesim/srv/detail/spawn__description.c
[19.473s] -- Up-to-date: /home/hsun/ros2_ws/install/turtlesim/include/turtlesim/turtlesim/srv/detail/teleport_relative__functions.h
[19.474s] -- Up-to-date: /home/hsun/ros2_ws/install/turtlesim/include/turtlesim/turtlesim/srv/detail/set_pen__description.c
[19.475s] -- Up-to-date: /home/hsun/ros2_ws/install/turtlesim/include/turtlesim/turtlesim/srv/detail/teleport_relative__description.c
[19.483s] -- Installing: /home/hsun/ros2_ws/install/turtlesim/include/turtlesim/turtlesim/srv/detail/teleport_absolute__type_support.c
[19.484s] -- Up-to-date: /home/hsun/ros2_ws/install/turtlesim/include/turtlesim/turtlesim/srv/detail/set_pen__type_support.h
[19.487s] -- Up-to-date: /home/hsun/ros2_ws/install/turtlesim/include/turtlesim/turtlesim/srv/detail/set_pen__functions.h
[19.491s] -- Up-to-date: /home/hsun/ros2_ws/install/turtlesim/include/turtlesim/turtlesim/srv/detail/teleport_absolute__type_support.h
[19.499s] -- Up-to-date: /home/hsun/ros2_ws/install/turtlesim/include/turtlesim/turtlesim/srv/detail/kill__type_support.h
[19.500s] -- Up-to-date: /home/hsun/ros2_ws/install/turtlesim/include/turtlesim/turtlesim/srv/detail/kill__description.c
[19.501s] -- Up-to-date: /home/hsun/ros2_ws/install/turtlesim/include/turtlesim/turtlesim/srv/detail/teleport_absolute__description.c
[19.501s] -- Up-to-date: /home/hsun/ros2_ws/install/turtlesim/include/turtlesim/turtlesim/srv/detail/set_pen__functions.c
[19.503s] -- Up-to-date: /home/hsun/ros2_ws/install/turtlesim/include/turtlesim/turtlesim/srv/detail/teleport_absolute__functions.h
[19.511s] -- Up-to-date: /home/hsun/ros2_ws/install/turtlesim/include/turtlesim/turtlesim/srv/kill.h
[19.514s] -- Up-to-date: /home/hsun/ros2_ws/install/turtlesim/include/turtlesim/turtlesim/srv/set_pen.h
[19.519s] -- Up-to-date: /home/hsun/ros2_ws/install/turtlesim/include/turtlesim/turtlesim/srv/teleport_relative.h
[19.521s] -- Up-to-date: /home/hsun/ros2_ws/install/turtlesim/include/turtlesim/turtlesim/srv/spawn.h
[19.528s] -- Up-to-date: /home/hsun/ros2_ws/install/turtlesim/include/turtlesim/turtlesim/srv/teleport_absolute.h
[19.530s] -- Up-to-date: /home/hsun/ros2_ws/install/turtlesim/include/turtlesim/turtlesim/msg
[19.531s] -- Up-to-date: /home/hsun/ros2_ws/install/turtlesim/include/turtlesim/turtlesim/msg/detail
[19.532s] -- Up-to-date: /home/hsun/ros2_ws/install/turtlesim/include/turtlesim/turtlesim/msg/detail/pose__functions.h
[19.539s] -- Up-to-date: /home/hsun/ros2_ws/install/turtlesim/include/turtlesim/turtlesim/msg/detail/pose__struct.h
[19.546s] -- Up-to-date: /home/hsun/ros2_ws/install/turtlesim/include/turtlesim/turtlesim/msg/detail/pose__description.c
[19.548s] -- Installing: /home/hsun/ros2_ws/install/turtlesim/include/turtlesim/turtlesim/msg/detail/pose__type_support.c
[19.553s] -- Up-to-date: /home/hsun/ros2_ws/install/turtlesim/include/turtlesim/turtlesim/msg/detail/pose__type_support.h
[19.554s] -- Up-to-date: /home/hsun/ros2_ws/install/turtlesim/include/turtlesim/turtlesim/msg/detail/color__functions.c
[19.556s] -- Up-to-date: /home/hsun/ros2_ws/install/turtlesim/include/turtlesim/turtlesim/msg/detail/color__description.c
[19.557s] -- Up-to-date: /home/hsun/ros2_ws/install/turtlesim/include/turtlesim/turtlesim/msg/detail/color__type_support.h
[19.562s] -- Up-to-date: /home/hsun/ros2_ws/install/turtlesim/include/turtlesim/turtlesim/msg/detail/color__struct.h
[19.565s] -- Up-to-date: /home/hsun/ros2_ws/install/turtlesim/include/turtlesim/turtlesim/msg/detail/pose__functions.c
[19.566s] -- Installing: /home/hsun/ros2_ws/install/turtlesim/include/turtlesim/turtlesim/msg/detail/color__type_support.c
[19.567s] -- Up-to-date: /home/hsun/ros2_ws/install/turtlesim/include/turtlesim/turtlesim/msg/detail/color__functions.h
[19.568s] -- Up-to-date: /home/hsun/ros2_ws/install/turtlesim/include/turtlesim/turtlesim/msg/rosidl_generator_c__visibility_control.h
[19.568s] -- Up-to-date: /home/hsun/ros2_ws/install/turtlesim/include/turtlesim/turtlesim/msg/color.h
[19.569s] -- Up-to-date: /home/hsun/ros2_ws/install/turtlesim/include/turtlesim/turtlesim/msg/pose.h
[19.569s] -- Up-to-date: /home/hsun/ros2_ws/install/turtlesim/include/turtlesim/turtlesim/action
[19.575s] -- Up-to-date: /home/hsun/ros2_ws/install/turtlesim/include/turtlesim/turtlesim/action/detail
[19.577s] -- Installing: /home/hsun/ros2_ws/install/turtlesim/include/turtlesim/turtlesim/action/detail/rotate_absolute__type_support.c
[19.578s] -- Up-to-date: /home/hsun/ros2_ws/install/turtlesim/include/turtlesim/turtlesim/action/detail/rotate_absolute__struct.h
[19.583s] -- Up-to-date: /home/hsun/ros2_ws/install/turtlesim/include/turtlesim/turtlesim/action/detail/rotate_absolute__functions.c
[19.586s] -- Up-to-date: /home/hsun/ros2_ws/install/turtlesim/include/turtlesim/turtlesim/action/detail/rotate_absolute__description.c
[19.590s] -- Up-to-date: /home/hsun/ros2_ws/install/turtlesim/include/turtlesim/turtlesim/action/detail/rotate_absolute__functions.h
[19.592s] -- Up-to-date: /home/hsun/ros2_ws/install/turtlesim/include/turtlesim/turtlesim/action/detail/rotate_absolute__type_support.h
[19.593s] -- Up-to-date: /home/hsun/ros2_ws/install/turtlesim/include/turtlesim/turtlesim/action/rotate_absolute.h
[19.598s] -- Up-to-date: /home/hsun/ros2_ws/install/turtlesim/share/turtlesim/environment/library_path.sh
[19.600s] -- Up-to-date: /home/hsun/ros2_ws/install/turtlesim/share/turtlesim/environment/library_path.dsv
[19.601s] -- Up-to-date: /home/hsun/ros2_ws/install/turtlesim/lib/libturtlesim__rosidl_generator_c.so
[19.602s] -- Up-to-date: /home/hsun/ros2_ws/install/turtlesim/include/turtlesim/turtlesim
[19.603s] -- Up-to-date: /home/hsun/ros2_ws/install/turtlesim/include/turtlesim/turtlesim/srv
[19.608s] -- Up-to-date: /home/hsun/ros2_ws/install/turtlesim/include/turtlesim/turtlesim/srv/detail
[19.611s] -- Up-to-date: /home/hsun/ros2_ws/install/turtlesim/include/turtlesim/turtlesim/srv/detail/teleport_relative__rosidl_typesupport_fastrtps_c.h
[19.616s] -- Up-to-date: /home/hsun/ros2_ws/install/turtlesim/include/turtlesim/turtlesim/srv/detail/teleport_absolute__rosidl_typesupport_fastrtps_c.h
[19.619s] -- Up-to-date: /home/hsun/ros2_ws/install/turtlesim/include/turtlesim/turtlesim/srv/detail/kill__rosidl_typesupport_fastrtps_c.h
[19.620s] -- Up-to-date: /home/hsun/ros2_ws/install/turtlesim/include/turtlesim/turtlesim/srv/detail/spawn__rosidl_typesupport_fastrtps_c.h
[19.623s] -- Up-to-date: /home/hsun/ros2_ws/install/turtlesim/include/turtlesim/turtlesim/srv/detail/set_pen__rosidl_typesupport_fastrtps_c.h
[19.625s] -- Up-to-date: /home/hsun/ros2_ws/install/turtlesim/include/turtlesim/turtlesim/msg
[19.627s] -- Up-to-date: /home/hsun/ros2_ws/install/turtlesim/include/turtlesim/turtlesim/msg/detail
[19.628s] -- Up-to-date: /home/hsun/ros2_ws/install/turtlesim/include/turtlesim/turtlesim/msg/detail/color__rosidl_typesupport_fastrtps_c.h
[19.632s] -- Up-to-date: /home/hsun/ros2_ws/install/turtlesim/include/turtlesim/turtlesim/msg/detail/pose__rosidl_typesupport_fastrtps_c.h
[19.633s] -- Up-to-date: /home/hsun/ros2_ws/install/turtlesim/include/turtlesim/turtlesim/msg/rosidl_typesupport_fastrtps_c__visibility_control.h
[19.633s] -- Up-to-date: /home/hsun/ros2_ws/install/turtlesim/include/turtlesim/turtlesim/action
[19.634s] -- Up-to-date: /home/hsun/ros2_ws/install/turtlesim/include/turtlesim/turtlesim/action/detail
[19.636s] -- Up-to-date: /home/hsun/ros2_ws/install/turtlesim/include/turtlesim/turtlesim/action/detail/rotate_absolute__rosidl_typesupport_fastrtps_c.h
[19.637s] -- Up-to-date: /home/hsun/ros2_ws/install/turtlesim/lib/libturtlesim__rosidl_typesupport_fastrtps_c.so
[19.637s] -- Up-to-date: /home/hsun/ros2_ws/install/turtlesim/include/turtlesim/turtlesim
[19.638s] -- Up-to-date: /home/hsun/ros2_ws/install/turtlesim/include/turtlesim/turtlesim/srv
[19.639s] -- Up-to-date: /home/hsun/ros2_ws/install/turtlesim/include/turtlesim/turtlesim/srv/kill.hpp
[19.640s] -- Up-to-date: /home/hsun/ros2_ws/install/turtlesim/include/turtlesim/turtlesim/srv/detail
[19.640s] -- Up-to-date: /home/hsun/ros2_ws/install/turtlesim/include/turtlesim/turtlesim/srv/detail/set_pen__traits.hpp
[19.641s] -- Up-to-date: /home/hsun/ros2_ws/install/turtlesim/include/turtlesim/turtlesim/srv/detail/spawn__struct.hpp
[19.646s] -- Up-to-date: /home/hsun/ros2_ws/install/turtlesim/include/turtlesim/turtlesim/srv/detail/kill__traits.hpp
[19.647s] -- Up-to-date: /home/hsun/ros2_ws/install/turtlesim/include/turtlesim/turtlesim/srv/detail/teleport_absolute__struct.hpp
[19.651s] -- Up-to-date: /home/hsun/ros2_ws/install/turtlesim/include/turtlesim/turtlesim/srv/detail/kill__struct.hpp
[19.653s] -- Up-to-date: /home/hsun/ros2_ws/install/turtlesim/include/turtlesim/turtlesim/srv/detail/teleport_relative__struct.hpp
[19.659s] -- Up-to-date: /home/hsun/ros2_ws/install/turtlesim/include/turtlesim/turtlesim/srv/detail/teleport_absolute__builder.hpp
[19.661s] -- Up-to-date: /home/hsun/ros2_ws/install/turtlesim/include/turtlesim/turtlesim/srv/detail/kill__builder.hpp
[19.663s] -- Up-to-date: /home/hsun/ros2_ws/install/turtlesim/include/turtlesim/turtlesim/srv/detail/teleport_absolute__traits.hpp
[19.664s] -- Up-to-date: /home/hsun/ros2_ws/install/turtlesim/include/turtlesim/turtlesim/srv/detail/teleport_relative__builder.hpp
[19.671s] -- Up-to-date: /home/hsun/ros2_ws/install/turtlesim/include/turtlesim/turtlesim/srv/detail/set_pen__struct.hpp
[19.673s] -- Up-to-date: /home/hsun/ros2_ws/install/turtlesim/include/turtlesim/turtlesim/srv/detail/spawn__traits.hpp
[19.675s] -- Up-to-date: /home/hsun/ros2_ws/install/turtlesim/include/turtlesim/turtlesim/srv/detail/set_pen__builder.hpp
[19.678s] -- Up-to-date: /home/hsun/ros2_ws/install/turtlesim/include/turtlesim/turtlesim/srv/detail/teleport_relative__traits.hpp
[19.679s] -- Up-to-date: /home/hsun/ros2_ws/install/turtlesim/include/turtlesim/turtlesim/srv/detail/spawn__builder.hpp
[19.680s] -- Up-to-date: /home/hsun/ros2_ws/install/turtlesim/include/turtlesim/turtlesim/srv/teleport_relative.hpp
[19.686s] -- Up-to-date: /home/hsun/ros2_ws/install/turtlesim/include/turtlesim/turtlesim/srv/teleport_absolute.hpp
[19.688s] -- Up-to-date: /home/hsun/ros2_ws/install/turtlesim/include/turtlesim/turtlesim/srv/spawn.hpp
[19.688s] -- Up-to-date: /home/hsun/ros2_ws/install/turtlesim/include/turtlesim/turtlesim/srv/set_pen.hpp
[19.694s] -- Up-to-date: /home/hsun/ros2_ws/install/turtlesim/include/turtlesim/turtlesim/msg
[19.695s] -- Up-to-date: /home/hsun/ros2_ws/install/turtlesim/include/turtlesim/turtlesim/msg/detail
[19.703s] -- Up-to-date: /home/hsun/ros2_ws/install/turtlesim/include/turtlesim/turtlesim/msg/detail/color__builder.hpp
[19.705s] -- Up-to-date: /home/hsun/ros2_ws/install/turtlesim/include/turtlesim/turtlesim/msg/detail/pose__traits.hpp
[19.706s] -- Up-to-date: /home/hsun/ros2_ws/install/turtlesim/include/turtlesim/turtlesim/msg/detail/color__struct.hpp
[19.707s] -- Up-to-date: /home/hsun/ros2_ws/install/turtlesim/include/turtlesim/turtlesim/msg/detail/color__traits.hpp
[19.708s] -- Up-to-date: /home/hsun/ros2_ws/install/turtlesim/include/turtlesim/turtlesim/msg/detail/pose__builder.hpp
[19.709s] -- Up-to-date: /home/hsun/ros2_ws/install/turtlesim/include/turtlesim/turtlesim/msg/detail/pose__struct.hpp
[19.710s] -- Up-to-date: /home/hsun/ros2_ws/install/turtlesim/include/turtlesim/turtlesim/msg/pose.hpp
[19.712s] -- Up-to-date: /home/hsun/ros2_ws/install/turtlesim/include/turtlesim/turtlesim/msg/color.hpp
[19.713s] -- Up-to-date: /home/hsun/ros2_ws/install/turtlesim/include/turtlesim/turtlesim/action
[19.714s] -- Up-to-date: /home/hsun/ros2_ws/install/turtlesim/include/turtlesim/turtlesim/action/detail
[19.715s] -- Up-to-date: /home/hsun/ros2_ws/install/turtlesim/include/turtlesim/turtlesim/action/detail/rotate_absolute__struct.hpp
[19.716s] -- Up-to-date: /home/hsun/ros2_ws/install/turtlesim/include/turtlesim/turtlesim/action/detail/rotate_absolute__traits.hpp
[19.717s] -- Up-to-date: /home/hsun/ros2_ws/install/turtlesim/include/turtlesim/turtlesim/action/detail/rotate_absolute__builder.hpp
[19.723s] -- Up-to-date: /home/hsun/ros2_ws/install/turtlesim/include/turtlesim/turtlesim/action/rotate_absolute.hpp
[19.725s] -- Up-to-date: /home/hsun/ros2_ws/install/turtlesim/include/turtlesim/turtlesim
[19.726s] -- Up-to-date: /home/hsun/ros2_ws/install/turtlesim/include/turtlesim/turtlesim/srv
[19.727s] -- Up-to-date: /home/hsun/ros2_ws/install/turtlesim/include/turtlesim/turtlesim/srv/detail
[19.728s] -- Up-to-date: /home/hsun/ros2_ws/install/turtlesim/include/turtlesim/turtlesim/srv/detail/dds_fastrtps
[19.729s] -- Up-to-date: /home/hsun/ros2_ws/install/turtlesim/include/turtlesim/turtlesim/srv/detail/spawn__rosidl_typesupport_fastrtps_cpp.hpp
[19.729s] -- Up-to-date: /home/hsun/ros2_ws/install/turtlesim/include/turtlesim/turtlesim/srv/detail/set_pen__rosidl_typesupport_fastrtps_cpp.hpp
[19.738s] -- Up-to-date: /home/hsun/ros2_ws/install/turtlesim/include/turtlesim/turtlesim/srv/detail/teleport_absolute__rosidl_typesupport_fastrtps_cpp.hpp
[19.739s] -- Up-to-date: /home/hsun/ros2_ws/install/turtlesim/include/turtlesim/turtlesim/srv/detail/kill__rosidl_typesupport_fastrtps_cpp.hpp
[19.740s] -- Up-to-date: /home/hsun/ros2_ws/install/turtlesim/include/turtlesim/turtlesim/srv/detail/teleport_relative__rosidl_typesupport_fastrtps_cpp.hpp
[19.741s] -- Up-to-date: /home/hsun/ros2_ws/install/turtlesim/include/turtlesim/turtlesim/msg
[19.742s] -- Up-to-date: /home/hsun/ros2_ws/install/turtlesim/include/turtlesim/turtlesim/msg/detail
[19.743s] -- Up-to-date: /home/hsun/ros2_ws/install/turtlesim/include/turtlesim/turtlesim/msg/detail/dds_fastrtps
[19.744s] -- Up-to-date: /home/hsun/ros2_ws/install/turtlesim/include/turtlesim/turtlesim/msg/detail/color__rosidl_typesupport_fastrtps_cpp.hpp
[19.744s] -- Up-to-date: /home/hsun/ros2_ws/install/turtlesim/include/turtlesim/turtlesim/msg/detail/pose__rosidl_typesupport_fastrtps_cpp.hpp
[19.745s] -- Up-to-date: /home/hsun/ros2_ws/install/turtlesim/include/turtlesim/turtlesim/msg/rosidl_typesupport_fastrtps_cpp__visibility_control.h
[19.745s] -- Up-to-date: /home/hsun/ros2_ws/install/turtlesim/include/turtlesim/turtlesim/action
[19.746s] -- Up-to-date: /home/hsun/ros2_ws/install/turtlesim/include/turtlesim/turtlesim/action/detail
[19.747s] -- Up-to-date: /home/hsun/ros2_ws/install/turtlesim/include/turtlesim/turtlesim/action/detail/dds_fastrtps
[19.748s] -- Up-to-date: /home/hsun/ros2_ws/install/turtlesim/include/turtlesim/turtlesim/action/detail/rotate_absolute__rosidl_typesupport_fastrtps_cpp.hpp
[19.748s] -- Up-to-date: /home/hsun/ros2_ws/install/turtlesim/lib/libturtlesim__rosidl_typesupport_fastrtps_cpp.so
[19.749s] -- Up-to-date: /home/hsun/ros2_ws/install/turtlesim/include/turtlesim/turtlesim
[19.749s] -- Up-to-date: /home/hsun/ros2_ws/install/turtlesim/include/turtlesim/turtlesim/srv
[19.759s] -- Up-to-date: /home/hsun/ros2_ws/install/turtlesim/include/turtlesim/turtlesim/srv/detail
[19.760s] -- Installing: /home/hsun/ros2_ws/install/turtlesim/include/turtlesim/turtlesim/srv/detail/teleport_relative__type_support.c
[19.761s] -- Installing: /home/hsun/ros2_ws/install/turtlesim/include/turtlesim/turtlesim/srv/detail/kill__type_support.c
[19.763s] -- Up-to-date: /home/hsun/ros2_ws/install/turtlesim/include/turtlesim/turtlesim/srv/detail/kill__rosidl_typesupport_introspection_c.h
[19.764s] -- Up-to-date: /home/hsun/ros2_ws/install/turtlesim/include/turtlesim/turtlesim/srv/detail/teleport_relative__rosidl_typesupport_introspection_c.h
[19.765s] -- Installing: /home/hsun/ros2_ws/install/turtlesim/include/turtlesim/turtlesim/srv/detail/set_pen__type_support.c
[19.766s] -- Installing: /home/hsun/ros2_ws/install/turtlesim/include/turtlesim/turtlesim/srv/detail/spawn__type_support.c
[19.767s] -- Up-to-date: /home/hsun/ros2_ws/install/turtlesim/include/turtlesim/turtlesim/srv/detail/teleport_absolute__rosidl_typesupport_introspection_c.h
[19.769s] -- Up-to-date: /home/hsun/ros2_ws/install/turtlesim/include/turtlesim/turtlesim/srv/detail/spawn__rosidl_typesupport_introspection_c.h
[19.771s] -- Installing: /home/hsun/ros2_ws/install/turtlesim/include/turtlesim/turtlesim/srv/detail/teleport_absolute__type_support.c
[19.772s] -- Up-to-date: /home/hsun/ros2_ws/install/turtlesim/include/turtlesim/turtlesim/srv/detail/set_pen__rosidl_typesupport_introspection_c.h
[19.773s] -- Up-to-date: /home/hsun/ros2_ws/install/turtlesim/include/turtlesim/turtlesim/msg
[19.779s] -- Up-to-date: /home/hsun/ros2_ws/install/turtlesim/include/turtlesim/turtlesim/msg/detail
[19.780s] -- Up-to-date: /home/hsun/ros2_ws/install/turtlesim/include/turtlesim/turtlesim/msg/detail/pose__rosidl_typesupport_introspection_c.h
[19.780s] -- Up-to-date: /home/hsun/ros2_ws/install/turtlesim/include/turtlesim/turtlesim/msg/detail/color__rosidl_typesupport_introspection_c.h
[19.781s] -- Installing: /home/hsun/ros2_ws/install/turtlesim/include/turtlesim/turtlesim/msg/detail/pose__type_support.c
[19.782s] -- Installing: /home/hsun/ros2_ws/install/turtlesim/include/turtlesim/turtlesim/msg/detail/color__type_support.c
[19.783s] -- Up-to-date: /home/hsun/ros2_ws/install/turtlesim/include/turtlesim/turtlesim/msg/rosidl_typesupport_introspection_c__visibility_control.h
[19.783s] -- Up-to-date: /home/hsun/ros2_ws/install/turtlesim/include/turtlesim/turtlesim/action
[19.784s] -- Up-to-date: /home/hsun/ros2_ws/install/turtlesim/include/turtlesim/turtlesim/action/detail
[19.785s] -- Installing: /home/hsun/ros2_ws/install/turtlesim/include/turtlesim/turtlesim/action/detail/rotate_absolute__type_support.c
[19.785s] -- Up-to-date: /home/hsun/ros2_ws/install/turtlesim/include/turtlesim/turtlesim/action/detail/rotate_absolute__rosidl_typesupport_introspection_c.h
[19.786s] -- Up-to-date: /home/hsun/ros2_ws/install/turtlesim/lib/libturtlesim__rosidl_typesupport_introspection_c.so
[19.787s] -- Up-to-date: /home/hsun/ros2_ws/install/turtlesim/lib/libturtlesim__rosidl_typesupport_c.so
[19.788s] -- Up-to-date: /home/hsun/ros2_ws/install/turtlesim/include/turtlesim/turtlesim
[19.789s] -- Up-to-date: /home/hsun/ros2_ws/install/turtlesim/include/turtlesim/turtlesim/srv
[19.790s] -- Up-to-date: /home/hsun/ros2_ws/install/turtlesim/include/turtlesim/turtlesim/srv/detail
[19.795s] -- Up-to-date: /home/hsun/ros2_ws/install/turtlesim/include/turtlesim/turtlesim/srv/detail/teleport_relative__type_support.cpp
[19.796s] -- Up-to-date: /home/hsun/ros2_ws/install/turtlesim/include/turtlesim/turtlesim/srv/detail/teleport_absolute__type_support.cpp
[19.797s] -- Up-to-date: /home/hsun/ros2_ws/install/turtlesim/include/turtlesim/turtlesim/srv/detail/set_pen__rosidl_typesupport_introspection_cpp.hpp
[19.797s] -- Up-to-date: /home/hsun/ros2_ws/install/turtlesim/include/turtlesim/turtlesim/srv/detail/teleport_absolute__rosidl_typesupport_introspection_cpp.hpp
[19.798s] -- Up-to-date: /home/hsun/ros2_ws/install/turtlesim/include/turtlesim/turtlesim/srv/detail/set_pen__type_support.cpp
[19.799s] -- Up-to-date: /home/hsun/ros2_ws/install/turtlesim/include/turtlesim/turtlesim/srv/detail/teleport_relative__rosidl_typesupport_introspection_cpp.hpp
[19.800s] -- Up-to-date: /home/hsun/ros2_ws/install/turtlesim/include/turtlesim/turtlesim/srv/detail/spawn__type_support.cpp
[19.801s] -- Up-to-date: /home/hsun/ros2_ws/install/turtlesim/include/turtlesim/turtlesim/srv/detail/kill__rosidl_typesupport_introspection_cpp.hpp
[19.803s] -- Up-to-date: /home/hsun/ros2_ws/install/turtlesim/include/turtlesim/turtlesim/srv/detail/kill__type_support.cpp
[19.804s] -- Up-to-date: /home/hsun/ros2_ws/install/turtlesim/include/turtlesim/turtlesim/srv/detail/spawn__rosidl_typesupport_introspection_cpp.hpp
[19.805s] -- Up-to-date: /home/hsun/ros2_ws/install/turtlesim/include/turtlesim/turtlesim/msg
[19.811s] -- Up-to-date: /home/hsun/ros2_ws/install/turtlesim/include/turtlesim/turtlesim/msg/detail
[19.813s] -- Up-to-date: /home/hsun/ros2_ws/install/turtlesim/include/turtlesim/turtlesim/msg/detail/color__rosidl_typesupport_introspection_cpp.hpp
[19.814s] -- Up-to-date: /home/hsun/ros2_ws/install/turtlesim/include/turtlesim/turtlesim/msg/detail/pose__rosidl_typesupport_introspection_cpp.hpp
[19.815s] -- Up-to-date: /home/hsun/ros2_ws/install/turtlesim/include/turtlesim/turtlesim/msg/detail/pose__type_support.cpp
[19.817s] -- Up-to-date: /home/hsun/ros2_ws/install/turtlesim/include/turtlesim/turtlesim/msg/detail/color__type_support.cpp
[19.818s] -- Up-to-date: /home/hsun/ros2_ws/install/turtlesim/include/turtlesim/turtlesim/action
[19.819s] -- Up-to-date: /home/hsun/ros2_ws/install/turtlesim/include/turtlesim/turtlesim/action/detail
[19.821s] -- Up-to-date: /home/hsun/ros2_ws/install/turtlesim/include/turtlesim/turtlesim/action/detail/rotate_absolute__type_support.cpp
[19.827s] -- Up-to-date: /home/hsun/ros2_ws/install/turtlesim/include/turtlesim/turtlesim/action/detail/rotate_absolute__rosidl_typesupport_introspection_cpp.hpp
[19.828s] -- Up-to-date: /home/hsun/ros2_ws/install/turtlesim/lib/libturtlesim__rosidl_typesupport_introspection_cpp.so
[19.828s] -- Up-to-date: /home/hsun/ros2_ws/install/turtlesim/lib/libturtlesim__rosidl_typesupport_cpp.so
[19.829s] -- Up-to-date: /home/hsun/ros2_ws/install/turtlesim/share/turtlesim/environment/pythonpath.sh
[19.830s] -- Up-to-date: /home/hsun/ros2_ws/install/turtlesim/share/turtlesim/environment/pythonpath.dsv
[19.830s] -- Up-to-date: /home/hsun/ros2_ws/install/turtlesim/lib/python3.10/site-packages/turtlesim-1.6.1-py3.10.egg-info
[19.831s] -- Installing: /home/hsun/ros2_ws/install/turtlesim/lib/python3.10/site-packages/turtlesim-1.6.1-py3.10.egg-info/SOURCES.txt
[19.832s] -- Installing: /home/hsun/ros2_ws/install/turtlesim/lib/python3.10/site-packages/turtlesim-1.6.1-py3.10.egg-info/PKG-INFO
[19.833s] -- Installing: /home/hsun/ros2_ws/install/turtlesim/lib/python3.10/site-packages/turtlesim-1.6.1-py3.10.egg-info/dependency_links.txt
[19.835s] -- Installing: /home/hsun/ros2_ws/install/turtlesim/lib/python3.10/site-packages/turtlesim-1.6.1-py3.10.egg-info/top_level.txt
[19.836s] -- Up-to-date: /home/hsun/ros2_ws/install/turtlesim/lib/python3.10/site-packages/turtlesim
[19.837s] -- Up-to-date: /home/hsun/ros2_ws/install/turtlesim/lib/python3.10/site-packages/turtlesim/_turtlesim_s.ep.rosidl_typesupport_fastrtps_c.c
[19.838s] -- Up-to-date: /home/hsun/ros2_ws/install/turtlesim/lib/python3.10/site-packages/turtlesim/turtlesim_s__rosidl_typesupport_c.cpython-310-aarch64-linux-gnu.so
[19.845s] -- Up-to-date: /home/hsun/ros2_ws/install/turtlesim/lib/python3.10/site-packages/turtlesim/__init__.py
[19.846s] -- Up-to-date: /home/hsun/ros2_ws/install/turtlesim/lib/python3.10/site-packages/turtlesim/turtlesim_s__rosidl_typesupport_introspection_c.cpython-310-aarch64-linux-gnu.so
[19.848s] -- Up-to-date: /home/hsun/ros2_ws/install/turtlesim/lib/python3.10/site-packages/turtlesim/libturtlesim__rosidl_generator_py.so
[19.856s] -- Up-to-date: /home/hsun/ros2_ws/install/turtlesim/lib/python3.10/site-packages/turtlesim/srv
[19.857s] -- Up-to-date: /home/hsun/ros2_ws/install/turtlesim/lib/python3.10/site-packages/turtlesim/srv/_kill.py
[19.858s] -- Up-to-date: /home/hsun/ros2_ws/install/turtlesim/lib/python3.10/site-packages/turtlesim/srv/_teleport_relative.py
[19.860s] -- Up-to-date: /home/hsun/ros2_ws/install/turtlesim/lib/python3.10/site-packages/turtlesim/srv/_spawn.py
[19.860s] -- Up-to-date: /home/hsun/ros2_ws/install/turtlesim/lib/python3.10/site-packages/turtlesim/srv/__init__.py
[19.861s] -- Up-to-date: /home/hsun/ros2_ws/install/turtlesim/lib/python3.10/site-packages/turtlesim/srv/_kill_s.c
[19.862s] -- Up-to-date: /home/hsun/ros2_ws/install/turtlesim/lib/python3.10/site-packages/turtlesim/srv/_teleport_relative_s.c
[19.863s] -- Up-to-date: /home/hsun/ros2_ws/install/turtlesim/lib/python3.10/site-packages/turtlesim/srv/_set_pen_s.c
[19.863s] -- Up-to-date: /home/hsun/ros2_ws/install/turtlesim/lib/python3.10/site-packages/turtlesim/srv/_spawn_s.c
[19.864s] -- Up-to-date: /home/hsun/ros2_ws/install/turtlesim/lib/python3.10/site-packages/turtlesim/srv/_teleport_absolute.py
[19.864s] -- Up-to-date: /home/hsun/ros2_ws/install/turtlesim/lib/python3.10/site-packages/turtlesim/srv/_teleport_absolute_s.c
[19.865s] -- Up-to-date: /home/hsun/ros2_ws/install/turtlesim/lib/python3.10/site-packages/turtlesim/srv/_set_pen.py
[19.866s] -- Up-to-date: /home/hsun/ros2_ws/install/turtlesim/lib/python3.10/site-packages/turtlesim/_turtlesim_s.ep.rosidl_typesupport_c.c
[19.867s] -- Up-to-date: /home/hsun/ros2_ws/install/turtlesim/lib/python3.10/site-packages/turtlesim/_turtlesim_s.ep.rosidl_typesupport_introspection_c.c
[19.869s] -- Up-to-date: /home/hsun/ros2_ws/install/turtlesim/lib/python3.10/site-packages/turtlesim/msg
[19.870s] -- Up-to-date: /home/hsun/ros2_ws/install/turtlesim/lib/python3.10/site-packages/turtlesim/msg/_pose_s.c
[19.872s] -- Up-to-date: /home/hsun/ros2_ws/install/turtlesim/lib/python3.10/site-packages/turtlesim/msg/__init__.py
[19.873s] -- Up-to-date: /home/hsun/ros2_ws/install/turtlesim/lib/python3.10/site-packages/turtlesim/msg/_color_s.c
[19.874s] -- Up-to-date: /home/hsun/ros2_ws/install/turtlesim/lib/python3.10/site-packages/turtlesim/msg/_pose.py
[19.880s] -- Up-to-date: /home/hsun/ros2_ws/install/turtlesim/lib/python3.10/site-packages/turtlesim/msg/_color.py
[19.882s] -- Up-to-date: /home/hsun/ros2_ws/install/turtlesim/lib/python3.10/site-packages/turtlesim/turtlesim_s__rosidl_typesupport_fastrtps_c.cpython-310-aarch64-linux-gnu.so
[19.891s] -- Up-to-date: /home/hsun/ros2_ws/install/turtlesim/lib/python3.10/site-packages/turtlesim/action
[19.892s] -- Up-to-date: /home/hsun/ros2_ws/install/turtlesim/lib/python3.10/site-packages/turtlesim/action/__init__.py
[19.893s] -- Up-to-date: /home/hsun/ros2_ws/install/turtlesim/lib/python3.10/site-packages/turtlesim/action/_rotate_absolute.py
[19.893s] -- Up-to-date: /home/hsun/ros2_ws/install/turtlesim/lib/python3.10/site-packages/turtlesim/action/_rotate_absolute_s.c
[20.088s] Listing '/home/hsun/ros2_ws/install/turtlesim/lib/python3.10/site-packages/turtlesim'...
[20.091s] Listing '/home/hsun/ros2_ws/install/turtlesim/lib/python3.10/site-packages/turtlesim/action'...
[20.103s] Listing '/home/hsun/ros2_ws/install/turtlesim/lib/python3.10/site-packages/turtlesim/msg'...
[20.104s] Listing '/home/hsun/ros2_ws/install/turtlesim/lib/python3.10/site-packages/turtlesim/srv'...
[20.135s] -- Up-to-date: /home/hsun/ros2_ws/install/turtlesim/lib/python3.10/site-packages/turtlesim/turtlesim_s__rosidl_typesupport_fastrtps_c.cpython-310-aarch64-linux-gnu.so
[20.140s] -- Up-to-date: /home/hsun/ros2_ws/install/turtlesim/lib/python3.10/site-packages/turtlesim/turtlesim_s__rosidl_typesupport_introspection_c.cpython-310-aarch64-linux-gnu.so
[20.148s] -- Up-to-date: /home/hsun/ros2_ws/install/turtlesim/lib/python3.10/site-packages/turtlesim/turtlesim_s__rosidl_typesupport_c.cpython-310-aarch64-linux-gnu.so
[20.152s] -- Up-to-date: /home/hsun/ros2_ws/install/turtlesim/lib/libturtlesim__rosidl_generator_py.so
[20.158s] -- Up-to-date: /home/hsun/ros2_ws/install/turtlesim/share/turtlesim/action/RotateAbsolute.idl
[20.161s] -- Up-to-date: /home/hsun/ros2_ws/install/turtlesim/share/turtlesim/msg/Color.idl
[20.168s] -- Up-to-date: /home/hsun/ros2_ws/install/turtlesim/share/turtlesim/msg/Pose.idl
[20.169s] -- Up-to-date: /home/hsun/ros2_ws/install/turtlesim/share/turtlesim/srv/Kill.idl
[20.170s] -- Up-to-date: /home/hsun/ros2_ws/install/turtlesim/share/turtlesim/srv/SetPen.idl
[20.176s] -- Up-to-date: /home/hsun/ros2_ws/install/turtlesim/share/turtlesim/srv/Spawn.idl
[20.184s] -- Up-to-date: /home/hsun/ros2_ws/install/turtlesim/share/turtlesim/srv/TeleportAbsolute.idl
[20.185s] -- Up-to-date: /home/hsun/ros2_ws/install/turtlesim/share/turtlesim/srv/TeleportRelative.idl
[20.186s] -- Up-to-date: /home/hsun/ros2_ws/install/turtlesim/share/turtlesim/action/RotateAbsolute.action
[20.187s] -- Up-to-date: /home/hsun/ros2_ws/install/turtlesim/share/turtlesim/msg/Color.msg
[20.195s] -- Up-to-date: /home/hsun/ros2_ws/install/turtlesim/share/turtlesim/msg/Pose.msg
[20.196s] -- Up-to-date: /home/hsun/ros2_ws/install/turtlesim/share/turtlesim/srv/Kill.srv
[20.197s] -- Up-to-date: /home/hsun/ros2_ws/install/turtlesim/share/turtlesim/srv/Kill_Request.msg
[20.199s] -- Up-to-date: /home/hsun/ros2_ws/install/turtlesim/share/turtlesim/srv/Kill_Response.msg
[20.208s] -- Up-to-date: /home/hsun/ros2_ws/install/turtlesim/share/turtlesim/srv/SetPen.srv
[20.209s] -- Up-to-date: /home/hsun/ros2_ws/install/turtlesim/share/turtlesim/srv/SetPen_Request.msg
[20.211s] -- Up-to-date: /home/hsun/ros2_ws/install/turtlesim/share/turtlesim/srv/SetPen_Response.msg
[20.212s] -- Up-to-date: /home/hsun/ros2_ws/install/turtlesim/share/turtlesim/srv/Spawn.srv
[20.213s] -- Up-to-date: /home/hsun/ros2_ws/install/turtlesim/share/turtlesim/srv/Spawn_Request.msg
[20.215s] -- Up-to-date: /home/hsun/ros2_ws/install/turtlesim/share/turtlesim/srv/Spawn_Response.msg
[20.219s] -- Up-to-date: /home/hsun/ros2_ws/install/turtlesim/share/turtlesim/srv/TeleportAbsolute.srv
[20.228s] -- Up-to-date: /home/hsun/ros2_ws/install/turtlesim/share/turtlesim/srv/TeleportAbsolute_Request.msg
[20.230s] -- Up-to-date: /home/hsun/ros2_ws/install/turtlesim/share/turtlesim/srv/TeleportAbsolute_Response.msg
[20.231s] -- Up-to-date: /home/hsun/ros2_ws/install/turtlesim/share/turtlesim/srv/TeleportRelative.srv
[20.232s] -- Up-to-date: /home/hsun/ros2_ws/install/turtlesim/share/turtlesim/srv/TeleportRelative_Request.msg
[20.238s] -- Up-to-date: /home/hsun/ros2_ws/install/turtlesim/share/turtlesim/srv/TeleportRelative_Response.msg
[20.239s] -- Up-to-date: /home/hsun/ros2_ws/install/turtlesim/lib/turtlesim/turtlesim_node
[20.240s] -- Up-to-date: /home/hsun/ros2_ws/install/turtlesim/lib/turtlesim/turtle_teleop_key
[20.240s] -- Up-to-date: /home/hsun/ros2_ws/install/turtlesim/lib/turtlesim/draw_square
[20.241s] -- Up-to-date: /home/hsun/ros2_ws/install/turtlesim/lib/turtlesim/mimic
[20.242s] -- Up-to-date: /home/hsun/ros2_ws/install/turtlesim/share/turtlesim/images
[20.245s] -- Up-to-date: /home/hsun/ros2_ws/install/turtlesim/share/turtlesim/images/galactic.png
[20.254s] -- Up-to-date: /home/hsun/ros2_ws/install/turtlesim/share/turtlesim/images/rolling.png
[20.255s] -- Up-to-date: /home/hsun/ros2_ws/install/turtlesim/share/turtlesim/images/crystal.png
[20.256s] -- Up-to-date: /home/hsun/ros2_ws/install/turtlesim/share/turtlesim/images/iron.png
[20.256s] -- Up-to-date: /home/hsun/ros2_ws/install/turtlesim/share/turtlesim/images/eloquent.png
[20.257s] -- Up-to-date: /home/hsun/ros2_ws/install/turtlesim/share/turtlesim/images/bouncy.png
[20.257s] -- Up-to-date: /home/hsun/ros2_ws/install/turtlesim/share/turtlesim/images/foxy.png
[20.259s] -- Up-to-date: /home/hsun/ros2_ws/install/turtlesim/share/turtlesim/images/ardent.png
[20.259s] -- Up-to-date: /home/hsun/ros2_ws/install/turtlesim/share/turtlesim/images/dashing.png
[20.264s] -- Up-to-date: /home/hsun/ros2_ws/install/turtlesim/share/turtlesim/images/humble.png
[20.265s] -- Up-to-date: /home/hsun/ros2_ws/install/turtlesim/share/turtlesim/launch
[20.273s] -- Up-to-date: /home/hsun/ros2_ws/install/turtlesim/share/turtlesim/launch/multisim.launch.py
[20.275s] -- Up-to-date: /home/hsun/ros2_ws/install/turtlesim/share/ament_index/resource_index/package_run_dependencies/turtlesim
[20.276s] -- Up-to-date: /home/hsun/ros2_ws/install/turtlesim/share/ament_index/resource_index/parent_prefix_path/turtlesim
[20.277s] -- Up-to-date: /home/hsun/ros2_ws/install/turtlesim/share/turtlesim/environment/ament_prefix_path.sh
[20.278s] -- Up-to-date: /home/hsun/ros2_ws/install/turtlesim/share/turtlesim/environment/ament_prefix_path.dsv
[20.286s] -- Up-to-date: /home/hsun/ros2_ws/install/turtlesim/share/turtlesim/environment/path.sh
[20.288s] -- Up-to-date: /home/hsun/ros2_ws/install/turtlesim/share/turtlesim/environment/path.dsv
[20.289s] -- Up-to-date: /home/hsun/ros2_ws/install/turtlesim/share/turtlesim/local_setup.bash
[20.289s] -- Up-to-date: /home/hsun/ros2_ws/install/turtlesim/share/turtlesim/local_setup.sh
[20.300s] -- Up-to-date: /home/hsun/ros2_ws/install/turtlesim/share/turtlesim/local_setup.zsh
[20.301s] -- Up-to-date: /home/hsun/ros2_ws/install/turtlesim/share/turtlesim/local_setup.dsv
[20.303s] -- Installing: /home/hsun/ros2_ws/install/turtlesim/share/turtlesim/package.dsv
[20.312s] -- Up-to-date: /home/hsun/ros2_ws/install/turtlesim/share/ament_index/resource_index/packages/turtlesim
[20.313s] -- Up-to-date: /home/hsun/ros2_ws/install/turtlesim/share/turtlesim/cmake/export_turtlesim__rosidl_generator_cExport.cmake
[20.315s] -- Up-to-date: /home/hsun/ros2_ws/install/turtlesim/share/turtlesim/cmake/export_turtlesim__rosidl_generator_cExport-noconfig.cmake
[20.316s] -- Up-to-date: /home/hsun/ros2_ws/install/turtlesim/share/turtlesim/cmake/export_turtlesim__rosidl_typesupport_fastrtps_cExport.cmake
[20.323s] -- Up-to-date: /home/hsun/ros2_ws/install/turtlesim/share/turtlesim/cmake/export_turtlesim__rosidl_typesupport_fastrtps_cExport-noconfig.cmake
[20.325s] -- Up-to-date: /home/hsun/ros2_ws/install/turtlesim/share/turtlesim/cmake/export_turtlesim__rosidl_generator_cppExport.cmake
[20.326s] -- Up-to-date: /home/hsun/ros2_ws/install/turtlesim/share/turtlesim/cmake/export_turtlesim__rosidl_typesupport_fastrtps_cppExport.cmake
[20.331s] -- Up-to-date: /home/hsun/ros2_ws/install/turtlesim/share/turtlesim/cmake/export_turtlesim__rosidl_typesupport_fastrtps_cppExport-noconfig.cmake
[20.333s] -- Up-to-date: /home/hsun/ros2_ws/install/turtlesim/share/turtlesim/cmake/turtlesim__rosidl_typesupport_introspection_cExport.cmake
[20.335s] -- Up-to-date: /home/hsun/ros2_ws/install/turtlesim/share/turtlesim/cmake/turtlesim__rosidl_typesupport_introspection_cExport-noconfig.cmake
[20.337s] -- Up-to-date: /home/hsun/ros2_ws/install/turtlesim/share/turtlesim/cmake/turtlesim__rosidl_typesupport_cExport.cmake
[20.342s] -- Up-to-date: /home/hsun/ros2_ws/install/turtlesim/share/turtlesim/cmake/turtlesim__rosidl_typesupport_cExport-noconfig.cmake
[20.346s] -- Up-to-date: /home/hsun/ros2_ws/install/turtlesim/share/turtlesim/cmake/turtlesim__rosidl_typesupport_introspection_cppExport.cmake
[20.350s] -- Up-to-date: /home/hsun/ros2_ws/install/turtlesim/share/turtlesim/cmake/turtlesim__rosidl_typesupport_introspection_cppExport-noconfig.cmake
[20.366s] -- Up-to-date: /home/hsun/ros2_ws/install/turtlesim/share/turtlesim/cmake/turtlesim__rosidl_typesupport_cppExport.cmake
[20.377s] -- Up-to-date: /home/hsun/ros2_ws/install/turtlesim/share/turtlesim/cmake/turtlesim__rosidl_typesupport_cppExport-noconfig.cmake
[20.380s] -- Up-to-date: /home/hsun/ros2_ws/install/turtlesim/share/turtlesim/cmake/export_turtlesim__rosidl_generator_pyExport.cmake
[20.382s] -- Up-to-date: /home/hsun/ros2_ws/install/turtlesim/share/turtlesim/cmake/export_turtlesim__rosidl_generator_pyExport-noconfig.cmake
[20.383s] -- Up-to-date: /home/hsun/ros2_ws/install/turtlesim/share/turtlesim/cmake/rosidl_cmake-extras.cmake
[20.384s] -- Up-to-date: /home/hsun/ros2_ws/install/turtlesim/share/turtlesim/cmake/ament_cmake_export_dependencies-extras.cmake
[20.385s] -- Up-to-date: /home/hsun/ros2_ws/install/turtlesim/share/turtlesim/cmake/ament_cmake_export_include_directories-extras.cmake
[20.387s] -- Up-to-date: /home/hsun/ros2_ws/install/turtlesim/share/turtlesim/cmake/ament_cmake_export_libraries-extras.cmake
[20.388s] -- Up-to-date: /home/hsun/ros2_ws/install/turtlesim/share/turtlesim/cmake/ament_cmake_export_targets-extras.cmake
[20.389s] -- Up-to-date: /home/hsun/ros2_ws/install/turtlesim/share/turtlesim/cmake/rosidl_cmake_export_typesupport_targets-extras.cmake
[20.392s] -- Up-to-date: /home/hsun/ros2_ws/install/turtlesim/share/turtlesim/cmake/rosidl_cmake_export_typesupport_libraries-extras.cmake
[20.396s] -- Up-to-date: /home/hsun/ros2_ws/install/turtlesim/share/turtlesim/cmake/turtlesimConfig.cmake
[20.398s] -- Up-to-date: /home/hsun/ros2_ws/install/turtlesim/share/turtlesim/cmake/turtlesimConfig-version.cmake
[20.403s] -- Up-to-date: /home/hsun/ros2_ws/install/turtlesim/share/turtlesim/package.xml
[20.404s] Invoked command in '/home/hsun/ros2_ws/build/turtlesim' returned '0': CMAKE_PREFIX_PATH=${CMAKE_PREFIX_PATH}:/opt/ros/iron:/home/hsun/ros2_ws/install/python_parameters:/home/hsun/ros2_ws/install/py_srvcli:/home/hsun/ros2_ws/install/py_pubsub:/home/hsun/ros2_ws/install/py_launch_example /usr/bin/cmake --install /home/hsun/ros2_ws/build/turtlesim
