[0.341s] Invoking command in '/home/hsun/ros2_ws/build/tutorial_interfaces': CMAKE_PREFIX_PATH=${CMAKE_PREFIX_PATH}:/opt/ros/iron:/home/hsun/ros2_ws/install/python_parameters:/home/hsun/ros2_ws/install/py_srvcli:/home/hsun/ros2_ws/install/py_pubsub:/home/hsun/ros2_ws/install/py_launch_example /usr/bin/cmake --build /home/hsun/ros2_ws/build/tutorial_interfaces -- -j4 -l4
[1.256s] [  0%] Built target ament_cmake_python_copy_tutorial_interfaces
[1.274s] [  1%] Built target tutorial_interfaces__rosidl_generator_type_description
[1.892s] [  3%] Built target tutorial_interfaces__cpp
[2.031s] [ 24%] Built target tutorial_interfaces__rosidl_generator_c
[2.851s] [ 33%] Built target tutorial_interfaces__rosidl_typesupport_cpp
[2.862s] [ 42%] Built target tutorial_interfaces__rosidl_typesupport_fastrtps_cpp
[3.189s] [ 51%] Built target tutorial_interfaces__rosidl_typesupport_fastrtps_c
[3.790s] [ 61%] Built target tutorial_interfaces__rosidl_typesupport_introspection_c
[3.794s] [ 70%] Built target tutorial_interfaces__rosidl_typesupport_c
[4.042s] [ 79%] Built target tutorial_interfaces__rosidl_typesupport_introspection_cpp
[4.470s] [ 79%] Built target tutorial_interfaces
[4.823s] [ 81%] Built target tutorial_interfaces__py
[5.126s] [ 88%] Built target tutorial_interfaces__rosidl_generator_py
[5.437s] [ 92%] Built target tutorial_interfaces__rosidl_typesupport_fastrtps_c__pyext
[5.912s] [ 96%] Built target tutorial_interfaces__rosidl_typesupport_c__pyext
[6.488s] [100%] Built target tutorial_interfaces__rosidl_typesupport_introspection_c__pyext
[8.524s] running egg_info
[8.527s] writing tutorial_interfaces.egg-info/PKG-INFO
[8.541s] writing dependency_links to tutorial_interfaces.egg-info/dependency_links.txt
[8.542s] writing top-level names to tutorial_interfaces.egg-info/top_level.txt
[8.585s] reading manifest file 'tutorial_interfaces.egg-info/SOURCES.txt'
[8.591s] writing manifest file 'tutorial_interfaces.egg-info/SOURCES.txt'
[8.897s] [100%] Built target ament_cmake_python_build_tutorial_interfaces_egg
[10.141s] Invoked command in '/home/hsun/ros2_ws/build/tutorial_interfaces' returned '0': CMAKE_PREFIX_PATH=${CMAKE_PREFIX_PATH}:/opt/ros/iron:/home/hsun/ros2_ws/install/python_parameters:/home/hsun/ros2_ws/install/py_srvcli:/home/hsun/ros2_ws/install/py_pubsub:/home/hsun/ros2_ws/install/py_launch_example /usr/bin/cmake --build /home/hsun/ros2_ws/build/tutorial_interfaces -- -j4 -l4
[13.416s] Invoking command in '/home/hsun/ros2_ws/build/tutorial_interfaces': CMAKE_PREFIX_PATH=${CMAKE_PREFIX_PATH}:/opt/ros/iron:/home/hsun/ros2_ws/install/python_parameters:/home/hsun/ros2_ws/install/py_srvcli:/home/hsun/ros2_ws/install/py_pubsub:/home/hsun/ros2_ws/install/py_launch_example /usr/bin/cmake --install /home/hsun/ros2_ws/build/tutorial_interfaces
[13.529s] -- Install configuration: ""
[13.536s] -- Up-to-date: /home/hsun/ros2_ws/install/tutorial_interfaces/share/ament_index/resource_index/rosidl_interfaces/tutorial_interfaces
[13.537s] -- Up-to-date: /home/hsun/ros2_ws/install/tutorial_interfaces/share/tutorial_interfaces/msg/Num.json
[13.538s] -- Up-to-date: /home/hsun/ros2_ws/install/tutorial_interfaces/share/tutorial_interfaces/msg/Sphere.json
[13.541s] -- Up-to-date: /home/hsun/ros2_ws/install/tutorial_interfaces/share/tutorial_interfaces/srv/AddThreeInts.json
[13.543s] -- Up-to-date: /home/hsun/ros2_ws/install/tutorial_interfaces/include/tutorial_interfaces/tutorial_interfaces
[13.545s] -- Up-to-date: /home/hsun/ros2_ws/install/tutorial_interfaces/include/tutorial_interfaces/tutorial_interfaces/srv
[13.549s] -- Up-to-date: /home/hsun/ros2_ws/install/tutorial_interfaces/include/tutorial_interfaces/tutorial_interfaces/srv/detail
[13.567s] -- Up-to-date: /home/hsun/ros2_ws/install/tutorial_interfaces/include/tutorial_interfaces/tutorial_interfaces/srv/detail/add_three_ints__description.c
[13.581s] -- Up-to-date: /home/hsun/ros2_ws/install/tutorial_interfaces/include/tutorial_interfaces/tutorial_interfaces/srv/detail/add_three_ints__type_support.h
[13.581s] -- Up-to-date: /home/hsun/ros2_ws/install/tutorial_interfaces/include/tutorial_interfaces/tutorial_interfaces/srv/detail/add_three_ints__struct.h
[13.582s] -- Installing: /home/hsun/ros2_ws/install/tutorial_interfaces/include/tutorial_interfaces/tutorial_interfaces/srv/detail/add_three_ints__type_support.c
[13.583s] -- Up-to-date: /home/hsun/ros2_ws/install/tutorial_interfaces/include/tutorial_interfaces/tutorial_interfaces/srv/detail/add_three_ints__functions.h
[13.583s] -- Up-to-date: /home/hsun/ros2_ws/install/tutorial_interfaces/include/tutorial_interfaces/tutorial_interfaces/srv/detail/add_three_ints__functions.c
[13.585s] -- Up-to-date: /home/hsun/ros2_ws/install/tutorial_interfaces/include/tutorial_interfaces/tutorial_interfaces/srv/add_three_ints.h
[13.592s] -- Up-to-date: /home/hsun/ros2_ws/install/tutorial_interfaces/include/tutorial_interfaces/tutorial_interfaces/msg
[13.593s] -- Up-to-date: /home/hsun/ros2_ws/install/tutorial_interfaces/include/tutorial_interfaces/tutorial_interfaces/msg/sphere.h
[13.593s] -- Up-to-date: /home/hsun/ros2_ws/install/tutorial_interfaces/include/tutorial_interfaces/tutorial_interfaces/msg/detail
[13.600s] -- Up-to-date: /home/hsun/ros2_ws/install/tutorial_interfaces/include/tutorial_interfaces/tutorial_interfaces/msg/detail/sphere__functions.c
[13.604s] -- Installing: /home/hsun/ros2_ws/install/tutorial_interfaces/include/tutorial_interfaces/tutorial_interfaces/msg/detail/num__type_support.c
[13.605s] -- Up-to-date: /home/hsun/ros2_ws/install/tutorial_interfaces/include/tutorial_interfaces/tutorial_interfaces/msg/detail/num__type_support.h
[13.605s] -- Up-to-date: /home/hsun/ros2_ws/install/tutorial_interfaces/include/tutorial_interfaces/tutorial_interfaces/msg/detail/sphere__description.c
[13.607s] -- Installing: /home/hsun/ros2_ws/install/tutorial_interfaces/include/tutorial_interfaces/tutorial_interfaces/msg/detail/sphere__type_support.c
[13.607s] -- Up-to-date: /home/hsun/ros2_ws/install/tutorial_interfaces/include/tutorial_interfaces/tutorial_interfaces/msg/detail/sphere__functions.h
[13.609s] -- Up-to-date: /home/hsun/ros2_ws/install/tutorial_interfaces/include/tutorial_interfaces/tutorial_interfaces/msg/detail/num__functions.c
[13.609s] -- Up-to-date: /home/hsun/ros2_ws/install/tutorial_interfaces/include/tutorial_interfaces/tutorial_interfaces/msg/detail/num__functions.h
[13.610s] -- Up-to-date: /home/hsun/ros2_ws/install/tutorial_interfaces/include/tutorial_interfaces/tutorial_interfaces/msg/detail/num__description.c
[13.610s] -- Up-to-date: /home/hsun/ros2_ws/install/tutorial_interfaces/include/tutorial_interfaces/tutorial_interfaces/msg/detail/sphere__type_support.h
[13.611s] -- Up-to-date: /home/hsun/ros2_ws/install/tutorial_interfaces/include/tutorial_interfaces/tutorial_interfaces/msg/detail/num__struct.h
[13.626s] -- Up-to-date: /home/hsun/ros2_ws/install/tutorial_interfaces/include/tutorial_interfaces/tutorial_interfaces/msg/detail/sphere__struct.h
[13.636s] -- Up-to-date: /home/hsun/ros2_ws/install/tutorial_interfaces/include/tutorial_interfaces/tutorial_interfaces/msg/rosidl_generator_c__visibility_control.h
[13.637s] -- Up-to-date: /home/hsun/ros2_ws/install/tutorial_interfaces/include/tutorial_interfaces/tutorial_interfaces/msg/num.h
[13.637s] -- Up-to-date: /home/hsun/ros2_ws/install/tutorial_interfaces/share/tutorial_interfaces/environment/library_path.sh
[13.638s] -- Up-to-date: /home/hsun/ros2_ws/install/tutorial_interfaces/share/tutorial_interfaces/environment/library_path.dsv
[13.639s] -- Up-to-date: /home/hsun/ros2_ws/install/tutorial_interfaces/lib/libtutorial_interfaces__rosidl_generator_c.so
[13.639s] -- Up-to-date: /home/hsun/ros2_ws/install/tutorial_interfaces/include/tutorial_interfaces/tutorial_interfaces
[13.640s] -- Up-to-date: /home/hsun/ros2_ws/install/tutorial_interfaces/include/tutorial_interfaces/tutorial_interfaces/srv
[13.641s] -- Up-to-date: /home/hsun/ros2_ws/install/tutorial_interfaces/include/tutorial_interfaces/tutorial_interfaces/srv/detail
[13.641s] -- Up-to-date: /home/hsun/ros2_ws/install/tutorial_interfaces/include/tutorial_interfaces/tutorial_interfaces/srv/detail/add_three_ints__rosidl_typesupport_fastrtps_c.h
[13.653s] -- Up-to-date: /home/hsun/ros2_ws/install/tutorial_interfaces/include/tutorial_interfaces/tutorial_interfaces/msg
[13.657s] -- Up-to-date: /home/hsun/ros2_ws/install/tutorial_interfaces/include/tutorial_interfaces/tutorial_interfaces/msg/detail
[13.658s] -- Up-to-date: /home/hsun/ros2_ws/install/tutorial_interfaces/include/tutorial_interfaces/tutorial_interfaces/msg/detail/num__rosidl_typesupport_fastrtps_c.h
[13.664s] -- Up-to-date: /home/hsun/ros2_ws/install/tutorial_interfaces/include/tutorial_interfaces/tutorial_interfaces/msg/detail/sphere__rosidl_typesupport_fastrtps_c.h
[13.665s] -- Up-to-date: /home/hsun/ros2_ws/install/tutorial_interfaces/include/tutorial_interfaces/tutorial_interfaces/msg/rosidl_typesupport_fastrtps_c__visibility_control.h
[13.672s] -- Up-to-date: /home/hsun/ros2_ws/install/tutorial_interfaces/lib/libtutorial_interfaces__rosidl_typesupport_fastrtps_c.so
[13.682s] -- Up-to-date: /home/hsun/ros2_ws/install/tutorial_interfaces/include/tutorial_interfaces/tutorial_interfaces
[13.685s] -- Up-to-date: /home/hsun/ros2_ws/install/tutorial_interfaces/include/tutorial_interfaces/tutorial_interfaces/srv
[13.695s] -- Up-to-date: /home/hsun/ros2_ws/install/tutorial_interfaces/include/tutorial_interfaces/tutorial_interfaces/srv/detail
[13.703s] -- Up-to-date: /home/hsun/ros2_ws/install/tutorial_interfaces/include/tutorial_interfaces/tutorial_interfaces/srv/detail/add_three_ints__struct.hpp
[13.704s] -- Up-to-date: /home/hsun/ros2_ws/install/tutorial_interfaces/include/tutorial_interfaces/tutorial_interfaces/srv/detail/add_three_ints__traits.hpp
[13.705s] -- Up-to-date: /home/hsun/ros2_ws/install/tutorial_interfaces/include/tutorial_interfaces/tutorial_interfaces/srv/detail/add_three_ints__builder.hpp
[13.721s] -- Up-to-date: /home/hsun/ros2_ws/install/tutorial_interfaces/include/tutorial_interfaces/tutorial_interfaces/srv/add_three_ints.hpp
[13.721s] -- Up-to-date: /home/hsun/ros2_ws/install/tutorial_interfaces/include/tutorial_interfaces/tutorial_interfaces/msg
[13.722s] -- Up-to-date: /home/hsun/ros2_ws/install/tutorial_interfaces/include/tutorial_interfaces/tutorial_interfaces/msg/detail
[13.722s] -- Up-to-date: /home/hsun/ros2_ws/install/tutorial_interfaces/include/tutorial_interfaces/tutorial_interfaces/msg/detail/sphere__builder.hpp
[13.723s] -- Up-to-date: /home/hsun/ros2_ws/install/tutorial_interfaces/include/tutorial_interfaces/tutorial_interfaces/msg/detail/sphere__traits.hpp
[13.731s] -- Up-to-date: /home/hsun/ros2_ws/install/tutorial_interfaces/include/tutorial_interfaces/tutorial_interfaces/msg/detail/sphere__struct.hpp
[13.733s] -- Up-to-date: /home/hsun/ros2_ws/install/tutorial_interfaces/include/tutorial_interfaces/tutorial_interfaces/msg/detail/num__builder.hpp
[13.734s] -- Up-to-date: /home/hsun/ros2_ws/install/tutorial_interfaces/include/tutorial_interfaces/tutorial_interfaces/msg/detail/num__struct.hpp
[13.735s] -- Up-to-date: /home/hsun/ros2_ws/install/tutorial_interfaces/include/tutorial_interfaces/tutorial_interfaces/msg/detail/num__traits.hpp
[13.749s] -- Up-to-date: /home/hsun/ros2_ws/install/tutorial_interfaces/include/tutorial_interfaces/tutorial_interfaces/msg/num.hpp
[13.750s] -- Up-to-date: /home/hsun/ros2_ws/install/tutorial_interfaces/include/tutorial_interfaces/tutorial_interfaces/msg/sphere.hpp
[13.751s] -- Up-to-date: /home/hsun/ros2_ws/install/tutorial_interfaces/include/tutorial_interfaces/tutorial_interfaces
[13.751s] -- Up-to-date: /home/hsun/ros2_ws/install/tutorial_interfaces/include/tutorial_interfaces/tutorial_interfaces/srv
[13.776s] -- Up-to-date: /home/hsun/ros2_ws/install/tutorial_interfaces/include/tutorial_interfaces/tutorial_interfaces/srv/detail
[13.777s] -- Up-to-date: /home/hsun/ros2_ws/install/tutorial_interfaces/include/tutorial_interfaces/tutorial_interfaces/srv/detail/dds_fastrtps
[13.778s] -- Up-to-date: /home/hsun/ros2_ws/install/tutorial_interfaces/include/tutorial_interfaces/tutorial_interfaces/srv/detail/add_three_ints__rosidl_typesupport_fastrtps_cpp.hpp
[13.779s] -- Up-to-date: /home/hsun/ros2_ws/install/tutorial_interfaces/include/tutorial_interfaces/tutorial_interfaces/msg
[13.788s] -- Up-to-date: /home/hsun/ros2_ws/install/tutorial_interfaces/include/tutorial_interfaces/tutorial_interfaces/msg/detail
[13.789s] -- Up-to-date: /home/hsun/ros2_ws/install/tutorial_interfaces/include/tutorial_interfaces/tutorial_interfaces/msg/detail/dds_fastrtps
[13.789s] -- Up-to-date: /home/hsun/ros2_ws/install/tutorial_interfaces/include/tutorial_interfaces/tutorial_interfaces/msg/detail/num__rosidl_typesupport_fastrtps_cpp.hpp
[13.790s] -- Up-to-date: /home/hsun/ros2_ws/install/tutorial_interfaces/include/tutorial_interfaces/tutorial_interfaces/msg/detail/sphere__rosidl_typesupport_fastrtps_cpp.hpp
[13.791s] -- Up-to-date: /home/hsun/ros2_ws/install/tutorial_interfaces/include/tutorial_interfaces/tutorial_interfaces/msg/rosidl_typesupport_fastrtps_cpp__visibility_control.h
[13.792s] -- Up-to-date: /home/hsun/ros2_ws/install/tutorial_interfaces/lib/libtutorial_interfaces__rosidl_typesupport_fastrtps_cpp.so
[13.793s] -- Up-to-date: /home/hsun/ros2_ws/install/tutorial_interfaces/include/tutorial_interfaces/tutorial_interfaces
[13.793s] -- Up-to-date: /home/hsun/ros2_ws/install/tutorial_interfaces/include/tutorial_interfaces/tutorial_interfaces/srv
[13.794s] -- Up-to-date: /home/hsun/ros2_ws/install/tutorial_interfaces/include/tutorial_interfaces/tutorial_interfaces/srv/detail
[13.795s] -- Up-to-date: /home/hsun/ros2_ws/install/tutorial_interfaces/include/tutorial_interfaces/tutorial_interfaces/srv/detail/add_three_ints__rosidl_typesupport_introspection_c.h
[13.808s] -- Installing: /home/hsun/ros2_ws/install/tutorial_interfaces/include/tutorial_interfaces/tutorial_interfaces/srv/detail/add_three_ints__type_support.c
[13.809s] -- Up-to-date: /home/hsun/ros2_ws/install/tutorial_interfaces/include/tutorial_interfaces/tutorial_interfaces/msg
[13.810s] -- Up-to-date: /home/hsun/ros2_ws/install/tutorial_interfaces/include/tutorial_interfaces/tutorial_interfaces/msg/detail
[13.811s] -- Installing: /home/hsun/ros2_ws/install/tutorial_interfaces/include/tutorial_interfaces/tutorial_interfaces/msg/detail/num__type_support.c
[13.812s] -- Up-to-date: /home/hsun/ros2_ws/install/tutorial_interfaces/include/tutorial_interfaces/tutorial_interfaces/msg/detail/sphere__rosidl_typesupport_introspection_c.h
[13.812s] -- Installing: /home/hsun/ros2_ws/install/tutorial_interfaces/include/tutorial_interfaces/tutorial_interfaces/msg/detail/sphere__type_support.c
[13.813s] -- Up-to-date: /home/hsun/ros2_ws/install/tutorial_interfaces/include/tutorial_interfaces/tutorial_interfaces/msg/detail/num__rosidl_typesupport_introspection_c.h
[13.814s] -- Up-to-date: /home/hsun/ros2_ws/install/tutorial_interfaces/include/tutorial_interfaces/tutorial_interfaces/msg/rosidl_typesupport_introspection_c__visibility_control.h
[13.815s] -- Up-to-date: /home/hsun/ros2_ws/install/tutorial_interfaces/lib/libtutorial_interfaces__rosidl_typesupport_introspection_c.so
[13.815s] -- Up-to-date: /home/hsun/ros2_ws/install/tutorial_interfaces/lib/libtutorial_interfaces__rosidl_typesupport_c.so
[13.821s] -- Up-to-date: /home/hsun/ros2_ws/install/tutorial_interfaces/include/tutorial_interfaces/tutorial_interfaces
[13.832s] -- Up-to-date: /home/hsun/ros2_ws/install/tutorial_interfaces/include/tutorial_interfaces/tutorial_interfaces/srv
[13.833s] -- Up-to-date: /home/hsun/ros2_ws/install/tutorial_interfaces/include/tutorial_interfaces/tutorial_interfaces/srv/detail
[13.844s] -- Up-to-date: /home/hsun/ros2_ws/install/tutorial_interfaces/include/tutorial_interfaces/tutorial_interfaces/srv/detail/add_three_ints__rosidl_typesupport_introspection_cpp.hpp
[13.845s] -- Up-to-date: /home/hsun/ros2_ws/install/tutorial_interfaces/include/tutorial_interfaces/tutorial_interfaces/srv/detail/add_three_ints__type_support.cpp
[13.846s] -- Up-to-date: /home/hsun/ros2_ws/install/tutorial_interfaces/include/tutorial_interfaces/tutorial_interfaces/msg
[13.847s] -- Up-to-date: /home/hsun/ros2_ws/install/tutorial_interfaces/include/tutorial_interfaces/tutorial_interfaces/msg/detail
[13.861s] -- Up-to-date: /home/hsun/ros2_ws/install/tutorial_interfaces/include/tutorial_interfaces/tutorial_interfaces/msg/detail/num__rosidl_typesupport_introspection_cpp.hpp
[13.861s] -- Up-to-date: /home/hsun/ros2_ws/install/tutorial_interfaces/include/tutorial_interfaces/tutorial_interfaces/msg/detail/sphere__type_support.cpp
[13.862s] -- Up-to-date: /home/hsun/ros2_ws/install/tutorial_interfaces/include/tutorial_interfaces/tutorial_interfaces/msg/detail/num__type_support.cpp
[13.863s] -- Up-to-date: /home/hsun/ros2_ws/install/tutorial_interfaces/include/tutorial_interfaces/tutorial_interfaces/msg/detail/sphere__rosidl_typesupport_introspection_cpp.hpp
[13.864s] -- Up-to-date: /home/hsun/ros2_ws/install/tutorial_interfaces/lib/libtutorial_interfaces__rosidl_typesupport_introspection_cpp.so
[13.864s] -- Up-to-date: /home/hsun/ros2_ws/install/tutorial_interfaces/lib/libtutorial_interfaces__rosidl_typesupport_cpp.so
[13.865s] -- Up-to-date: /home/hsun/ros2_ws/install/tutorial_interfaces/share/tutorial_interfaces/environment/pythonpath.sh
[13.866s] -- Up-to-date: /home/hsun/ros2_ws/install/tutorial_interfaces/share/tutorial_interfaces/environment/pythonpath.dsv
[13.867s] -- Up-to-date: /home/hsun/ros2_ws/install/tutorial_interfaces/lib/python3.10/site-packages/tutorial_interfaces-0.0.0-py3.10.egg-info
[13.885s] -- Installing: /home/hsun/ros2_ws/install/tutorial_interfaces/lib/python3.10/site-packages/tutorial_interfaces-0.0.0-py3.10.egg-info/SOURCES.txt
[13.888s] -- Installing: /home/hsun/ros2_ws/install/tutorial_interfaces/lib/python3.10/site-packages/tutorial_interfaces-0.0.0-py3.10.egg-info/PKG-INFO
[13.889s] -- Installing: /home/hsun/ros2_ws/install/tutorial_interfaces/lib/python3.10/site-packages/tutorial_interfaces-0.0.0-py3.10.egg-info/dependency_links.txt
[13.913s] -- Installing: /home/hsun/ros2_ws/install/tutorial_interfaces/lib/python3.10/site-packages/tutorial_interfaces-0.0.0-py3.10.egg-info/top_level.txt
[13.913s] -- Up-to-date: /home/hsun/ros2_ws/install/tutorial_interfaces/lib/python3.10/site-packages/tutorial_interfaces
[13.914s] -- Up-to-date: /home/hsun/ros2_ws/install/tutorial_interfaces/lib/python3.10/site-packages/tutorial_interfaces/tutorial_interfaces_s__rosidl_typesupport_c.cpython-310-aarch64-linux-gnu.so
[13.915s] -- Up-to-date: /home/hsun/ros2_ws/install/tutorial_interfaces/lib/python3.10/site-packages/tutorial_interfaces/_tutorial_interfaces_s.ep.rosidl_typesupport_c.c
[13.918s] -- Up-to-date: /home/hsun/ros2_ws/install/tutorial_interfaces/lib/python3.10/site-packages/tutorial_interfaces/__init__.py
[13.919s] -- Up-to-date: /home/hsun/ros2_ws/install/tutorial_interfaces/lib/python3.10/site-packages/tutorial_interfaces/tutorial_interfaces_s__rosidl_typesupport_introspection_c.cpython-310-aarch64-linux-gnu.so
[13.920s] -- Up-to-date: /home/hsun/ros2_ws/install/tutorial_interfaces/lib/python3.10/site-packages/tutorial_interfaces/tutorial_interfaces_s__rosidl_typesupport_fastrtps_c.cpython-310-aarch64-linux-gnu.so
[13.921s] -- Up-to-date: /home/hsun/ros2_ws/install/tutorial_interfaces/lib/python3.10/site-packages/tutorial_interfaces/_tutorial_interfaces_s.ep.rosidl_typesupport_fastrtps_c.c
[13.921s] -- Up-to-date: /home/hsun/ros2_ws/install/tutorial_interfaces/lib/python3.10/site-packages/tutorial_interfaces/srv
[13.922s] -- Up-to-date: /home/hsun/ros2_ws/install/tutorial_interfaces/lib/python3.10/site-packages/tutorial_interfaces/srv/__init__.py
[13.923s] -- Up-to-date: /home/hsun/ros2_ws/install/tutorial_interfaces/lib/python3.10/site-packages/tutorial_interfaces/srv/_add_three_ints.py
[13.923s] -- Up-to-date: /home/hsun/ros2_ws/install/tutorial_interfaces/lib/python3.10/site-packages/tutorial_interfaces/srv/_add_three_ints_s.c
[13.936s] -- Up-to-date: /home/hsun/ros2_ws/install/tutorial_interfaces/lib/python3.10/site-packages/tutorial_interfaces/_tutorial_interfaces_s.ep.rosidl_typesupport_introspection_c.c
[13.937s] -- Up-to-date: /home/hsun/ros2_ws/install/tutorial_interfaces/lib/python3.10/site-packages/tutorial_interfaces/msg
[13.938s] -- Up-to-date: /home/hsun/ros2_ws/install/tutorial_interfaces/lib/python3.10/site-packages/tutorial_interfaces/msg/__init__.py
[13.938s] -- Up-to-date: /home/hsun/ros2_ws/install/tutorial_interfaces/lib/python3.10/site-packages/tutorial_interfaces/msg/_sphere_s.c
[13.939s] -- Up-to-date: /home/hsun/ros2_ws/install/tutorial_interfaces/lib/python3.10/site-packages/tutorial_interfaces/msg/_num_s.c
[13.944s] -- Up-to-date: /home/hsun/ros2_ws/install/tutorial_interfaces/lib/python3.10/site-packages/tutorial_interfaces/msg/_num.py
[13.945s] -- Up-to-date: /home/hsun/ros2_ws/install/tutorial_interfaces/lib/python3.10/site-packages/tutorial_interfaces/msg/_sphere.py
[13.945s] -- Up-to-date: /home/hsun/ros2_ws/install/tutorial_interfaces/lib/python3.10/site-packages/tutorial_interfaces/libtutorial_interfaces__rosidl_generator_py.so
[14.234s] Listing '/home/hsun/ros2_ws/install/tutorial_interfaces/lib/python3.10/site-packages/tutorial_interfaces'...
[14.235s] Listing '/home/hsun/ros2_ws/install/tutorial_interfaces/lib/python3.10/site-packages/tutorial_interfaces/msg'...
[14.236s] Listing '/home/hsun/ros2_ws/install/tutorial_interfaces/lib/python3.10/site-packages/tutorial_interfaces/srv'...
[14.463s] -- Up-to-date: /home/hsun/ros2_ws/install/tutorial_interfaces/lib/python3.10/site-packages/tutorial_interfaces/tutorial_interfaces_s__rosidl_typesupport_fastrtps_c.cpython-310-aarch64-linux-gnu.so
[14.465s] -- Up-to-date: /home/hsun/ros2_ws/install/tutorial_interfaces/lib/python3.10/site-packages/tutorial_interfaces/tutorial_interfaces_s__rosidl_typesupport_introspection_c.cpython-310-aarch64-linux-gnu.so
[14.469s] -- Up-to-date: /home/hsun/ros2_ws/install/tutorial_interfaces/lib/python3.10/site-packages/tutorial_interfaces/tutorial_interfaces_s__rosidl_typesupport_c.cpython-310-aarch64-linux-gnu.so
[14.477s] -- Up-to-date: /home/hsun/ros2_ws/install/tutorial_interfaces/lib/libtutorial_interfaces__rosidl_generator_py.so
[14.484s] -- Up-to-date: /home/hsun/ros2_ws/install/tutorial_interfaces/share/tutorial_interfaces/msg/Num.idl
[14.489s] -- Up-to-date: /home/hsun/ros2_ws/install/tutorial_interfaces/share/tutorial_interfaces/msg/Sphere.idl
[14.496s] -- Up-to-date: /home/hsun/ros2_ws/install/tutorial_interfaces/share/tutorial_interfaces/srv/AddThreeInts.idl
[14.500s] -- Up-to-date: /home/hsun/ros2_ws/install/tutorial_interfaces/share/tutorial_interfaces/msg/Num.msg
[14.512s] -- Up-to-date: /home/hsun/ros2_ws/install/tutorial_interfaces/share/tutorial_interfaces/msg/Sphere.msg
[14.521s] -- Up-to-date: /home/hsun/ros2_ws/install/tutorial_interfaces/share/tutorial_interfaces/srv/AddThreeInts.srv
[14.523s] -- Up-to-date: /home/hsun/ros2_ws/install/tutorial_interfaces/share/tutorial_interfaces/srv/AddThreeInts_Request.msg
[14.531s] -- Up-to-date: /home/hsun/ros2_ws/install/tutorial_interfaces/share/tutorial_interfaces/srv/AddThreeInts_Response.msg
[14.534s] -- Up-to-date: /home/hsun/ros2_ws/install/tutorial_interfaces/share/ament_index/resource_index/package_run_dependencies/tutorial_interfaces
[14.549s] -- Up-to-date: /home/hsun/ros2_ws/install/tutorial_interfaces/share/ament_index/resource_index/parent_prefix_path/tutorial_interfaces
[14.554s] -- Up-to-date: /home/hsun/ros2_ws/install/tutorial_interfaces/share/tutorial_interfaces/environment/ament_prefix_path.sh
[14.560s] -- Up-to-date: /home/hsun/ros2_ws/install/tutorial_interfaces/share/tutorial_interfaces/environment/ament_prefix_path.dsv
[14.564s] -- Up-to-date: /home/hsun/ros2_ws/install/tutorial_interfaces/share/tutorial_interfaces/environment/path.sh
[14.569s] -- Up-to-date: /home/hsun/ros2_ws/install/tutorial_interfaces/share/tutorial_interfaces/environment/path.dsv
[14.572s] -- Up-to-date: /home/hsun/ros2_ws/install/tutorial_interfaces/share/tutorial_interfaces/local_setup.bash
[14.581s] -- Up-to-date: /home/hsun/ros2_ws/install/tutorial_interfaces/share/tutorial_interfaces/local_setup.sh
[14.595s] -- Up-to-date: /home/hsun/ros2_ws/install/tutorial_interfaces/share/tutorial_interfaces/local_setup.zsh
[14.599s] -- Up-to-date: /home/hsun/ros2_ws/install/tutorial_interfaces/share/tutorial_interfaces/local_setup.dsv
[14.601s] -- Installing: /home/hsun/ros2_ws/install/tutorial_interfaces/share/tutorial_interfaces/package.dsv
[14.605s] -- Up-to-date: /home/hsun/ros2_ws/install/tutorial_interfaces/share/ament_index/resource_index/packages/tutorial_interfaces
[14.607s] -- Up-to-date: /home/hsun/ros2_ws/install/tutorial_interfaces/share/tutorial_interfaces/cmake/export_tutorial_interfaces__rosidl_generator_cExport.cmake
[14.610s] -- Up-to-date: /home/hsun/ros2_ws/install/tutorial_interfaces/share/tutorial_interfaces/cmake/export_tutorial_interfaces__rosidl_generator_cExport-noconfig.cmake
[14.612s] -- Up-to-date: /home/hsun/ros2_ws/install/tutorial_interfaces/share/tutorial_interfaces/cmake/export_tutorial_interfaces__rosidl_typesupport_fastrtps_cExport.cmake
[14.615s] -- Up-to-date: /home/hsun/ros2_ws/install/tutorial_interfaces/share/tutorial_interfaces/cmake/export_tutorial_interfaces__rosidl_typesupport_fastrtps_cExport-noconfig.cmake
[14.619s] -- Up-to-date: /home/hsun/ros2_ws/install/tutorial_interfaces/share/tutorial_interfaces/cmake/export_tutorial_interfaces__rosidl_generator_cppExport.cmake
[14.622s] -- Up-to-date: /home/hsun/ros2_ws/install/tutorial_interfaces/share/tutorial_interfaces/cmake/export_tutorial_interfaces__rosidl_typesupport_fastrtps_cppExport.cmake
[14.624s] -- Up-to-date: /home/hsun/ros2_ws/install/tutorial_interfaces/share/tutorial_interfaces/cmake/export_tutorial_interfaces__rosidl_typesupport_fastrtps_cppExport-noconfig.cmake
[14.638s] -- Up-to-date: /home/hsun/ros2_ws/install/tutorial_interfaces/share/tutorial_interfaces/cmake/tutorial_interfaces__rosidl_typesupport_introspection_cExport.cmake
[14.650s] -- Up-to-date: /home/hsun/ros2_ws/install/tutorial_interfaces/share/tutorial_interfaces/cmake/tutorial_interfaces__rosidl_typesupport_introspection_cExport-noconfig.cmake
[14.652s] -- Up-to-date: /home/hsun/ros2_ws/install/tutorial_interfaces/share/tutorial_interfaces/cmake/tutorial_interfaces__rosidl_typesupport_cExport.cmake
[14.653s] -- Up-to-date: /home/hsun/ros2_ws/install/tutorial_interfaces/share/tutorial_interfaces/cmake/tutorial_interfaces__rosidl_typesupport_cExport-noconfig.cmake
[14.655s] -- Up-to-date: /home/hsun/ros2_ws/install/tutorial_interfaces/share/tutorial_interfaces/cmake/tutorial_interfaces__rosidl_typesupport_introspection_cppExport.cmake
[14.656s] -- Up-to-date: /home/hsun/ros2_ws/install/tutorial_interfaces/share/tutorial_interfaces/cmake/tutorial_interfaces__rosidl_typesupport_introspection_cppExport-noconfig.cmake
[14.672s] -- Up-to-date: /home/hsun/ros2_ws/install/tutorial_interfaces/share/tutorial_interfaces/cmake/tutorial_interfaces__rosidl_typesupport_cppExport.cmake
[14.677s] -- Up-to-date: /home/hsun/ros2_ws/install/tutorial_interfaces/share/tutorial_interfaces/cmake/tutorial_interfaces__rosidl_typesupport_cppExport-noconfig.cmake
[14.686s] -- Up-to-date: /home/hsun/ros2_ws/install/tutorial_interfaces/share/tutorial_interfaces/cmake/export_tutorial_interfaces__rosidl_generator_pyExport.cmake
[14.687s] -- Up-to-date: /home/hsun/ros2_ws/install/tutorial_interfaces/share/tutorial_interfaces/cmake/export_tutorial_interfaces__rosidl_generator_pyExport-noconfig.cmake
[14.689s] -- Up-to-date: /home/hsun/ros2_ws/install/tutorial_interfaces/share/tutorial_interfaces/cmake/rosidl_cmake-extras.cmake
[14.727s] -- Up-to-date: /home/hsun/ros2_ws/install/tutorial_interfaces/share/tutorial_interfaces/cmake/ament_cmake_export_dependencies-extras.cmake
[14.729s] -- Up-to-date: /home/hsun/ros2_ws/install/tutorial_interfaces/share/tutorial_interfaces/cmake/ament_cmake_export_include_directories-extras.cmake
[14.754s] -- Up-to-date: /home/hsun/ros2_ws/install/tutorial_interfaces/share/tutorial_interfaces/cmake/ament_cmake_export_libraries-extras.cmake
[14.755s] -- Up-to-date: /home/hsun/ros2_ws/install/tutorial_interfaces/share/tutorial_interfaces/cmake/ament_cmake_export_targets-extras.cmake
[14.755s] -- Up-to-date: /home/hsun/ros2_ws/install/tutorial_interfaces/share/tutorial_interfaces/cmake/rosidl_cmake_export_typesupport_targets-extras.cmake
[14.756s] -- Up-to-date: /home/hsun/ros2_ws/install/tutorial_interfaces/share/tutorial_interfaces/cmake/rosidl_cmake_export_typesupport_libraries-extras.cmake
[14.757s] -- Up-to-date: /home/hsun/ros2_ws/install/tutorial_interfaces/share/tutorial_interfaces/cmake/tutorial_interfacesConfig.cmake
[14.757s] -- Up-to-date: /home/hsun/ros2_ws/install/tutorial_interfaces/share/tutorial_interfaces/cmake/tutorial_interfacesConfig-version.cmake
[14.758s] -- Up-to-date: /home/hsun/ros2_ws/install/tutorial_interfaces/share/tutorial_interfaces/package.xml
[14.774s] Invoked command in '/home/hsun/ros2_ws/build/tutorial_interfaces' returned '0': CMAKE_PREFIX_PATH=${CMAKE_PREFIX_PATH}:/opt/ros/iron:/home/hsun/ros2_ws/install/python_parameters:/home/hsun/ros2_ws/install/py_srvcli:/home/hsun/ros2_ws/install/py_pubsub:/home/hsun/ros2_ws/install/py_launch_example /usr/bin/cmake --install /home/hsun/ros2_ws/build/tutorial_interfaces
