[8.429s] Invoking command in '/home/hsun/ros2_ws/src/learning_tf2_py': PYTHONPATH=/home/hsun/ros2_ws/build/learning_tf2_py/prefix_override:/home/hsun/ros2_ws/install/learning_tf2_py/lib/python3.10/site-packages:${PYTHONPATH} /usr/bin/python3 setup.py egg_info --egg-base ../../build/learning_tf2_py build --build-base /home/hsun/ros2_ws/build/learning_tf2_py/build install --record /home/hsun/ros2_ws/build/learning_tf2_py/install.log --single-version-externally-managed
[11.436s] running egg_info
[11.443s] writing ../../build/learning_tf2_py/learning_tf2_py.egg-info/PKG-INFO
[11.446s] writing dependency_links to ../../build/learning_tf2_py/learning_tf2_py.egg-info/dependency_links.txt
[11.449s] writing entry points to ../../build/learning_tf2_py/learning_tf2_py.egg-info/entry_points.txt
[11.451s] writing requirements to ../../build/learning_tf2_py/learning_tf2_py.egg-info/requires.txt
[11.457s] writing top-level names to ../../build/learning_tf2_py/learning_tf2_py.egg-info/top_level.txt
[11.471s] reading manifest file '../../build/learning_tf2_py/learning_tf2_py.egg-info/SOURCES.txt'
[11.479s] writing manifest file '../../build/learning_tf2_py/learning_tf2_py.egg-info/SOURCES.txt'
[11.484s] running build
[11.486s] running build_py
[11.487s] copying learning_tf2_py/turtle_tf2_listener.py -> /home/hsun/ros2_ws/build/learning_tf2_py/build/lib/learning_tf2_py
[11.492s] running install
[11.499s] /usr/lib/python3/dist-packages/setuptools/command/install.py:34: SetuptoolsDeprecationWarning: setup.py install is deprecated. Use build and pip and other standards-based tools.
[11.509s]   warnings.warn(
[11.511s] running install_lib
[11.524s] copying /home/hsun/ros2_ws/build/learning_tf2_py/build/lib/learning_tf2_py/turtle_tf2_listener.py -> /home/hsun/ros2_ws/install/learning_tf2_py/lib/python3.10/site-packages/learning_tf2_py
[11.528s] byte-compiling /home/hsun/ros2_ws/install/learning_tf2_py/lib/python3.10/site-packages/learning_tf2_py/turtle_tf2_listener.py to turtle_tf2_listener.cpython-310.pyc
[11.529s] running install_data
[11.533s] running install_egg_info
[11.546s] removing '/home/hsun/ros2_ws/install/learning_tf2_py/lib/python3.10/site-packages/learning_tf2_py-0.0.0-py3.10.egg-info' (and everything under it)
[11.551s] Copying ../../build/learning_tf2_py/learning_tf2_py.egg-info to /home/hsun/ros2_ws/install/learning_tf2_py/lib/python3.10/site-packages/learning_tf2_py-0.0.0-py3.10.egg-info
[11.577s] running install_scripts
[11.786s] Installing dynamic_frame_tf2_broadcaster script to /home/hsun/ros2_ws/install/learning_tf2_py/lib/learning_tf2_py
[11.791s] Installing fixed_frame_tf2_broadcaster script to /home/hsun/ros2_ws/install/learning_tf2_py/lib/learning_tf2_py
[11.793s] Installing static_turtle_tf2_broadcaster script to /home/hsun/ros2_ws/install/learning_tf2_py/lib/learning_tf2_py
[11.794s] Installing turtle_tf2_broadcaster script to /home/hsun/ros2_ws/install/learning_tf2_py/lib/learning_tf2_py
[11.802s] Installing turtle_tf2_listener script to /home/hsun/ros2_ws/install/learning_tf2_py/lib/learning_tf2_py
[11.804s] writing list of installed files to '/home/hsun/ros2_ws/build/learning_tf2_py/install.log'
[12.183s] Invoked command in '/home/hsun/ros2_ws/src/learning_tf2_py' returned '0': PYTHONPATH=/home/hsun/ros2_ws/build/learning_tf2_py/prefix_override:/home/hsun/ros2_ws/install/learning_tf2_py/lib/python3.10/site-packages:${PYTHONPATH} /usr/bin/python3 setup.py egg_info --egg-base ../../build/learning_tf2_py build --build-base /home/hsun/ros2_ws/build/learning_tf2_py/build install --record /home/hsun/ros2_ws/build/learning_tf2_py/install.log --single-version-externally-managed
