[1.486s] DEBUG:colcon:Command line arguments: ['/usr/bin/colcon', 'build', '--packages-select', 'py_srvcli']
[1.487s] DEBUG:colcon:Parsed command line arguments: Namespace(log_base=None, log_level=None, verb_name='build', build_base='build', install_base='install', merge_install=False, symlink_install=False, test_result_base=None, continue_on_error=False, executor='parallel', parallel_workers=4, event_handlers=None, ignore_user_meta=False, metas=['./colcon.meta'], base_paths=['.'], packages_ignore=None, packages_ignore_regex=None, paths=None, packages_up_to=None, packages_up_to_regex=None, packages_above=None, packages_above_and_dependencies=None, packages_above_depth=None, packages_select_by_dep=None, packages_skip_by_dep=None, packages_skip_up_to=None, packages_select_build_failed=False, packages_skip_build_finished=False, packages_select_test_failures=False, packages_skip_test_passed=False, packages_select=['py_srvcli'], packages_skip=None, packages_select_regex=None, packages_skip_regex=None, packages_start=None, packages_end=None, allow_overriding=[], cmake_args=None, cmake_target=None, cmake_target_skip_unavailable=False, cmake_clean_cache=False, cmake_clean_first=False, cmake_force_configure=False, ament_cmake_args=None, catkin_cmake_args=None, catkin_skip_building_tests=False, verb_parser=<colcon_defaults.argument_parser.defaults.DefaultArgumentsDecorator object at 0xffff7df02fb0>, verb_extension=<colcon_core.verb.build.BuildVerb object at 0xffff7e6ba260>, main=<bound method BuildVerb.main of <colcon_core.verb.build.BuildVerb object at 0xffff7e6ba260>>)
[1.627s] Level 1:colcon.colcon_core.package_discovery:discover_packages(colcon_meta) check parameters
[1.627s] Level 1:colcon.colcon_core.package_discovery:discover_packages(recursive) check parameters
[1.628s] Level 1:colcon.colcon_core.package_discovery:discover_packages(ignore) check parameters
[1.628s] Level 1:colcon.colcon_core.package_discovery:discover_packages(path) check parameters
[1.628s] Level 1:colcon.colcon_core.package_discovery:discover_packages(colcon_meta) discover
[1.631s] Level 1:colcon.colcon_core.package_discovery:discover_packages(recursive) discover
[1.632s] INFO:colcon.colcon_core.package_discovery:Crawling recursively for packages in '/home/hsun/ros2_ws'
[1.632s] Level 1:colcon.colcon_core.package_identification:_identify(.) by extensions ['ignore', 'ignore_ament_install']
[1.633s] Level 1:colcon.colcon_core.package_identification:_identify(.) by extension 'ignore'
[1.633s] Level 1:colcon.colcon_core.package_identification:_identify(.) by extension 'ignore_ament_install'
[1.633s] Level 1:colcon.colcon_core.package_identification:_identify(.) by extensions ['colcon_pkg']
[1.633s] Level 1:colcon.colcon_core.package_identification:_identify(.) by extension 'colcon_pkg'
[1.634s] Level 1:colcon.colcon_core.package_identification:_identify(.) by extensions ['colcon_meta']
[1.634s] Level 1:colcon.colcon_core.package_identification:_identify(.) by extension 'colcon_meta'
[1.634s] Level 1:colcon.colcon_core.package_identification:_identify(.) by extensions ['ros']
[1.634s] Level 1:colcon.colcon_core.package_identification:_identify(.) by extension 'ros'
[1.680s] Level 1:colcon.colcon_core.package_identification:_identify(.) by extensions ['cmake', 'python']
[1.680s] Level 1:colcon.colcon_core.package_identification:_identify(.) by extension 'cmake'
[1.681s] Level 1:colcon.colcon_core.package_identification:_identify(.) by extension 'python'
[1.681s] Level 1:colcon.colcon_core.package_identification:_identify(.) by extensions ['python_setup_py']
[1.681s] Level 1:colcon.colcon_core.package_identification:_identify(.) by extension 'python_setup_py'
[1.682s] Level 1:colcon.colcon_core.package_identification:_identify(build) by extensions ['ignore', 'ignore_ament_install']
[1.683s] Level 1:colcon.colcon_core.package_identification:_identify(build) by extension 'ignore'
[1.683s] Level 1:colcon.colcon_core.package_identification:_identify(build) ignored
[1.684s] Level 1:colcon.colcon_core.package_identification:_identify(install) by extensions ['ignore', 'ignore_ament_install']
[1.685s] Level 1:colcon.colcon_core.package_identification:_identify(install) by extension 'ignore'
[1.685s] Level 1:colcon.colcon_core.package_identification:_identify(install) ignored
[1.686s] Level 1:colcon.colcon_core.package_identification:_identify(log) by extensions ['ignore', 'ignore_ament_install']
[1.686s] Level 1:colcon.colcon_core.package_identification:_identify(log) by extension 'ignore'
[1.686s] Level 1:colcon.colcon_core.package_identification:_identify(log) ignored
[1.687s] Level 1:colcon.colcon_core.package_identification:_identify(src) by extensions ['ignore', 'ignore_ament_install']
[1.688s] Level 1:colcon.colcon_core.package_identification:_identify(src) by extension 'ignore'
[1.688s] Level 1:colcon.colcon_core.package_identification:_identify(src) by extension 'ignore_ament_install'
[1.688s] Level 1:colcon.colcon_core.package_identification:_identify(src) by extensions ['colcon_pkg']
[1.689s] Level 1:colcon.colcon_core.package_identification:_identify(src) by extension 'colcon_pkg'
[1.689s] Level 1:colcon.colcon_core.package_identification:_identify(src) by extensions ['colcon_meta']
[1.689s] Level 1:colcon.colcon_core.package_identification:_identify(src) by extension 'colcon_meta'
[1.690s] Level 1:colcon.colcon_core.package_identification:_identify(src) by extensions ['ros']
[1.690s] Level 1:colcon.colcon_core.package_identification:_identify(src) by extension 'ros'
[1.690s] Level 1:colcon.colcon_core.package_identification:_identify(src) by extensions ['cmake', 'python']
[1.691s] Level 1:colcon.colcon_core.package_identification:_identify(src) by extension 'cmake'
[1.691s] Level 1:colcon.colcon_core.package_identification:_identify(src) by extension 'python'
[1.692s] Level 1:colcon.colcon_core.package_identification:_identify(src) by extensions ['python_setup_py']
[1.692s] Level 1:colcon.colcon_core.package_identification:_identify(src) by extension 'python_setup_py'
[1.692s] Level 1:colcon.colcon_core.package_identification:_identify(src/cpp_pubsub) by extensions ['ignore', 'ignore_ament_install']
[1.693s] Level 1:colcon.colcon_core.package_identification:_identify(src/cpp_pubsub) by extension 'ignore'
[1.693s] Level 1:colcon.colcon_core.package_identification:_identify(src/cpp_pubsub) by extension 'ignore_ament_install'
[1.694s] Level 1:colcon.colcon_core.package_identification:_identify(src/cpp_pubsub) by extensions ['colcon_pkg']
[1.694s] Level 1:colcon.colcon_core.package_identification:_identify(src/cpp_pubsub) by extension 'colcon_pkg'
[1.694s] Level 1:colcon.colcon_core.package_identification:_identify(src/cpp_pubsub) by extensions ['colcon_meta']
[1.694s] Level 1:colcon.colcon_core.package_identification:_identify(src/cpp_pubsub) by extension 'colcon_meta'
[1.695s] Level 1:colcon.colcon_core.package_identification:_identify(src/cpp_pubsub) by extensions ['ros']
[1.695s] Level 1:colcon.colcon_core.package_identification:_identify(src/cpp_pubsub) by extension 'ros'
[1.706s] DEBUG:colcon.colcon_core.package_identification:Package 'src/cpp_pubsub' with type 'ros.ament_cmake' and name 'cpp_pubsub'
[1.706s] Level 1:colcon.colcon_core.package_identification:_identify(src/cpp_srvcli) by extensions ['ignore', 'ignore_ament_install']
[1.707s] Level 1:colcon.colcon_core.package_identification:_identify(src/cpp_srvcli) by extension 'ignore'
[1.707s] Level 1:colcon.colcon_core.package_identification:_identify(src/cpp_srvcli) by extension 'ignore_ament_install'
[1.707s] Level 1:colcon.colcon_core.package_identification:_identify(src/cpp_srvcli) by extensions ['colcon_pkg']
[1.707s] Level 1:colcon.colcon_core.package_identification:_identify(src/cpp_srvcli) by extension 'colcon_pkg'
[1.708s] Level 1:colcon.colcon_core.package_identification:_identify(src/cpp_srvcli) by extensions ['colcon_meta']
[1.708s] Level 1:colcon.colcon_core.package_identification:_identify(src/cpp_srvcli) by extension 'colcon_meta'
[1.708s] Level 1:colcon.colcon_core.package_identification:_identify(src/cpp_srvcli) by extensions ['ros']
[1.708s] Level 1:colcon.colcon_core.package_identification:_identify(src/cpp_srvcli) by extension 'ros'
[1.711s] DEBUG:colcon.colcon_core.package_identification:Package 'src/cpp_srvcli' with type 'ros.ament_cmake' and name 'cpp_srvcli'
[1.712s] Level 1:colcon.colcon_core.package_identification:_identify(src/my_package) by extensions ['ignore', 'ignore_ament_install']
[1.712s] Level 1:colcon.colcon_core.package_identification:_identify(src/my_package) by extension 'ignore'
[1.712s] Level 1:colcon.colcon_core.package_identification:_identify(src/my_package) by extension 'ignore_ament_install'
[1.713s] Level 1:colcon.colcon_core.package_identification:_identify(src/my_package) by extensions ['colcon_pkg']
[1.713s] Level 1:colcon.colcon_core.package_identification:_identify(src/my_package) by extension 'colcon_pkg'
[1.713s] Level 1:colcon.colcon_core.package_identification:_identify(src/my_package) by extensions ['colcon_meta']
[1.713s] Level 1:colcon.colcon_core.package_identification:_identify(src/my_package) by extension 'colcon_meta'
[1.713s] Level 1:colcon.colcon_core.package_identification:_identify(src/my_package) by extensions ['ros']
[1.713s] Level 1:colcon.colcon_core.package_identification:_identify(src/my_package) by extension 'ros'
[1.715s] DEBUG:colcon.colcon_core.package_identification:Package 'src/my_package' with type 'ros.ament_cmake' and name 'my_package'
[1.716s] Level 1:colcon.colcon_core.package_identification:_identify(src/py_pubsub) by extensions ['ignore', 'ignore_ament_install']
[1.716s] Level 1:colcon.colcon_core.package_identification:_identify(src/py_pubsub) by extension 'ignore'
[1.717s] Level 1:colcon.colcon_core.package_identification:_identify(src/py_pubsub) by extension 'ignore_ament_install'
[1.717s] Level 1:colcon.colcon_core.package_identification:_identify(src/py_pubsub) by extensions ['colcon_pkg']
[1.717s] Level 1:colcon.colcon_core.package_identification:_identify(src/py_pubsub) by extension 'colcon_pkg'
[1.717s] Level 1:colcon.colcon_core.package_identification:_identify(src/py_pubsub) by extensions ['colcon_meta']
[1.717s] Level 1:colcon.colcon_core.package_identification:_identify(src/py_pubsub) by extension 'colcon_meta'
[1.718s] Level 1:colcon.colcon_core.package_identification:_identify(src/py_pubsub) by extensions ['ros']
[1.718s] Level 1:colcon.colcon_core.package_identification:_identify(src/py_pubsub) by extension 'ros'
[1.720s] DEBUG:colcon.colcon_core.package_identification:Package 'src/py_pubsub' with type 'ros.ament_python' and name 'py_pubsub'
[1.720s] Level 1:colcon.colcon_core.package_identification:_identify(src/py_srvcli) by extensions ['ignore', 'ignore_ament_install']
[1.721s] Level 1:colcon.colcon_core.package_identification:_identify(src/py_srvcli) by extension 'ignore'
[1.721s] Level 1:colcon.colcon_core.package_identification:_identify(src/py_srvcli) by extension 'ignore_ament_install'
[1.722s] Level 1:colcon.colcon_core.package_identification:_identify(src/py_srvcli) by extensions ['colcon_pkg']
[1.722s] Level 1:colcon.colcon_core.package_identification:_identify(src/py_srvcli) by extension 'colcon_pkg'
[1.722s] Level 1:colcon.colcon_core.package_identification:_identify(src/py_srvcli) by extensions ['colcon_meta']
[1.722s] Level 1:colcon.colcon_core.package_identification:_identify(src/py_srvcli) by extension 'colcon_meta'
[1.722s] Level 1:colcon.colcon_core.package_identification:_identify(src/py_srvcli) by extensions ['ros']
[1.723s] Level 1:colcon.colcon_core.package_identification:_identify(src/py_srvcli) by extension 'ros'
[1.725s] DEBUG:colcon.colcon_core.package_identification:Package 'src/py_srvcli' with type 'ros.ament_python' and name 'py_srvcli'
[1.726s] Level 1:colcon.colcon_core.package_identification:_identify(src/ros_tutorials) by extensions ['ignore', 'ignore_ament_install']
[1.726s] Level 1:colcon.colcon_core.package_identification:_identify(src/ros_tutorials) by extension 'ignore'
[1.727s] Level 1:colcon.colcon_core.package_identification:_identify(src/ros_tutorials) by extension 'ignore_ament_install'
[1.727s] Level 1:colcon.colcon_core.package_identification:_identify(src/ros_tutorials) by extensions ['colcon_pkg']
[1.727s] Level 1:colcon.colcon_core.package_identification:_identify(src/ros_tutorials) by extension 'colcon_pkg'
[1.727s] Level 1:colcon.colcon_core.package_identification:_identify(src/ros_tutorials) by extensions ['colcon_meta']
[1.727s] Level 1:colcon.colcon_core.package_identification:_identify(src/ros_tutorials) by extension 'colcon_meta'
[1.728s] Level 1:colcon.colcon_core.package_identification:_identify(src/ros_tutorials) by extensions ['ros']
[1.728s] Level 1:colcon.colcon_core.package_identification:_identify(src/ros_tutorials) by extension 'ros'
[1.728s] Level 1:colcon.colcon_core.package_identification:_identify(src/ros_tutorials) by extensions ['cmake', 'python']
[1.728s] Level 1:colcon.colcon_core.package_identification:_identify(src/ros_tutorials) by extension 'cmake'
[1.728s] Level 1:colcon.colcon_core.package_identification:_identify(src/ros_tutorials) by extension 'python'
[1.728s] Level 1:colcon.colcon_core.package_identification:_identify(src/ros_tutorials) by extensions ['python_setup_py']
[1.729s] Level 1:colcon.colcon_core.package_identification:_identify(src/ros_tutorials) by extension 'python_setup_py'
[1.729s] Level 1:colcon.colcon_core.package_identification:_identify(src/ros_tutorials/ros_tutorials) by extensions ['ignore', 'ignore_ament_install']
[1.730s] Level 1:colcon.colcon_core.package_identification:_identify(src/ros_tutorials/ros_tutorials) by extension 'ignore'
[1.730s] Level 1:colcon.colcon_core.package_identification:_identify(src/ros_tutorials/ros_tutorials) ignored
[1.731s] Level 1:colcon.colcon_core.package_identification:_identify(src/ros_tutorials/roscpp_tutorials) by extensions ['ignore', 'ignore_ament_install']
[1.731s] Level 1:colcon.colcon_core.package_identification:_identify(src/ros_tutorials/roscpp_tutorials) by extension 'ignore'
[1.731s] Level 1:colcon.colcon_core.package_identification:_identify(src/ros_tutorials/roscpp_tutorials) ignored
[1.732s] Level 1:colcon.colcon_core.package_identification:_identify(src/ros_tutorials/rospy_tutorials) by extensions ['ignore', 'ignore_ament_install']
[1.732s] Level 1:colcon.colcon_core.package_identification:_identify(src/ros_tutorials/rospy_tutorials) by extension 'ignore'
[1.732s] Level 1:colcon.colcon_core.package_identification:_identify(src/ros_tutorials/rospy_tutorials) ignored
[1.733s] Level 1:colcon.colcon_core.package_identification:_identify(src/ros_tutorials/turtlesim) by extensions ['ignore', 'ignore_ament_install']
[1.733s] Level 1:colcon.colcon_core.package_identification:_identify(src/ros_tutorials/turtlesim) by extension 'ignore'
[1.733s] Level 1:colcon.colcon_core.package_identification:_identify(src/ros_tutorials/turtlesim) by extension 'ignore_ament_install'
[1.734s] Level 1:colcon.colcon_core.package_identification:_identify(src/ros_tutorials/turtlesim) by extensions ['colcon_pkg']
[1.734s] Level 1:colcon.colcon_core.package_identification:_identify(src/ros_tutorials/turtlesim) by extension 'colcon_pkg'
[1.734s] Level 1:colcon.colcon_core.package_identification:_identify(src/ros_tutorials/turtlesim) by extensions ['colcon_meta']
[1.734s] Level 1:colcon.colcon_core.package_identification:_identify(src/ros_tutorials/turtlesim) by extension 'colcon_meta'
[1.734s] Level 1:colcon.colcon_core.package_identification:_identify(src/ros_tutorials/turtlesim) by extensions ['ros']
[1.734s] Level 1:colcon.colcon_core.package_identification:_identify(src/ros_tutorials/turtlesim) by extension 'ros'
[1.739s] DEBUG:colcon.colcon_core.package_identification:Package 'src/ros_tutorials/turtlesim' with type 'ros.ament_cmake' and name 'turtlesim'
[1.739s] Level 1:colcon.colcon_core.package_discovery:discover_packages(recursive) using defaults
[1.740s] Level 1:colcon.colcon_core.package_discovery:discover_packages(ignore) discover
[1.740s] Level 1:colcon.colcon_core.package_discovery:discover_packages(ignore) using defaults
[1.740s] Level 1:colcon.colcon_core.package_discovery:discover_packages(path) discover
[1.740s] Level 1:colcon.colcon_core.package_discovery:discover_packages(path) using defaults
[1.833s] INFO:colcon.colcon_core.package_selection:Skipping not selected package 'cpp_pubsub' in 'src/cpp_pubsub'
[1.834s] INFO:colcon.colcon_core.package_selection:Skipping not selected package 'cpp_srvcli' in 'src/cpp_srvcli'
[1.834s] INFO:colcon.colcon_core.package_selection:Skipping not selected package 'my_package' in 'src/my_package'
[1.834s] INFO:colcon.colcon_core.package_selection:Skipping not selected package 'py_pubsub' in 'src/py_pubsub'
[1.834s] INFO:colcon.colcon_core.package_selection:Skipping not selected package 'turtlesim' in 'src/ros_tutorials/turtlesim'
[1.838s] Level 1:colcon.colcon_core.package_discovery:discover_packages(prefix_path) check parameters
[1.838s] Level 1:colcon.colcon_core.package_discovery:discover_packages(prefix_path) discover
[1.853s] DEBUG:colcon.colcon_installed_package_information.package_discovery:Found 6 installed packages in /home/hsun/ros2_ws/install
[1.864s] DEBUG:colcon.colcon_installed_package_information.package_discovery:Found 281 installed packages in /opt/ros/iron
[1.872s] Level 1:colcon.colcon_core.package_discovery:discover_packages(prefix_path) using defaults
[2.097s] Level 5:colcon.colcon_core.verb:set package 'py_srvcli' build argument 'cmake_args' from command line to 'None'
[2.097s] Level 5:colcon.colcon_core.verb:set package 'py_srvcli' build argument 'cmake_target' from command line to 'None'
[2.098s] Level 5:colcon.colcon_core.verb:set package 'py_srvcli' build argument 'cmake_target_skip_unavailable' from command line to 'False'
[2.098s] Level 5:colcon.colcon_core.verb:set package 'py_srvcli' build argument 'cmake_clean_cache' from command line to 'False'
[2.098s] Level 5:colcon.colcon_core.verb:set package 'py_srvcli' build argument 'cmake_clean_first' from command line to 'False'
[2.098s] Level 5:colcon.colcon_core.verb:set package 'py_srvcli' build argument 'cmake_force_configure' from command line to 'False'
[2.099s] Level 5:colcon.colcon_core.verb:set package 'py_srvcli' build argument 'ament_cmake_args' from command line to 'None'
[2.099s] Level 5:colcon.colcon_core.verb:set package 'py_srvcli' build argument 'catkin_cmake_args' from command line to 'None'
[2.099s] Level 5:colcon.colcon_core.verb:set package 'py_srvcli' build argument 'catkin_skip_building_tests' from command line to 'False'
[2.099s] DEBUG:colcon.colcon_core.verb:Building package 'py_srvcli' with the following arguments: {'ament_cmake_args': None, 'build_base': '/home/hsun/ros2_ws/build/py_srvcli', 'catkin_cmake_args': None, 'catkin_skip_building_tests': False, 'cmake_args': None, 'cmake_clean_cache': False, 'cmake_clean_first': False, 'cmake_force_configure': False, 'cmake_target': None, 'cmake_target_skip_unavailable': False, 'install_base': '/home/hsun/ros2_ws/install/py_srvcli', 'merge_install': False, 'path': '/home/hsun/ros2_ws/src/py_srvcli', 'symlink_install': False, 'test_result_base': None}
[2.102s] INFO:colcon.colcon_core.executor:Executing jobs using 'parallel' executor
[2.118s] DEBUG:colcon.colcon_parallel_executor.executor.parallel:run_until_complete
[2.120s] INFO:colcon.colcon_ros.task.ament_python.build:Building ROS package in '/home/hsun/ros2_ws/src/py_srvcli' with build type 'ament_python'
[2.121s] Level 1:colcon.colcon_core.shell:create_environment_hook('py_srvcli', 'ament_prefix_path')
[2.146s] INFO:colcon.colcon_core.plugin_system:Skipping extension 'colcon_core.shell.bat': Not used on non-Windows systems
[2.148s] INFO:colcon.colcon_core.shell:Creating environment hook '/home/hsun/ros2_ws/install/py_srvcli/share/py_srvcli/hook/ament_prefix_path.ps1'
[2.151s] INFO:colcon.colcon_core.shell:Creating environment descriptor '/home/hsun/ros2_ws/install/py_srvcli/share/py_srvcli/hook/ament_prefix_path.dsv'
[2.154s] INFO:colcon.colcon_core.shell:Creating environment hook '/home/hsun/ros2_ws/install/py_srvcli/share/py_srvcli/hook/ament_prefix_path.sh'
[2.164s] INFO:colcon.colcon_core.shell:Skip shell extension 'powershell' for command environment: Not usable outside of PowerShell
[2.165s] DEBUG:colcon.colcon_core.shell:Skip shell extension 'dsv' for command environment
[4.384s] INFO:colcon.colcon_core.task.python.build:Building Python package in '/home/hsun/ros2_ws/src/py_srvcli'
[4.398s] INFO:colcon.colcon_core.shell:Skip shell extension 'powershell' for command environment: Not usable outside of PowerShell
[4.399s] DEBUG:colcon.colcon_core.shell:Skip shell extension 'dsv' for command environment
[6.804s] DEBUG:colcon.colcon_core.event_handler.log_command:Invoking command in '/home/hsun/ros2_ws/src/py_srvcli': PYTHONPATH=/home/hsun/ros2_ws/build/py_srvcli/prefix_override:/home/hsun/ros2_ws/install/py_srvcli/lib/python3.10/site-packages:${PYTHONPATH} /usr/bin/python3 setup.py egg_info --egg-base ../../build/py_srvcli build --build-base /home/hsun/ros2_ws/build/py_srvcli/build install --record /home/hsun/ros2_ws/build/py_srvcli/install.log --single-version-externally-managed
[9.322s] DEBUG:colcon.colcon_core.event_handler.log_command:Invoked command in '/home/hsun/ros2_ws/src/py_srvcli' returned '0': PYTHONPATH=/home/hsun/ros2_ws/build/py_srvcli/prefix_override:/home/hsun/ros2_ws/install/py_srvcli/lib/python3.10/site-packages:${PYTHONPATH} /usr/bin/python3 setup.py egg_info --egg-base ../../build/py_srvcli build --build-base /home/hsun/ros2_ws/build/py_srvcli/build install --record /home/hsun/ros2_ws/build/py_srvcli/install.log --single-version-externally-managed
[9.355s] Level 1:colcon.colcon_core.environment:checking '/home/hsun/ros2_ws/install/py_srvcli' for CMake module files
[9.358s] Level 1:colcon.colcon_core.environment:checking '/home/hsun/ros2_ws/install/py_srvcli' for CMake config files
[9.364s] Level 1:colcon.colcon_core.environment:checking '/home/hsun/ros2_ws/install/py_srvcli/lib'
[9.365s] Level 1:colcon.colcon_core.environment:checking '/home/hsun/ros2_ws/install/py_srvcli/bin'
[9.366s] Level 1:colcon.colcon_core.environment:checking '/home/hsun/ros2_ws/install/py_srvcli/lib/pkgconfig/py_srvcli.pc'
[9.367s] Level 1:colcon.colcon_core.environment:checking '/home/hsun/ros2_ws/install/py_srvcli/lib/python3.10/site-packages'
[9.368s] Level 1:colcon.colcon_core.shell:create_environment_hook('py_srvcli', 'pythonpath')
[9.375s] INFO:colcon.colcon_core.shell:Creating environment hook '/home/hsun/ros2_ws/install/py_srvcli/share/py_srvcli/hook/pythonpath.ps1'
[9.377s] INFO:colcon.colcon_core.shell:Creating environment descriptor '/home/hsun/ros2_ws/install/py_srvcli/share/py_srvcli/hook/pythonpath.dsv'
[9.379s] INFO:colcon.colcon_core.shell:Creating environment hook '/home/hsun/ros2_ws/install/py_srvcli/share/py_srvcli/hook/pythonpath.sh'
[9.382s] Level 1:colcon.colcon_core.environment:checking '/home/hsun/ros2_ws/install/py_srvcli/bin'
[9.382s] Level 1:colcon.colcon_core.environment:create_environment_scripts_only(py_srvcli)
[9.388s] INFO:colcon.colcon_core.shell:Creating package script '/home/hsun/ros2_ws/install/py_srvcli/share/py_srvcli/package.ps1'
[9.391s] INFO:colcon.colcon_core.shell:Creating package descriptor '/home/hsun/ros2_ws/install/py_srvcli/share/py_srvcli/package.dsv'
[9.394s] INFO:colcon.colcon_core.shell:Creating package script '/home/hsun/ros2_ws/install/py_srvcli/share/py_srvcli/package.sh'
[9.397s] INFO:colcon.colcon_core.shell:Creating package script '/home/hsun/ros2_ws/install/py_srvcli/share/py_srvcli/package.bash'
[9.400s] INFO:colcon.colcon_core.shell:Creating package script '/home/hsun/ros2_ws/install/py_srvcli/share/py_srvcli/package.zsh'
[9.405s] Level 1:colcon.colcon_core.environment:create_file_with_runtime_dependencies(/home/hsun/ros2_ws/install/py_srvcli/share/colcon-core/packages/py_srvcli)
[9.407s] DEBUG:colcon.colcon_parallel_executor.executor.parallel:closing loop
[9.408s] DEBUG:colcon.colcon_parallel_executor.executor.parallel:loop closed
[9.408s] DEBUG:colcon.colcon_parallel_executor.executor.parallel:run_until_complete finished with '0'
[9.410s] DEBUG:colcon.colcon_core.event_reactor:joining thread
[9.463s] INFO:colcon.colcon_core.plugin_system:Skipping extension 'colcon_notification.desktop_notification.terminal_notifier': Not used on non-Darwin systems
[9.464s] INFO:colcon.colcon_core.plugin_system:Skipping extension 'colcon_notification.desktop_notification.win32': Not used on non-Windows systems
[9.466s] INFO:colcon.colcon_notification.desktop_notification:Sending desktop notification using 'notify2'
[9.570s] DEBUG:colcon.colcon_core.event_reactor:joined thread
[9.585s] INFO:colcon.colcon_core.shell:Creating prefix script '/home/hsun/ros2_ws/install/local_setup.ps1'
[9.596s] INFO:colcon.colcon_core.shell:Creating prefix util module '/home/hsun/ros2_ws/install/_local_setup_util_ps1.py'
[9.611s] INFO:colcon.colcon_core.shell:Creating prefix chain script '/home/hsun/ros2_ws/install/setup.ps1'
[9.632s] INFO:colcon.colcon_core.shell:Creating prefix script '/home/hsun/ros2_ws/install/local_setup.sh'
[9.643s] INFO:colcon.colcon_core.shell:Creating prefix util module '/home/hsun/ros2_ws/install/_local_setup_util_sh.py'
[9.651s] INFO:colcon.colcon_core.shell:Creating prefix chain script '/home/hsun/ros2_ws/install/setup.sh'
[9.676s] INFO:colcon.colcon_core.shell:Creating prefix script '/home/hsun/ros2_ws/install/local_setup.bash'
[9.681s] INFO:colcon.colcon_core.shell:Creating prefix chain script '/home/hsun/ros2_ws/install/setup.bash'
[9.696s] INFO:colcon.colcon_core.shell:Creating prefix script '/home/hsun/ros2_ws/install/local_setup.zsh'
[9.701s] INFO:colcon.colcon_core.shell:Creating prefix chain script '/home/hsun/ros2_ws/install/setup.zsh'
