[0.131s] Invoking command in '/home/hsun/ros2_ws/build/custom_action_cpp': CMAKE_PREFIX_PATH=/home/hsun/ros2_ws/install/custom_action_interfaces:/home/hsun/ros2_ws/install/cpp_srvcli:/home/hsun/ros2_ws/install/cpp_pubsub:/home/hsun/ros2_ws/install/tutorial_interfaces:/home/hsun/ros2_ws/install/learning_tf2_cpp:/home/hsun/ros2_ws/install/turtlesim:/home/hsun/ros2_ws/install/polygon_plugins:/home/hsun/ros2_ws/install/polygon_base:/home/hsun/ros2_ws/install/my_package:/home/hsun/ros2_ws/install/more_interfaces:/home/hsun/ros2_ws/install/custom_action_cpp:/home/hsun/ros2_ws/install/cpp_parameters:/home/hsun/ros2_ws/install/cpp_parameter_event_handler:/home/hsun/ros2_ws/install/learning_tf2_py:/home/hsun/ros2_ws/install/python_parameters:/home/hsun/ros2_ws/install/py_srvcli:/home/hsun/ros2_ws/install/py_pubsub:/home/hsun/ros2_ws/install/py_launch_example:/home/hsun/ros2_ws/install/launch_tutorial:/opt/ros/iron LD_LIBRARY_PATH=/home/hsun/ros2_ws/install/custom_action_interfaces/lib:/home/hsun/ros2_ws/install/tutorial_interfaces/lib:/home/hsun/ros2_ws/install/turtlesim/lib:/home/hsun/ros2_ws/install/polygon_plugins/lib:/home/hsun/ros2_ws/install/more_interfaces/lib:/home/hsun/ros2_ws/install/custom_action_cpp/lib:/opt/ros/iron/opt/rviz_ogre_vendor/lib:/opt/ros/iron/lib/aarch64-linux-gnu:/opt/ros/iron/lib PYTHONPATH=/home/hsun/ros2_ws/install/custom_action_interfaces/lib/python3.10/site-packages:/home/hsun/ros2_ws/install/tutorial_interfaces/lib/python3.10/site-packages:/home/hsun/ros2_ws/install/learning_tf2_py/lib/python3.10/site-packages:/home/hsun/ros2_ws/install/turtlesim/lib/python3.10/site-packages:/home/hsun/ros2_ws/install/python_parameters/lib/python3.10/site-packages:/home/hsun/ros2_ws/install/py_srvcli/lib/python3.10/site-packages:/home/hsun/ros2_ws/install/py_pubsub/lib/python3.10/site-packages:/home/hsun/ros2_ws/install/py_launch_example/lib/python3.10/site-packages:/home/hsun/ros2_ws/install/more_interfaces/lib/python3.10/site-packages:/home/hsun/ros2_ws/install/launch_tutorial/lib/python3.10/site-packages:/opt/ros/iron/lib/python3.10/site-packages /usr/bin/cmake --build /home/hsun/ros2_ws/build/custom_action_cpp -- -j4 -l4
[0.314s] -- Found ament_cmake: 2.0.3 (/opt/ros/iron/share/ament_cmake/cmake)
[1.662s] -- Found custom_action_interfaces: 0.0.0 (/home/hsun/ros2_ws/install/custom_action_interfaces/share/custom_action_interfaces/cmake)
[1.948s] -- Found rosidl_generator_c: 4.0.1 (/opt/ros/iron/share/rosidl_generator_c/cmake)
[2.017s] -- Found rosidl_generator_cpp: 4.0.1 (/opt/ros/iron/share/rosidl_generator_cpp/cmake)
[2.120s] -- Using all available rosidl_typesupport_c: rosidl_typesupport_fastrtps_c;rosidl_typesupport_introspection_c
[2.233s] -- Using all available rosidl_typesupport_cpp: rosidl_typesupport_fastrtps_cpp;rosidl_typesupport_introspection_cpp
[3.567s] -- Found rclcpp: 21.0.2 (/opt/ros/iron/share/rclcpp/cmake)
[4.086s] -- Found rmw_implementation_cmake: 7.1.0 (/opt/ros/iron/share/rmw_implementation_cmake/cmake)
[4.100s] -- Found rmw_fastrtps_cpp: 7.1.1 (/opt/ros/iron/share/rmw_fastrtps_cpp/cmake)
[5.561s] -- Using RMW implementation 'rmw_fastrtps_cpp' as default
[6.537s] -- Found rclcpp_action: 21.0.2 (/opt/ros/iron/share/rclcpp_action/cmake)
[6.759s] -- Found rclcpp_components: 21.0.2 (/opt/ros/iron/share/rclcpp_components/cmake)
[7.304s] -- Found ament_lint_auto: 0.14.1 (/opt/ros/iron/share/ament_lint_auto/cmake)
[8.057s] -- Added test 'cppcheck' to perform static code analysis on C / C++ code
[8.059s] -- Configured cppcheck include dirs: $<BUILD_INTERFACE:/home/hsun/ros2_ws/src/custom_action_cpp/include>
[8.060s] -- Configured cppcheck exclude dirs and/or files: 
[8.079s] -- Added test 'lint_cmake' to check CMake code style
[8.092s] -- Added test 'uncrustify' to check C / C++ code style
[8.093s] -- Configured uncrustify additional arguments: 
[8.096s] -- Added test 'xmllint' to check XML markup files
[8.104s] -- Configuring done
[8.322s] -- Generating done
[8.343s] -- Build files have been written to: /home/hsun/ros2_ws/build/custom_action_cpp
[8.549s] [35m[1mConsolidate compiler generated dependencies of target action_client[0m
[8.691s] [ 12%] [32mBuilding CXX object CMakeFiles/action_client.dir/src/fibonacci_action_client.cpp.o[0m
[47.355s] [ 25%] [32m[1mLinking CXX shared library libaction_client.so[0m
[48.986s] [ 25%] Built target action_client
[49.061s] [35m[1mConsolidate compiler generated dependencies of target fibonacci_action_server[0m
[49.187s] [ 37%] [32mBuilding CXX object CMakeFiles/fibonacci_action_server.dir/rclcpp_components/node_main_fibonacci_action_server.cpp.o[0m
[70.216s] [ 50%] [32m[1mLinking CXX executable fibonacci_action_server[0m
[71.064s] [ 50%] Built target fibonacci_action_server
[71.127s] [35m[1mConsolidate compiler generated dependencies of target action_server[0m
[71.235s] [ 62%] [32mBuilding CXX object CMakeFiles/action_server.dir/src/fibonacci_action_server.cpp.o[0m
[92.718s] [ 75%] [32m[1mLinking CXX shared library libaction_server.so[0m
[93.790s] [ 75%] Built target action_server
[93.848s] [35m[1mConsolidate compiler generated dependencies of target fibonacci_action_client[0m
[93.953s] [ 87%] [32mBuilding CXX object CMakeFiles/fibonacci_action_client.dir/rclcpp_components/node_main_fibonacci_action_client.cpp.o[0m
[110.104s] [100%] [32m[1mLinking CXX executable fibonacci_action_client[0m
[110.868s] [100%] Built target fibonacci_action_client
[110.914s] Invoked command in '/home/hsun/ros2_ws/build/custom_action_cpp' returned '0': CMAKE_PREFIX_PATH=/home/hsun/ros2_ws/install/custom_action_interfaces:/home/hsun/ros2_ws/install/cpp_srvcli:/home/hsun/ros2_ws/install/cpp_pubsub:/home/hsun/ros2_ws/install/tutorial_interfaces:/home/hsun/ros2_ws/install/learning_tf2_cpp:/home/hsun/ros2_ws/install/turtlesim:/home/hsun/ros2_ws/install/polygon_plugins:/home/hsun/ros2_ws/install/polygon_base:/home/hsun/ros2_ws/install/my_package:/home/hsun/ros2_ws/install/more_interfaces:/home/hsun/ros2_ws/install/custom_action_cpp:/home/hsun/ros2_ws/install/cpp_parameters:/home/hsun/ros2_ws/install/cpp_parameter_event_handler:/home/hsun/ros2_ws/install/learning_tf2_py:/home/hsun/ros2_ws/install/python_parameters:/home/hsun/ros2_ws/install/py_srvcli:/home/hsun/ros2_ws/install/py_pubsub:/home/hsun/ros2_ws/install/py_launch_example:/home/hsun/ros2_ws/install/launch_tutorial:/opt/ros/iron LD_LIBRARY_PATH=/home/hsun/ros2_ws/install/custom_action_interfaces/lib:/home/hsun/ros2_ws/install/tutorial_interfaces/lib:/home/hsun/ros2_ws/install/turtlesim/lib:/home/hsun/ros2_ws/install/polygon_plugins/lib:/home/hsun/ros2_ws/install/more_interfaces/lib:/home/hsun/ros2_ws/install/custom_action_cpp/lib:/opt/ros/iron/opt/rviz_ogre_vendor/lib:/opt/ros/iron/lib/aarch64-linux-gnu:/opt/ros/iron/lib PYTHONPATH=/home/hsun/ros2_ws/install/custom_action_interfaces/lib/python3.10/site-packages:/home/hsun/ros2_ws/install/tutorial_interfaces/lib/python3.10/site-packages:/home/hsun/ros2_ws/install/learning_tf2_py/lib/python3.10/site-packages:/home/hsun/ros2_ws/install/turtlesim/lib/python3.10/site-packages:/home/hsun/ros2_ws/install/python_parameters/lib/python3.10/site-packages:/home/hsun/ros2_ws/install/py_srvcli/lib/python3.10/site-packages:/home/hsun/ros2_ws/install/py_pubsub/lib/python3.10/site-packages:/home/hsun/ros2_ws/install/py_launch_example/lib/python3.10/site-packages:/home/hsun/ros2_ws/install/more_interfaces/lib/python3.10/site-packages:/home/hsun/ros2_ws/install/launch_tutorial/lib/python3.10/site-packages:/opt/ros/iron/lib/python3.10/site-packages /usr/bin/cmake --build /home/hsun/ros2_ws/build/custom_action_cpp -- -j4 -l4
[111.174s] Invoking command in '/home/hsun/ros2_ws/build/custom_action_cpp': CMAKE_PREFIX_PATH=/home/hsun/ros2_ws/install/custom_action_interfaces:/home/hsun/ros2_ws/install/cpp_srvcli:/home/hsun/ros2_ws/install/cpp_pubsub:/home/hsun/ros2_ws/install/tutorial_interfaces:/home/hsun/ros2_ws/install/learning_tf2_cpp:/home/hsun/ros2_ws/install/turtlesim:/home/hsun/ros2_ws/install/polygon_plugins:/home/hsun/ros2_ws/install/polygon_base:/home/hsun/ros2_ws/install/my_package:/home/hsun/ros2_ws/install/more_interfaces:/home/hsun/ros2_ws/install/custom_action_cpp:/home/hsun/ros2_ws/install/cpp_parameters:/home/hsun/ros2_ws/install/cpp_parameter_event_handler:/home/hsun/ros2_ws/install/learning_tf2_py:/home/hsun/ros2_ws/install/python_parameters:/home/hsun/ros2_ws/install/py_srvcli:/home/hsun/ros2_ws/install/py_pubsub:/home/hsun/ros2_ws/install/py_launch_example:/home/hsun/ros2_ws/install/launch_tutorial:/opt/ros/iron LD_LIBRARY_PATH=/home/hsun/ros2_ws/install/custom_action_interfaces/lib:/home/hsun/ros2_ws/install/tutorial_interfaces/lib:/home/hsun/ros2_ws/install/turtlesim/lib:/home/hsun/ros2_ws/install/polygon_plugins/lib:/home/hsun/ros2_ws/install/more_interfaces/lib:/home/hsun/ros2_ws/install/custom_action_cpp/lib:/opt/ros/iron/opt/rviz_ogre_vendor/lib:/opt/ros/iron/lib/aarch64-linux-gnu:/opt/ros/iron/lib PYTHONPATH=/home/hsun/ros2_ws/install/custom_action_interfaces/lib/python3.10/site-packages:/home/hsun/ros2_ws/install/tutorial_interfaces/lib/python3.10/site-packages:/home/hsun/ros2_ws/install/learning_tf2_py/lib/python3.10/site-packages:/home/hsun/ros2_ws/install/turtlesim/lib/python3.10/site-packages:/home/hsun/ros2_ws/install/python_parameters/lib/python3.10/site-packages:/home/hsun/ros2_ws/install/py_srvcli/lib/python3.10/site-packages:/home/hsun/ros2_ws/install/py_pubsub/lib/python3.10/site-packages:/home/hsun/ros2_ws/install/py_launch_example/lib/python3.10/site-packages:/home/hsun/ros2_ws/install/more_interfaces/lib/python3.10/site-packages:/home/hsun/ros2_ws/install/launch_tutorial/lib/python3.10/site-packages:/opt/ros/iron/lib/python3.10/site-packages /usr/bin/cmake --install /home/hsun/ros2_ws/build/custom_action_cpp
[111.210s] -- Install configuration: ""
[111.212s] -- Installing: /home/hsun/ros2_ws/install/custom_action_cpp/lib/custom_action_cpp/fibonacci_action_client
[111.218s] -- Set runtime path of "/home/hsun/ros2_ws/install/custom_action_cpp/lib/custom_action_cpp/fibonacci_action_client" to ""
[111.219s] -- Installing: /home/hsun/ros2_ws/install/custom_action_cpp/lib/libaction_client.so
[111.234s] -- Set runtime path of "/home/hsun/ros2_ws/install/custom_action_cpp/lib/libaction_client.so" to ""
[111.238s] -- Installing: /home/hsun/ros2_ws/install/custom_action_cpp/lib/custom_action_cpp/fibonacci_action_server
[111.243s] -- Set runtime path of "/home/hsun/ros2_ws/install/custom_action_cpp/lib/custom_action_cpp/fibonacci_action_server" to ""
[111.244s] -- Installing: /home/hsun/ros2_ws/install/custom_action_cpp/lib/libaction_server.so
[111.256s] -- Set runtime path of "/home/hsun/ros2_ws/install/custom_action_cpp/lib/libaction_server.so" to ""
[111.257s] -- Installing: /home/hsun/ros2_ws/install/custom_action_cpp/share/ament_index/resource_index/package_run_dependencies/custom_action_cpp
[111.258s] -- Installing: /home/hsun/ros2_ws/install/custom_action_cpp/share/ament_index/resource_index/parent_prefix_path/custom_action_cpp
[111.259s] -- Installing: /home/hsun/ros2_ws/install/custom_action_cpp/share/custom_action_cpp/environment/ament_prefix_path.sh
[111.261s] -- Installing: /home/hsun/ros2_ws/install/custom_action_cpp/share/custom_action_cpp/environment/ament_prefix_path.dsv
[111.262s] -- Installing: /home/hsun/ros2_ws/install/custom_action_cpp/share/custom_action_cpp/environment/path.sh
[111.263s] -- Installing: /home/hsun/ros2_ws/install/custom_action_cpp/share/custom_action_cpp/environment/path.dsv
[111.264s] -- Installing: /home/hsun/ros2_ws/install/custom_action_cpp/share/custom_action_cpp/local_setup.bash
[111.266s] -- Installing: /home/hsun/ros2_ws/install/custom_action_cpp/share/custom_action_cpp/local_setup.sh
[111.267s] -- Installing: /home/hsun/ros2_ws/install/custom_action_cpp/share/custom_action_cpp/local_setup.zsh
[111.268s] -- Installing: /home/hsun/ros2_ws/install/custom_action_cpp/share/custom_action_cpp/local_setup.dsv
[111.269s] -- Installing: /home/hsun/ros2_ws/install/custom_action_cpp/share/custom_action_cpp/package.dsv
[111.270s] -- Installing: /home/hsun/ros2_ws/install/custom_action_cpp/share/ament_index/resource_index/packages/custom_action_cpp
[111.272s] -- Installing: /home/hsun/ros2_ws/install/custom_action_cpp/share/ament_index/resource_index/rclcpp_components/custom_action_cpp
[111.273s] -- Installing: /home/hsun/ros2_ws/install/custom_action_cpp/share/custom_action_cpp/cmake/custom_action_cppConfig.cmake
[111.274s] -- Installing: /home/hsun/ros2_ws/install/custom_action_cpp/share/custom_action_cpp/cmake/custom_action_cppConfig-version.cmake
[111.275s] -- Up-to-date: /home/hsun/ros2_ws/install/custom_action_cpp/share/custom_action_cpp/package.xml
[111.290s] Invoked command in '/home/hsun/ros2_ws/build/custom_action_cpp' returned '0': CMAKE_PREFIX_PATH=/home/hsun/ros2_ws/install/custom_action_interfaces:/home/hsun/ros2_ws/install/cpp_srvcli:/home/hsun/ros2_ws/install/cpp_pubsub:/home/hsun/ros2_ws/install/tutorial_interfaces:/home/hsun/ros2_ws/install/learning_tf2_cpp:/home/hsun/ros2_ws/install/turtlesim:/home/hsun/ros2_ws/install/polygon_plugins:/home/hsun/ros2_ws/install/polygon_base:/home/hsun/ros2_ws/install/my_package:/home/hsun/ros2_ws/install/more_interfaces:/home/hsun/ros2_ws/install/custom_action_cpp:/home/hsun/ros2_ws/install/cpp_parameters:/home/hsun/ros2_ws/install/cpp_parameter_event_handler:/home/hsun/ros2_ws/install/learning_tf2_py:/home/hsun/ros2_ws/install/python_parameters:/home/hsun/ros2_ws/install/py_srvcli:/home/hsun/ros2_ws/install/py_pubsub:/home/hsun/ros2_ws/install/py_launch_example:/home/hsun/ros2_ws/install/launch_tutorial:/opt/ros/iron LD_LIBRARY_PATH=/home/hsun/ros2_ws/install/custom_action_interfaces/lib:/home/hsun/ros2_ws/install/tutorial_interfaces/lib:/home/hsun/ros2_ws/install/turtlesim/lib:/home/hsun/ros2_ws/install/polygon_plugins/lib:/home/hsun/ros2_ws/install/more_interfaces/lib:/home/hsun/ros2_ws/install/custom_action_cpp/lib:/opt/ros/iron/opt/rviz_ogre_vendor/lib:/opt/ros/iron/lib/aarch64-linux-gnu:/opt/ros/iron/lib PYTHONPATH=/home/hsun/ros2_ws/install/custom_action_interfaces/lib/python3.10/site-packages:/home/hsun/ros2_ws/install/tutorial_interfaces/lib/python3.10/site-packages:/home/hsun/ros2_ws/install/learning_tf2_py/lib/python3.10/site-packages:/home/hsun/ros2_ws/install/turtlesim/lib/python3.10/site-packages:/home/hsun/ros2_ws/install/python_parameters/lib/python3.10/site-packages:/home/hsun/ros2_ws/install/py_srvcli/lib/python3.10/site-packages:/home/hsun/ros2_ws/install/py_pubsub/lib/python3.10/site-packages:/home/hsun/ros2_ws/install/py_launch_example/lib/python3.10/site-packages:/home/hsun/ros2_ws/install/more_interfaces/lib/python3.10/site-packages:/home/hsun/ros2_ws/install/launch_tutorial/lib/python3.10/site-packages:/opt/ros/iron/lib/python3.10/site-packages /usr/bin/cmake --install /home/hsun/ros2_ws/build/custom_action_cpp
