[1.646s] DEBUG:colcon:Command line arguments: ['/usr/bin/colcon', 'build', '--packages-select', 'learning_tf2_cpp']
[1.646s] DEBUG:colcon:Parsed command line arguments: Namespace(log_base=None, log_level=None, verb_name='build', build_base='build', install_base='install', merge_install=False, symlink_install=False, test_result_base=None, continue_on_error=False, executor='parallel', parallel_workers=4, event_handlers=None, ignore_user_meta=False, metas=['./colcon.meta'], base_paths=['.'], packages_ignore=None, packages_ignore_regex=None, paths=None, packages_up_to=None, packages_up_to_regex=None, packages_above=None, packages_above_and_dependencies=None, packages_above_depth=None, packages_select_by_dep=None, packages_skip_by_dep=None, packages_skip_up_to=None, packages_select_build_failed=False, packages_skip_build_finished=False, packages_select_test_failures=False, packages_skip_test_passed=False, packages_select=['learning_tf2_cpp'], packages_skip=None, packages_select_regex=None, packages_skip_regex=None, packages_start=None, packages_end=None, allow_overriding=[], cmake_args=None, cmake_target=None, cmake_target_skip_unavailable=False, cmake_clean_cache=False, cmake_clean_first=False, cmake_force_configure=False, ament_cmake_args=None, catkin_cmake_args=None, catkin_skip_building_tests=False, verb_parser=<colcon_defaults.argument_parser.defaults.DefaultArgumentsDecorator object at 0xffffa3cc8eb0>, verb_extension=<colcon_core.verb.build.BuildVerb object at 0xffffa3cfacb0>, main=<bound method BuildVerb.main of <colcon_core.verb.build.BuildVerb object at 0xffffa3cfacb0>>)
[1.764s] Level 1:colcon.colcon_core.package_discovery:discover_packages(colcon_meta) check parameters
[1.765s] Level 1:colcon.colcon_core.package_discovery:discover_packages(recursive) check parameters
[1.765s] Level 1:colcon.colcon_core.package_discovery:discover_packages(ignore) check parameters
[1.765s] Level 1:colcon.colcon_core.package_discovery:discover_packages(path) check parameters
[1.765s] Level 1:colcon.colcon_core.package_discovery:discover_packages(colcon_meta) discover
[1.766s] Level 1:colcon.colcon_core.package_discovery:discover_packages(recursive) discover
[1.766s] INFO:colcon.colcon_core.package_discovery:Crawling recursively for packages in '/home/hsun/ros2_ws'
[1.766s] Level 1:colcon.colcon_core.package_identification:_identify(.) by extensions ['ignore', 'ignore_ament_install']
[1.767s] Level 1:colcon.colcon_core.package_identification:_identify(.) by extension 'ignore'
[1.767s] Level 1:colcon.colcon_core.package_identification:_identify(.) by extension 'ignore_ament_install'
[1.767s] Level 1:colcon.colcon_core.package_identification:_identify(.) by extensions ['colcon_pkg']
[1.768s] Level 1:colcon.colcon_core.package_identification:_identify(.) by extension 'colcon_pkg'
[1.768s] Level 1:colcon.colcon_core.package_identification:_identify(.) by extensions ['colcon_meta']
[1.768s] Level 1:colcon.colcon_core.package_identification:_identify(.) by extension 'colcon_meta'
[1.768s] Level 1:colcon.colcon_core.package_identification:_identify(.) by extensions ['ros']
[1.769s] Level 1:colcon.colcon_core.package_identification:_identify(.) by extension 'ros'
[1.813s] Level 1:colcon.colcon_core.package_identification:_identify(.) by extensions ['cmake', 'python']
[1.814s] Level 1:colcon.colcon_core.package_identification:_identify(.) by extension 'cmake'
[1.814s] Level 1:colcon.colcon_core.package_identification:_identify(.) by extension 'python'
[1.814s] Level 1:colcon.colcon_core.package_identification:_identify(.) by extensions ['python_setup_py']
[1.814s] Level 1:colcon.colcon_core.package_identification:_identify(.) by extension 'python_setup_py'
[1.815s] Level 1:colcon.colcon_core.package_identification:_identify(build) by extensions ['ignore', 'ignore_ament_install']
[1.815s] Level 1:colcon.colcon_core.package_identification:_identify(build) by extension 'ignore'
[1.816s] Level 1:colcon.colcon_core.package_identification:_identify(build) ignored
[1.817s] Level 1:colcon.colcon_core.package_identification:_identify(install) by extensions ['ignore', 'ignore_ament_install']
[1.817s] Level 1:colcon.colcon_core.package_identification:_identify(install) by extension 'ignore'
[1.817s] Level 1:colcon.colcon_core.package_identification:_identify(install) ignored
[1.819s] Level 1:colcon.colcon_core.package_identification:_identify(log) by extensions ['ignore', 'ignore_ament_install']
[1.819s] Level 1:colcon.colcon_core.package_identification:_identify(log) by extension 'ignore'
[1.819s] Level 1:colcon.colcon_core.package_identification:_identify(log) ignored
[1.820s] Level 1:colcon.colcon_core.package_identification:_identify(src) by extensions ['ignore', 'ignore_ament_install']
[1.820s] Level 1:colcon.colcon_core.package_identification:_identify(src) by extension 'ignore'
[1.820s] Level 1:colcon.colcon_core.package_identification:_identify(src) by extension 'ignore_ament_install'
[1.821s] Level 1:colcon.colcon_core.package_identification:_identify(src) by extensions ['colcon_pkg']
[1.821s] Level 1:colcon.colcon_core.package_identification:_identify(src) by extension 'colcon_pkg'
[1.821s] Level 1:colcon.colcon_core.package_identification:_identify(src) by extensions ['colcon_meta']
[1.821s] Level 1:colcon.colcon_core.package_identification:_identify(src) by extension 'colcon_meta'
[1.821s] Level 1:colcon.colcon_core.package_identification:_identify(src) by extensions ['ros']
[1.822s] Level 1:colcon.colcon_core.package_identification:_identify(src) by extension 'ros'
[1.822s] Level 1:colcon.colcon_core.package_identification:_identify(src) by extensions ['cmake', 'python']
[1.822s] Level 1:colcon.colcon_core.package_identification:_identify(src) by extension 'cmake'
[1.822s] Level 1:colcon.colcon_core.package_identification:_identify(src) by extension 'python'
[1.822s] Level 1:colcon.colcon_core.package_identification:_identify(src) by extensions ['python_setup_py']
[1.822s] Level 1:colcon.colcon_core.package_identification:_identify(src) by extension 'python_setup_py'
[1.823s] Level 1:colcon.colcon_core.package_identification:_identify(src/cpp_parameter_event_handler) by extensions ['ignore', 'ignore_ament_install']
[1.823s] Level 1:colcon.colcon_core.package_identification:_identify(src/cpp_parameter_event_handler) by extension 'ignore'
[1.824s] Level 1:colcon.colcon_core.package_identification:_identify(src/cpp_parameter_event_handler) by extension 'ignore_ament_install'
[1.824s] Level 1:colcon.colcon_core.package_identification:_identify(src/cpp_parameter_event_handler) by extensions ['colcon_pkg']
[1.824s] Level 1:colcon.colcon_core.package_identification:_identify(src/cpp_parameter_event_handler) by extension 'colcon_pkg'
[1.824s] Level 1:colcon.colcon_core.package_identification:_identify(src/cpp_parameter_event_handler) by extensions ['colcon_meta']
[1.824s] Level 1:colcon.colcon_core.package_identification:_identify(src/cpp_parameter_event_handler) by extension 'colcon_meta'
[1.825s] Level 1:colcon.colcon_core.package_identification:_identify(src/cpp_parameter_event_handler) by extensions ['ros']
[1.825s] Level 1:colcon.colcon_core.package_identification:_identify(src/cpp_parameter_event_handler) by extension 'ros'
[1.833s] DEBUG:colcon.colcon_core.package_identification:Package 'src/cpp_parameter_event_handler' with type 'ros.ament_cmake' and name 'cpp_parameter_event_handler'
[1.834s] Level 1:colcon.colcon_core.package_identification:_identify(src/cpp_parameters) by extensions ['ignore', 'ignore_ament_install']
[1.835s] Level 1:colcon.colcon_core.package_identification:_identify(src/cpp_parameters) by extension 'ignore'
[1.835s] Level 1:colcon.colcon_core.package_identification:_identify(src/cpp_parameters) by extension 'ignore_ament_install'
[1.835s] Level 1:colcon.colcon_core.package_identification:_identify(src/cpp_parameters) by extensions ['colcon_pkg']
[1.836s] Level 1:colcon.colcon_core.package_identification:_identify(src/cpp_parameters) by extension 'colcon_pkg'
[1.836s] Level 1:colcon.colcon_core.package_identification:_identify(src/cpp_parameters) by extensions ['colcon_meta']
[1.836s] Level 1:colcon.colcon_core.package_identification:_identify(src/cpp_parameters) by extension 'colcon_meta'
[1.836s] Level 1:colcon.colcon_core.package_identification:_identify(src/cpp_parameters) by extensions ['ros']
[1.836s] Level 1:colcon.colcon_core.package_identification:_identify(src/cpp_parameters) by extension 'ros'
[1.839s] DEBUG:colcon.colcon_core.package_identification:Package 'src/cpp_parameters' with type 'ros.ament_cmake' and name 'cpp_parameters'
[1.839s] Level 1:colcon.colcon_core.package_identification:_identify(src/cpp_pubsub) by extensions ['ignore', 'ignore_ament_install']
[1.840s] Level 1:colcon.colcon_core.package_identification:_identify(src/cpp_pubsub) by extension 'ignore'
[1.840s] Level 1:colcon.colcon_core.package_identification:_identify(src/cpp_pubsub) by extension 'ignore_ament_install'
[1.840s] Level 1:colcon.colcon_core.package_identification:_identify(src/cpp_pubsub) by extensions ['colcon_pkg']
[1.840s] Level 1:colcon.colcon_core.package_identification:_identify(src/cpp_pubsub) by extension 'colcon_pkg'
[1.841s] Level 1:colcon.colcon_core.package_identification:_identify(src/cpp_pubsub) by extensions ['colcon_meta']
[1.841s] Level 1:colcon.colcon_core.package_identification:_identify(src/cpp_pubsub) by extension 'colcon_meta'
[1.841s] Level 1:colcon.colcon_core.package_identification:_identify(src/cpp_pubsub) by extensions ['ros']
[1.841s] Level 1:colcon.colcon_core.package_identification:_identify(src/cpp_pubsub) by extension 'ros'
[1.844s] DEBUG:colcon.colcon_core.package_identification:Package 'src/cpp_pubsub' with type 'ros.ament_cmake' and name 'cpp_pubsub'
[1.844s] Level 1:colcon.colcon_core.package_identification:_identify(src/cpp_srvcli) by extensions ['ignore', 'ignore_ament_install']
[1.845s] Level 1:colcon.colcon_core.package_identification:_identify(src/cpp_srvcli) by extension 'ignore'
[1.845s] Level 1:colcon.colcon_core.package_identification:_identify(src/cpp_srvcli) by extension 'ignore_ament_install'
[1.845s] Level 1:colcon.colcon_core.package_identification:_identify(src/cpp_srvcli) by extensions ['colcon_pkg']
[1.845s] Level 1:colcon.colcon_core.package_identification:_identify(src/cpp_srvcli) by extension 'colcon_pkg'
[1.846s] Level 1:colcon.colcon_core.package_identification:_identify(src/cpp_srvcli) by extensions ['colcon_meta']
[1.846s] Level 1:colcon.colcon_core.package_identification:_identify(src/cpp_srvcli) by extension 'colcon_meta'
[1.846s] Level 1:colcon.colcon_core.package_identification:_identify(src/cpp_srvcli) by extensions ['ros']
[1.846s] Level 1:colcon.colcon_core.package_identification:_identify(src/cpp_srvcli) by extension 'ros'
[1.849s] DEBUG:colcon.colcon_core.package_identification:Package 'src/cpp_srvcli' with type 'ros.ament_cmake' and name 'cpp_srvcli'
[1.850s] Level 1:colcon.colcon_core.package_identification:_identify(src/custom_action_cpp) by extensions ['ignore', 'ignore_ament_install']
[1.850s] Level 1:colcon.colcon_core.package_identification:_identify(src/custom_action_cpp) by extension 'ignore'
[1.850s] Level 1:colcon.colcon_core.package_identification:_identify(src/custom_action_cpp) by extension 'ignore_ament_install'
[1.851s] Level 1:colcon.colcon_core.package_identification:_identify(src/custom_action_cpp) by extensions ['colcon_pkg']
[1.851s] Level 1:colcon.colcon_core.package_identification:_identify(src/custom_action_cpp) by extension 'colcon_pkg'
[1.851s] Level 1:colcon.colcon_core.package_identification:_identify(src/custom_action_cpp) by extensions ['colcon_meta']
[1.851s] Level 1:colcon.colcon_core.package_identification:_identify(src/custom_action_cpp) by extension 'colcon_meta'
[1.852s] Level 1:colcon.colcon_core.package_identification:_identify(src/custom_action_cpp) by extensions ['ros']
[1.852s] Level 1:colcon.colcon_core.package_identification:_identify(src/custom_action_cpp) by extension 'ros'
[1.855s] DEBUG:colcon.colcon_core.package_identification:Package 'src/custom_action_cpp' with type 'ros.ament_cmake' and name 'custom_action_cpp'
[1.856s] Level 1:colcon.colcon_core.package_identification:_identify(src/custom_action_interfaces) by extensions ['ignore', 'ignore_ament_install']
[1.856s] Level 1:colcon.colcon_core.package_identification:_identify(src/custom_action_interfaces) by extension 'ignore'
[1.856s] Level 1:colcon.colcon_core.package_identification:_identify(src/custom_action_interfaces) by extension 'ignore_ament_install'
[1.857s] Level 1:colcon.colcon_core.package_identification:_identify(src/custom_action_interfaces) by extensions ['colcon_pkg']
[1.857s] Level 1:colcon.colcon_core.package_identification:_identify(src/custom_action_interfaces) by extension 'colcon_pkg'
[1.857s] Level 1:colcon.colcon_core.package_identification:_identify(src/custom_action_interfaces) by extensions ['colcon_meta']
[1.857s] Level 1:colcon.colcon_core.package_identification:_identify(src/custom_action_interfaces) by extension 'colcon_meta'
[1.857s] Level 1:colcon.colcon_core.package_identification:_identify(src/custom_action_interfaces) by extensions ['ros']
[1.857s] Level 1:colcon.colcon_core.package_identification:_identify(src/custom_action_interfaces) by extension 'ros'
[1.859s] DEBUG:colcon.colcon_core.package_identification:Package 'src/custom_action_interfaces' with type 'ros.ament_cmake' and name 'custom_action_interfaces'
[1.860s] Level 1:colcon.colcon_core.package_identification:_identify(src/custom_action_python) by extensions ['ignore', 'ignore_ament_install']
[1.860s] Level 1:colcon.colcon_core.package_identification:_identify(src/custom_action_python) by extension 'ignore'
[1.861s] Level 1:colcon.colcon_core.package_identification:_identify(src/custom_action_python) by extension 'ignore_ament_install'
[1.861s] Level 1:colcon.colcon_core.package_identification:_identify(src/custom_action_python) by extensions ['colcon_pkg']
[1.861s] Level 1:colcon.colcon_core.package_identification:_identify(src/custom_action_python) by extension 'colcon_pkg'
[1.861s] Level 1:colcon.colcon_core.package_identification:_identify(src/custom_action_python) by extensions ['colcon_meta']
[1.861s] Level 1:colcon.colcon_core.package_identification:_identify(src/custom_action_python) by extension 'colcon_meta'
[1.862s] Level 1:colcon.colcon_core.package_identification:_identify(src/custom_action_python) by extensions ['ros']
[1.862s] Level 1:colcon.colcon_core.package_identification:_identify(src/custom_action_python) by extension 'ros'
[1.862s] Level 1:colcon.colcon_core.package_identification:_identify(src/custom_action_python) by extensions ['cmake', 'python']
[1.862s] Level 1:colcon.colcon_core.package_identification:_identify(src/custom_action_python) by extension 'cmake'
[1.862s] Level 1:colcon.colcon_core.package_identification:_identify(src/custom_action_python) by extension 'python'
[1.863s] Level 1:colcon.colcon_core.package_identification:_identify(src/custom_action_python) by extensions ['python_setup_py']
[1.863s] Level 1:colcon.colcon_core.package_identification:_identify(src/custom_action_python) by extension 'python_setup_py'
[1.863s] Level 1:colcon.colcon_core.package_identification:_identify(src/launch_tutorial) by extensions ['ignore', 'ignore_ament_install']
[1.864s] Level 1:colcon.colcon_core.package_identification:_identify(src/launch_tutorial) by extension 'ignore'
[1.864s] Level 1:colcon.colcon_core.package_identification:_identify(src/launch_tutorial) by extension 'ignore_ament_install'
[1.864s] Level 1:colcon.colcon_core.package_identification:_identify(src/launch_tutorial) by extensions ['colcon_pkg']
[1.864s] Level 1:colcon.colcon_core.package_identification:_identify(src/launch_tutorial) by extension 'colcon_pkg'
[1.864s] Level 1:colcon.colcon_core.package_identification:_identify(src/launch_tutorial) by extensions ['colcon_meta']
[1.865s] Level 1:colcon.colcon_core.package_identification:_identify(src/launch_tutorial) by extension 'colcon_meta'
[1.865s] Level 1:colcon.colcon_core.package_identification:_identify(src/launch_tutorial) by extensions ['ros']
[1.865s] Level 1:colcon.colcon_core.package_identification:_identify(src/launch_tutorial) by extension 'ros'
[1.867s] DEBUG:colcon.colcon_core.package_identification:Package 'src/launch_tutorial' with type 'ros.ament_python' and name 'launch_tutorial'
[1.868s] Level 1:colcon.colcon_core.package_identification:_identify(src/learning_tf2_cpp) by extensions ['ignore', 'ignore_ament_install']
[1.868s] Level 1:colcon.colcon_core.package_identification:_identify(src/learning_tf2_cpp) by extension 'ignore'
[1.868s] Level 1:colcon.colcon_core.package_identification:_identify(src/learning_tf2_cpp) by extension 'ignore_ament_install'
[1.869s] Level 1:colcon.colcon_core.package_identification:_identify(src/learning_tf2_cpp) by extensions ['colcon_pkg']
[1.869s] Level 1:colcon.colcon_core.package_identification:_identify(src/learning_tf2_cpp) by extension 'colcon_pkg'
[1.869s] Level 1:colcon.colcon_core.package_identification:_identify(src/learning_tf2_cpp) by extensions ['colcon_meta']
[1.869s] Level 1:colcon.colcon_core.package_identification:_identify(src/learning_tf2_cpp) by extension 'colcon_meta'
[1.869s] Level 1:colcon.colcon_core.package_identification:_identify(src/learning_tf2_cpp) by extensions ['ros']
[1.870s] Level 1:colcon.colcon_core.package_identification:_identify(src/learning_tf2_cpp) by extension 'ros'
[1.877s] DEBUG:colcon.colcon_core.package_identification:Package 'src/learning_tf2_cpp' with type 'ros.ament_cmake' and name 'learning_tf2_cpp'
[1.878s] Level 1:colcon.colcon_core.package_identification:_identify(src/learning_tf2_py) by extensions ['ignore', 'ignore_ament_install']
[1.878s] Level 1:colcon.colcon_core.package_identification:_identify(src/learning_tf2_py) by extension 'ignore'
[1.879s] Level 1:colcon.colcon_core.package_identification:_identify(src/learning_tf2_py) by extension 'ignore_ament_install'
[1.879s] Level 1:colcon.colcon_core.package_identification:_identify(src/learning_tf2_py) by extensions ['colcon_pkg']
[1.879s] Level 1:colcon.colcon_core.package_identification:_identify(src/learning_tf2_py) by extension 'colcon_pkg'
[1.879s] Level 1:colcon.colcon_core.package_identification:_identify(src/learning_tf2_py) by extensions ['colcon_meta']
[1.880s] Level 1:colcon.colcon_core.package_identification:_identify(src/learning_tf2_py) by extension 'colcon_meta'
[1.880s] Level 1:colcon.colcon_core.package_identification:_identify(src/learning_tf2_py) by extensions ['ros']
[1.880s] Level 1:colcon.colcon_core.package_identification:_identify(src/learning_tf2_py) by extension 'ros'
[1.882s] DEBUG:colcon.colcon_core.package_identification:Package 'src/learning_tf2_py' with type 'ros.ament_python' and name 'learning_tf2_py'
[1.883s] Level 1:colcon.colcon_core.package_identification:_identify(src/more_interfaces) by extensions ['ignore', 'ignore_ament_install']
[1.883s] Level 1:colcon.colcon_core.package_identification:_identify(src/more_interfaces) by extension 'ignore'
[1.884s] Level 1:colcon.colcon_core.package_identification:_identify(src/more_interfaces) by extension 'ignore_ament_install'
[1.884s] Level 1:colcon.colcon_core.package_identification:_identify(src/more_interfaces) by extensions ['colcon_pkg']
[1.884s] Level 1:colcon.colcon_core.package_identification:_identify(src/more_interfaces) by extension 'colcon_pkg'
[1.885s] Level 1:colcon.colcon_core.package_identification:_identify(src/more_interfaces) by extensions ['colcon_meta']
[1.885s] Level 1:colcon.colcon_core.package_identification:_identify(src/more_interfaces) by extension 'colcon_meta'
[1.885s] Level 1:colcon.colcon_core.package_identification:_identify(src/more_interfaces) by extensions ['ros']
[1.885s] Level 1:colcon.colcon_core.package_identification:_identify(src/more_interfaces) by extension 'ros'
[1.887s] DEBUG:colcon.colcon_core.package_identification:Package 'src/more_interfaces' with type 'ros.ament_cmake' and name 'more_interfaces'
[1.888s] Level 1:colcon.colcon_core.package_identification:_identify(src/my_package) by extensions ['ignore', 'ignore_ament_install']
[1.888s] Level 1:colcon.colcon_core.package_identification:_identify(src/my_package) by extension 'ignore'
[1.889s] Level 1:colcon.colcon_core.package_identification:_identify(src/my_package) by extension 'ignore_ament_install'
[1.889s] Level 1:colcon.colcon_core.package_identification:_identify(src/my_package) by extensions ['colcon_pkg']
[1.889s] Level 1:colcon.colcon_core.package_identification:_identify(src/my_package) by extension 'colcon_pkg'
[1.889s] Level 1:colcon.colcon_core.package_identification:_identify(src/my_package) by extensions ['colcon_meta']
[1.889s] Level 1:colcon.colcon_core.package_identification:_identify(src/my_package) by extension 'colcon_meta'
[1.890s] Level 1:colcon.colcon_core.package_identification:_identify(src/my_package) by extensions ['ros']
[1.890s] Level 1:colcon.colcon_core.package_identification:_identify(src/my_package) by extension 'ros'
[1.892s] DEBUG:colcon.colcon_core.package_identification:Package 'src/my_package' with type 'ros.ament_cmake' and name 'my_package'
[1.892s] Level 1:colcon.colcon_core.package_identification:_identify(src/polygon_base) by extensions ['ignore', 'ignore_ament_install']
[1.893s] Level 1:colcon.colcon_core.package_identification:_identify(src/polygon_base) by extension 'ignore'
[1.893s] Level 1:colcon.colcon_core.package_identification:_identify(src/polygon_base) by extension 'ignore_ament_install'
[1.893s] Level 1:colcon.colcon_core.package_identification:_identify(src/polygon_base) by extensions ['colcon_pkg']
[1.893s] Level 1:colcon.colcon_core.package_identification:_identify(src/polygon_base) by extension 'colcon_pkg'
[1.893s] Level 1:colcon.colcon_core.package_identification:_identify(src/polygon_base) by extensions ['colcon_meta']
[1.894s] Level 1:colcon.colcon_core.package_identification:_identify(src/polygon_base) by extension 'colcon_meta'
[1.894s] Level 1:colcon.colcon_core.package_identification:_identify(src/polygon_base) by extensions ['ros']
[1.894s] Level 1:colcon.colcon_core.package_identification:_identify(src/polygon_base) by extension 'ros'
[1.896s] DEBUG:colcon.colcon_core.package_identification:Package 'src/polygon_base' with type 'ros.ament_cmake' and name 'polygon_base'
[1.897s] Level 1:colcon.colcon_core.package_identification:_identify(src/polygon_plugins) by extensions ['ignore', 'ignore_ament_install']
[1.897s] Level 1:colcon.colcon_core.package_identification:_identify(src/polygon_plugins) by extension 'ignore'
[1.897s] Level 1:colcon.colcon_core.package_identification:_identify(src/polygon_plugins) by extension 'ignore_ament_install'
[1.898s] Level 1:colcon.colcon_core.package_identification:_identify(src/polygon_plugins) by extensions ['colcon_pkg']
[1.898s] Level 1:colcon.colcon_core.package_identification:_identify(src/polygon_plugins) by extension 'colcon_pkg'
[1.898s] Level 1:colcon.colcon_core.package_identification:_identify(src/polygon_plugins) by extensions ['colcon_meta']
[1.898s] Level 1:colcon.colcon_core.package_identification:_identify(src/polygon_plugins) by extension 'colcon_meta'
[1.898s] Level 1:colcon.colcon_core.package_identification:_identify(src/polygon_plugins) by extensions ['ros']
[1.898s] Level 1:colcon.colcon_core.package_identification:_identify(src/polygon_plugins) by extension 'ros'
[1.901s] DEBUG:colcon.colcon_core.package_identification:Package 'src/polygon_plugins' with type 'ros.ament_cmake' and name 'polygon_plugins'
[1.902s] Level 1:colcon.colcon_core.package_identification:_identify(src/py_launch_example) by extensions ['ignore', 'ignore_ament_install']
[1.902s] Level 1:colcon.colcon_core.package_identification:_identify(src/py_launch_example) by extension 'ignore'
[1.902s] Level 1:colcon.colcon_core.package_identification:_identify(src/py_launch_example) by extension 'ignore_ament_install'
[1.903s] Level 1:colcon.colcon_core.package_identification:_identify(src/py_launch_example) by extensions ['colcon_pkg']
[1.903s] Level 1:colcon.colcon_core.package_identification:_identify(src/py_launch_example) by extension 'colcon_pkg'
[1.903s] Level 1:colcon.colcon_core.package_identification:_identify(src/py_launch_example) by extensions ['colcon_meta']
[1.903s] Level 1:colcon.colcon_core.package_identification:_identify(src/py_launch_example) by extension 'colcon_meta'
[1.903s] Level 1:colcon.colcon_core.package_identification:_identify(src/py_launch_example) by extensions ['ros']
[1.904s] Level 1:colcon.colcon_core.package_identification:_identify(src/py_launch_example) by extension 'ros'
[1.906s] DEBUG:colcon.colcon_core.package_identification:Package 'src/py_launch_example' with type 'ros.ament_python' and name 'py_launch_example'
[1.907s] Level 1:colcon.colcon_core.package_identification:_identify(src/py_pubsub) by extensions ['ignore', 'ignore_ament_install']
[1.907s] Level 1:colcon.colcon_core.package_identification:_identify(src/py_pubsub) by extension 'ignore'
[1.907s] Level 1:colcon.colcon_core.package_identification:_identify(src/py_pubsub) by extension 'ignore_ament_install'
[1.908s] Level 1:colcon.colcon_core.package_identification:_identify(src/py_pubsub) by extensions ['colcon_pkg']
[1.908s] Level 1:colcon.colcon_core.package_identification:_identify(src/py_pubsub) by extension 'colcon_pkg'
[1.908s] Level 1:colcon.colcon_core.package_identification:_identify(src/py_pubsub) by extensions ['colcon_meta']
[1.908s] Level 1:colcon.colcon_core.package_identification:_identify(src/py_pubsub) by extension 'colcon_meta'
[1.908s] Level 1:colcon.colcon_core.package_identification:_identify(src/py_pubsub) by extensions ['ros']
[1.908s] Level 1:colcon.colcon_core.package_identification:_identify(src/py_pubsub) by extension 'ros'
[1.910s] DEBUG:colcon.colcon_core.package_identification:Package 'src/py_pubsub' with type 'ros.ament_python' and name 'py_pubsub'
[1.911s] Level 1:colcon.colcon_core.package_identification:_identify(src/py_srvcli) by extensions ['ignore', 'ignore_ament_install']
[1.911s] Level 1:colcon.colcon_core.package_identification:_identify(src/py_srvcli) by extension 'ignore'
[1.912s] Level 1:colcon.colcon_core.package_identification:_identify(src/py_srvcli) by extension 'ignore_ament_install'
[1.912s] Level 1:colcon.colcon_core.package_identification:_identify(src/py_srvcli) by extensions ['colcon_pkg']
[1.912s] Level 1:colcon.colcon_core.package_identification:_identify(src/py_srvcli) by extension 'colcon_pkg'
[1.912s] Level 1:colcon.colcon_core.package_identification:_identify(src/py_srvcli) by extensions ['colcon_meta']
[1.912s] Level 1:colcon.colcon_core.package_identification:_identify(src/py_srvcli) by extension 'colcon_meta'
[1.913s] Level 1:colcon.colcon_core.package_identification:_identify(src/py_srvcli) by extensions ['ros']
[1.913s] Level 1:colcon.colcon_core.package_identification:_identify(src/py_srvcli) by extension 'ros'
[1.915s] DEBUG:colcon.colcon_core.package_identification:Package 'src/py_srvcli' with type 'ros.ament_python' and name 'py_srvcli'
[1.916s] Level 1:colcon.colcon_core.package_identification:_identify(src/python_parameters) by extensions ['ignore', 'ignore_ament_install']
[1.916s] Level 1:colcon.colcon_core.package_identification:_identify(src/python_parameters) by extension 'ignore'
[1.917s] Level 1:colcon.colcon_core.package_identification:_identify(src/python_parameters) by extension 'ignore_ament_install'
[1.917s] Level 1:colcon.colcon_core.package_identification:_identify(src/python_parameters) by extensions ['colcon_pkg']
[1.917s] Level 1:colcon.colcon_core.package_identification:_identify(src/python_parameters) by extension 'colcon_pkg'
[1.917s] Level 1:colcon.colcon_core.package_identification:_identify(src/python_parameters) by extensions ['colcon_meta']
[1.917s] Level 1:colcon.colcon_core.package_identification:_identify(src/python_parameters) by extension 'colcon_meta'
[1.918s] Level 1:colcon.colcon_core.package_identification:_identify(src/python_parameters) by extensions ['ros']
[1.918s] Level 1:colcon.colcon_core.package_identification:_identify(src/python_parameters) by extension 'ros'
[1.920s] DEBUG:colcon.colcon_core.package_identification:Package 'src/python_parameters' with type 'ros.ament_python' and name 'python_parameters'
[1.921s] Level 1:colcon.colcon_core.package_identification:_identify(src/ros_tutorials) by extensions ['ignore', 'ignore_ament_install']
[1.922s] Level 1:colcon.colcon_core.package_identification:_identify(src/ros_tutorials) by extension 'ignore'
[1.922s] Level 1:colcon.colcon_core.package_identification:_identify(src/ros_tutorials) by extension 'ignore_ament_install'
[1.922s] Level 1:colcon.colcon_core.package_identification:_identify(src/ros_tutorials) by extensions ['colcon_pkg']
[1.922s] Level 1:colcon.colcon_core.package_identification:_identify(src/ros_tutorials) by extension 'colcon_pkg'
[1.922s] Level 1:colcon.colcon_core.package_identification:_identify(src/ros_tutorials) by extensions ['colcon_meta']
[1.923s] Level 1:colcon.colcon_core.package_identification:_identify(src/ros_tutorials) by extension 'colcon_meta'
[1.923s] Level 1:colcon.colcon_core.package_identification:_identify(src/ros_tutorials) by extensions ['ros']
[1.923s] Level 1:colcon.colcon_core.package_identification:_identify(src/ros_tutorials) by extension 'ros'
[1.923s] Level 1:colcon.colcon_core.package_identification:_identify(src/ros_tutorials) by extensions ['cmake', 'python']
[1.924s] Level 1:colcon.colcon_core.package_identification:_identify(src/ros_tutorials) by extension 'cmake'
[1.924s] Level 1:colcon.colcon_core.package_identification:_identify(src/ros_tutorials) by extension 'python'
[1.924s] Level 1:colcon.colcon_core.package_identification:_identify(src/ros_tutorials) by extensions ['python_setup_py']
[1.924s] Level 1:colcon.colcon_core.package_identification:_identify(src/ros_tutorials) by extension 'python_setup_py'
[1.925s] Level 1:colcon.colcon_core.package_identification:_identify(src/ros_tutorials/ros_tutorials) by extensions ['ignore', 'ignore_ament_install']
[1.925s] Level 1:colcon.colcon_core.package_identification:_identify(src/ros_tutorials/ros_tutorials) by extension 'ignore'
[1.925s] Level 1:colcon.colcon_core.package_identification:_identify(src/ros_tutorials/ros_tutorials) ignored
[1.926s] Level 1:colcon.colcon_core.package_identification:_identify(src/ros_tutorials/roscpp_tutorials) by extensions ['ignore', 'ignore_ament_install']
[1.926s] Level 1:colcon.colcon_core.package_identification:_identify(src/ros_tutorials/roscpp_tutorials) by extension 'ignore'
[1.926s] Level 1:colcon.colcon_core.package_identification:_identify(src/ros_tutorials/roscpp_tutorials) ignored
[1.927s] Level 1:colcon.colcon_core.package_identification:_identify(src/ros_tutorials/rospy_tutorials) by extensions ['ignore', 'ignore_ament_install']
[1.927s] Level 1:colcon.colcon_core.package_identification:_identify(src/ros_tutorials/rospy_tutorials) by extension 'ignore'
[1.928s] Level 1:colcon.colcon_core.package_identification:_identify(src/ros_tutorials/rospy_tutorials) ignored
[1.928s] Level 1:colcon.colcon_core.package_identification:_identify(src/ros_tutorials/turtlesim) by extensions ['ignore', 'ignore_ament_install']
[1.929s] Level 1:colcon.colcon_core.package_identification:_identify(src/ros_tutorials/turtlesim) by extension 'ignore'
[1.929s] Level 1:colcon.colcon_core.package_identification:_identify(src/ros_tutorials/turtlesim) by extension 'ignore_ament_install'
[1.929s] Level 1:colcon.colcon_core.package_identification:_identify(src/ros_tutorials/turtlesim) by extensions ['colcon_pkg']
[1.929s] Level 1:colcon.colcon_core.package_identification:_identify(src/ros_tutorials/turtlesim) by extension 'colcon_pkg'
[1.929s] Level 1:colcon.colcon_core.package_identification:_identify(src/ros_tutorials/turtlesim) by extensions ['colcon_meta']
[1.929s] Level 1:colcon.colcon_core.package_identification:_identify(src/ros_tutorials/turtlesim) by extension 'colcon_meta'
[1.930s] Level 1:colcon.colcon_core.package_identification:_identify(src/ros_tutorials/turtlesim) by extensions ['ros']
[1.930s] Level 1:colcon.colcon_core.package_identification:_identify(src/ros_tutorials/turtlesim) by extension 'ros'
[1.935s] DEBUG:colcon.colcon_core.package_identification:Package 'src/ros_tutorials/turtlesim' with type 'ros.ament_cmake' and name 'turtlesim'
[1.935s] Level 1:colcon.colcon_core.package_identification:_identify(src/tf2_tools) by extensions ['ignore', 'ignore_ament_install']
[1.936s] Level 1:colcon.colcon_core.package_identification:_identify(src/tf2_tools) by extension 'ignore'
[1.936s] Level 1:colcon.colcon_core.package_identification:_identify(src/tf2_tools) by extension 'ignore_ament_install'
[1.936s] Level 1:colcon.colcon_core.package_identification:_identify(src/tf2_tools) by extensions ['colcon_pkg']
[1.937s] Level 1:colcon.colcon_core.package_identification:_identify(src/tf2_tools) by extension 'colcon_pkg'
[1.937s] Level 1:colcon.colcon_core.package_identification:_identify(src/tf2_tools) by extensions ['colcon_meta']
[1.937s] Level 1:colcon.colcon_core.package_identification:_identify(src/tf2_tools) by extension 'colcon_meta'
[1.937s] Level 1:colcon.colcon_core.package_identification:_identify(src/tf2_tools) by extensions ['ros']
[1.937s] Level 1:colcon.colcon_core.package_identification:_identify(src/tf2_tools) by extension 'ros'
[1.938s] Level 1:colcon.colcon_core.package_identification:_identify(src/tf2_tools) by extensions ['cmake', 'python']
[1.938s] Level 1:colcon.colcon_core.package_identification:_identify(src/tf2_tools) by extension 'cmake'
[1.938s] Level 1:colcon.colcon_core.package_identification:_identify(src/tf2_tools) by extension 'python'
[1.938s] Level 1:colcon.colcon_core.package_identification:_identify(src/tf2_tools) by extensions ['python_setup_py']
[1.938s] Level 1:colcon.colcon_core.package_identification:_identify(src/tf2_tools) by extension 'python_setup_py'
[1.939s] Level 1:colcon.colcon_core.package_identification:_identify(src/tutorial_interfaces) by extensions ['ignore', 'ignore_ament_install']
[1.939s] Level 1:colcon.colcon_core.package_identification:_identify(src/tutorial_interfaces) by extension 'ignore'
[1.939s] Level 1:colcon.colcon_core.package_identification:_identify(src/tutorial_interfaces) by extension 'ignore_ament_install'
[1.940s] Level 1:colcon.colcon_core.package_identification:_identify(src/tutorial_interfaces) by extensions ['colcon_pkg']
[1.940s] Level 1:colcon.colcon_core.package_identification:_identify(src/tutorial_interfaces) by extension 'colcon_pkg'
[1.940s] Level 1:colcon.colcon_core.package_identification:_identify(src/tutorial_interfaces) by extensions ['colcon_meta']
[1.940s] Level 1:colcon.colcon_core.package_identification:_identify(src/tutorial_interfaces) by extension 'colcon_meta'
[1.940s] Level 1:colcon.colcon_core.package_identification:_identify(src/tutorial_interfaces) by extensions ['ros']
[1.940s] Level 1:colcon.colcon_core.package_identification:_identify(src/tutorial_interfaces) by extension 'ros'
[1.943s] DEBUG:colcon.colcon_core.package_identification:Package 'src/tutorial_interfaces' with type 'ros.ament_cmake' and name 'tutorial_interfaces'
[1.943s] Level 1:colcon.colcon_core.package_discovery:discover_packages(recursive) using defaults
[1.943s] Level 1:colcon.colcon_core.package_discovery:discover_packages(ignore) discover
[1.943s] Level 1:colcon.colcon_core.package_discovery:discover_packages(ignore) using defaults
[1.944s] Level 1:colcon.colcon_core.package_discovery:discover_packages(path) discover
[1.944s] Level 1:colcon.colcon_core.package_discovery:discover_packages(path) using defaults
[2.046s] INFO:colcon.colcon_core.package_selection:Skipping not selected package 'cpp_parameter_event_handler' in 'src/cpp_parameter_event_handler'
[2.046s] INFO:colcon.colcon_core.package_selection:Skipping not selected package 'cpp_parameters' in 'src/cpp_parameters'
[2.046s] INFO:colcon.colcon_core.package_selection:Skipping not selected package 'custom_action_interfaces' in 'src/custom_action_interfaces'
[2.046s] INFO:colcon.colcon_core.package_selection:Skipping not selected package 'launch_tutorial' in 'src/launch_tutorial'
[2.046s] INFO:colcon.colcon_core.package_selection:Skipping not selected package 'more_interfaces' in 'src/more_interfaces'
[2.046s] INFO:colcon.colcon_core.package_selection:Skipping not selected package 'my_package' in 'src/my_package'
[2.047s] INFO:colcon.colcon_core.package_selection:Skipping not selected package 'polygon_base' in 'src/polygon_base'
[2.047s] INFO:colcon.colcon_core.package_selection:Skipping not selected package 'py_launch_example' in 'src/py_launch_example'
[2.047s] INFO:colcon.colcon_core.package_selection:Skipping not selected package 'py_pubsub' in 'src/py_pubsub'
[2.047s] INFO:colcon.colcon_core.package_selection:Skipping not selected package 'py_srvcli' in 'src/py_srvcli'
[2.047s] INFO:colcon.colcon_core.package_selection:Skipping not selected package 'python_parameters' in 'src/python_parameters'
[2.047s] INFO:colcon.colcon_core.package_selection:Skipping not selected package 'turtlesim' in 'src/ros_tutorials/turtlesim'
[2.047s] INFO:colcon.colcon_core.package_selection:Skipping not selected package 'tutorial_interfaces' in 'src/tutorial_interfaces'
[2.047s] INFO:colcon.colcon_core.package_selection:Skipping not selected package 'cpp_pubsub' in 'src/cpp_pubsub'
[2.047s] INFO:colcon.colcon_core.package_selection:Skipping not selected package 'cpp_srvcli' in 'src/cpp_srvcli'
[2.047s] INFO:colcon.colcon_core.package_selection:Skipping not selected package 'custom_action_cpp' in 'src/custom_action_cpp'
[2.048s] INFO:colcon.colcon_core.package_selection:Skipping not selected package 'learning_tf2_py' in 'src/learning_tf2_py'
[2.048s] INFO:colcon.colcon_core.package_selection:Skipping not selected package 'polygon_plugins' in 'src/polygon_plugins'
[2.051s] Level 1:colcon.colcon_core.package_discovery:discover_packages(prefix_path) check parameters
[2.052s] Level 1:colcon.colcon_core.package_discovery:discover_packages(prefix_path) discover
[2.072s] DEBUG:colcon.colcon_installed_package_information.package_discovery:Found 19 installed packages in /home/hsun/ros2_ws/install
[2.085s] DEBUG:colcon.colcon_installed_package_information.package_discovery:Found 297 installed packages in /opt/ros/iron
[2.095s] Level 1:colcon.colcon_core.package_discovery:discover_packages(prefix_path) using defaults
[2.390s] Level 5:colcon.colcon_core.verb:set package 'learning_tf2_cpp' build argument 'cmake_args' from command line to 'None'
[2.391s] Level 5:colcon.colcon_core.verb:set package 'learning_tf2_cpp' build argument 'cmake_target' from command line to 'None'
[2.392s] Level 5:colcon.colcon_core.verb:set package 'learning_tf2_cpp' build argument 'cmake_target_skip_unavailable' from command line to 'False'
[2.393s] Level 5:colcon.colcon_core.verb:set package 'learning_tf2_cpp' build argument 'cmake_clean_cache' from command line to 'False'
[2.394s] Level 5:colcon.colcon_core.verb:set package 'learning_tf2_cpp' build argument 'cmake_clean_first' from command line to 'False'
[2.394s] Level 5:colcon.colcon_core.verb:set package 'learning_tf2_cpp' build argument 'cmake_force_configure' from command line to 'False'
[2.394s] Level 5:colcon.colcon_core.verb:set package 'learning_tf2_cpp' build argument 'ament_cmake_args' from command line to 'None'
[2.394s] Level 5:colcon.colcon_core.verb:set package 'learning_tf2_cpp' build argument 'catkin_cmake_args' from command line to 'None'
[2.394s] Level 5:colcon.colcon_core.verb:set package 'learning_tf2_cpp' build argument 'catkin_skip_building_tests' from command line to 'False'
[2.394s] DEBUG:colcon.colcon_core.verb:Building package 'learning_tf2_cpp' with the following arguments: {'ament_cmake_args': None, 'build_base': '/home/hsun/ros2_ws/build/learning_tf2_cpp', 'catkin_cmake_args': None, 'catkin_skip_building_tests': False, 'cmake_args': None, 'cmake_clean_cache': False, 'cmake_clean_first': False, 'cmake_force_configure': False, 'cmake_target': None, 'cmake_target_skip_unavailable': False, 'install_base': '/home/hsun/ros2_ws/install/learning_tf2_cpp', 'merge_install': False, 'path': '/home/hsun/ros2_ws/src/learning_tf2_cpp', 'symlink_install': False, 'test_result_base': None}
[2.398s] INFO:colcon.colcon_core.executor:Executing jobs using 'parallel' executor
[2.422s] DEBUG:colcon.colcon_parallel_executor.executor.parallel:run_until_complete
[2.425s] INFO:colcon.colcon_ros.task.ament_cmake.build:Building ROS package in '/home/hsun/ros2_ws/src/learning_tf2_cpp' with build type 'ament_cmake'
[2.428s] INFO:colcon.colcon_cmake.task.cmake.build:Building CMake package in '/home/hsun/ros2_ws/src/learning_tf2_cpp'
[2.498s] INFO:colcon.colcon_core.plugin_system:Skipping extension 'colcon_core.shell.bat': Not used on non-Windows systems
[2.501s] INFO:colcon.colcon_core.shell:Skip shell extension 'powershell' for command environment: Not usable outside of PowerShell
[2.502s] DEBUG:colcon.colcon_core.shell:Skip shell extension 'dsv' for command environment
[2.642s] DEBUG:colcon.colcon_core.event_handler.log_command:Invoking command in '/home/hsun/ros2_ws/build/learning_tf2_cpp': CMAKE_PREFIX_PATH=/home/hsun/ros2_ws/install/turtlesim:/home/hsun/ros2_ws/install/cpp_srvcli:/home/hsun/ros2_ws/install/cpp_pubsub:/home/hsun/ros2_ws/install/tutorial_interfaces:/home/hsun/ros2_ws/install/learning_tf2_cpp:/home/hsun/ros2_ws/install/polygon_plugins:/home/hsun/ros2_ws/install/polygon_base:/home/hsun/ros2_ws/install/my_package:/home/hsun/ros2_ws/install/more_interfaces:/home/hsun/ros2_ws/install/custom_action_cpp:/home/hsun/ros2_ws/install/custom_action_interfaces:/home/hsun/ros2_ws/install/cpp_parameters:/home/hsun/ros2_ws/install/cpp_parameter_event_handler:/home/hsun/ros2_ws/install/learning_tf2_py:/home/hsun/ros2_ws/install/python_parameters:/home/hsun/ros2_ws/install/py_srvcli:/home/hsun/ros2_ws/install/py_pubsub:/home/hsun/ros2_ws/install/py_launch_example:/home/hsun/ros2_ws/install/launch_tutorial:/opt/ros/iron LD_LIBRARY_PATH=/home/hsun/ros2_ws/install/turtlesim/lib:/home/hsun/ros2_ws/install/tutorial_interfaces/lib:/home/hsun/ros2_ws/install/polygon_plugins/lib:/home/hsun/ros2_ws/install/more_interfaces/lib:/home/hsun/ros2_ws/install/custom_action_cpp/lib:/home/hsun/ros2_ws/install/custom_action_interfaces/lib:/opt/ros/iron/opt/rviz_ogre_vendor/lib:/opt/ros/iron/lib/aarch64-linux-gnu:/opt/ros/iron/lib PYTHONPATH=/home/hsun/ros2_ws/install/turtlesim/lib/python3.10/site-packages:/home/hsun/ros2_ws/install/tutorial_interfaces/lib/python3.10/site-packages:/home/hsun/ros2_ws/install/learning_tf2_py/lib/python3.10/site-packages:/home/hsun/ros2_ws/install/python_parameters/lib/python3.10/site-packages:/home/hsun/ros2_ws/install/py_srvcli/lib/python3.10/site-packages:/home/hsun/ros2_ws/install/py_pubsub/lib/python3.10/site-packages:/home/hsun/ros2_ws/install/py_launch_example/lib/python3.10/site-packages:/home/hsun/ros2_ws/install/more_interfaces/lib/python3.10/site-packages:/home/hsun/ros2_ws/install/launch_tutorial/lib/python3.10/site-packages:/home/hsun/ros2_ws/install/custom_action_interfaces/lib/python3.10/site-packages:/opt/ros/iron/lib/python3.10/site-packages /usr/bin/cmake --build /home/hsun/ros2_ws/build/learning_tf2_cpp -- -j4 -l4
[49.863s] DEBUG:colcon.colcon_core.event_handler.log_command:Invoked command in '/home/hsun/ros2_ws/build/learning_tf2_cpp' returned '0': CMAKE_PREFIX_PATH=/home/hsun/ros2_ws/install/turtlesim:/home/hsun/ros2_ws/install/cpp_srvcli:/home/hsun/ros2_ws/install/cpp_pubsub:/home/hsun/ros2_ws/install/tutorial_interfaces:/home/hsun/ros2_ws/install/learning_tf2_cpp:/home/hsun/ros2_ws/install/polygon_plugins:/home/hsun/ros2_ws/install/polygon_base:/home/hsun/ros2_ws/install/my_package:/home/hsun/ros2_ws/install/more_interfaces:/home/hsun/ros2_ws/install/custom_action_cpp:/home/hsun/ros2_ws/install/custom_action_interfaces:/home/hsun/ros2_ws/install/cpp_parameters:/home/hsun/ros2_ws/install/cpp_parameter_event_handler:/home/hsun/ros2_ws/install/learning_tf2_py:/home/hsun/ros2_ws/install/python_parameters:/home/hsun/ros2_ws/install/py_srvcli:/home/hsun/ros2_ws/install/py_pubsub:/home/hsun/ros2_ws/install/py_launch_example:/home/hsun/ros2_ws/install/launch_tutorial:/opt/ros/iron LD_LIBRARY_PATH=/home/hsun/ros2_ws/install/turtlesim/lib:/home/hsun/ros2_ws/install/tutorial_interfaces/lib:/home/hsun/ros2_ws/install/polygon_plugins/lib:/home/hsun/ros2_ws/install/more_interfaces/lib:/home/hsun/ros2_ws/install/custom_action_cpp/lib:/home/hsun/ros2_ws/install/custom_action_interfaces/lib:/opt/ros/iron/opt/rviz_ogre_vendor/lib:/opt/ros/iron/lib/aarch64-linux-gnu:/opt/ros/iron/lib PYTHONPATH=/home/hsun/ros2_ws/install/turtlesim/lib/python3.10/site-packages:/home/hsun/ros2_ws/install/tutorial_interfaces/lib/python3.10/site-packages:/home/hsun/ros2_ws/install/learning_tf2_py/lib/python3.10/site-packages:/home/hsun/ros2_ws/install/python_parameters/lib/python3.10/site-packages:/home/hsun/ros2_ws/install/py_srvcli/lib/python3.10/site-packages:/home/hsun/ros2_ws/install/py_pubsub/lib/python3.10/site-packages:/home/hsun/ros2_ws/install/py_launch_example/lib/python3.10/site-packages:/home/hsun/ros2_ws/install/more_interfaces/lib/python3.10/site-packages:/home/hsun/ros2_ws/install/launch_tutorial/lib/python3.10/site-packages:/home/hsun/ros2_ws/install/custom_action_interfaces/lib/python3.10/site-packages:/opt/ros/iron/lib/python3.10/site-packages /usr/bin/cmake --build /home/hsun/ros2_ws/build/learning_tf2_cpp -- -j4 -l4
[50.200s] DEBUG:colcon.colcon_core.event_handler.log_command:Invoking command in '/home/hsun/ros2_ws/build/learning_tf2_cpp': CMAKE_PREFIX_PATH=/home/hsun/ros2_ws/install/turtlesim:/home/hsun/ros2_ws/install/cpp_srvcli:/home/hsun/ros2_ws/install/cpp_pubsub:/home/hsun/ros2_ws/install/tutorial_interfaces:/home/hsun/ros2_ws/install/learning_tf2_cpp:/home/hsun/ros2_ws/install/polygon_plugins:/home/hsun/ros2_ws/install/polygon_base:/home/hsun/ros2_ws/install/my_package:/home/hsun/ros2_ws/install/more_interfaces:/home/hsun/ros2_ws/install/custom_action_cpp:/home/hsun/ros2_ws/install/custom_action_interfaces:/home/hsun/ros2_ws/install/cpp_parameters:/home/hsun/ros2_ws/install/cpp_parameter_event_handler:/home/hsun/ros2_ws/install/learning_tf2_py:/home/hsun/ros2_ws/install/python_parameters:/home/hsun/ros2_ws/install/py_srvcli:/home/hsun/ros2_ws/install/py_pubsub:/home/hsun/ros2_ws/install/py_launch_example:/home/hsun/ros2_ws/install/launch_tutorial:/opt/ros/iron LD_LIBRARY_PATH=/home/hsun/ros2_ws/install/turtlesim/lib:/home/hsun/ros2_ws/install/tutorial_interfaces/lib:/home/hsun/ros2_ws/install/polygon_plugins/lib:/home/hsun/ros2_ws/install/more_interfaces/lib:/home/hsun/ros2_ws/install/custom_action_cpp/lib:/home/hsun/ros2_ws/install/custom_action_interfaces/lib:/opt/ros/iron/opt/rviz_ogre_vendor/lib:/opt/ros/iron/lib/aarch64-linux-gnu:/opt/ros/iron/lib PYTHONPATH=/home/hsun/ros2_ws/install/turtlesim/lib/python3.10/site-packages:/home/hsun/ros2_ws/install/tutorial_interfaces/lib/python3.10/site-packages:/home/hsun/ros2_ws/install/learning_tf2_py/lib/python3.10/site-packages:/home/hsun/ros2_ws/install/python_parameters/lib/python3.10/site-packages:/home/hsun/ros2_ws/install/py_srvcli/lib/python3.10/site-packages:/home/hsun/ros2_ws/install/py_pubsub/lib/python3.10/site-packages:/home/hsun/ros2_ws/install/py_launch_example/lib/python3.10/site-packages:/home/hsun/ros2_ws/install/more_interfaces/lib/python3.10/site-packages:/home/hsun/ros2_ws/install/launch_tutorial/lib/python3.10/site-packages:/home/hsun/ros2_ws/install/custom_action_interfaces/lib/python3.10/site-packages:/opt/ros/iron/lib/python3.10/site-packages /usr/bin/cmake --install /home/hsun/ros2_ws/build/learning_tf2_cpp
[50.322s] Level 1:colcon.colcon_core.environment:create_environment_scripts_only(learning_tf2_cpp)
[50.384s] DEBUG:colcon.colcon_core.event_handler.log_command:Invoked command in '/home/hsun/ros2_ws/build/learning_tf2_cpp' returned '0': CMAKE_PREFIX_PATH=/home/hsun/ros2_ws/install/turtlesim:/home/hsun/ros2_ws/install/cpp_srvcli:/home/hsun/ros2_ws/install/cpp_pubsub:/home/hsun/ros2_ws/install/tutorial_interfaces:/home/hsun/ros2_ws/install/learning_tf2_cpp:/home/hsun/ros2_ws/install/polygon_plugins:/home/hsun/ros2_ws/install/polygon_base:/home/hsun/ros2_ws/install/my_package:/home/hsun/ros2_ws/install/more_interfaces:/home/hsun/ros2_ws/install/custom_action_cpp:/home/hsun/ros2_ws/install/custom_action_interfaces:/home/hsun/ros2_ws/install/cpp_parameters:/home/hsun/ros2_ws/install/cpp_parameter_event_handler:/home/hsun/ros2_ws/install/learning_tf2_py:/home/hsun/ros2_ws/install/python_parameters:/home/hsun/ros2_ws/install/py_srvcli:/home/hsun/ros2_ws/install/py_pubsub:/home/hsun/ros2_ws/install/py_launch_example:/home/hsun/ros2_ws/install/launch_tutorial:/opt/ros/iron LD_LIBRARY_PATH=/home/hsun/ros2_ws/install/turtlesim/lib:/home/hsun/ros2_ws/install/tutorial_interfaces/lib:/home/hsun/ros2_ws/install/polygon_plugins/lib:/home/hsun/ros2_ws/install/more_interfaces/lib:/home/hsun/ros2_ws/install/custom_action_cpp/lib:/home/hsun/ros2_ws/install/custom_action_interfaces/lib:/opt/ros/iron/opt/rviz_ogre_vendor/lib:/opt/ros/iron/lib/aarch64-linux-gnu:/opt/ros/iron/lib PYTHONPATH=/home/hsun/ros2_ws/install/turtlesim/lib/python3.10/site-packages:/home/hsun/ros2_ws/install/tutorial_interfaces/lib/python3.10/site-packages:/home/hsun/ros2_ws/install/learning_tf2_py/lib/python3.10/site-packages:/home/hsun/ros2_ws/install/python_parameters/lib/python3.10/site-packages:/home/hsun/ros2_ws/install/py_srvcli/lib/python3.10/site-packages:/home/hsun/ros2_ws/install/py_pubsub/lib/python3.10/site-packages:/home/hsun/ros2_ws/install/py_launch_example/lib/python3.10/site-packages:/home/hsun/ros2_ws/install/more_interfaces/lib/python3.10/site-packages:/home/hsun/ros2_ws/install/launch_tutorial/lib/python3.10/site-packages:/home/hsun/ros2_ws/install/custom_action_interfaces/lib/python3.10/site-packages:/opt/ros/iron/lib/python3.10/site-packages /usr/bin/cmake --install /home/hsun/ros2_ws/build/learning_tf2_cpp
[50.403s] Level 1:colcon.colcon_core.environment:checking '/home/hsun/ros2_ws/install/learning_tf2_cpp' for CMake module files
[50.407s] Level 1:colcon.colcon_core.environment:checking '/home/hsun/ros2_ws/install/learning_tf2_cpp' for CMake config files
[50.410s] Level 1:colcon.colcon_core.shell:create_environment_hook('learning_tf2_cpp', 'cmake_prefix_path')
[50.422s] INFO:colcon.colcon_core.shell:Creating environment hook '/home/hsun/ros2_ws/install/learning_tf2_cpp/share/learning_tf2_cpp/hook/cmake_prefix_path.ps1'
[50.428s] INFO:colcon.colcon_core.shell:Creating environment descriptor '/home/hsun/ros2_ws/install/learning_tf2_cpp/share/learning_tf2_cpp/hook/cmake_prefix_path.dsv'
[50.438s] INFO:colcon.colcon_core.shell:Creating environment hook '/home/hsun/ros2_ws/install/learning_tf2_cpp/share/learning_tf2_cpp/hook/cmake_prefix_path.sh'
[50.451s] Level 1:colcon.colcon_core.environment:checking '/home/hsun/ros2_ws/install/learning_tf2_cpp/lib'
[50.453s] Level 1:colcon.colcon_core.environment:checking '/home/hsun/ros2_ws/install/learning_tf2_cpp/bin'
[50.454s] Level 1:colcon.colcon_core.environment:checking '/home/hsun/ros2_ws/install/learning_tf2_cpp/lib/pkgconfig/learning_tf2_cpp.pc'
[50.456s] Level 1:colcon.colcon_core.environment:checking '/home/hsun/ros2_ws/install/learning_tf2_cpp/lib/python3.10/site-packages'
[50.458s] Level 1:colcon.colcon_core.environment:checking '/home/hsun/ros2_ws/install/learning_tf2_cpp/bin'
[50.473s] INFO:colcon.colcon_core.shell:Creating package script '/home/hsun/ros2_ws/install/learning_tf2_cpp/share/learning_tf2_cpp/package.ps1'
[50.482s] INFO:colcon.colcon_core.shell:Creating package descriptor '/home/hsun/ros2_ws/install/learning_tf2_cpp/share/learning_tf2_cpp/package.dsv'
[50.488s] INFO:colcon.colcon_core.shell:Creating package script '/home/hsun/ros2_ws/install/learning_tf2_cpp/share/learning_tf2_cpp/package.sh'
[50.493s] INFO:colcon.colcon_core.shell:Creating package script '/home/hsun/ros2_ws/install/learning_tf2_cpp/share/learning_tf2_cpp/package.bash'
[50.497s] INFO:colcon.colcon_core.shell:Creating package script '/home/hsun/ros2_ws/install/learning_tf2_cpp/share/learning_tf2_cpp/package.zsh'
[50.502s] Level 1:colcon.colcon_core.environment:create_file_with_runtime_dependencies(/home/hsun/ros2_ws/install/learning_tf2_cpp/share/colcon-core/packages/learning_tf2_cpp)
[50.748s] Level 1:colcon.colcon_core.environment:create_environment_scripts_only(learning_tf2_cpp)
[50.757s] Level 1:colcon.colcon_core.environment:checking '/home/hsun/ros2_ws/install/learning_tf2_cpp' for CMake module files
[50.760s] Level 1:colcon.colcon_core.environment:checking '/home/hsun/ros2_ws/install/learning_tf2_cpp' for CMake config files
[50.762s] Level 1:colcon.colcon_core.shell:create_environment_hook('learning_tf2_cpp', 'cmake_prefix_path')
[50.767s] INFO:colcon.colcon_core.shell:Creating environment hook '/home/hsun/ros2_ws/install/learning_tf2_cpp/share/learning_tf2_cpp/hook/cmake_prefix_path.ps1'
[50.769s] INFO:colcon.colcon_core.shell:Creating environment descriptor '/home/hsun/ros2_ws/install/learning_tf2_cpp/share/learning_tf2_cpp/hook/cmake_prefix_path.dsv'
[50.771s] INFO:colcon.colcon_core.shell:Creating environment hook '/home/hsun/ros2_ws/install/learning_tf2_cpp/share/learning_tf2_cpp/hook/cmake_prefix_path.sh'
[50.774s] Level 1:colcon.colcon_core.environment:checking '/home/hsun/ros2_ws/install/learning_tf2_cpp/lib'
[50.775s] Level 1:colcon.colcon_core.environment:checking '/home/hsun/ros2_ws/install/learning_tf2_cpp/bin'
[50.775s] Level 1:colcon.colcon_core.environment:checking '/home/hsun/ros2_ws/install/learning_tf2_cpp/lib/pkgconfig/learning_tf2_cpp.pc'
[50.776s] Level 1:colcon.colcon_core.environment:checking '/home/hsun/ros2_ws/install/learning_tf2_cpp/lib/python3.10/site-packages'
[50.777s] Level 1:colcon.colcon_core.environment:checking '/home/hsun/ros2_ws/install/learning_tf2_cpp/bin'
[50.785s] INFO:colcon.colcon_core.shell:Creating package script '/home/hsun/ros2_ws/install/learning_tf2_cpp/share/learning_tf2_cpp/package.ps1'
[50.789s] INFO:colcon.colcon_core.shell:Creating package descriptor '/home/hsun/ros2_ws/install/learning_tf2_cpp/share/learning_tf2_cpp/package.dsv'
[50.794s] INFO:colcon.colcon_core.shell:Creating package script '/home/hsun/ros2_ws/install/learning_tf2_cpp/share/learning_tf2_cpp/package.sh'
[50.799s] INFO:colcon.colcon_core.shell:Creating package script '/home/hsun/ros2_ws/install/learning_tf2_cpp/share/learning_tf2_cpp/package.bash'
[50.806s] INFO:colcon.colcon_core.shell:Creating package script '/home/hsun/ros2_ws/install/learning_tf2_cpp/share/learning_tf2_cpp/package.zsh'
[50.813s] Level 1:colcon.colcon_core.environment:create_file_with_runtime_dependencies(/home/hsun/ros2_ws/install/learning_tf2_cpp/share/colcon-core/packages/learning_tf2_cpp)
[50.818s] DEBUG:colcon.colcon_parallel_executor.executor.parallel:closing loop
[50.827s] DEBUG:colcon.colcon_parallel_executor.executor.parallel:loop closed
[50.828s] DEBUG:colcon.colcon_parallel_executor.executor.parallel:run_until_complete finished with '0'
[50.829s] DEBUG:colcon.colcon_core.event_reactor:joining thread
[50.872s] INFO:colcon.colcon_core.plugin_system:Skipping extension 'colcon_notification.desktop_notification.terminal_notifier': Not used on non-Darwin systems
[50.873s] INFO:colcon.colcon_core.plugin_system:Skipping extension 'colcon_notification.desktop_notification.win32': Not used on non-Windows systems
[50.873s] INFO:colcon.colcon_notification.desktop_notification:Sending desktop notification using 'notify2'
[50.987s] DEBUG:colcon.colcon_core.event_reactor:joined thread
[51.000s] INFO:colcon.colcon_core.shell:Creating prefix script '/home/hsun/ros2_ws/install/local_setup.ps1'
[51.012s] INFO:colcon.colcon_core.shell:Creating prefix util module '/home/hsun/ros2_ws/install/_local_setup_util_ps1.py'
[51.025s] INFO:colcon.colcon_core.shell:Creating prefix chain script '/home/hsun/ros2_ws/install/setup.ps1'
[51.066s] INFO:colcon.colcon_core.shell:Creating prefix script '/home/hsun/ros2_ws/install/local_setup.sh'
[51.070s] INFO:colcon.colcon_core.shell:Creating prefix util module '/home/hsun/ros2_ws/install/_local_setup_util_sh.py'
[51.074s] INFO:colcon.colcon_core.shell:Creating prefix chain script '/home/hsun/ros2_ws/install/setup.sh'
[51.090s] INFO:colcon.colcon_core.shell:Creating prefix script '/home/hsun/ros2_ws/install/local_setup.bash'
[51.094s] INFO:colcon.colcon_core.shell:Creating prefix chain script '/home/hsun/ros2_ws/install/setup.bash'
[51.108s] INFO:colcon.colcon_core.shell:Creating prefix script '/home/hsun/ros2_ws/install/local_setup.zsh'
[51.112s] INFO:colcon.colcon_core.shell:Creating prefix chain script '/home/hsun/ros2_ws/install/setup.zsh'
