[0.149s] Invoking command in '/home/hsun/ros2_ws/build/more_interfaces': CMAKE_PREFIX_PATH=${CMAKE_PREFIX_PATH}:/home/hsun/ros2_ws/install/py_srvcli:/home/hsun/ros2_ws/install/py_pubsub:/opt/ros/iron /usr/bin/cmake --build /home/hsun/ros2_ws/build/more_interfaces -- -j4 -l4
[0.343s] -- Found ament_cmake: 2.0.3 (/opt/ros/iron/share/ament_cmake/cmake)
[1.626s] -- Found rclcpp: 21.0.1 (/opt/ros/iron/share/rclcpp/cmake)
[1.918s] -- Found rosidl_generator_c: 4.0.0 (/opt/ros/iron/share/rosidl_generator_c/cmake)
[1.981s] -- Found rosidl_generator_cpp: 4.0.0 (/opt/ros/iron/share/rosidl_generator_cpp/cmake)
[2.056s] -- Using all available rosidl_typesupport_c: rosidl_typesupport_fastrtps_c;rosidl_typesupport_introspection_c
[2.137s] -- Using all available rosidl_typesupport_cpp: rosidl_typesupport_fastrtps_cpp;rosidl_typesupport_introspection_cpp
[2.831s] -- Found rmw_implementation_cmake: 7.1.0 (/opt/ros/iron/share/rmw_implementation_cmake/cmake)
[2.844s] -- Found rmw_fastrtps_cpp: 7.1.1 (/opt/ros/iron/share/rmw_fastrtps_cpp/cmake)
[4.128s] -- Using RMW implementation 'rmw_fastrtps_cpp' as default
[4.918s] -- Found rosidl_default_generators: 1.5.0 (/opt/ros/iron/share/rosidl_default_generators/cmake)
[4.972s] -- Found rosidl_adapter: 4.0.0 (/opt/ros/iron/share/rosidl_adapter/cmake)
[4.995s] [31mCMake Error at /opt/ros/iron/share/rosidl_cmake/cmake/rosidl_get_typesupport_target.cmake:29 (message):
[4.996s]   more_interfaces is not a CMake target.  Maybe rosidl_generate_interfaces
[4.996s]   was given a different target name?
[4.997s] Call Stack (most recent call first):
[4.997s]   CMakeLists.txt:19 (rosidl_get_typesupport_target)
[4.998s] 
[5.002s] [0m
[5.003s] -- Configuring incomplete, errors occurred!
[5.004s] See also "/home/hsun/ros2_ws/build/more_interfaces/CMakeFiles/CMakeOutput.log".
[5.025s] gmake: *** [Makefile:856: cmake_check_build_system] Error 1
[5.033s] Invoked command in '/home/hsun/ros2_ws/build/more_interfaces' returned '2': CMAKE_PREFIX_PATH=${CMAKE_PREFIX_PATH}:/home/hsun/ros2_ws/install/py_srvcli:/home/hsun/ros2_ws/install/py_pubsub:/opt/ros/iron /usr/bin/cmake --build /home/hsun/ros2_ws/build/more_interfaces -- -j4 -l4
