[0.163s] Invoking command in '/home/hsun/ros2_ws/build/custom_action_cpp': AMENT_PREFIX_PATH=/home/hsun/ros2_ws/install/custom_action_interfaces CMAKE_PREFIX_PATH=/home/hsun/ros2_ws/install/custom_action_interfaces LD_LIBRARY_PATH=/home/hsun/ros2_ws/install/custom_action_interfaces/lib PYTHONPATH=/home/hsun/ros2_ws/install/custom_action_interfaces/lib/python3.10/site-packages /usr/bin/cmake --build /home/hsun/ros2_ws/build/custom_action_cpp -- -j4 -l4
[0.557s] -- Found ament_cmake: 2.0.3 (/opt/ros/iron/share/ament_cmake/cmake)
[3.063s] Traceback (most recent call last):
[3.073s]   File "/opt/ros/iron/share/ament_cmake_core/cmake/package_templates/templates_2_cmake.py", line 21, in <module>
[3.078s]     from ament_package.templates import get_environment_hook_template_path
[3.079s] ModuleNotFoundError: No module named 'ament_package'
[3.348s] [31mCMake Error at /opt/ros/iron/share/ament_cmake_core/cmake/ament_cmake_package_templates-extras.cmake:41 (message):
[3.350s]   execute_process(/usr/bin/python3.10
[3.352s]   /opt/ros/iron/share/ament_cmake_core/cmake/package_templates/templates_2_cmake.py
[3.354s]   /home/hsun/ros2_ws/build/custom_action_cpp/ament_cmake_package_templates/templates.cmake)
[3.355s]   returned error code 1
[3.358s] Call Stack (most recent call first):
[3.359s]   /opt/ros/iron/share/ament_cmake_core/cmake/ament_cmake_coreConfig.cmake:41 (include)
[3.360s]   /opt/ros/iron/share/ament_cmake/cmake/ament_cmake_export_dependencies-extras.cmake:15 (find_package)
[3.360s]   /opt/ros/iron/share/ament_cmake/cmake/ament_cmakeConfig.cmake:41 (include)
[3.361s]   CMakeLists.txt:9 (find_package)
[3.361s] 
[3.362s] [0m
[3.363s] -- Configuring incomplete, errors occurred!
[3.364s] See also "/home/hsun/ros2_ws/build/custom_action_cpp/CMakeFiles/CMakeOutput.log".
[3.388s] gmake: *** [Makefile:308: cmake_check_build_system] Error 1
[3.405s] Invoked command in '/home/hsun/ros2_ws/build/custom_action_cpp' returned '2': AMENT_PREFIX_PATH=/home/hsun/ros2_ws/install/custom_action_interfaces CMAKE_PREFIX_PATH=/home/hsun/ros2_ws/install/custom_action_interfaces LD_LIBRARY_PATH=/home/hsun/ros2_ws/install/custom_action_interfaces/lib PYTHONPATH=/home/hsun/ros2_ws/install/custom_action_interfaces/lib/python3.10/site-packages /usr/bin/cmake --build /home/hsun/ros2_ws/build/custom_action_cpp -- -j4 -l4
