[16.358s] Invoking command in '/home/hsun/ros2_ws/src/py_pubsub': PYTHONPATH=/home/hsun/ros2_ws/build/py_pubsub/prefix_override:/home/hsun/ros2_ws/install/py_pubsub/lib/python3.10/site-packages:${PYTHONPATH} /usr/bin/python3 setup.py egg_info --egg-base ../../build/py_pubsub build --build-base /home/hsun/ros2_ws/build/py_pubsub/build install --record /home/hsun/ros2_ws/build/py_pubsub/install.log --single-version-externally-managed
[23.916s] running egg_info
[23.936s] writing ../../build/py_pubsub/py_pubsub.egg-info/PKG-INFO
[23.958s] writing dependency_links to ../../build/py_pubsub/py_pubsub.egg-info/dependency_links.txt
[23.959s] writing entry points to ../../build/py_pubsub/py_pubsub.egg-info/entry_points.txt
[23.960s] writing requirements to ../../build/py_pubsub/py_pubsub.egg-info/requires.txt
[23.969s] writing top-level names to ../../build/py_pubsub/py_pubsub.egg-info/top_level.txt
[24.011s] reading manifest file '../../build/py_pubsub/py_pubsub.egg-info/SOURCES.txt'
[24.043s] writing manifest file '../../build/py_pubsub/py_pubsub.egg-info/SOURCES.txt'
[24.047s] running build
[24.048s] running build_py
[24.052s] running install
[24.060s] /usr/lib/python3/dist-packages/setuptools/command/install.py:34: SetuptoolsDeprecationWarning: setup.py install is deprecated. Use build and pip and other standards-based tools.
[24.061s]   warnings.warn(
[24.067s] running install_lib
[24.116s] running install_data
[24.139s] running install_egg_info
[24.186s] removing '/home/hsun/ros2_ws/install/py_pubsub/lib/python3.10/site-packages/py_pubsub-0.0.0-py3.10.egg-info' (and everything under it)
[24.191s] Copying ../../build/py_pubsub/py_pubsub.egg-info to /home/hsun/ros2_ws/install/py_pubsub/lib/python3.10/site-packages/py_pubsub-0.0.0-py3.10.egg-info
[24.263s] running install_scripts
[24.697s] Installing listener script to /home/hsun/ros2_ws/install/py_pubsub/lib/py_pubsub
[24.709s] Installing talker script to /home/hsun/ros2_ws/install/py_pubsub/lib/py_pubsub
[24.771s] writing list of installed files to '/home/hsun/ros2_ws/build/py_pubsub/install.log'
[25.348s] Invoked command in '/home/hsun/ros2_ws/src/py_pubsub' returned '0': PYTHONPATH=/home/hsun/ros2_ws/build/py_pubsub/prefix_override:/home/hsun/ros2_ws/install/py_pubsub/lib/python3.10/site-packages:${PYTHONPATH} /usr/bin/python3 setup.py egg_info --egg-base ../../build/py_pubsub build --build-base /home/hsun/ros2_ws/build/py_pubsub/build install --record /home/hsun/ros2_ws/build/py_pubsub/install.log --single-version-externally-managed
