[11.515s] Invoking command in '/home/hsun/ros2_ws/src/py_launch_example': PYTHONPATH=/home/hsun/ros2_ws/build/py_launch_example/prefix_override:/home/hsun/ros2_ws/install/py_launch_example/lib/python3.10/site-packages: /usr/bin/python3 setup.py egg_info --egg-base ../../build/py_launch_example build --build-base /home/hsun/ros2_ws/build/py_launch_example/build install --record /home/hsun/ros2_ws/build/py_launch_example/install.log --single-version-externally-managed
[14.620s] running egg_info
[14.627s] writing ../../build/py_launch_example/py_launch_example.egg-info/PKG-INFO
[14.628s] writing dependency_links to ../../build/py_launch_example/py_launch_example.egg-info/dependency_links.txt
[14.634s] writing entry points to ../../build/py_launch_example/py_launch_example.egg-info/entry_points.txt
[14.638s] writing requirements to ../../build/py_launch_example/py_launch_example.egg-info/requires.txt
[14.652s] writing top-level names to ../../build/py_launch_example/py_launch_example.egg-info/top_level.txt
[14.673s] reading manifest file '../../build/py_launch_example/py_launch_example.egg-info/SOURCES.txt'
[14.686s] writing manifest file '../../build/py_launch_example/py_launch_example.egg-info/SOURCES.txt'
[14.703s] running build
[14.704s] running build_py
[14.719s] copying py_launch_example/my_script_launch.py -> /home/hsun/ros2_ws/build/py_launch_example/build/lib/py_launch_example
[14.720s] running install
[14.730s] /usr/lib/python3/dist-packages/setuptools/command/install.py:34: SetuptoolsDeprecationWarning: setup.py install is deprecated. Use build and pip and other standards-based tools.
[14.731s]   warnings.warn(
[14.734s] running install_lib
[14.737s] copying /home/hsun/ros2_ws/build/py_launch_example/build/lib/py_launch_example/my_script_launch.py -> /home/hsun/ros2_ws/install/py_launch_example/lib/python3.10/site-packages/py_launch_example
[14.745s] byte-compiling /home/hsun/ros2_ws/install/py_launch_example/lib/python3.10/site-packages/py_launch_example/my_script_launch.py to my_script_launch.cpython-310.pyc
[14.746s] running install_data
[14.754s] running install_egg_info
[14.771s] removing '/home/hsun/ros2_ws/install/py_launch_example/lib/python3.10/site-packages/py_launch_example-0.0.0-py3.10.egg-info' (and everything under it)
[14.771s] Copying ../../build/py_launch_example/py_launch_example.egg-info to /home/hsun/ros2_ws/install/py_launch_example/lib/python3.10/site-packages/py_launch_example-0.0.0-py3.10.egg-info
[14.797s] running install_scripts
[15.126s] writing list of installed files to '/home/hsun/ros2_ws/build/py_launch_example/install.log'
[18.045s] Invoked command in '/home/hsun/ros2_ws/src/py_launch_example' returned '0': PYTHONPATH=/home/hsun/ros2_ws/build/py_launch_example/prefix_override:/home/hsun/ros2_ws/install/py_launch_example/lib/python3.10/site-packages: /usr/bin/python3 setup.py egg_info --egg-base ../../build/py_launch_example build --build-base /home/hsun/ros2_ws/build/py_launch_example/build install --record /home/hsun/ros2_ws/build/py_launch_example/install.log --single-version-externally-managed
