[13.470s] Invoking command in '/home/hsun/ros2_ws/src/python_parameters': PYTHONPATH=/home/hsun/ros2_ws/build/python_parameters/prefix_override:/home/hsun/ros2_ws/install/python_parameters/lib/python3.10/site-packages: /usr/bin/python3 setup.py egg_info --egg-base ../../build/python_parameters build --build-base /home/hsun/ros2_ws/build/python_parameters/build install --record /home/hsun/ros2_ws/build/python_parameters/install.log --single-version-externally-managed
[18.339s] running egg_info
[18.380s] writing ../../build/python_parameters/python_parameters.egg-info/PKG-INFO
[18.394s] writing dependency_links to ../../build/python_parameters/python_parameters.egg-info/dependency_links.txt
[18.395s] writing entry points to ../../build/python_parameters/python_parameters.egg-info/entry_points.txt
[18.396s] writing requirements to ../../build/python_parameters/python_parameters.egg-info/requires.txt
[18.397s] writing top-level names to ../../build/python_parameters/python_parameters.egg-info/top_level.txt
[18.398s] reading manifest file '../../build/python_parameters/python_parameters.egg-info/SOURCES.txt'
[18.405s] writing manifest file '../../build/python_parameters/python_parameters.egg-info/SOURCES.txt'
[18.406s] running build
[18.407s] running build_py
[18.407s] running install
[18.408s] running install_lib
[18.422s] running install_data
[18.445s] /usr/lib/python3/dist-packages/setuptools/command/install.py:34: SetuptoolsDeprecationWarning: setup.py install is deprecated. Use build and pip and other standards-based tools.
[18.454s]   warnings.warn(
[18.455s] running install_egg_info
[18.456s] removing '/home/hsun/ros2_ws/install/python_parameters/lib/python3.10/site-packages/python_parameters-0.0.0-py3.10.egg-info' (and everything under it)
[18.457s] Copying ../../build/python_parameters/python_parameters.egg-info to /home/hsun/ros2_ws/install/python_parameters/lib/python3.10/site-packages/python_parameters-0.0.0-py3.10.egg-info
[18.469s] running install_scripts
[18.869s] Installing minimal_param_node script to /home/hsun/ros2_ws/install/python_parameters/lib/python_parameters
[18.881s] writing list of installed files to '/home/hsun/ros2_ws/build/python_parameters/install.log'
[19.394s] Invoked command in '/home/hsun/ros2_ws/src/python_parameters' returned '0': PYTHONPATH=/home/hsun/ros2_ws/build/python_parameters/prefix_override:/home/hsun/ros2_ws/install/python_parameters/lib/python3.10/site-packages: /usr/bin/python3 setup.py egg_info --egg-base ../../build/python_parameters build --build-base /home/hsun/ros2_ws/build/python_parameters/build install --record /home/hsun/ros2_ws/build/python_parameters/install.log --single-version-externally-managed
