[0.181s] Invoking command in '/home/hsun/ros2_ws/build/custom_action_interfaces': /usr/bin/cmake --build /home/hsun/ros2_ws/build/custom_action_interfaces -- -j4 -l4
[0.735s] [  2%] Built target custom_action_interfaces__rosidl_generator_type_description
[0.980s] [  2%] Built target ament_cmake_python_copy_custom_action_interfaces
[1.048s] [  5%] Built target custom_action_interfaces__cpp
[1.291s] [ 20%] Built target custom_action_interfaces__rosidl_generator_c
[1.959s] [ 29%] Built target custom_action_interfaces__rosidl_typesupport_cpp
[2.010s] [ 38%] Built target custom_action_interfaces__rosidl_typesupport_introspection_c
[2.110s] [ 47%] Built target custom_action_interfaces__rosidl_typesupport_fastrtps_c
[2.505s] [ 55%] Built target custom_action_interfaces__rosidl_typesupport_fastrtps_cpp
[2.760s] [ 64%] Built target custom_action_interfaces__rosidl_typesupport_c
[2.822s] [ 73%] Built target custom_action_interfaces__rosidl_typesupport_introspection_cpp
[5.536s] running egg_info
[5.537s] writing custom_action_interfaces.egg-info/PKG-INFO
[5.607s] writing dependency_links to custom_action_interfaces.egg-info/dependency_links.txt
[5.608s] writing top-level names to custom_action_interfaces.egg-info/top_level.txt
[5.664s] reading manifest file 'custom_action_interfaces.egg-info/SOURCES.txt'
[5.716s] writing manifest file 'custom_action_interfaces.egg-info/SOURCES.txt'
[6.154s] [ 73%] Built target ament_cmake_python_build_custom_action_interfaces_egg
[6.488s] [ 73%] Built target custom_action_interfaces
[6.791s] [ 76%] Built target custom_action_interfaces__py
[7.131s] [ 82%] Built target custom_action_interfaces__rosidl_generator_py
[7.516s] [ 88%] Built target custom_action_interfaces__rosidl_typesupport_fastrtps_c__pyext
[7.840s] [ 94%] Built target custom_action_interfaces__rosidl_typesupport_c__pyext
[8.228s] [100%] Built target custom_action_interfaces__rosidl_typesupport_introspection_c__pyext
[8.543s] Invoked command in '/home/hsun/ros2_ws/build/custom_action_interfaces' returned '0': /usr/bin/cmake --build /home/hsun/ros2_ws/build/custom_action_interfaces -- -j4 -l4
[12.110s] Invoking command in '/home/hsun/ros2_ws/build/custom_action_interfaces': /usr/bin/cmake --install /home/hsun/ros2_ws/build/custom_action_interfaces
[12.218s] -- Install configuration: ""
[12.220s] -- Up-to-date: /home/hsun/ros2_ws/install/custom_action_interfaces/share/ament_index/resource_index/rosidl_interfaces/custom_action_interfaces
[12.222s] -- Up-to-date: /home/hsun/ros2_ws/install/custom_action_interfaces/share/custom_action_interfaces/action/Fibonacci.json
[12.223s] -- Up-to-date: /home/hsun/ros2_ws/install/custom_action_interfaces/include/custom_action_interfaces/custom_action_interfaces
[12.224s] -- Up-to-date: /home/hsun/ros2_ws/install/custom_action_interfaces/include/custom_action_interfaces/custom_action_interfaces/msg
[12.226s] -- Up-to-date: /home/hsun/ros2_ws/install/custom_action_interfaces/include/custom_action_interfaces/custom_action_interfaces/msg/rosidl_generator_c__visibility_control.h
[12.228s] -- Up-to-date: /home/hsun/ros2_ws/install/custom_action_interfaces/include/custom_action_interfaces/custom_action_interfaces/action
[12.232s] -- Up-to-date: /home/hsun/ros2_ws/install/custom_action_interfaces/include/custom_action_interfaces/custom_action_interfaces/action/detail
[12.270s] -- Up-to-date: /home/hsun/ros2_ws/install/custom_action_interfaces/include/custom_action_interfaces/custom_action_interfaces/action/detail/fibonacci__functions.h
[12.271s] -- Up-to-date: /home/hsun/ros2_ws/install/custom_action_interfaces/include/custom_action_interfaces/custom_action_interfaces/action/detail/fibonacci__functions.c
[12.272s] -- Up-to-date: /home/hsun/ros2_ws/install/custom_action_interfaces/include/custom_action_interfaces/custom_action_interfaces/action/detail/fibonacci__description.c
[12.277s] -- Up-to-date: /home/hsun/ros2_ws/install/custom_action_interfaces/include/custom_action_interfaces/custom_action_interfaces/action/detail/fibonacci__type_support.h
[12.287s] -- Up-to-date: /home/hsun/ros2_ws/install/custom_action_interfaces/include/custom_action_interfaces/custom_action_interfaces/action/detail/fibonacci__struct.h
[12.288s] -- Installing: /home/hsun/ros2_ws/install/custom_action_interfaces/include/custom_action_interfaces/custom_action_interfaces/action/detail/fibonacci__type_support.c
[12.292s] -- Up-to-date: /home/hsun/ros2_ws/install/custom_action_interfaces/include/custom_action_interfaces/custom_action_interfaces/action/fibonacci.h
[12.293s] -- Up-to-date: /home/hsun/ros2_ws/install/custom_action_interfaces/share/custom_action_interfaces/environment/library_path.sh
[12.306s] -- Up-to-date: /home/hsun/ros2_ws/install/custom_action_interfaces/share/custom_action_interfaces/environment/library_path.dsv
[12.417s] -- Up-to-date: /home/hsun/ros2_ws/install/custom_action_interfaces/lib/libcustom_action_interfaces__rosidl_generator_c.so
[12.419s] -- Up-to-date: /home/hsun/ros2_ws/install/custom_action_interfaces/include/custom_action_interfaces/custom_action_interfaces
[12.420s] -- Up-to-date: /home/hsun/ros2_ws/install/custom_action_interfaces/include/custom_action_interfaces/custom_action_interfaces/msg
[12.434s] -- Up-to-date: /home/hsun/ros2_ws/install/custom_action_interfaces/include/custom_action_interfaces/custom_action_interfaces/msg/rosidl_typesupport_fastrtps_c__visibility_control.h
[12.452s] -- Up-to-date: /home/hsun/ros2_ws/install/custom_action_interfaces/include/custom_action_interfaces/custom_action_interfaces/action
[12.469s] -- Up-to-date: /home/hsun/ros2_ws/install/custom_action_interfaces/include/custom_action_interfaces/custom_action_interfaces/action/detail
[12.470s] -- Up-to-date: /home/hsun/ros2_ws/install/custom_action_interfaces/include/custom_action_interfaces/custom_action_interfaces/action/detail/fibonacci__rosidl_typesupport_fastrtps_c.h
[12.497s] -- Up-to-date: /home/hsun/ros2_ws/install/custom_action_interfaces/lib/libcustom_action_interfaces__rosidl_typesupport_fastrtps_c.so
[12.536s] -- Up-to-date: /home/hsun/ros2_ws/install/custom_action_interfaces/include/custom_action_interfaces/custom_action_interfaces
[12.547s] -- Up-to-date: /home/hsun/ros2_ws/install/custom_action_interfaces/include/custom_action_interfaces/custom_action_interfaces/msg
[12.548s] -- Up-to-date: /home/hsun/ros2_ws/install/custom_action_interfaces/include/custom_action_interfaces/custom_action_interfaces/msg/rosidl_typesupport_introspection_c__visibility_control.h
[12.549s] -- Up-to-date: /home/hsun/ros2_ws/install/custom_action_interfaces/include/custom_action_interfaces/custom_action_interfaces/action
[12.558s] -- Up-to-date: /home/hsun/ros2_ws/install/custom_action_interfaces/include/custom_action_interfaces/custom_action_interfaces/action/detail
[12.561s] -- Up-to-date: /home/hsun/ros2_ws/install/custom_action_interfaces/include/custom_action_interfaces/custom_action_interfaces/action/detail/fibonacci__rosidl_typesupport_introspection_c.h
[12.570s] -- Installing: /home/hsun/ros2_ws/install/custom_action_interfaces/include/custom_action_interfaces/custom_action_interfaces/action/detail/fibonacci__type_support.c
[12.615s] -- Up-to-date: /home/hsun/ros2_ws/install/custom_action_interfaces/lib/libcustom_action_interfaces__rosidl_typesupport_introspection_c.so
[12.617s] -- Up-to-date: /home/hsun/ros2_ws/install/custom_action_interfaces/lib/libcustom_action_interfaces__rosidl_typesupport_c.so
[12.626s] -- Up-to-date: /home/hsun/ros2_ws/install/custom_action_interfaces/include/custom_action_interfaces/custom_action_interfaces
[12.627s] -- Up-to-date: /home/hsun/ros2_ws/install/custom_action_interfaces/include/custom_action_interfaces/custom_action_interfaces/action
[12.627s] -- Up-to-date: /home/hsun/ros2_ws/install/custom_action_interfaces/include/custom_action_interfaces/custom_action_interfaces/action/detail
[12.628s] -- Up-to-date: /home/hsun/ros2_ws/install/custom_action_interfaces/include/custom_action_interfaces/custom_action_interfaces/action/detail/fibonacci__traits.hpp
[12.629s] -- Up-to-date: /home/hsun/ros2_ws/install/custom_action_interfaces/include/custom_action_interfaces/custom_action_interfaces/action/detail/fibonacci__builder.hpp
[12.629s] -- Up-to-date: /home/hsun/ros2_ws/install/custom_action_interfaces/include/custom_action_interfaces/custom_action_interfaces/action/detail/fibonacci__struct.hpp
[12.676s] -- Up-to-date: /home/hsun/ros2_ws/install/custom_action_interfaces/include/custom_action_interfaces/custom_action_interfaces/action/fibonacci.hpp
[12.691s] -- Up-to-date: /home/hsun/ros2_ws/install/custom_action_interfaces/include/custom_action_interfaces/custom_action_interfaces
[12.708s] -- Up-to-date: /home/hsun/ros2_ws/install/custom_action_interfaces/include/custom_action_interfaces/custom_action_interfaces/msg
[12.734s] -- Up-to-date: /home/hsun/ros2_ws/install/custom_action_interfaces/include/custom_action_interfaces/custom_action_interfaces/msg/rosidl_typesupport_fastrtps_cpp__visibility_control.h
[12.735s] -- Up-to-date: /home/hsun/ros2_ws/install/custom_action_interfaces/include/custom_action_interfaces/custom_action_interfaces/action
[12.735s] -- Up-to-date: /home/hsun/ros2_ws/install/custom_action_interfaces/include/custom_action_interfaces/custom_action_interfaces/action/detail
[12.736s] -- Up-to-date: /home/hsun/ros2_ws/install/custom_action_interfaces/include/custom_action_interfaces/custom_action_interfaces/action/detail/dds_fastrtps
[12.736s] -- Up-to-date: /home/hsun/ros2_ws/install/custom_action_interfaces/include/custom_action_interfaces/custom_action_interfaces/action/detail/fibonacci__rosidl_typesupport_fastrtps_cpp.hpp
[12.737s] -- Up-to-date: /home/hsun/ros2_ws/install/custom_action_interfaces/lib/libcustom_action_interfaces__rosidl_typesupport_fastrtps_cpp.so
[12.738s] -- Up-to-date: /home/hsun/ros2_ws/install/custom_action_interfaces/include/custom_action_interfaces/custom_action_interfaces
[12.775s] -- Up-to-date: /home/hsun/ros2_ws/install/custom_action_interfaces/include/custom_action_interfaces/custom_action_interfaces/action
[12.779s] -- Up-to-date: /home/hsun/ros2_ws/install/custom_action_interfaces/include/custom_action_interfaces/custom_action_interfaces/action/detail
[12.783s] -- Up-to-date: /home/hsun/ros2_ws/install/custom_action_interfaces/include/custom_action_interfaces/custom_action_interfaces/action/detail/fibonacci__rosidl_typesupport_introspection_cpp.hpp
[12.785s] -- Up-to-date: /home/hsun/ros2_ws/install/custom_action_interfaces/include/custom_action_interfaces/custom_action_interfaces/action/detail/fibonacci__type_support.cpp
[12.800s] -- Up-to-date: /home/hsun/ros2_ws/install/custom_action_interfaces/lib/libcustom_action_interfaces__rosidl_typesupport_introspection_cpp.so
[12.834s] -- Up-to-date: /home/hsun/ros2_ws/install/custom_action_interfaces/lib/libcustom_action_interfaces__rosidl_typesupport_cpp.so
[12.835s] -- Up-to-date: /home/hsun/ros2_ws/install/custom_action_interfaces/share/custom_action_interfaces/environment/pythonpath.sh
[12.836s] -- Up-to-date: /home/hsun/ros2_ws/install/custom_action_interfaces/share/custom_action_interfaces/environment/pythonpath.dsv
[12.836s] -- Up-to-date: /home/hsun/ros2_ws/install/custom_action_interfaces/lib/python3.10/site-packages/custom_action_interfaces-0.0.0-py3.10.egg-info
[12.837s] -- Installing: /home/hsun/ros2_ws/install/custom_action_interfaces/lib/python3.10/site-packages/custom_action_interfaces-0.0.0-py3.10.egg-info/SOURCES.txt
[12.838s] -- Installing: /home/hsun/ros2_ws/install/custom_action_interfaces/lib/python3.10/site-packages/custom_action_interfaces-0.0.0-py3.10.egg-info/PKG-INFO
[12.844s] -- Installing: /home/hsun/ros2_ws/install/custom_action_interfaces/lib/python3.10/site-packages/custom_action_interfaces-0.0.0-py3.10.egg-info/dependency_links.txt
[12.854s] -- Installing: /home/hsun/ros2_ws/install/custom_action_interfaces/lib/python3.10/site-packages/custom_action_interfaces-0.0.0-py3.10.egg-info/top_level.txt
[12.857s] -- Up-to-date: /home/hsun/ros2_ws/install/custom_action_interfaces/lib/python3.10/site-packages/custom_action_interfaces
[12.858s] -- Up-to-date: /home/hsun/ros2_ws/install/custom_action_interfaces/lib/python3.10/site-packages/custom_action_interfaces/_custom_action_interfaces_s.ep.rosidl_typesupport_c.c
[12.871s] -- Up-to-date: /home/hsun/ros2_ws/install/custom_action_interfaces/lib/python3.10/site-packages/custom_action_interfaces/_custom_action_interfaces_s.ep.rosidl_typesupport_introspection_c.c
[12.873s] -- Up-to-date: /home/hsun/ros2_ws/install/custom_action_interfaces/lib/python3.10/site-packages/custom_action_interfaces/__init__.py
[12.878s] -- Up-to-date: /home/hsun/ros2_ws/install/custom_action_interfaces/lib/python3.10/site-packages/custom_action_interfaces/custom_action_interfaces_s__rosidl_typesupport_introspection_c.cpython-310-aarch64-linux-gnu.so
[12.884s] -- Up-to-date: /home/hsun/ros2_ws/install/custom_action_interfaces/lib/python3.10/site-packages/custom_action_interfaces/custom_action_interfaces_s__rosidl_typesupport_c.cpython-310-aarch64-linux-gnu.so
[12.893s] -- Up-to-date: /home/hsun/ros2_ws/install/custom_action_interfaces/lib/python3.10/site-packages/custom_action_interfaces/_custom_action_interfaces_s.ep.rosidl_typesupport_fastrtps_c.c
[12.894s] -- Up-to-date: /home/hsun/ros2_ws/install/custom_action_interfaces/lib/python3.10/site-packages/custom_action_interfaces/custom_action_interfaces_s__rosidl_typesupport_fastrtps_c.cpython-310-aarch64-linux-gnu.so
[12.898s] -- Up-to-date: /home/hsun/ros2_ws/install/custom_action_interfaces/lib/python3.10/site-packages/custom_action_interfaces/action
[12.899s] -- Up-to-date: /home/hsun/ros2_ws/install/custom_action_interfaces/lib/python3.10/site-packages/custom_action_interfaces/action/__init__.py
[12.901s] -- Up-to-date: /home/hsun/ros2_ws/install/custom_action_interfaces/lib/python3.10/site-packages/custom_action_interfaces/action/_fibonacci.py
[12.901s] -- Up-to-date: /home/hsun/ros2_ws/install/custom_action_interfaces/lib/python3.10/site-packages/custom_action_interfaces/action/_fibonacci_s.c
[12.906s] -- Up-to-date: /home/hsun/ros2_ws/install/custom_action_interfaces/lib/python3.10/site-packages/custom_action_interfaces/libcustom_action_interfaces__rosidl_generator_py.so
[13.169s] Listing '/home/hsun/ros2_ws/install/custom_action_interfaces/lib/python3.10/site-packages/custom_action_interfaces'...
[13.173s] Listing '/home/hsun/ros2_ws/install/custom_action_interfaces/lib/python3.10/site-packages/custom_action_interfaces/action'...
[13.317s] -- Up-to-date: /home/hsun/ros2_ws/install/custom_action_interfaces/lib/python3.10/site-packages/custom_action_interfaces/custom_action_interfaces_s__rosidl_typesupport_fastrtps_c.cpython-310-aarch64-linux-gnu.so
[13.336s] -- Up-to-date: /home/hsun/ros2_ws/install/custom_action_interfaces/lib/python3.10/site-packages/custom_action_interfaces/custom_action_interfaces_s__rosidl_typesupport_introspection_c.cpython-310-aarch64-linux-gnu.so
[13.347s] -- Up-to-date: /home/hsun/ros2_ws/install/custom_action_interfaces/lib/python3.10/site-packages/custom_action_interfaces/custom_action_interfaces_s__rosidl_typesupport_c.cpython-310-aarch64-linux-gnu.so
[13.371s] -- Up-to-date: /home/hsun/ros2_ws/install/custom_action_interfaces/lib/libcustom_action_interfaces__rosidl_generator_py.so
[13.385s] -- Up-to-date: /home/hsun/ros2_ws/install/custom_action_interfaces/share/custom_action_interfaces/action/Fibonacci.idl
[13.389s] -- Up-to-date: /home/hsun/ros2_ws/install/custom_action_interfaces/share/custom_action_interfaces/action/Fibonacci.action
[13.405s] -- Up-to-date: /home/hsun/ros2_ws/install/custom_action_interfaces/share/ament_index/resource_index/package_run_dependencies/custom_action_interfaces
[13.405s] -- Up-to-date: /home/hsun/ros2_ws/install/custom_action_interfaces/share/ament_index/resource_index/parent_prefix_path/custom_action_interfaces
[13.411s] -- Up-to-date: /home/hsun/ros2_ws/install/custom_action_interfaces/share/custom_action_interfaces/environment/ament_prefix_path.sh
[13.412s] -- Up-to-date: /home/hsun/ros2_ws/install/custom_action_interfaces/share/custom_action_interfaces/environment/ament_prefix_path.dsv
[13.413s] -- Up-to-date: /home/hsun/ros2_ws/install/custom_action_interfaces/share/custom_action_interfaces/environment/path.sh
[13.417s] -- Up-to-date: /home/hsun/ros2_ws/install/custom_action_interfaces/share/custom_action_interfaces/environment/path.dsv
[13.431s] -- Up-to-date: /home/hsun/ros2_ws/install/custom_action_interfaces/share/custom_action_interfaces/local_setup.bash
[13.432s] -- Up-to-date: /home/hsun/ros2_ws/install/custom_action_interfaces/share/custom_action_interfaces/local_setup.sh
[13.433s] -- Up-to-date: /home/hsun/ros2_ws/install/custom_action_interfaces/share/custom_action_interfaces/local_setup.zsh
[13.436s] -- Up-to-date: /home/hsun/ros2_ws/install/custom_action_interfaces/share/custom_action_interfaces/local_setup.dsv
[13.445s] -- Installing: /home/hsun/ros2_ws/install/custom_action_interfaces/share/custom_action_interfaces/package.dsv
[13.457s] -- Up-to-date: /home/hsun/ros2_ws/install/custom_action_interfaces/share/ament_index/resource_index/packages/custom_action_interfaces
[13.496s] -- Up-to-date: /home/hsun/ros2_ws/install/custom_action_interfaces/share/custom_action_interfaces/cmake/export_custom_action_interfaces__rosidl_generator_cExport.cmake
[13.529s] -- Up-to-date: /home/hsun/ros2_ws/install/custom_action_interfaces/share/custom_action_interfaces/cmake/export_custom_action_interfaces__rosidl_generator_cExport-noconfig.cmake
[13.535s] -- Up-to-date: /home/hsun/ros2_ws/install/custom_action_interfaces/share/custom_action_interfaces/cmake/export_custom_action_interfaces__rosidl_typesupport_fastrtps_cExport.cmake
[13.542s] -- Up-to-date: /home/hsun/ros2_ws/install/custom_action_interfaces/share/custom_action_interfaces/cmake/export_custom_action_interfaces__rosidl_typesupport_fastrtps_cExport-noconfig.cmake
[13.556s] -- Up-to-date: /home/hsun/ros2_ws/install/custom_action_interfaces/share/custom_action_interfaces/cmake/custom_action_interfaces__rosidl_typesupport_introspection_cExport.cmake
[13.557s] -- Up-to-date: /home/hsun/ros2_ws/install/custom_action_interfaces/share/custom_action_interfaces/cmake/custom_action_interfaces__rosidl_typesupport_introspection_cExport-noconfig.cmake
[13.558s] -- Up-to-date: /home/hsun/ros2_ws/install/custom_action_interfaces/share/custom_action_interfaces/cmake/custom_action_interfaces__rosidl_typesupport_cExport.cmake
[13.560s] -- Up-to-date: /home/hsun/ros2_ws/install/custom_action_interfaces/share/custom_action_interfaces/cmake/custom_action_interfaces__rosidl_typesupport_cExport-noconfig.cmake
[13.560s] -- Up-to-date: /home/hsun/ros2_ws/install/custom_action_interfaces/share/custom_action_interfaces/cmake/export_custom_action_interfaces__rosidl_generator_cppExport.cmake
[13.561s] -- Up-to-date: /home/hsun/ros2_ws/install/custom_action_interfaces/share/custom_action_interfaces/cmake/export_custom_action_interfaces__rosidl_typesupport_fastrtps_cppExport.cmake
[13.563s] -- Up-to-date: /home/hsun/ros2_ws/install/custom_action_interfaces/share/custom_action_interfaces/cmake/export_custom_action_interfaces__rosidl_typesupport_fastrtps_cppExport-noconfig.cmake
[13.563s] -- Up-to-date: /home/hsun/ros2_ws/install/custom_action_interfaces/share/custom_action_interfaces/cmake/custom_action_interfaces__rosidl_typesupport_introspection_cppExport.cmake
[13.574s] -- Up-to-date: /home/hsun/ros2_ws/install/custom_action_interfaces/share/custom_action_interfaces/cmake/custom_action_interfaces__rosidl_typesupport_introspection_cppExport-noconfig.cmake
[13.575s] -- Up-to-date: /home/hsun/ros2_ws/install/custom_action_interfaces/share/custom_action_interfaces/cmake/custom_action_interfaces__rosidl_typesupport_cppExport.cmake
[13.576s] -- Up-to-date: /home/hsun/ros2_ws/install/custom_action_interfaces/share/custom_action_interfaces/cmake/custom_action_interfaces__rosidl_typesupport_cppExport-noconfig.cmake
[13.590s] -- Up-to-date: /home/hsun/ros2_ws/install/custom_action_interfaces/share/custom_action_interfaces/cmake/export_custom_action_interfaces__rosidl_generator_pyExport.cmake
[13.591s] -- Up-to-date: /home/hsun/ros2_ws/install/custom_action_interfaces/share/custom_action_interfaces/cmake/export_custom_action_interfaces__rosidl_generator_pyExport-noconfig.cmake
[13.592s] -- Up-to-date: /home/hsun/ros2_ws/install/custom_action_interfaces/share/custom_action_interfaces/cmake/rosidl_cmake-extras.cmake
[13.593s] -- Up-to-date: /home/hsun/ros2_ws/install/custom_action_interfaces/share/custom_action_interfaces/cmake/ament_cmake_export_dependencies-extras.cmake
[13.594s] -- Up-to-date: /home/hsun/ros2_ws/install/custom_action_interfaces/share/custom_action_interfaces/cmake/ament_cmake_export_include_directories-extras.cmake
[13.595s] -- Up-to-date: /home/hsun/ros2_ws/install/custom_action_interfaces/share/custom_action_interfaces/cmake/ament_cmake_export_libraries-extras.cmake
[13.595s] -- Up-to-date: /home/hsun/ros2_ws/install/custom_action_interfaces/share/custom_action_interfaces/cmake/ament_cmake_export_targets-extras.cmake
[13.596s] -- Up-to-date: /home/hsun/ros2_ws/install/custom_action_interfaces/share/custom_action_interfaces/cmake/rosidl_cmake_export_typesupport_targets-extras.cmake
[13.597s] -- Up-to-date: /home/hsun/ros2_ws/install/custom_action_interfaces/share/custom_action_interfaces/cmake/rosidl_cmake_export_typesupport_libraries-extras.cmake
[13.597s] -- Up-to-date: /home/hsun/ros2_ws/install/custom_action_interfaces/share/custom_action_interfaces/cmake/custom_action_interfacesConfig.cmake
[13.619s] -- Up-to-date: /home/hsun/ros2_ws/install/custom_action_interfaces/share/custom_action_interfaces/cmake/custom_action_interfacesConfig-version.cmake
[13.621s] -- Up-to-date: /home/hsun/ros2_ws/install/custom_action_interfaces/share/custom_action_interfaces/package.xml
[13.645s] Invoked command in '/home/hsun/ros2_ws/build/custom_action_interfaces' returned '0': /usr/bin/cmake --install /home/hsun/ros2_ws/build/custom_action_interfaces
