[13.042s] Invoking command in '/home/hsun/ros2_ws/src/py_launch_example': PYTHONPATH=/home/hsun/ros2_ws/build/py_launch_example/prefix_override:/home/hsun/ros2_ws/install/py_launch_example/lib/python3.10/site-packages:${PYTHONPATH} /usr/bin/python3 setup.py egg_info --egg-base ../../build/py_launch_example build --build-base /home/hsun/ros2_ws/build/py_launch_example/build install --record /home/hsun/ros2_ws/build/py_launch_example/install.log --single-version-externally-managed
[17.543s] running egg_info
[17.547s] writing ../../build/py_launch_example/py_launch_example.egg-info/PKG-INFO
[17.549s] writing dependency_links to ../../build/py_launch_example/py_launch_example.egg-info/dependency_links.txt
[17.550s] writing entry points to ../../build/py_launch_example/py_launch_example.egg-info/entry_points.txt
[17.551s] writing requirements to ../../build/py_launch_example/py_launch_example.egg-info/requires.txt
[17.552s] writing top-level names to ../../build/py_launch_example/py_launch_example.egg-info/top_level.txt
[17.564s] reading manifest file '../../build/py_launch_example/py_launch_example.egg-info/SOURCES.txt'
[17.569s] writing manifest file '../../build/py_launch_example/py_launch_example.egg-info/SOURCES.txt'
[17.570s] running build
[17.571s] running build_py
[17.579s] copying py_launch_example/__init__.py -> /home/hsun/ros2_ws/build/py_launch_example/build/lib/py_launch_example
[17.580s] /usr/lib/python3/dist-packages/setuptools/command/install.py:34: SetuptoolsDeprecationWarning: setup.py install is deprecated. Use build and pip and other standards-based tools.
[17.581s]   warnings.warn(
[17.581s] running install
[17.582s] running install_lib
[17.591s] copying /home/hsun/ros2_ws/build/py_launch_example/build/lib/py_launch_example/__init__.py -> /home/hsun/ros2_ws/install/py_launch_example/lib/python3.10/site-packages/py_launch_example
[17.592s] byte-compiling /home/hsun/ros2_ws/install/py_launch_example/lib/python3.10/site-packages/py_launch_example/__init__.py to __init__.cpython-310.pyc
[17.593s] running install_data
[17.603s] copying resource/py_launch_example -> /home/hsun/ros2_ws/install/py_launch_example/share/ament_index/resource_index/packages
[17.605s] copying package.xml -> /home/hsun/ros2_ws/install/py_launch_example/share/py_launch_example
[17.606s] creating /home/hsun/ros2_ws/install/py_launch_example/share/py_launch_example/launch
[17.607s] copying launch/my_script_launch.py -> /home/hsun/ros2_ws/install/py_launch_example/share/py_launch_example/launch
[17.607s] running install_egg_info
[17.608s] removing '/home/hsun/ros2_ws/install/py_launch_example/lib/python3.10/site-packages/py_launch_example-0.0.0-py3.10.egg-info' (and everything under it)
[17.609s] Copying ../../build/py_launch_example/py_launch_example.egg-info to /home/hsun/ros2_ws/install/py_launch_example/lib/python3.10/site-packages/py_launch_example-0.0.0-py3.10.egg-info
[17.616s] running install_scripts
[17.857s] writing list of installed files to '/home/hsun/ros2_ws/build/py_launch_example/install.log'
[18.770s] Invoked command in '/home/hsun/ros2_ws/src/py_launch_example' returned '0': PYTHONPATH=/home/hsun/ros2_ws/build/py_launch_example/prefix_override:/home/hsun/ros2_ws/install/py_launch_example/lib/python3.10/site-packages:${PYTHONPATH} /usr/bin/python3 setup.py egg_info --egg-base ../../build/py_launch_example build --build-base /home/hsun/ros2_ws/build/py_launch_example/build install --record /home/hsun/ros2_ws/build/py_launch_example/install.log --single-version-externally-managed
