[0.131s] Invoking command in '/home/hsun/ros2_ws/build/custom_action_cpp': AMENT_PREFIX_PATH=/home/hsun/ros2_ws/install/custom_action_interfaces CMAKE_PREFIX_PATH=/home/hsun/ros2_ws/install/custom_action_interfaces LD_LIBRARY_PATH=/home/hsun/ros2_ws/install/custom_action_interfaces/lib PYTHONPATH=/home/hsun/ros2_ws/install/custom_action_interfaces/lib/python3.10/site-packages /usr/bin/cmake --build /home/hsun/ros2_ws/build/custom_action_cpp -- -j4 -l4
[0.682s] -- Found ament_cmake: 2.0.3 (/opt/ros/iron/share/ament_cmake/cmake)
[3.695s] Traceback (most recent call last):
[3.702s]   File "/opt/ros/iron/share/ament_cmake_core/cmake/package_templates/templates_2_cmake.py", line 21, in <module>
[3.716s]     from ament_package.templates import get_environment_hook_template_path
[3.727s] ModuleNotFoundError: No module named 'ament_package'
[3.939s] [31mCMake Error at /opt/ros/iron/share/ament_cmake_core/cmake/ament_cmake_package_templates-extras.cmake:41 (message):
[3.954s]   execute_process(/usr/bin/python3.10
[3.955s] -- Configuring incomplete, errors occurred!
[3.955s]   /opt/ros/iron/share/ament_cmake_core/cmake/package_templates/templates_2_cmake.py
[3.956s]   /home/hsun/ros2_ws/build/custom_action_cpp/ament_cmake_package_templates/templates.cmake)
[3.957s]   returned error code 1
[3.958s] Call Stack (most recent call first):
[3.958s]   /opt/ros/iron/share/ament_cmake_core/cmake/ament_cmake_coreConfig.cmake:41 (include)
[3.959s]   /opt/ros/iron/share/ament_cmake/cmake/ament_cmake_export_dependencies-extras.cmake:15 (find_package)
[3.960s]   /opt/ros/iron/share/ament_cmake/cmake/ament_cmakeConfig.cmake:41 (include)
[3.960s]   CMakeLists.txt:9 (find_package)
[3.988s] 
[3.989s] [0m
[3.990s] See also "/home/hsun/ros2_ws/build/custom_action_cpp/CMakeFiles/CMakeOutput.log".
[3.991s] gmake: *** [Makefile:308: cmake_check_build_system] Error 1
[4.088s] Invoked command in '/home/hsun/ros2_ws/build/custom_action_cpp' returned '2': AMENT_PREFIX_PATH=/home/hsun/ros2_ws/install/custom_action_interfaces CMAKE_PREFIX_PATH=/home/hsun/ros2_ws/install/custom_action_interfaces LD_LIBRARY_PATH=/home/hsun/ros2_ws/install/custom_action_interfaces/lib PYTHONPATH=/home/hsun/ros2_ws/install/custom_action_interfaces/lib/python3.10/site-packages /usr/bin/cmake --build /home/hsun/ros2_ws/build/custom_action_cpp -- -j4 -l4
