[0.247s] Invoking command in '/home/hsun/ros2_ws/build/custom_action_interfaces': CMAKE_PREFIX_PATH=${CMAKE_PREFIX_PATH}:/home/hsun/ros2_ws/install/python_parameters:/home/hsun/ros2_ws/install/py_srvcli:/home/hsun/ros2_ws/install/py_pubsub:/opt/ros/iron /usr/bin/cmake --build /home/hsun/ros2_ws/build/custom_action_interfaces -- -j4 -l4
[0.841s] [  2%] Built target custom_action_interfaces__rosidl_generator_type_description
[1.154s] [  2%] Built target ament_cmake_python_copy_custom_action_interfaces
[1.163s] [35m[1mConsolidate compiler generated dependencies of target custom_action_interfaces__rosidl_generator_c[0m
[1.357s] [  5%] Built target custom_action_interfaces__cpp
[1.615s] [ 20%] Built target custom_action_interfaces__rosidl_generator_c
[1.861s] [35m[1mConsolidate compiler generated dependencies of target custom_action_interfaces__rosidl_typesupport_cpp[0m
[1.979s] [35m[1mConsolidate compiler generated dependencies of target custom_action_interfaces__rosidl_typesupport_introspection_c[0m
[2.020s] [35m[1mConsolidate compiler generated dependencies of target custom_action_interfaces__rosidl_typesupport_fastrtps_c[0m
[2.151s] [ 29%] Built target custom_action_interfaces__rosidl_typesupport_cpp
[2.439s] [ 38%] Built target custom_action_interfaces__rosidl_typesupport_introspection_c
[2.657s] [35m[1mConsolidate compiler generated dependencies of target custom_action_interfaces__rosidl_typesupport_c[0m
[2.667s] [ 47%] Built target custom_action_interfaces__rosidl_typesupport_fastrtps_c
[2.781s] [35m[1mConsolidate compiler generated dependencies of target custom_action_interfaces__rosidl_typesupport_fastrtps_cpp[0m
[2.925s] [35m[1mConsolidate compiler generated dependencies of target custom_action_interfaces__rosidl_typesupport_introspection_cpp[0m
[3.240s] [ 55%] Built target custom_action_interfaces__rosidl_typesupport_c
[3.375s] [ 73%] Built target custom_action_interfaces__rosidl_typesupport_fastrtps_cpp
[3.379s] [ 73%] Built target custom_action_interfaces__rosidl_typesupport_introspection_cpp
[3.917s] [ 73%] Built target custom_action_interfaces
[4.264s] [ 76%] Built target custom_action_interfaces__py
[4.552s] [35m[1mConsolidate compiler generated dependencies of target custom_action_interfaces__rosidl_generator_py[0m
[4.788s] [ 82%] Built target custom_action_interfaces__rosidl_generator_py
[5.105s] [35m[1mConsolidate compiler generated dependencies of target custom_action_interfaces__rosidl_typesupport_fastrtps_c__pyext[0m
[5.113s] [35m[1mConsolidate compiler generated dependencies of target custom_action_interfaces__rosidl_typesupport_c__pyext[0m
[5.238s] [35m[1mConsolidate compiler generated dependencies of target custom_action_interfaces__rosidl_typesupport_introspection_c__pyext[0m
[5.603s] [ 88%] Built target custom_action_interfaces__rosidl_typesupport_c__pyext
[5.641s] [ 94%] Built target custom_action_interfaces__rosidl_typesupport_fastrtps_c__pyext
[5.646s] [100%] Built target custom_action_interfaces__rosidl_typesupport_introspection_c__pyext
[7.870s] running egg_info
[7.880s] writing custom_action_interfaces.egg-info/PKG-INFO
[7.903s] writing dependency_links to custom_action_interfaces.egg-info/dependency_links.txt
[7.904s] writing top-level names to custom_action_interfaces.egg-info/top_level.txt
[7.927s] reading manifest file 'custom_action_interfaces.egg-info/SOURCES.txt'
[7.942s] writing manifest file 'custom_action_interfaces.egg-info/SOURCES.txt'
[8.614s] [100%] Built target ament_cmake_python_build_custom_action_interfaces_egg
[8.993s] Invoked command in '/home/hsun/ros2_ws/build/custom_action_interfaces' returned '0': CMAKE_PREFIX_PATH=${CMAKE_PREFIX_PATH}:/home/hsun/ros2_ws/install/python_parameters:/home/hsun/ros2_ws/install/py_srvcli:/home/hsun/ros2_ws/install/py_pubsub:/opt/ros/iron /usr/bin/cmake --build /home/hsun/ros2_ws/build/custom_action_interfaces -- -j4 -l4
[12.841s] Invoking command in '/home/hsun/ros2_ws/build/custom_action_interfaces': CMAKE_PREFIX_PATH=${CMAKE_PREFIX_PATH}:/home/hsun/ros2_ws/install/python_parameters:/home/hsun/ros2_ws/install/py_srvcli:/home/hsun/ros2_ws/install/py_pubsub:/opt/ros/iron /usr/bin/cmake --install /home/hsun/ros2_ws/build/custom_action_interfaces
[12.928s] -- Install configuration: ""
[12.928s] -- Up-to-date: /home/hsun/ros2_ws/install/custom_action_interfaces/share/ament_index/resource_index/rosidl_interfaces/custom_action_interfaces
[12.933s] -- Up-to-date: /home/hsun/ros2_ws/install/custom_action_interfaces/share/custom_action_interfaces/action/Fibonacci.json
[12.934s] -- Up-to-date: /home/hsun/ros2_ws/install/custom_action_interfaces/include/custom_action_interfaces/custom_action_interfaces
[12.935s] -- Up-to-date: /home/hsun/ros2_ws/install/custom_action_interfaces/include/custom_action_interfaces/custom_action_interfaces/msg
[12.935s] -- Up-to-date: /home/hsun/ros2_ws/install/custom_action_interfaces/include/custom_action_interfaces/custom_action_interfaces/msg/rosidl_generator_c__visibility_control.h
[12.969s] -- Up-to-date: /home/hsun/ros2_ws/install/custom_action_interfaces/include/custom_action_interfaces/custom_action_interfaces/action
[12.981s] -- Up-to-date: /home/hsun/ros2_ws/install/custom_action_interfaces/include/custom_action_interfaces/custom_action_interfaces/action/detail
[12.981s] -- Up-to-date: /home/hsun/ros2_ws/install/custom_action_interfaces/include/custom_action_interfaces/custom_action_interfaces/action/detail/fibonacci__functions.h
[12.982s] -- Up-to-date: /home/hsun/ros2_ws/install/custom_action_interfaces/include/custom_action_interfaces/custom_action_interfaces/action/detail/fibonacci__functions.c
[12.982s] -- Up-to-date: /home/hsun/ros2_ws/install/custom_action_interfaces/include/custom_action_interfaces/custom_action_interfaces/action/detail/fibonacci__description.c
[12.983s] -- Up-to-date: /home/hsun/ros2_ws/install/custom_action_interfaces/include/custom_action_interfaces/custom_action_interfaces/action/detail/fibonacci__type_support.h
[12.998s] -- Up-to-date: /home/hsun/ros2_ws/install/custom_action_interfaces/include/custom_action_interfaces/custom_action_interfaces/action/detail/fibonacci__struct.h
[12.998s] -- Installing: /home/hsun/ros2_ws/install/custom_action_interfaces/include/custom_action_interfaces/custom_action_interfaces/action/detail/fibonacci__type_support.c
[12.999s] -- Up-to-date: /home/hsun/ros2_ws/install/custom_action_interfaces/include/custom_action_interfaces/custom_action_interfaces/action/fibonacci.h
[13.000s] -- Up-to-date: /home/hsun/ros2_ws/install/custom_action_interfaces/share/custom_action_interfaces/environment/library_path.sh
[13.004s] -- Up-to-date: /home/hsun/ros2_ws/install/custom_action_interfaces/share/custom_action_interfaces/environment/library_path.dsv
[13.005s] -- Up-to-date: /home/hsun/ros2_ws/install/custom_action_interfaces/lib/libcustom_action_interfaces__rosidl_generator_c.so
[13.006s] -- Up-to-date: /home/hsun/ros2_ws/install/custom_action_interfaces/include/custom_action_interfaces/custom_action_interfaces
[13.007s] -- Up-to-date: /home/hsun/ros2_ws/install/custom_action_interfaces/include/custom_action_interfaces/custom_action_interfaces/msg
[13.007s] -- Up-to-date: /home/hsun/ros2_ws/install/custom_action_interfaces/include/custom_action_interfaces/custom_action_interfaces/msg/rosidl_typesupport_fastrtps_c__visibility_control.h
[13.013s] -- Up-to-date: /home/hsun/ros2_ws/install/custom_action_interfaces/include/custom_action_interfaces/custom_action_interfaces/action
[13.013s] -- Up-to-date: /home/hsun/ros2_ws/install/custom_action_interfaces/include/custom_action_interfaces/custom_action_interfaces/action/detail
[13.014s] -- Up-to-date: /home/hsun/ros2_ws/install/custom_action_interfaces/include/custom_action_interfaces/custom_action_interfaces/action/detail/fibonacci__rosidl_typesupport_fastrtps_c.h
[13.015s] -- Up-to-date: /home/hsun/ros2_ws/install/custom_action_interfaces/lib/libcustom_action_interfaces__rosidl_typesupport_fastrtps_c.so
[13.016s] -- Up-to-date: /home/hsun/ros2_ws/install/custom_action_interfaces/include/custom_action_interfaces/custom_action_interfaces
[13.033s] -- Up-to-date: /home/hsun/ros2_ws/install/custom_action_interfaces/include/custom_action_interfaces/custom_action_interfaces/msg
[13.034s] -- Up-to-date: /home/hsun/ros2_ws/install/custom_action_interfaces/include/custom_action_interfaces/custom_action_interfaces/msg/rosidl_typesupport_introspection_c__visibility_control.h
[13.034s] -- Up-to-date: /home/hsun/ros2_ws/install/custom_action_interfaces/include/custom_action_interfaces/custom_action_interfaces/action
[13.040s] -- Up-to-date: /home/hsun/ros2_ws/install/custom_action_interfaces/include/custom_action_interfaces/custom_action_interfaces/action/detail
[13.041s] -- Up-to-date: /home/hsun/ros2_ws/install/custom_action_interfaces/include/custom_action_interfaces/custom_action_interfaces/action/detail/fibonacci__rosidl_typesupport_introspection_c.h
[13.041s] -- Installing: /home/hsun/ros2_ws/install/custom_action_interfaces/include/custom_action_interfaces/custom_action_interfaces/action/detail/fibonacci__type_support.c
[13.042s] -- Up-to-date: /home/hsun/ros2_ws/install/custom_action_interfaces/lib/libcustom_action_interfaces__rosidl_typesupport_introspection_c.so
[13.042s] -- Up-to-date: /home/hsun/ros2_ws/install/custom_action_interfaces/lib/libcustom_action_interfaces__rosidl_typesupport_c.so
[13.043s] -- Up-to-date: /home/hsun/ros2_ws/install/custom_action_interfaces/include/custom_action_interfaces/custom_action_interfaces
[13.043s] -- Up-to-date: /home/hsun/ros2_ws/install/custom_action_interfaces/include/custom_action_interfaces/custom_action_interfaces/action
[13.044s] -- Up-to-date: /home/hsun/ros2_ws/install/custom_action_interfaces/include/custom_action_interfaces/custom_action_interfaces/action/detail
[13.065s] -- Up-to-date: /home/hsun/ros2_ws/install/custom_action_interfaces/include/custom_action_interfaces/custom_action_interfaces/action/detail/fibonacci__traits.hpp
[13.065s] -- Up-to-date: /home/hsun/ros2_ws/install/custom_action_interfaces/include/custom_action_interfaces/custom_action_interfaces/action/detail/fibonacci__builder.hpp
[13.066s] -- Up-to-date: /home/hsun/ros2_ws/install/custom_action_interfaces/include/custom_action_interfaces/custom_action_interfaces/action/detail/fibonacci__struct.hpp
[13.066s] -- Up-to-date: /home/hsun/ros2_ws/install/custom_action_interfaces/include/custom_action_interfaces/custom_action_interfaces/action/fibonacci.hpp
[13.067s] -- Up-to-date: /home/hsun/ros2_ws/install/custom_action_interfaces/include/custom_action_interfaces/custom_action_interfaces
[13.068s] -- Up-to-date: /home/hsun/ros2_ws/install/custom_action_interfaces/include/custom_action_interfaces/custom_action_interfaces/msg
[13.085s] -- Up-to-date: /home/hsun/ros2_ws/install/custom_action_interfaces/include/custom_action_interfaces/custom_action_interfaces/msg/rosidl_typesupport_fastrtps_cpp__visibility_control.h
[13.095s] -- Up-to-date: /home/hsun/ros2_ws/install/custom_action_interfaces/include/custom_action_interfaces/custom_action_interfaces/action
[13.095s] -- Up-to-date: /home/hsun/ros2_ws/install/custom_action_interfaces/include/custom_action_interfaces/custom_action_interfaces/action/detail
[13.096s] -- Up-to-date: /home/hsun/ros2_ws/install/custom_action_interfaces/include/custom_action_interfaces/custom_action_interfaces/action/detail/dds_fastrtps
[13.100s] -- Up-to-date: /home/hsun/ros2_ws/install/custom_action_interfaces/include/custom_action_interfaces/custom_action_interfaces/action/detail/fibonacci__rosidl_typesupport_fastrtps_cpp.hpp
[13.101s] -- Up-to-date: /home/hsun/ros2_ws/install/custom_action_interfaces/lib/libcustom_action_interfaces__rosidl_typesupport_fastrtps_cpp.so
[13.102s] -- Up-to-date: /home/hsun/ros2_ws/install/custom_action_interfaces/include/custom_action_interfaces/custom_action_interfaces
[13.102s] -- Up-to-date: /home/hsun/ros2_ws/install/custom_action_interfaces/include/custom_action_interfaces/custom_action_interfaces/action
[13.103s] -- Up-to-date: /home/hsun/ros2_ws/install/custom_action_interfaces/include/custom_action_interfaces/custom_action_interfaces/action/detail
[13.104s] -- Up-to-date: /home/hsun/ros2_ws/install/custom_action_interfaces/include/custom_action_interfaces/custom_action_interfaces/action/detail/fibonacci__rosidl_typesupport_introspection_cpp.hpp
[13.109s] -- Up-to-date: /home/hsun/ros2_ws/install/custom_action_interfaces/include/custom_action_interfaces/custom_action_interfaces/action/detail/fibonacci__type_support.cpp
[13.110s] -- Up-to-date: /home/hsun/ros2_ws/install/custom_action_interfaces/lib/libcustom_action_interfaces__rosidl_typesupport_introspection_cpp.so
[13.110s] -- Up-to-date: /home/hsun/ros2_ws/install/custom_action_interfaces/lib/libcustom_action_interfaces__rosidl_typesupport_cpp.so
[13.111s] -- Up-to-date: /home/hsun/ros2_ws/install/custom_action_interfaces/share/custom_action_interfaces/environment/pythonpath.sh
[13.111s] -- Up-to-date: /home/hsun/ros2_ws/install/custom_action_interfaces/share/custom_action_interfaces/environment/pythonpath.dsv
[13.112s] -- Up-to-date: /home/hsun/ros2_ws/install/custom_action_interfaces/lib/python3.10/site-packages/custom_action_interfaces-0.0.0-py3.10.egg-info
[13.117s] -- Installing: /home/hsun/ros2_ws/install/custom_action_interfaces/lib/python3.10/site-packages/custom_action_interfaces-0.0.0-py3.10.egg-info/SOURCES.txt
[13.118s] -- Installing: /home/hsun/ros2_ws/install/custom_action_interfaces/lib/python3.10/site-packages/custom_action_interfaces-0.0.0-py3.10.egg-info/PKG-INFO
[13.118s] -- Installing: /home/hsun/ros2_ws/install/custom_action_interfaces/lib/python3.10/site-packages/custom_action_interfaces-0.0.0-py3.10.egg-info/dependency_links.txt
[13.126s] -- Installing: /home/hsun/ros2_ws/install/custom_action_interfaces/lib/python3.10/site-packages/custom_action_interfaces-0.0.0-py3.10.egg-info/top_level.txt
[13.128s] -- Up-to-date: /home/hsun/ros2_ws/install/custom_action_interfaces/lib/python3.10/site-packages/custom_action_interfaces
[13.129s] -- Up-to-date: /home/hsun/ros2_ws/install/custom_action_interfaces/lib/python3.10/site-packages/custom_action_interfaces/_custom_action_interfaces_s.ep.rosidl_typesupport_c.c
[13.130s] -- Up-to-date: /home/hsun/ros2_ws/install/custom_action_interfaces/lib/python3.10/site-packages/custom_action_interfaces/_custom_action_interfaces_s.ep.rosidl_typesupport_introspection_c.c
[13.131s] -- Up-to-date: /home/hsun/ros2_ws/install/custom_action_interfaces/lib/python3.10/site-packages/custom_action_interfaces/__init__.py
[13.133s] -- Up-to-date: /home/hsun/ros2_ws/install/custom_action_interfaces/lib/python3.10/site-packages/custom_action_interfaces/custom_action_interfaces_s__rosidl_typesupport_introspection_c.cpython-310-aarch64-linux-gnu.so
[13.137s] -- Up-to-date: /home/hsun/ros2_ws/install/custom_action_interfaces/lib/python3.10/site-packages/custom_action_interfaces/custom_action_interfaces_s__rosidl_typesupport_c.cpython-310-aarch64-linux-gnu.so
[13.138s] -- Up-to-date: /home/hsun/ros2_ws/install/custom_action_interfaces/lib/python3.10/site-packages/custom_action_interfaces/_custom_action_interfaces_s.ep.rosidl_typesupport_fastrtps_c.c
[13.145s] -- Up-to-date: /home/hsun/ros2_ws/install/custom_action_interfaces/lib/python3.10/site-packages/custom_action_interfaces/custom_action_interfaces_s__rosidl_typesupport_fastrtps_c.cpython-310-aarch64-linux-gnu.so
[13.146s] -- Up-to-date: /home/hsun/ros2_ws/install/custom_action_interfaces/lib/python3.10/site-packages/custom_action_interfaces/action
[13.147s] -- Up-to-date: /home/hsun/ros2_ws/install/custom_action_interfaces/lib/python3.10/site-packages/custom_action_interfaces/action/__init__.py
[13.148s] -- Up-to-date: /home/hsun/ros2_ws/install/custom_action_interfaces/lib/python3.10/site-packages/custom_action_interfaces/action/_fibonacci.py
[13.148s] -- Up-to-date: /home/hsun/ros2_ws/install/custom_action_interfaces/lib/python3.10/site-packages/custom_action_interfaces/action/_fibonacci_s.c
[13.149s] -- Up-to-date: /home/hsun/ros2_ws/install/custom_action_interfaces/lib/python3.10/site-packages/custom_action_interfaces/libcustom_action_interfaces__rosidl_generator_py.so
[13.685s] Listing '/home/hsun/ros2_ws/install/custom_action_interfaces/lib/python3.10/site-packages/custom_action_interfaces'...
[13.686s] Listing '/home/hsun/ros2_ws/install/custom_action_interfaces/lib/python3.10/site-packages/custom_action_interfaces/action'...
[13.749s] -- Up-to-date: /home/hsun/ros2_ws/install/custom_action_interfaces/lib/python3.10/site-packages/custom_action_interfaces/custom_action_interfaces_s__rosidl_typesupport_fastrtps_c.cpython-310-aarch64-linux-gnu.so
[13.750s] -- Up-to-date: /home/hsun/ros2_ws/install/custom_action_interfaces/lib/python3.10/site-packages/custom_action_interfaces/custom_action_interfaces_s__rosidl_typesupport_introspection_c.cpython-310-aarch64-linux-gnu.so
[13.753s] -- Up-to-date: /home/hsun/ros2_ws/install/custom_action_interfaces/lib/python3.10/site-packages/custom_action_interfaces/custom_action_interfaces_s__rosidl_typesupport_c.cpython-310-aarch64-linux-gnu.so
[13.757s] -- Up-to-date: /home/hsun/ros2_ws/install/custom_action_interfaces/lib/libcustom_action_interfaces__rosidl_generator_py.so
[13.765s] -- Up-to-date: /home/hsun/ros2_ws/install/custom_action_interfaces/share/custom_action_interfaces/action/Fibonacci.idl
[13.766s] -- Up-to-date: /home/hsun/ros2_ws/install/custom_action_interfaces/share/custom_action_interfaces/action/Fibonacci.action
[13.769s] -- Up-to-date: /home/hsun/ros2_ws/install/custom_action_interfaces/share/ament_index/resource_index/package_run_dependencies/custom_action_interfaces
[13.769s] -- Up-to-date: /home/hsun/ros2_ws/install/custom_action_interfaces/share/ament_index/resource_index/parent_prefix_path/custom_action_interfaces
[13.770s] -- Up-to-date: /home/hsun/ros2_ws/install/custom_action_interfaces/share/custom_action_interfaces/environment/ament_prefix_path.sh
[13.770s] -- Up-to-date: /home/hsun/ros2_ws/install/custom_action_interfaces/share/custom_action_interfaces/environment/ament_prefix_path.dsv
[13.782s] -- Up-to-date: /home/hsun/ros2_ws/install/custom_action_interfaces/share/custom_action_interfaces/environment/path.sh
[13.783s] -- Up-to-date: /home/hsun/ros2_ws/install/custom_action_interfaces/share/custom_action_interfaces/environment/path.dsv
[13.783s] -- Up-to-date: /home/hsun/ros2_ws/install/custom_action_interfaces/share/custom_action_interfaces/local_setup.bash
[13.784s] -- Up-to-date: /home/hsun/ros2_ws/install/custom_action_interfaces/share/custom_action_interfaces/local_setup.sh
[13.785s] -- Up-to-date: /home/hsun/ros2_ws/install/custom_action_interfaces/share/custom_action_interfaces/local_setup.zsh
[13.786s] -- Up-to-date: /home/hsun/ros2_ws/install/custom_action_interfaces/share/custom_action_interfaces/local_setup.dsv
[13.786s] -- Installing: /home/hsun/ros2_ws/install/custom_action_interfaces/share/custom_action_interfaces/package.dsv
[13.793s] -- Up-to-date: /home/hsun/ros2_ws/install/custom_action_interfaces/share/ament_index/resource_index/packages/custom_action_interfaces
[13.794s] -- Up-to-date: /home/hsun/ros2_ws/install/custom_action_interfaces/share/custom_action_interfaces/cmake/export_custom_action_interfaces__rosidl_generator_cExport.cmake
[13.795s] -- Up-to-date: /home/hsun/ros2_ws/install/custom_action_interfaces/share/custom_action_interfaces/cmake/export_custom_action_interfaces__rosidl_generator_cExport-noconfig.cmake
[13.805s] -- Up-to-date: /home/hsun/ros2_ws/install/custom_action_interfaces/share/custom_action_interfaces/cmake/export_custom_action_interfaces__rosidl_typesupport_fastrtps_cExport.cmake
[13.806s] -- Up-to-date: /home/hsun/ros2_ws/install/custom_action_interfaces/share/custom_action_interfaces/cmake/export_custom_action_interfaces__rosidl_typesupport_fastrtps_cExport-noconfig.cmake
[13.807s] -- Up-to-date: /home/hsun/ros2_ws/install/custom_action_interfaces/share/custom_action_interfaces/cmake/custom_action_interfaces__rosidl_typesupport_introspection_cExport.cmake
[13.807s] -- Up-to-date: /home/hsun/ros2_ws/install/custom_action_interfaces/share/custom_action_interfaces/cmake/custom_action_interfaces__rosidl_typesupport_introspection_cExport-noconfig.cmake
[13.808s] -- Up-to-date: /home/hsun/ros2_ws/install/custom_action_interfaces/share/custom_action_interfaces/cmake/custom_action_interfaces__rosidl_typesupport_cExport.cmake
[13.813s] -- Up-to-date: /home/hsun/ros2_ws/install/custom_action_interfaces/share/custom_action_interfaces/cmake/custom_action_interfaces__rosidl_typesupport_cExport-noconfig.cmake
[13.814s] -- Up-to-date: /home/hsun/ros2_ws/install/custom_action_interfaces/share/custom_action_interfaces/cmake/export_custom_action_interfaces__rosidl_generator_cppExport.cmake
[13.821s] -- Up-to-date: /home/hsun/ros2_ws/install/custom_action_interfaces/share/custom_action_interfaces/cmake/export_custom_action_interfaces__rosidl_typesupport_fastrtps_cppExport.cmake
[13.822s] -- Up-to-date: /home/hsun/ros2_ws/install/custom_action_interfaces/share/custom_action_interfaces/cmake/export_custom_action_interfaces__rosidl_typesupport_fastrtps_cppExport-noconfig.cmake
[13.823s] -- Up-to-date: /home/hsun/ros2_ws/install/custom_action_interfaces/share/custom_action_interfaces/cmake/custom_action_interfaces__rosidl_typesupport_introspection_cppExport.cmake
[13.824s] -- Up-to-date: /home/hsun/ros2_ws/install/custom_action_interfaces/share/custom_action_interfaces/cmake/custom_action_interfaces__rosidl_typesupport_introspection_cppExport-noconfig.cmake
[13.825s] -- Up-to-date: /home/hsun/ros2_ws/install/custom_action_interfaces/share/custom_action_interfaces/cmake/custom_action_interfaces__rosidl_typesupport_cppExport.cmake
[13.826s] -- Up-to-date: /home/hsun/ros2_ws/install/custom_action_interfaces/share/custom_action_interfaces/cmake/custom_action_interfaces__rosidl_typesupport_cppExport-noconfig.cmake
[13.837s] -- Up-to-date: /home/hsun/ros2_ws/install/custom_action_interfaces/share/custom_action_interfaces/cmake/export_custom_action_interfaces__rosidl_generator_pyExport.cmake
[13.838s] -- Up-to-date: /home/hsun/ros2_ws/install/custom_action_interfaces/share/custom_action_interfaces/cmake/export_custom_action_interfaces__rosidl_generator_pyExport-noconfig.cmake
[13.838s] -- Up-to-date: /home/hsun/ros2_ws/install/custom_action_interfaces/share/custom_action_interfaces/cmake/rosidl_cmake-extras.cmake
[13.839s] -- Up-to-date: /home/hsun/ros2_ws/install/custom_action_interfaces/share/custom_action_interfaces/cmake/ament_cmake_export_dependencies-extras.cmake
[13.840s] -- Up-to-date: /home/hsun/ros2_ws/install/custom_action_interfaces/share/custom_action_interfaces/cmake/ament_cmake_export_include_directories-extras.cmake
[13.840s] -- Up-to-date: /home/hsun/ros2_ws/install/custom_action_interfaces/share/custom_action_interfaces/cmake/ament_cmake_export_libraries-extras.cmake
[13.841s] -- Up-to-date: /home/hsun/ros2_ws/install/custom_action_interfaces/share/custom_action_interfaces/cmake/ament_cmake_export_targets-extras.cmake
[13.852s] -- Up-to-date: /home/hsun/ros2_ws/install/custom_action_interfaces/share/custom_action_interfaces/cmake/rosidl_cmake_export_typesupport_targets-extras.cmake
[13.854s] -- Up-to-date: /home/hsun/ros2_ws/install/custom_action_interfaces/share/custom_action_interfaces/cmake/rosidl_cmake_export_typesupport_libraries-extras.cmake
[13.855s] -- Up-to-date: /home/hsun/ros2_ws/install/custom_action_interfaces/share/custom_action_interfaces/cmake/custom_action_interfacesConfig.cmake
[13.856s] -- Up-to-date: /home/hsun/ros2_ws/install/custom_action_interfaces/share/custom_action_interfaces/cmake/custom_action_interfacesConfig-version.cmake
[13.857s] -- Up-to-date: /home/hsun/ros2_ws/install/custom_action_interfaces/share/custom_action_interfaces/package.xml
[13.900s] Invoked command in '/home/hsun/ros2_ws/build/custom_action_interfaces' returned '0': CMAKE_PREFIX_PATH=${CMAKE_PREFIX_PATH}:/home/hsun/ros2_ws/install/python_parameters:/home/hsun/ros2_ws/install/py_srvcli:/home/hsun/ros2_ws/install/py_pubsub:/opt/ros/iron /usr/bin/cmake --install /home/hsun/ros2_ws/build/custom_action_interfaces
