[5.852s] Invoking command in '/home/hsun/ros2_ws/src/py_srvcli': PYTHONPATH=/home/hsun/ros2_ws/build/py_srvcli/prefix_override:/home/hsun/ros2_ws/install/py_srvcli/lib/python3.10/site-packages:${PYTHONPATH} /usr/bin/python3 setup.py egg_info --egg-base ../../build/py_srvcli build --build-base /home/hsun/ros2_ws/build/py_srvcli/build install --record /home/hsun/ros2_ws/build/py_srvcli/install.log --single-version-externally-managed
[8.502s] running egg_info
[8.510s] writing ../../build/py_srvcli/py_srvcli.egg-info/PKG-INFO
[8.512s] writing dependency_links to ../../build/py_srvcli/py_srvcli.egg-info/dependency_links.txt
[8.515s] writing entry points to ../../build/py_srvcli/py_srvcli.egg-info/entry_points.txt
[8.517s] writing requirements to ../../build/py_srvcli/py_srvcli.egg-info/requires.txt
[8.518s] writing top-level names to ../../build/py_srvcli/py_srvcli.egg-info/top_level.txt
[8.555s] reading manifest file '../../build/py_srvcli/py_srvcli.egg-info/SOURCES.txt'
[8.560s] writing manifest file '../../build/py_srvcli/py_srvcli.egg-info/SOURCES.txt'
[8.563s] running build
[8.564s] running build_py
[8.568s] copying py_srvcli/__init__.py -> /home/hsun/ros2_ws/build/py_srvcli/build/lib/py_srvcli
[8.570s] copying py_srvcli/service_member_function.py -> /home/hsun/ros2_ws/build/py_srvcli/build/lib/py_srvcli
[8.573s] copying py_srvcli/client_member_function.py -> /home/hsun/ros2_ws/build/py_srvcli/build/lib/py_srvcli
[8.578s] running install
[8.581s] /usr/lib/python3/dist-packages/setuptools/command/install.py:34: SetuptoolsDeprecationWarning: setup.py install is deprecated. Use build and pip and other standards-based tools.
[8.582s]   warnings.warn(
[8.586s] running install_lib
[8.598s] copying /home/hsun/ros2_ws/build/py_srvcli/build/lib/py_srvcli/__init__.py -> /home/hsun/ros2_ws/install/py_srvcli/lib/python3.10/site-packages/py_srvcli
[8.602s] copying /home/hsun/ros2_ws/build/py_srvcli/build/lib/py_srvcli/service_member_function.py -> /home/hsun/ros2_ws/install/py_srvcli/lib/python3.10/site-packages/py_srvcli
[8.607s] copying /home/hsun/ros2_ws/build/py_srvcli/build/lib/py_srvcli/client_member_function.py -> /home/hsun/ros2_ws/install/py_srvcli/lib/python3.10/site-packages/py_srvcli
[8.615s] byte-compiling /home/hsun/ros2_ws/install/py_srvcli/lib/python3.10/site-packages/py_srvcli/__init__.py to __init__.cpython-310.pyc
[8.619s] byte-compiling /home/hsun/ros2_ws/install/py_srvcli/lib/python3.10/site-packages/py_srvcli/service_member_function.py to service_member_function.cpython-310.pyc
[8.625s] byte-compiling /home/hsun/ros2_ws/install/py_srvcli/lib/python3.10/site-packages/py_srvcli/client_member_function.py to client_member_function.cpython-310.pyc
[8.632s] running install_data
[8.638s] copying resource/py_srvcli -> /home/hsun/ros2_ws/install/py_srvcli/share/ament_index/resource_index/packages
[8.647s] copying package.xml -> /home/hsun/ros2_ws/install/py_srvcli/share/py_srvcli
[8.647s] running install_egg_info
[8.670s] removing '/home/hsun/ros2_ws/install/py_srvcli/lib/python3.10/site-packages/py_srvcli-0.0.0-py3.10.egg-info' (and everything under it)
[8.670s] Copying ../../build/py_srvcli/py_srvcli.egg-info to /home/hsun/ros2_ws/install/py_srvcli/lib/python3.10/site-packages/py_srvcli-0.0.0-py3.10.egg-info
[8.675s] running install_scripts
[8.803s] Installing client script to /home/hsun/ros2_ws/install/py_srvcli/lib/py_srvcli
[8.806s] Installing service script to /home/hsun/ros2_ws/install/py_srvcli/lib/py_srvcli
[8.809s] writing list of installed files to '/home/hsun/ros2_ws/build/py_srvcli/install.log'
[8.997s] Invoked command in '/home/hsun/ros2_ws/src/py_srvcli' returned '0': PYTHONPATH=/home/hsun/ros2_ws/build/py_srvcli/prefix_override:/home/hsun/ros2_ws/install/py_srvcli/lib/python3.10/site-packages:${PYTHONPATH} /usr/bin/python3 setup.py egg_info --egg-base ../../build/py_srvcli build --build-base /home/hsun/ros2_ws/build/py_srvcli/build install --record /home/hsun/ros2_ws/build/py_srvcli/install.log --single-version-externally-managed
