[0.153s] Invoking command in '/home/hsun/ros2_ws/build/learning_tf2_cpp': AMENT_PREFIX_PATH=/home/hsun/ros2_ws/install/turtlesim:${AMENT_PREFIX_PATH} CMAKE_PREFIX_PATH=/home/hsun/ros2_ws/install/turtlesim:/opt/ros/iron LD_LIBRARY_PATH=/home/hsun/ros2_ws/install/turtlesim/lib:${LD_LIBRARY_PATH} PYTHONPATH=/home/hsun/ros2_ws/install/turtlesim/lib/python3.10/site-packages:${PYTHONPATH} /usr/bin/cmake --build /home/hsun/ros2_ws/build/learning_tf2_cpp -- -j4 -l4
[0.581s] -- Found ament_cmake: 2.0.3 (/opt/ros/iron/share/ament_cmake/cmake)
[1.712s] -- Found geometry_msgs: 5.0.0 (/opt/ros/iron/share/geometry_msgs/cmake)
[1.998s] -- Found rosidl_generator_c: 4.0.1 (/opt/ros/iron/share/rosidl_generator_c/cmake)
[2.097s] -- Found rosidl_generator_cpp: 4.0.1 (/opt/ros/iron/share/rosidl_generator_cpp/cmake)
[2.213s] -- Using all available rosidl_typesupport_c: rosidl_typesupport_fastrtps_c;rosidl_typesupport_introspection_c
[2.367s] -- Using all available rosidl_typesupport_cpp: rosidl_typesupport_fastrtps_cpp;rosidl_typesupport_introspection_cpp
[2.917s] -- Found rclcpp: 21.0.2 (/opt/ros/iron/share/rclcpp/cmake)
[3.750s] -- Found rmw_implementation_cmake: 7.1.0 (/opt/ros/iron/share/rmw_implementation_cmake/cmake)
[3.772s] -- Found rmw_fastrtps_cpp: 7.1.1 (/opt/ros/iron/share/rmw_fastrtps_cpp/cmake)
[5.105s] -- Using RMW implementation 'rmw_fastrtps_cpp' as default
[6.473s] -- Found tf2: 0.31.4 (/opt/ros/iron/share/tf2/cmake)
[6.539s] -- Found tf2_ros: 0.31.4 (/opt/ros/iron/share/tf2_ros/cmake)
[8.623s] -- Found turtlesim: 1.6.1 (/home/hsun/ros2_ws/install/turtlesim/share/turtlesim/cmake)
[8.974s] [31mCMake Error at CMakeLists.txt:27 (install):
[8.975s]   install TARGETS given target "static_turtle_tf2_broadcaster" which does not
[8.976s]   exist.
[8.976s] 
[8.977s] [0m
[8.978s] -- Found ament_lint_auto: 0.14.1 (/opt/ros/iron/share/ament_lint_auto/cmake)
[9.485s] -- Added test 'cppcheck' to perform static code analysis on C / C++ code
[9.487s] -- Configured cppcheck include dirs: 
[9.488s] -- Configured cppcheck exclude dirs and/or files: 
[9.495s] -- Added test 'flake8' to check Python code syntax and style conventions
[9.496s] -- Configured 'flake8' exclude dirs and/or files: 
[9.504s] -- Added test 'lint_cmake' to check CMake code style
[9.515s] -- Added test 'pep257' to check Python code against some of the docstring style conventions in PEP 257
[9.529s] -- Added test 'uncrustify' to check C / C++ code style
[9.531s] -- Configured uncrustify additional arguments: 
[9.536s] -- Added test 'xmllint' to check XML markup files
[9.547s] -- Configuring incomplete, errors occurred!
[9.548s] See also "/home/hsun/ros2_ws/build/learning_tf2_cpp/CMakeFiles/CMakeOutput.log".
[9.588s] gmake: *** [Makefile:267: cmake_check_build_system] Error 1
[9.607s] Invoked command in '/home/hsun/ros2_ws/build/learning_tf2_cpp' returned '2': AMENT_PREFIX_PATH=/home/hsun/ros2_ws/install/turtlesim:${AMENT_PREFIX_PATH} CMAKE_PREFIX_PATH=/home/hsun/ros2_ws/install/turtlesim:/opt/ros/iron LD_LIBRARY_PATH=/home/hsun/ros2_ws/install/turtlesim/lib:${LD_LIBRARY_PATH} PYTHONPATH=/home/hsun/ros2_ws/install/turtlesim/lib/python3.10/site-packages:${PYTHONPATH} /usr/bin/cmake --build /home/hsun/ros2_ws/build/learning_tf2_cpp -- -j4 -l4
