[0.206s] Invoking command in '/home/hsun/ros2_ws/build/my_package': CMAKE_PREFIX_PATH=${CMAKE_PREFIX_PATH}:/home/hsun/ros2_ws/install/python_parameters:/home/hsun/ros2_ws/install/py_srvcli:/home/hsun/ros2_ws/install/py_pubsub:/opt/ros/iron /usr/bin/cmake --build /home/hsun/ros2_ws/build/my_package -- -j4 -l4
[1.144s] [35m[1mConsolidate compiler generated dependencies of target my_node[0m
[1.319s] [100%] Built target my_node
[1.518s] Invoked command in '/home/hsun/ros2_ws/build/my_package' returned '0': CMAKE_PREFIX_PATH=${CMAKE_PREFIX_PATH}:/home/hsun/ros2_ws/install/python_parameters:/home/hsun/ros2_ws/install/py_srvcli:/home/hsun/ros2_ws/install/py_pubsub:/opt/ros/iron /usr/bin/cmake --build /home/hsun/ros2_ws/build/my_package -- -j4 -l4
[2.324s] Invoking command in '/home/hsun/ros2_ws/build/my_package': CMAKE_PREFIX_PATH=${CMAKE_PREFIX_PATH}:/home/hsun/ros2_ws/install/python_parameters:/home/hsun/ros2_ws/install/py_srvcli:/home/hsun/ros2_ws/install/py_pubsub:/opt/ros/iron /usr/bin/cmake --install /home/hsun/ros2_ws/build/my_package
[2.464s] -- Install configuration: ""
[2.471s] -- Up-to-date: /home/hsun/ros2_ws/install/my_package/lib/my_package/my_node
[2.475s] -- Up-to-date: /home/hsun/ros2_ws/install/my_package/share/ament_index/resource_index/package_run_dependencies/my_package
[2.476s] -- Up-to-date: /home/hsun/ros2_ws/install/my_package/share/ament_index/resource_index/parent_prefix_path/my_package
[2.476s] -- Up-to-date: /home/hsun/ros2_ws/install/my_package/share/my_package/environment/ament_prefix_path.sh
[2.477s] -- Up-to-date: /home/hsun/ros2_ws/install/my_package/share/my_package/environment/ament_prefix_path.dsv
[2.480s] -- Up-to-date: /home/hsun/ros2_ws/install/my_package/share/my_package/environment/path.sh
[2.486s] -- Up-to-date: /home/hsun/ros2_ws/install/my_package/share/my_package/environment/path.dsv
[2.487s] -- Up-to-date: /home/hsun/ros2_ws/install/my_package/share/my_package/local_setup.bash
[2.489s] -- Up-to-date: /home/hsun/ros2_ws/install/my_package/share/my_package/local_setup.sh
[2.495s] -- Up-to-date: /home/hsun/ros2_ws/install/my_package/share/my_package/local_setup.zsh
[2.497s] -- Up-to-date: /home/hsun/ros2_ws/install/my_package/share/my_package/local_setup.dsv
[2.498s] -- Installing: /home/hsun/ros2_ws/install/my_package/share/my_package/package.dsv
[2.508s] -- Up-to-date: /home/hsun/ros2_ws/install/my_package/share/ament_index/resource_index/packages/my_package
[2.509s] -- Up-to-date: /home/hsun/ros2_ws/install/my_package/share/my_package/cmake/my_packageConfig.cmake
[2.511s] -- Up-to-date: /home/hsun/ros2_ws/install/my_package/share/my_package/cmake/my_packageConfig-version.cmake
[2.521s] -- Up-to-date: /home/hsun/ros2_ws/install/my_package/share/my_package/package.xml
[2.551s] Invoked command in '/home/hsun/ros2_ws/build/my_package' returned '0': CMAKE_PREFIX_PATH=${CMAKE_PREFIX_PATH}:/home/hsun/ros2_ws/install/python_parameters:/home/hsun/ros2_ws/install/py_srvcli:/home/hsun/ros2_ws/install/py_pubsub:/opt/ros/iron /usr/bin/cmake --install /home/hsun/ros2_ws/build/my_package
