[1.534s] DEBUG:colcon:Command line arguments: ['/usr/bin/colcon', 'build', '--packages-up-to', 'more_interfaces']
[1.535s] DEBUG:colcon:Parsed command line arguments: Namespace(log_base=None, log_level=None, verb_name='build', build_base='build', install_base='install', merge_install=False, symlink_install=False, test_result_base=None, continue_on_error=False, executor='parallel', parallel_workers=4, event_handlers=None, ignore_user_meta=False, metas=['./colcon.meta'], base_paths=['.'], packages_ignore=None, packages_ignore_regex=None, paths=None, packages_up_to=['more_interfaces'], packages_up_to_regex=None, packages_above=None, packages_above_and_dependencies=None, packages_above_depth=None, packages_select_by_dep=None, packages_skip_by_dep=None, packages_skip_up_to=None, packages_select_build_failed=False, packages_skip_build_finished=False, packages_select_test_failures=False, packages_skip_test_passed=False, packages_select=None, packages_skip=None, packages_select_regex=None, packages_skip_regex=None, packages_start=None, packages_end=None, allow_overriding=[], cmake_args=None, cmake_target=None, cmake_target_skip_unavailable=False, cmake_clean_cache=False, cmake_clean_first=False, cmake_force_configure=False, ament_cmake_args=None, catkin_cmake_args=None, catkin_skip_building_tests=False, verb_parser=<colcon_defaults.argument_parser.defaults.DefaultArgumentsDecorator object at 0xffffac786770>, verb_extension=<colcon_core.verb.build.BuildVerb object at 0xffffacf456f0>, main=<bound method BuildVerb.main of <colcon_core.verb.build.BuildVerb object at 0xffffacf456f0>>)
[1.698s] Level 1:colcon.colcon_core.package_discovery:discover_packages(colcon_meta) check parameters
[1.698s] Level 1:colcon.colcon_core.package_discovery:discover_packages(recursive) check parameters
[1.699s] Level 1:colcon.colcon_core.package_discovery:discover_packages(ignore) check parameters
[1.699s] Level 1:colcon.colcon_core.package_discovery:discover_packages(path) check parameters
[1.699s] Level 1:colcon.colcon_core.package_discovery:discover_packages(colcon_meta) discover
[1.704s] Level 1:colcon.colcon_core.package_discovery:discover_packages(recursive) discover
[1.705s] INFO:colcon.colcon_core.package_discovery:Crawling recursively for packages in '/home/hsun/ros2_ws'
[1.706s] Level 1:colcon.colcon_core.package_identification:_identify(.) by extensions ['ignore', 'ignore_ament_install']
[1.706s] Level 1:colcon.colcon_core.package_identification:_identify(.) by extension 'ignore'
[1.707s] Level 1:colcon.colcon_core.package_identification:_identify(.) by extension 'ignore_ament_install'
[1.708s] Level 1:colcon.colcon_core.package_identification:_identify(.) by extensions ['colcon_pkg']
[1.709s] Level 1:colcon.colcon_core.package_identification:_identify(.) by extension 'colcon_pkg'
[1.711s] Level 1:colcon.colcon_core.package_identification:_identify(.) by extensions ['colcon_meta']
[1.711s] Level 1:colcon.colcon_core.package_identification:_identify(.) by extension 'colcon_meta'
[1.712s] Level 1:colcon.colcon_core.package_identification:_identify(.) by extensions ['ros']
[1.713s] Level 1:colcon.colcon_core.package_identification:_identify(.) by extension 'ros'
[1.762s] Level 1:colcon.colcon_core.package_identification:_identify(.) by extensions ['cmake', 'python']
[1.763s] Level 1:colcon.colcon_core.package_identification:_identify(.) by extension 'cmake'
[1.763s] Level 1:colcon.colcon_core.package_identification:_identify(.) by extension 'python'
[1.763s] Level 1:colcon.colcon_core.package_identification:_identify(.) by extensions ['python_setup_py']
[1.763s] Level 1:colcon.colcon_core.package_identification:_identify(.) by extension 'python_setup_py'
[1.764s] Level 1:colcon.colcon_core.package_identification:_identify(build) by extensions ['ignore', 'ignore_ament_install']
[1.764s] Level 1:colcon.colcon_core.package_identification:_identify(build) by extension 'ignore'
[1.765s] Level 1:colcon.colcon_core.package_identification:_identify(build) ignored
[1.765s] Level 1:colcon.colcon_core.package_identification:_identify(install) by extensions ['ignore', 'ignore_ament_install']
[1.766s] Level 1:colcon.colcon_core.package_identification:_identify(install) by extension 'ignore'
[1.766s] Level 1:colcon.colcon_core.package_identification:_identify(install) ignored
[1.767s] Level 1:colcon.colcon_core.package_identification:_identify(log) by extensions ['ignore', 'ignore_ament_install']
[1.767s] Level 1:colcon.colcon_core.package_identification:_identify(log) by extension 'ignore'
[1.767s] Level 1:colcon.colcon_core.package_identification:_identify(log) ignored
[1.768s] Level 1:colcon.colcon_core.package_identification:_identify(src) by extensions ['ignore', 'ignore_ament_install']
[1.768s] Level 1:colcon.colcon_core.package_identification:_identify(src) by extension 'ignore'
[1.768s] Level 1:colcon.colcon_core.package_identification:_identify(src) by extension 'ignore_ament_install'
[1.769s] Level 1:colcon.colcon_core.package_identification:_identify(src) by extensions ['colcon_pkg']
[1.769s] Level 1:colcon.colcon_core.package_identification:_identify(src) by extension 'colcon_pkg'
[1.769s] Level 1:colcon.colcon_core.package_identification:_identify(src) by extensions ['colcon_meta']
[1.769s] Level 1:colcon.colcon_core.package_identification:_identify(src) by extension 'colcon_meta'
[1.769s] Level 1:colcon.colcon_core.package_identification:_identify(src) by extensions ['ros']
[1.769s] Level 1:colcon.colcon_core.package_identification:_identify(src) by extension 'ros'
[1.770s] Level 1:colcon.colcon_core.package_identification:_identify(src) by extensions ['cmake', 'python']
[1.770s] Level 1:colcon.colcon_core.package_identification:_identify(src) by extension 'cmake'
[1.770s] Level 1:colcon.colcon_core.package_identification:_identify(src) by extension 'python'
[1.770s] Level 1:colcon.colcon_core.package_identification:_identify(src) by extensions ['python_setup_py']
[1.770s] Level 1:colcon.colcon_core.package_identification:_identify(src) by extension 'python_setup_py'
[1.771s] Level 1:colcon.colcon_core.package_identification:_identify(src/cpp_pubsub) by extensions ['ignore', 'ignore_ament_install']
[1.771s] Level 1:colcon.colcon_core.package_identification:_identify(src/cpp_pubsub) by extension 'ignore'
[1.771s] Level 1:colcon.colcon_core.package_identification:_identify(src/cpp_pubsub) by extension 'ignore_ament_install'
[1.772s] Level 1:colcon.colcon_core.package_identification:_identify(src/cpp_pubsub) by extensions ['colcon_pkg']
[1.772s] Level 1:colcon.colcon_core.package_identification:_identify(src/cpp_pubsub) by extension 'colcon_pkg'
[1.772s] Level 1:colcon.colcon_core.package_identification:_identify(src/cpp_pubsub) by extensions ['colcon_meta']
[1.772s] Level 1:colcon.colcon_core.package_identification:_identify(src/cpp_pubsub) by extension 'colcon_meta'
[1.772s] Level 1:colcon.colcon_core.package_identification:_identify(src/cpp_pubsub) by extensions ['ros']
[1.772s] Level 1:colcon.colcon_core.package_identification:_identify(src/cpp_pubsub) by extension 'ros'
[1.782s] DEBUG:colcon.colcon_core.package_identification:Package 'src/cpp_pubsub' with type 'ros.ament_cmake' and name 'cpp_pubsub'
[1.783s] Level 1:colcon.colcon_core.package_identification:_identify(src/cpp_srvcli) by extensions ['ignore', 'ignore_ament_install']
[1.784s] Level 1:colcon.colcon_core.package_identification:_identify(src/cpp_srvcli) by extension 'ignore'
[1.785s] Level 1:colcon.colcon_core.package_identification:_identify(src/cpp_srvcli) by extension 'ignore_ament_install'
[1.786s] Level 1:colcon.colcon_core.package_identification:_identify(src/cpp_srvcli) by extensions ['colcon_pkg']
[1.786s] Level 1:colcon.colcon_core.package_identification:_identify(src/cpp_srvcli) by extension 'colcon_pkg'
[1.787s] Level 1:colcon.colcon_core.package_identification:_identify(src/cpp_srvcli) by extensions ['colcon_meta']
[1.787s] Level 1:colcon.colcon_core.package_identification:_identify(src/cpp_srvcli) by extension 'colcon_meta'
[1.787s] Level 1:colcon.colcon_core.package_identification:_identify(src/cpp_srvcli) by extensions ['ros']
[1.787s] Level 1:colcon.colcon_core.package_identification:_identify(src/cpp_srvcli) by extension 'ros'
[1.790s] DEBUG:colcon.colcon_core.package_identification:Package 'src/cpp_srvcli' with type 'ros.ament_cmake' and name 'cpp_srvcli'
[1.791s] Level 1:colcon.colcon_core.package_identification:_identify(src/more_interfaces) by extensions ['ignore', 'ignore_ament_install']
[1.791s] Level 1:colcon.colcon_core.package_identification:_identify(src/more_interfaces) by extension 'ignore'
[1.792s] Level 1:colcon.colcon_core.package_identification:_identify(src/more_interfaces) by extension 'ignore_ament_install'
[1.792s] Level 1:colcon.colcon_core.package_identification:_identify(src/more_interfaces) by extensions ['colcon_pkg']
[1.792s] Level 1:colcon.colcon_core.package_identification:_identify(src/more_interfaces) by extension 'colcon_pkg'
[1.792s] Level 1:colcon.colcon_core.package_identification:_identify(src/more_interfaces) by extensions ['colcon_meta']
[1.792s] Level 1:colcon.colcon_core.package_identification:_identify(src/more_interfaces) by extension 'colcon_meta'
[1.793s] Level 1:colcon.colcon_core.package_identification:_identify(src/more_interfaces) by extensions ['ros']
[1.793s] Level 1:colcon.colcon_core.package_identification:_identify(src/more_interfaces) by extension 'ros'
[1.795s] DEBUG:colcon.colcon_core.package_identification:Package 'src/more_interfaces' with type 'ros.ament_cmake' and name 'more_interfaces'
[1.795s] Level 1:colcon.colcon_core.package_identification:_identify(src/my_package) by extensions ['ignore', 'ignore_ament_install']
[1.796s] Level 1:colcon.colcon_core.package_identification:_identify(src/my_package) by extension 'ignore'
[1.796s] Level 1:colcon.colcon_core.package_identification:_identify(src/my_package) by extension 'ignore_ament_install'
[1.796s] Level 1:colcon.colcon_core.package_identification:_identify(src/my_package) by extensions ['colcon_pkg']
[1.796s] Level 1:colcon.colcon_core.package_identification:_identify(src/my_package) by extension 'colcon_pkg'
[1.797s] Level 1:colcon.colcon_core.package_identification:_identify(src/my_package) by extensions ['colcon_meta']
[1.797s] Level 1:colcon.colcon_core.package_identification:_identify(src/my_package) by extension 'colcon_meta'
[1.797s] Level 1:colcon.colcon_core.package_identification:_identify(src/my_package) by extensions ['ros']
[1.797s] Level 1:colcon.colcon_core.package_identification:_identify(src/my_package) by extension 'ros'
[1.799s] DEBUG:colcon.colcon_core.package_identification:Package 'src/my_package' with type 'ros.ament_cmake' and name 'my_package'
[1.800s] Level 1:colcon.colcon_core.package_identification:_identify(src/py_pubsub) by extensions ['ignore', 'ignore_ament_install']
[1.800s] Level 1:colcon.colcon_core.package_identification:_identify(src/py_pubsub) by extension 'ignore'
[1.801s] Level 1:colcon.colcon_core.package_identification:_identify(src/py_pubsub) by extension 'ignore_ament_install'
[1.801s] Level 1:colcon.colcon_core.package_identification:_identify(src/py_pubsub) by extensions ['colcon_pkg']
[1.801s] Level 1:colcon.colcon_core.package_identification:_identify(src/py_pubsub) by extension 'colcon_pkg'
[1.801s] Level 1:colcon.colcon_core.package_identification:_identify(src/py_pubsub) by extensions ['colcon_meta']
[1.801s] Level 1:colcon.colcon_core.package_identification:_identify(src/py_pubsub) by extension 'colcon_meta'
[1.802s] Level 1:colcon.colcon_core.package_identification:_identify(src/py_pubsub) by extensions ['ros']
[1.802s] Level 1:colcon.colcon_core.package_identification:_identify(src/py_pubsub) by extension 'ros'
[1.804s] DEBUG:colcon.colcon_core.package_identification:Package 'src/py_pubsub' with type 'ros.ament_python' and name 'py_pubsub'
[1.805s] Level 1:colcon.colcon_core.package_identification:_identify(src/py_srvcli) by extensions ['ignore', 'ignore_ament_install']
[1.805s] Level 1:colcon.colcon_core.package_identification:_identify(src/py_srvcli) by extension 'ignore'
[1.805s] Level 1:colcon.colcon_core.package_identification:_identify(src/py_srvcli) by extension 'ignore_ament_install'
[1.806s] Level 1:colcon.colcon_core.package_identification:_identify(src/py_srvcli) by extensions ['colcon_pkg']
[1.806s] Level 1:colcon.colcon_core.package_identification:_identify(src/py_srvcli) by extension 'colcon_pkg'
[1.806s] Level 1:colcon.colcon_core.package_identification:_identify(src/py_srvcli) by extensions ['colcon_meta']
[1.806s] Level 1:colcon.colcon_core.package_identification:_identify(src/py_srvcli) by extension 'colcon_meta'
[1.806s] Level 1:colcon.colcon_core.package_identification:_identify(src/py_srvcli) by extensions ['ros']
[1.806s] Level 1:colcon.colcon_core.package_identification:_identify(src/py_srvcli) by extension 'ros'
[1.809s] DEBUG:colcon.colcon_core.package_identification:Package 'src/py_srvcli' with type 'ros.ament_python' and name 'py_srvcli'
[1.810s] Level 1:colcon.colcon_core.package_identification:_identify(src/ros_tutorials) by extensions ['ignore', 'ignore_ament_install']
[1.810s] Level 1:colcon.colcon_core.package_identification:_identify(src/ros_tutorials) by extension 'ignore'
[1.810s] Level 1:colcon.colcon_core.package_identification:_identify(src/ros_tutorials) by extension 'ignore_ament_install'
[1.810s] Level 1:colcon.colcon_core.package_identification:_identify(src/ros_tutorials) by extensions ['colcon_pkg']
[1.811s] Level 1:colcon.colcon_core.package_identification:_identify(src/ros_tutorials) by extension 'colcon_pkg'
[1.811s] Level 1:colcon.colcon_core.package_identification:_identify(src/ros_tutorials) by extensions ['colcon_meta']
[1.811s] Level 1:colcon.colcon_core.package_identification:_identify(src/ros_tutorials) by extension 'colcon_meta'
[1.811s] Level 1:colcon.colcon_core.package_identification:_identify(src/ros_tutorials) by extensions ['ros']
[1.811s] Level 1:colcon.colcon_core.package_identification:_identify(src/ros_tutorials) by extension 'ros'
[1.812s] Level 1:colcon.colcon_core.package_identification:_identify(src/ros_tutorials) by extensions ['cmake', 'python']
[1.812s] Level 1:colcon.colcon_core.package_identification:_identify(src/ros_tutorials) by extension 'cmake'
[1.812s] Level 1:colcon.colcon_core.package_identification:_identify(src/ros_tutorials) by extension 'python'
[1.812s] Level 1:colcon.colcon_core.package_identification:_identify(src/ros_tutorials) by extensions ['python_setup_py']
[1.812s] Level 1:colcon.colcon_core.package_identification:_identify(src/ros_tutorials) by extension 'python_setup_py'
[1.813s] Level 1:colcon.colcon_core.package_identification:_identify(src/ros_tutorials/ros_tutorials) by extensions ['ignore', 'ignore_ament_install']
[1.813s] Level 1:colcon.colcon_core.package_identification:_identify(src/ros_tutorials/ros_tutorials) by extension 'ignore'
[1.813s] Level 1:colcon.colcon_core.package_identification:_identify(src/ros_tutorials/ros_tutorials) ignored
[1.814s] Level 1:colcon.colcon_core.package_identification:_identify(src/ros_tutorials/roscpp_tutorials) by extensions ['ignore', 'ignore_ament_install']
[1.814s] Level 1:colcon.colcon_core.package_identification:_identify(src/ros_tutorials/roscpp_tutorials) by extension 'ignore'
[1.815s] Level 1:colcon.colcon_core.package_identification:_identify(src/ros_tutorials/roscpp_tutorials) ignored
[1.815s] Level 1:colcon.colcon_core.package_identification:_identify(src/ros_tutorials/rospy_tutorials) by extensions ['ignore', 'ignore_ament_install']
[1.816s] Level 1:colcon.colcon_core.package_identification:_identify(src/ros_tutorials/rospy_tutorials) by extension 'ignore'
[1.816s] Level 1:colcon.colcon_core.package_identification:_identify(src/ros_tutorials/rospy_tutorials) ignored
[1.817s] Level 1:colcon.colcon_core.package_identification:_identify(src/ros_tutorials/turtlesim) by extensions ['ignore', 'ignore_ament_install']
[1.817s] Level 1:colcon.colcon_core.package_identification:_identify(src/ros_tutorials/turtlesim) by extension 'ignore'
[1.818s] Level 1:colcon.colcon_core.package_identification:_identify(src/ros_tutorials/turtlesim) by extension 'ignore_ament_install'
[1.818s] Level 1:colcon.colcon_core.package_identification:_identify(src/ros_tutorials/turtlesim) by extensions ['colcon_pkg']
[1.818s] Level 1:colcon.colcon_core.package_identification:_identify(src/ros_tutorials/turtlesim) by extension 'colcon_pkg'
[1.818s] Level 1:colcon.colcon_core.package_identification:_identify(src/ros_tutorials/turtlesim) by extensions ['colcon_meta']
[1.818s] Level 1:colcon.colcon_core.package_identification:_identify(src/ros_tutorials/turtlesim) by extension 'colcon_meta'
[1.819s] Level 1:colcon.colcon_core.package_identification:_identify(src/ros_tutorials/turtlesim) by extensions ['ros']
[1.819s] Level 1:colcon.colcon_core.package_identification:_identify(src/ros_tutorials/turtlesim) by extension 'ros'
[1.823s] DEBUG:colcon.colcon_core.package_identification:Package 'src/ros_tutorials/turtlesim' with type 'ros.ament_cmake' and name 'turtlesim'
[1.824s] Level 1:colcon.colcon_core.package_identification:_identify(src/tutorial_interfaces) by extensions ['ignore', 'ignore_ament_install']
[1.825s] Level 1:colcon.colcon_core.package_identification:_identify(src/tutorial_interfaces) by extension 'ignore'
[1.825s] Level 1:colcon.colcon_core.package_identification:_identify(src/tutorial_interfaces) by extension 'ignore_ament_install'
[1.826s] Level 1:colcon.colcon_core.package_identification:_identify(src/tutorial_interfaces) by extensions ['colcon_pkg']
[1.826s] Level 1:colcon.colcon_core.package_identification:_identify(src/tutorial_interfaces) by extension 'colcon_pkg'
[1.826s] Level 1:colcon.colcon_core.package_identification:_identify(src/tutorial_interfaces) by extensions ['colcon_meta']
[1.826s] Level 1:colcon.colcon_core.package_identification:_identify(src/tutorial_interfaces) by extension 'colcon_meta'
[1.826s] Level 1:colcon.colcon_core.package_identification:_identify(src/tutorial_interfaces) by extensions ['ros']
[1.827s] Level 1:colcon.colcon_core.package_identification:_identify(src/tutorial_interfaces) by extension 'ros'
[1.829s] DEBUG:colcon.colcon_core.package_identification:Package 'src/tutorial_interfaces' with type 'ros.ament_cmake' and name 'tutorial_interfaces'
[1.829s] Level 1:colcon.colcon_core.package_discovery:discover_packages(recursive) using defaults
[1.830s] Level 1:colcon.colcon_core.package_discovery:discover_packages(ignore) discover
[1.830s] Level 1:colcon.colcon_core.package_discovery:discover_packages(ignore) using defaults
[1.830s] Level 1:colcon.colcon_core.package_discovery:discover_packages(path) discover
[1.830s] Level 1:colcon.colcon_core.package_discovery:discover_packages(path) using defaults
[1.938s] INFO:colcon.colcon_core.package_selection:Skipping package 'cpp_srvcli' in 'src/cpp_srvcli'
[1.938s] INFO:colcon.colcon_core.package_selection:Skipping package 'cpp_pubsub' in 'src/cpp_pubsub'
[1.938s] INFO:colcon.colcon_core.package_selection:Skipping package 'tutorial_interfaces' in 'src/tutorial_interfaces'
[1.939s] INFO:colcon.colcon_core.package_selection:Skipping package 'turtlesim' in 'src/ros_tutorials/turtlesim'
[1.939s] INFO:colcon.colcon_core.package_selection:Skipping package 'py_srvcli' in 'src/py_srvcli'
[1.939s] INFO:colcon.colcon_core.package_selection:Skipping package 'py_pubsub' in 'src/py_pubsub'
[1.939s] INFO:colcon.colcon_core.package_selection:Skipping package 'my_package' in 'src/my_package'
[1.943s] Level 1:colcon.colcon_core.package_discovery:discover_packages(prefix_path) check parameters
[1.943s] Level 1:colcon.colcon_core.package_discovery:discover_packages(prefix_path) discover
[1.962s] DEBUG:colcon.colcon_installed_package_information.package_discovery:Found 8 installed packages in /home/hsun/ros2_ws/install
[1.975s] DEBUG:colcon.colcon_installed_package_information.package_discovery:Found 281 installed packages in /opt/ros/iron
[1.982s] Level 1:colcon.colcon_core.package_discovery:discover_packages(prefix_path) using defaults
[2.301s] Level 5:colcon.colcon_core.verb:set package 'more_interfaces' build argument 'cmake_args' from command line to 'None'
[2.301s] Level 5:colcon.colcon_core.verb:set package 'more_interfaces' build argument 'cmake_target' from command line to 'None'
[2.302s] Level 5:colcon.colcon_core.verb:set package 'more_interfaces' build argument 'cmake_target_skip_unavailable' from command line to 'False'
[2.302s] Level 5:colcon.colcon_core.verb:set package 'more_interfaces' build argument 'cmake_clean_cache' from command line to 'False'
[2.303s] Level 5:colcon.colcon_core.verb:set package 'more_interfaces' build argument 'cmake_clean_first' from command line to 'False'
[2.303s] Level 5:colcon.colcon_core.verb:set package 'more_interfaces' build argument 'cmake_force_configure' from command line to 'False'
[2.303s] Level 5:colcon.colcon_core.verb:set package 'more_interfaces' build argument 'ament_cmake_args' from command line to 'None'
[2.303s] Level 5:colcon.colcon_core.verb:set package 'more_interfaces' build argument 'catkin_cmake_args' from command line to 'None'
[2.304s] Level 5:colcon.colcon_core.verb:set package 'more_interfaces' build argument 'catkin_skip_building_tests' from command line to 'False'
[2.304s] DEBUG:colcon.colcon_core.verb:Building package 'more_interfaces' with the following arguments: {'ament_cmake_args': None, 'build_base': '/home/hsun/ros2_ws/build/more_interfaces', 'catkin_cmake_args': None, 'catkin_skip_building_tests': False, 'cmake_args': None, 'cmake_clean_cache': False, 'cmake_clean_first': False, 'cmake_force_configure': False, 'cmake_target': None, 'cmake_target_skip_unavailable': False, 'install_base': '/home/hsun/ros2_ws/install/more_interfaces', 'merge_install': False, 'path': '/home/hsun/ros2_ws/src/more_interfaces', 'symlink_install': False, 'test_result_base': None}
[2.309s] INFO:colcon.colcon_core.executor:Executing jobs using 'parallel' executor
[2.331s] DEBUG:colcon.colcon_parallel_executor.executor.parallel:run_until_complete
[2.333s] INFO:colcon.colcon_ros.task.ament_cmake.build:Building ROS package in '/home/hsun/ros2_ws/src/more_interfaces' with build type 'ament_cmake'
[2.335s] INFO:colcon.colcon_cmake.task.cmake.build:Building CMake package in '/home/hsun/ros2_ws/src/more_interfaces'
[2.361s] INFO:colcon.colcon_core.plugin_system:Skipping extension 'colcon_core.shell.bat': Not used on non-Windows systems
[2.362s] INFO:colcon.colcon_core.shell:Skip shell extension 'powershell' for command environment: Not usable outside of PowerShell
[2.363s] DEBUG:colcon.colcon_core.shell:Skip shell extension 'dsv' for command environment
[2.444s] DEBUG:colcon.colcon_core.event_handler.log_command:Invoking command in '/home/hsun/ros2_ws/build/more_interfaces': CMAKE_PREFIX_PATH=${CMAKE_PREFIX_PATH}:/home/hsun/ros2_ws/install/py_srvcli:/home/hsun/ros2_ws/install/py_pubsub:/opt/ros/iron /usr/bin/cmake --build /home/hsun/ros2_ws/build/more_interfaces -- -j4 -l4
[67.467s] DEBUG:colcon.colcon_core.event_handler.log_command:Invoked command in '/home/hsun/ros2_ws/build/more_interfaces' returned '0': CMAKE_PREFIX_PATH=${CMAKE_PREFIX_PATH}:/home/hsun/ros2_ws/install/py_srvcli:/home/hsun/ros2_ws/install/py_pubsub:/opt/ros/iron /usr/bin/cmake --build /home/hsun/ros2_ws/build/more_interfaces -- -j4 -l4
[68.182s] DEBUG:colcon.colcon_core.event_handler.log_command:Invoking command in '/home/hsun/ros2_ws/build/more_interfaces': CMAKE_PREFIX_PATH=${CMAKE_PREFIX_PATH}:/home/hsun/ros2_ws/install/py_srvcli:/home/hsun/ros2_ws/install/py_pubsub:/opt/ros/iron /usr/bin/cmake --install /home/hsun/ros2_ws/build/more_interfaces
[69.066s] Level 1:colcon.colcon_core.environment:create_environment_scripts_only(more_interfaces)
[69.074s] DEBUG:colcon.colcon_core.event_handler.log_command:Invoked command in '/home/hsun/ros2_ws/build/more_interfaces' returned '0': CMAKE_PREFIX_PATH=${CMAKE_PREFIX_PATH}:/home/hsun/ros2_ws/install/py_srvcli:/home/hsun/ros2_ws/install/py_pubsub:/opt/ros/iron /usr/bin/cmake --install /home/hsun/ros2_ws/build/more_interfaces
[69.110s] Level 1:colcon.colcon_core.environment:checking '/home/hsun/ros2_ws/install/more_interfaces' for CMake module files
[69.119s] Level 1:colcon.colcon_core.environment:checking '/home/hsun/ros2_ws/install/more_interfaces' for CMake config files
[69.122s] Level 1:colcon.colcon_core.shell:create_environment_hook('more_interfaces', 'cmake_prefix_path')
[69.146s] INFO:colcon.colcon_core.shell:Creating environment hook '/home/hsun/ros2_ws/install/more_interfaces/share/more_interfaces/hook/cmake_prefix_path.ps1'
[69.153s] INFO:colcon.colcon_core.shell:Creating environment descriptor '/home/hsun/ros2_ws/install/more_interfaces/share/more_interfaces/hook/cmake_prefix_path.dsv'
[69.158s] INFO:colcon.colcon_core.shell:Creating environment hook '/home/hsun/ros2_ws/install/more_interfaces/share/more_interfaces/hook/cmake_prefix_path.sh'
[69.169s] Level 1:colcon.colcon_core.environment:checking '/home/hsun/ros2_ws/install/more_interfaces/lib'
[69.172s] Level 1:colcon.colcon_core.shell:create_environment_hook('more_interfaces', 'ld_library_path_lib')
[69.183s] INFO:colcon.colcon_core.shell:Creating environment hook '/home/hsun/ros2_ws/install/more_interfaces/share/more_interfaces/hook/ld_library_path_lib.ps1'
[69.187s] INFO:colcon.colcon_core.shell:Creating environment descriptor '/home/hsun/ros2_ws/install/more_interfaces/share/more_interfaces/hook/ld_library_path_lib.dsv'
[69.190s] INFO:colcon.colcon_core.shell:Creating environment hook '/home/hsun/ros2_ws/install/more_interfaces/share/more_interfaces/hook/ld_library_path_lib.sh'
[69.193s] Level 1:colcon.colcon_core.environment:checking '/home/hsun/ros2_ws/install/more_interfaces/bin'
[69.193s] Level 1:colcon.colcon_core.environment:checking '/home/hsun/ros2_ws/install/more_interfaces/lib/pkgconfig/more_interfaces.pc'
[69.195s] Level 1:colcon.colcon_core.environment:checking '/home/hsun/ros2_ws/install/more_interfaces/lib/python3.10/site-packages'
[69.196s] Level 1:colcon.colcon_core.shell:create_environment_hook('more_interfaces', 'pythonpath')
[69.203s] INFO:colcon.colcon_core.shell:Creating environment hook '/home/hsun/ros2_ws/install/more_interfaces/share/more_interfaces/hook/pythonpath.ps1'
[69.206s] INFO:colcon.colcon_core.shell:Creating environment descriptor '/home/hsun/ros2_ws/install/more_interfaces/share/more_interfaces/hook/pythonpath.dsv'
[69.209s] INFO:colcon.colcon_core.shell:Creating environment hook '/home/hsun/ros2_ws/install/more_interfaces/share/more_interfaces/hook/pythonpath.sh'
[69.212s] Level 1:colcon.colcon_core.environment:checking '/home/hsun/ros2_ws/install/more_interfaces/bin'
[69.220s] INFO:colcon.colcon_core.shell:Creating package script '/home/hsun/ros2_ws/install/more_interfaces/share/more_interfaces/package.ps1'
[69.226s] INFO:colcon.colcon_core.shell:Creating package descriptor '/home/hsun/ros2_ws/install/more_interfaces/share/more_interfaces/package.dsv'
[69.233s] INFO:colcon.colcon_core.shell:Creating package script '/home/hsun/ros2_ws/install/more_interfaces/share/more_interfaces/package.sh'
[69.239s] INFO:colcon.colcon_core.shell:Creating package script '/home/hsun/ros2_ws/install/more_interfaces/share/more_interfaces/package.bash'
[69.246s] INFO:colcon.colcon_core.shell:Creating package script '/home/hsun/ros2_ws/install/more_interfaces/share/more_interfaces/package.zsh'
[69.255s] Level 1:colcon.colcon_core.environment:create_file_with_runtime_dependencies(/home/hsun/ros2_ws/install/more_interfaces/share/colcon-core/packages/more_interfaces)
[69.994s] Level 1:colcon.colcon_core.environment:create_environment_scripts_only(more_interfaces)
[70.044s] Level 1:colcon.colcon_core.environment:checking '/home/hsun/ros2_ws/install/more_interfaces' for CMake module files
[70.054s] Level 1:colcon.colcon_core.environment:checking '/home/hsun/ros2_ws/install/more_interfaces' for CMake config files
[70.058s] Level 1:colcon.colcon_core.shell:create_environment_hook('more_interfaces', 'cmake_prefix_path')
[70.076s] INFO:colcon.colcon_core.shell:Creating environment hook '/home/hsun/ros2_ws/install/more_interfaces/share/more_interfaces/hook/cmake_prefix_path.ps1'
[70.082s] INFO:colcon.colcon_core.shell:Creating environment descriptor '/home/hsun/ros2_ws/install/more_interfaces/share/more_interfaces/hook/cmake_prefix_path.dsv'
[70.085s] INFO:colcon.colcon_core.shell:Creating environment hook '/home/hsun/ros2_ws/install/more_interfaces/share/more_interfaces/hook/cmake_prefix_path.sh'
[70.089s] Level 1:colcon.colcon_core.environment:checking '/home/hsun/ros2_ws/install/more_interfaces/lib'
[70.091s] Level 1:colcon.colcon_core.shell:create_environment_hook('more_interfaces', 'ld_library_path_lib')
[70.106s] INFO:colcon.colcon_core.shell:Creating environment hook '/home/hsun/ros2_ws/install/more_interfaces/share/more_interfaces/hook/ld_library_path_lib.ps1'
[70.112s] INFO:colcon.colcon_core.shell:Creating environment descriptor '/home/hsun/ros2_ws/install/more_interfaces/share/more_interfaces/hook/ld_library_path_lib.dsv'
[70.119s] INFO:colcon.colcon_core.shell:Creating environment hook '/home/hsun/ros2_ws/install/more_interfaces/share/more_interfaces/hook/ld_library_path_lib.sh'
[70.124s] Level 1:colcon.colcon_core.environment:checking '/home/hsun/ros2_ws/install/more_interfaces/bin'
[70.126s] Level 1:colcon.colcon_core.environment:checking '/home/hsun/ros2_ws/install/more_interfaces/lib/pkgconfig/more_interfaces.pc'
[70.129s] Level 1:colcon.colcon_core.environment:checking '/home/hsun/ros2_ws/install/more_interfaces/lib/python3.10/site-packages'
[70.130s] Level 1:colcon.colcon_core.shell:create_environment_hook('more_interfaces', 'pythonpath')
[70.148s] INFO:colcon.colcon_core.shell:Creating environment hook '/home/hsun/ros2_ws/install/more_interfaces/share/more_interfaces/hook/pythonpath.ps1'
[70.155s] INFO:colcon.colcon_core.shell:Creating environment descriptor '/home/hsun/ros2_ws/install/more_interfaces/share/more_interfaces/hook/pythonpath.dsv'
[70.161s] INFO:colcon.colcon_core.shell:Creating environment hook '/home/hsun/ros2_ws/install/more_interfaces/share/more_interfaces/hook/pythonpath.sh'
[70.169s] Level 1:colcon.colcon_core.environment:checking '/home/hsun/ros2_ws/install/more_interfaces/bin'
[70.181s] INFO:colcon.colcon_core.shell:Creating package script '/home/hsun/ros2_ws/install/more_interfaces/share/more_interfaces/package.ps1'
[70.189s] INFO:colcon.colcon_core.shell:Creating package descriptor '/home/hsun/ros2_ws/install/more_interfaces/share/more_interfaces/package.dsv'
[70.197s] INFO:colcon.colcon_core.shell:Creating package script '/home/hsun/ros2_ws/install/more_interfaces/share/more_interfaces/package.sh'
[70.204s] INFO:colcon.colcon_core.shell:Creating package script '/home/hsun/ros2_ws/install/more_interfaces/share/more_interfaces/package.bash'
[70.214s] INFO:colcon.colcon_core.shell:Creating package script '/home/hsun/ros2_ws/install/more_interfaces/share/more_interfaces/package.zsh'
[70.219s] Level 1:colcon.colcon_core.environment:create_file_with_runtime_dependencies(/home/hsun/ros2_ws/install/more_interfaces/share/colcon-core/packages/more_interfaces)
[70.229s] DEBUG:colcon.colcon_parallel_executor.executor.parallel:closing loop
[70.232s] DEBUG:colcon.colcon_parallel_executor.executor.parallel:loop closed
[70.233s] DEBUG:colcon.colcon_parallel_executor.executor.parallel:run_until_complete finished with '0'
[70.233s] DEBUG:colcon.colcon_core.event_reactor:joining thread
[70.306s] INFO:colcon.colcon_core.plugin_system:Skipping extension 'colcon_notification.desktop_notification.terminal_notifier': Not used on non-Darwin systems
[70.308s] INFO:colcon.colcon_core.plugin_system:Skipping extension 'colcon_notification.desktop_notification.win32': Not used on non-Windows systems
[70.308s] INFO:colcon.colcon_notification.desktop_notification:Sending desktop notification using 'notify2'
[70.445s] DEBUG:colcon.colcon_core.event_reactor:joined thread
[70.453s] INFO:colcon.colcon_core.shell:Creating prefix script '/home/hsun/ros2_ws/install/local_setup.ps1'
[70.463s] INFO:colcon.colcon_core.shell:Creating prefix util module '/home/hsun/ros2_ws/install/_local_setup_util_ps1.py'
[70.477s] INFO:colcon.colcon_core.shell:Creating prefix chain script '/home/hsun/ros2_ws/install/setup.ps1'
[70.501s] INFO:colcon.colcon_core.shell:Creating prefix script '/home/hsun/ros2_ws/install/local_setup.sh'
[70.510s] INFO:colcon.colcon_core.shell:Creating prefix util module '/home/hsun/ros2_ws/install/_local_setup_util_sh.py'
[70.524s] INFO:colcon.colcon_core.shell:Creating prefix chain script '/home/hsun/ros2_ws/install/setup.sh'
[70.560s] INFO:colcon.colcon_core.shell:Creating prefix script '/home/hsun/ros2_ws/install/local_setup.bash'
[70.566s] INFO:colcon.colcon_core.shell:Creating prefix chain script '/home/hsun/ros2_ws/install/setup.bash'
[70.587s] INFO:colcon.colcon_core.shell:Creating prefix script '/home/hsun/ros2_ws/install/local_setup.zsh'
[70.593s] INFO:colcon.colcon_core.shell:Creating prefix chain script '/home/hsun/ros2_ws/install/setup.zsh'
