[0.094s] Invoking command in '/home/hsun/ros2_ws/build/cpp_srvcli': AMENT_PREFIX_PATH=/home/hsun/ros2_ws/install/tutorial_interfaces CMAKE_PREFIX_PATH=/home/hsun/ros2_ws/install/tutorial_interfaces LD_LIBRARY_PATH=/home/hsun/ros2_ws/install/tutorial_interfaces/lib PYTHONPATH=/home/hsun/ros2_ws/install/tutorial_interfaces/lib/python3.10/site-packages /usr/bin/cmake --build /home/hsun/ros2_ws/build/cpp_srvcli -- -j4 -l4
[0.893s] [ 50%] Built target server
[1.342s] [100%] Built target client
[1.521s] Invoked command in '/home/hsun/ros2_ws/build/cpp_srvcli' returned '0': AMENT_PREFIX_PATH=/home/hsun/ros2_ws/install/tutorial_interfaces CMAKE_PREFIX_PATH=/home/hsun/ros2_ws/install/tutorial_interfaces LD_LIBRARY_PATH=/home/hsun/ros2_ws/install/tutorial_interfaces/lib PYTHONPATH=/home/hsun/ros2_ws/install/tutorial_interfaces/lib/python3.10/site-packages /usr/bin/cmake --build /home/hsun/ros2_ws/build/cpp_srvcli -- -j4 -l4
[2.215s] Invoking command in '/home/hsun/ros2_ws/build/cpp_srvcli': AMENT_PREFIX_PATH=/home/hsun/ros2_ws/install/tutorial_interfaces CMAKE_PREFIX_PATH=/home/hsun/ros2_ws/install/tutorial_interfaces LD_LIBRARY_PATH=/home/hsun/ros2_ws/install/tutorial_interfaces/lib PYTHONPATH=/home/hsun/ros2_ws/install/tutorial_interfaces/lib/python3.10/site-packages /usr/bin/cmake --install /home/hsun/ros2_ws/build/cpp_srvcli
[2.326s] -- Install configuration: ""
[2.327s] -- Up-to-date: /home/hsun/ros2_ws/install/cpp_srvcli/lib/cpp_srvcli/server
[2.333s] -- Up-to-date: /home/hsun/ros2_ws/install/cpp_srvcli/lib/cpp_srvcli/client
[2.346s] -- Up-to-date: /home/hsun/ros2_ws/install/cpp_srvcli/share/ament_index/resource_index/package_run_dependencies/cpp_srvcli
[2.351s] -- Up-to-date: /home/hsun/ros2_ws/install/cpp_srvcli/share/ament_index/resource_index/parent_prefix_path/cpp_srvcli
[2.361s] -- Up-to-date: /home/hsun/ros2_ws/install/cpp_srvcli/share/cpp_srvcli/environment/ament_prefix_path.sh
[2.363s] -- Up-to-date: /home/hsun/ros2_ws/install/cpp_srvcli/share/cpp_srvcli/environment/ament_prefix_path.dsv
[2.364s] -- Up-to-date: /home/hsun/ros2_ws/install/cpp_srvcli/share/cpp_srvcli/environment/path.sh
[2.377s] -- Up-to-date: /home/hsun/ros2_ws/install/cpp_srvcli/share/cpp_srvcli/environment/path.dsv
[2.379s] -- Up-to-date: /home/hsun/ros2_ws/install/cpp_srvcli/share/cpp_srvcli/local_setup.bash
[2.380s] -- Up-to-date: /home/hsun/ros2_ws/install/cpp_srvcli/share/cpp_srvcli/local_setup.sh
[2.381s] -- Up-to-date: /home/hsun/ros2_ws/install/cpp_srvcli/share/cpp_srvcli/local_setup.zsh
[2.382s] -- Up-to-date: /home/hsun/ros2_ws/install/cpp_srvcli/share/cpp_srvcli/local_setup.dsv
[2.382s] -- Installing: /home/hsun/ros2_ws/install/cpp_srvcli/share/cpp_srvcli/package.dsv
[2.383s] -- Up-to-date: /home/hsun/ros2_ws/install/cpp_srvcli/share/ament_index/resource_index/packages/cpp_srvcli
[2.383s] -- Up-to-date: /home/hsun/ros2_ws/install/cpp_srvcli/share/cpp_srvcli/cmake/cpp_srvcliConfig.cmake
[2.384s] -- Up-to-date: /home/hsun/ros2_ws/install/cpp_srvcli/share/cpp_srvcli/cmake/cpp_srvcliConfig-version.cmake
[2.384s] -- Up-to-date: /home/hsun/ros2_ws/install/cpp_srvcli/share/cpp_srvcli/package.xml
[2.431s] Invoked command in '/home/hsun/ros2_ws/build/cpp_srvcli' returned '0': AMENT_PREFIX_PATH=/home/hsun/ros2_ws/install/tutorial_interfaces CMAKE_PREFIX_PATH=/home/hsun/ros2_ws/install/tutorial_interfaces LD_LIBRARY_PATH=/home/hsun/ros2_ws/install/tutorial_interfaces/lib PYTHONPATH=/home/hsun/ros2_ws/install/tutorial_interfaces/lib/python3.10/site-packages /usr/bin/cmake --install /home/hsun/ros2_ws/build/cpp_srvcli
