[4.735s] Invoking command in '/home/hsun/ros2_ws/src/python_parameters': PYTHONPATH=/home/hsun/ros2_ws/build/python_parameters/prefix_override:/home/hsun/ros2_ws/install/python_parameters/lib/python3.10/site-packages:${PYTHONPATH} /usr/bin/python3 setup.py egg_info --egg-base ../../build/python_parameters build --build-base /home/hsun/ros2_ws/build/python_parameters/build install --record /home/hsun/ros2_ws/build/python_parameters/install.log --single-version-externally-managed
[6.566s] running egg_info
[6.572s] writing ../../build/python_parameters/python_parameters.egg-info/PKG-INFO
[6.574s] writing dependency_links to ../../build/python_parameters/python_parameters.egg-info/dependency_links.txt
[6.578s] writing entry points to ../../build/python_parameters/python_parameters.egg-info/entry_points.txt
[6.580s] writing requirements to ../../build/python_parameters/python_parameters.egg-info/requires.txt
[6.581s] writing top-level names to ../../build/python_parameters/python_parameters.egg-info/top_level.txt
[6.602s] reading manifest file '../../build/python_parameters/python_parameters.egg-info/SOURCES.txt'
[6.609s] writing manifest file '../../build/python_parameters/python_parameters.egg-info/SOURCES.txt'
[6.611s] running build
[6.611s] running build_py
[6.615s] running install
[6.616s] /usr/lib/python3/dist-packages/setuptools/command/install.py:34: SetuptoolsDeprecationWarning: setup.py install is deprecated. Use build and pip and other standards-based tools.
[6.616s]   warnings.warn(
[6.617s] running install_lib
[6.627s] running install_data
[6.630s] copying launch/python_parameters_launch.py -> /home/hsun/ros2_ws/install/python_parameters/share/python_parameters
[6.630s] running install_egg_info
[6.637s] removing '/home/hsun/ros2_ws/install/python_parameters/lib/python3.10/site-packages/python_parameters-0.0.0-py3.10.egg-info' (and everything under it)
[6.639s] Copying ../../build/python_parameters/python_parameters.egg-info to /home/hsun/ros2_ws/install/python_parameters/lib/python3.10/site-packages/python_parameters-0.0.0-py3.10.egg-info
[6.644s] running install_scripts
[6.761s] Installing minimal_param_node script to /home/hsun/ros2_ws/install/python_parameters/lib/python_parameters
[6.764s] writing list of installed files to '/home/hsun/ros2_ws/build/python_parameters/install.log'
[6.981s] Invoked command in '/home/hsun/ros2_ws/src/python_parameters' returned '0': PYTHONPATH=/home/hsun/ros2_ws/build/python_parameters/prefix_override:/home/hsun/ros2_ws/install/python_parameters/lib/python3.10/site-packages:${PYTHONPATH} /usr/bin/python3 setup.py egg_info --egg-base ../../build/python_parameters build --build-base /home/hsun/ros2_ws/build/python_parameters/build install --record /home/hsun/ros2_ws/build/python_parameters/install.log --single-version-externally-managed
