[0.145s] Invoking command in '/home/hsun/ros2_ws/build/cpp_srvcli': AMENT_PREFIX_PATH=/home/hsun/ros2_ws/install/tutorial_interfaces CMAKE_PREFIX_PATH=/home/hsun/ros2_ws/install/tutorial_interfaces LD_LIBRARY_PATH=/home/hsun/ros2_ws/install/tutorial_interfaces/lib PYTHONPATH=/home/hsun/ros2_ws/install/tutorial_interfaces/lib/python3.10/site-packages /usr/bin/cmake --build /home/hsun/ros2_ws/build/cpp_srvcli -- -j4 -l4
[1.097s] [ 50%] Built target server
[1.631s] [100%] Built target client
[1.855s] Invoked command in '/home/hsun/ros2_ws/build/cpp_srvcli' returned '0': AMENT_PREFIX_PATH=/home/hsun/ros2_ws/install/tutorial_interfaces CMAKE_PREFIX_PATH=/home/hsun/ros2_ws/install/tutorial_interfaces LD_LIBRARY_PATH=/home/hsun/ros2_ws/install/tutorial_interfaces/lib PYTHONPATH=/home/hsun/ros2_ws/install/tutorial_interfaces/lib/python3.10/site-packages /usr/bin/cmake --build /home/hsun/ros2_ws/build/cpp_srvcli -- -j4 -l4
[2.529s] Invoking command in '/home/hsun/ros2_ws/build/cpp_srvcli': AMENT_PREFIX_PATH=/home/hsun/ros2_ws/install/tutorial_interfaces CMAKE_PREFIX_PATH=/home/hsun/ros2_ws/install/tutorial_interfaces LD_LIBRARY_PATH=/home/hsun/ros2_ws/install/tutorial_interfaces/lib PYTHONPATH=/home/hsun/ros2_ws/install/tutorial_interfaces/lib/python3.10/site-packages /usr/bin/cmake --install /home/hsun/ros2_ws/build/cpp_srvcli
[2.658s] -- Install configuration: ""
[2.674s] -- Up-to-date: /home/hsun/ros2_ws/install/cpp_srvcli/lib/cpp_srvcli/server
[2.707s] -- Up-to-date: /home/hsun/ros2_ws/install/cpp_srvcli/lib/cpp_srvcli/client
[2.708s] -- Up-to-date: /home/hsun/ros2_ws/install/cpp_srvcli/share/ament_index/resource_index/package_run_dependencies/cpp_srvcli
[2.710s] -- Up-to-date: /home/hsun/ros2_ws/install/cpp_srvcli/share/ament_index/resource_index/parent_prefix_path/cpp_srvcli
[2.715s] -- Up-to-date: /home/hsun/ros2_ws/install/cpp_srvcli/share/cpp_srvcli/environment/ament_prefix_path.sh
[2.728s] -- Up-to-date: /home/hsun/ros2_ws/install/cpp_srvcli/share/cpp_srvcli/environment/ament_prefix_path.dsv
[2.729s] -- Up-to-date: /home/hsun/ros2_ws/install/cpp_srvcli/share/cpp_srvcli/environment/path.sh
[2.735s] -- Up-to-date: /home/hsun/ros2_ws/install/cpp_srvcli/share/cpp_srvcli/environment/path.dsv
[2.737s] -- Up-to-date: /home/hsun/ros2_ws/install/cpp_srvcli/share/cpp_srvcli/local_setup.bash
[2.738s] -- Up-to-date: /home/hsun/ros2_ws/install/cpp_srvcli/share/cpp_srvcli/local_setup.sh
[2.739s] -- Up-to-date: /home/hsun/ros2_ws/install/cpp_srvcli/share/cpp_srvcli/local_setup.zsh
[2.741s] -- Up-to-date: /home/hsun/ros2_ws/install/cpp_srvcli/share/cpp_srvcli/local_setup.dsv
[2.757s] -- Installing: /home/hsun/ros2_ws/install/cpp_srvcli/share/cpp_srvcli/package.dsv
[2.758s] -- Up-to-date: /home/hsun/ros2_ws/install/cpp_srvcli/share/ament_index/resource_index/packages/cpp_srvcli
[2.768s] -- Up-to-date: /home/hsun/ros2_ws/install/cpp_srvcli/share/cpp_srvcli/cmake/cpp_srvcliConfig.cmake
[2.769s] -- Up-to-date: /home/hsun/ros2_ws/install/cpp_srvcli/share/cpp_srvcli/cmake/cpp_srvcliConfig-version.cmake
[2.771s] -- Up-to-date: /home/hsun/ros2_ws/install/cpp_srvcli/share/cpp_srvcli/package.xml
[2.816s] Invoked command in '/home/hsun/ros2_ws/build/cpp_srvcli' returned '0': AMENT_PREFIX_PATH=/home/hsun/ros2_ws/install/tutorial_interfaces CMAKE_PREFIX_PATH=/home/hsun/ros2_ws/install/tutorial_interfaces LD_LIBRARY_PATH=/home/hsun/ros2_ws/install/tutorial_interfaces/lib PYTHONPATH=/home/hsun/ros2_ws/install/tutorial_interfaces/lib/python3.10/site-packages /usr/bin/cmake --install /home/hsun/ros2_ws/build/cpp_srvcli
