[5.751s] Invoking command in '/home/hsun/ros2_ws/src/py_launch_example': PYTHONPATH=/home/hsun/ros2_ws/build/py_launch_example/prefix_override:/home/hsun/ros2_ws/install/py_launch_example/lib/python3.10/site-packages:${PYTHONPATH} /usr/bin/python3 setup.py egg_info --egg-base ../../build/py_launch_example build --build-base /home/hsun/ros2_ws/build/py_launch_example/build install --record /home/hsun/ros2_ws/build/py_launch_example/install.log --single-version-externally-managed
[8.049s] running egg_info
[8.053s] writing ../../build/py_launch_example/py_launch_example.egg-info/PKG-INFO
[8.055s] writing dependency_links to ../../build/py_launch_example/py_launch_example.egg-info/dependency_links.txt
[8.057s] writing entry points to ../../build/py_launch_example/py_launch_example.egg-info/entry_points.txt
[8.058s] writing requirements to ../../build/py_launch_example/py_launch_example.egg-info/requires.txt
[8.059s] writing top-level names to ../../build/py_launch_example/py_launch_example.egg-info/top_level.txt
[8.071s] reading manifest file '../../build/py_launch_example/py_launch_example.egg-info/SOURCES.txt'
[8.079s] writing manifest file '../../build/py_launch_example/py_launch_example.egg-info/SOURCES.txt'
[8.079s] running build
[8.080s] running build_py
[8.081s] copying py_launch_example/__init__.py -> /home/hsun/ros2_ws/build/py_launch_example/build/lib/py_launch_example
[8.082s] running install
[8.083s] /usr/lib/python3/dist-packages/setuptools/command/install.py:34: SetuptoolsDeprecationWarning: setup.py install is deprecated. Use build and pip and other standards-based tools.
[8.084s]   warnings.warn(
[8.085s] running install_lib
[8.088s] copying /home/hsun/ros2_ws/build/py_launch_example/build/lib/py_launch_example/__init__.py -> /home/hsun/ros2_ws/install/py_launch_example/lib/python3.10/site-packages/py_launch_example
[8.103s] byte-compiling /home/hsun/ros2_ws/install/py_launch_example/lib/python3.10/site-packages/py_launch_example/__init__.py to __init__.cpython-310.pyc
[8.105s] running install_data
[8.108s] copying resource/py_launch_example -> /home/hsun/ros2_ws/install/py_launch_example/share/ament_index/resource_index/packages
[8.110s] copying package.xml -> /home/hsun/ros2_ws/install/py_launch_example/share/py_launch_example
[8.111s] copying launch/my_script_launch.py -> /home/hsun/ros2_ws/install/py_launch_example/share/py_launch_example/launch
[8.113s] running install_egg_info
[8.123s] removing '/home/hsun/ros2_ws/install/py_launch_example/lib/python3.10/site-packages/py_launch_example-0.0.0-py3.10.egg-info' (and everything under it)
[8.126s] Copying ../../build/py_launch_example/py_launch_example.egg-info to /home/hsun/ros2_ws/install/py_launch_example/lib/python3.10/site-packages/py_launch_example-0.0.0-py3.10.egg-info
[8.136s] running install_scripts
[8.298s] writing list of installed files to '/home/hsun/ros2_ws/build/py_launch_example/install.log'
[8.585s] Invoked command in '/home/hsun/ros2_ws/src/py_launch_example' returned '0': PYTHONPATH=/home/hsun/ros2_ws/build/py_launch_example/prefix_override:/home/hsun/ros2_ws/install/py_launch_example/lib/python3.10/site-packages:${PYTHONPATH} /usr/bin/python3 setup.py egg_info --egg-base ../../build/py_launch_example build --build-base /home/hsun/ros2_ws/build/py_launch_example/build install --record /home/hsun/ros2_ws/build/py_launch_example/install.log --single-version-externally-managed
