[0.183s] Invoking command in '/home/hsun/ros2_ws/build/cpp_parameter_event_handler': CMAKE_PREFIX_PATH=${CMAKE_PREFIX_PATH}:/home/hsun/ros2_ws/install/learning_tf2_py:/home/hsun/ros2_ws/install/python_parameters:/home/hsun/ros2_ws/install/py_srvcli:/home/hsun/ros2_ws/install/py_pubsub:/home/hsun/ros2_ws/install/py_launch_example:/home/hsun/ros2_ws/install/launch_tutorial:/opt/ros/iron /usr/bin/cmake --build /home/hsun/ros2_ws/build/cpp_parameter_event_handler -- -j4 -l4
[0.434s] -- Found ament_cmake: 2.0.3 (/opt/ros/iron/share/ament_cmake/cmake)
[1.837s] -- Found rclcpp: 21.0.2 (/opt/ros/iron/share/rclcpp/cmake)
[2.123s] -- Found rosidl_generator_c: 4.0.1 (/opt/ros/iron/share/rosidl_generator_c/cmake)
[2.169s] -- Found rosidl_generator_cpp: 4.0.1 (/opt/ros/iron/share/rosidl_generator_cpp/cmake)
[2.256s] -- Using all available rosidl_typesupport_c: rosidl_typesupport_fastrtps_c;rosidl_typesupport_introspection_c
[2.355s] -- Using all available rosidl_typesupport_cpp: rosidl_typesupport_fastrtps_cpp;rosidl_typesupport_introspection_cpp
[3.252s] -- Found rmw_implementation_cmake: 7.1.0 (/opt/ros/iron/share/rmw_implementation_cmake/cmake)
[3.265s] -- Found rmw_fastrtps_cpp: 7.1.1 (/opt/ros/iron/share/rmw_fastrtps_cpp/cmake)
[4.729s] -- Using RMW implementation 'rmw_fastrtps_cpp' as default
[5.607s] -- Found ament_lint_auto: 0.14.1 (/opt/ros/iron/share/ament_lint_auto/cmake)
[6.172s] -- Added test 'cppcheck' to perform static code analysis on C / C++ code
[6.173s] -- Configured cppcheck include dirs: 
[6.174s] -- Configured cppcheck exclude dirs and/or files: 
[6.178s] -- Added test 'lint_cmake' to check CMake code style
[6.187s] -- Added test 'uncrustify' to check C / C++ code style
[6.188s] -- Configured uncrustify additional arguments: 
[6.191s] -- Added test 'xmllint' to check XML markup files
[6.199s] -- Configuring done
[6.318s] -- Generating done
[6.331s] -- Build files have been written to: /home/hsun/ros2_ws/build/cpp_parameter_event_handler
[6.532s] [35m[1mConsolidate compiler generated dependencies of target parameter_event_handler[0m
[6.681s] [ 50%] [32mBuilding CXX object CMakeFiles/parameter_event_handler.dir/src/parameter_event_handler.cpp.o[0m
[74.699s] [100%] [32m[1mLinking CXX executable parameter_event_handler[0m
[77.283s] [100%] Built target parameter_event_handler
[77.359s] Invoked command in '/home/hsun/ros2_ws/build/cpp_parameter_event_handler' returned '0': CMAKE_PREFIX_PATH=${CMAKE_PREFIX_PATH}:/home/hsun/ros2_ws/install/learning_tf2_py:/home/hsun/ros2_ws/install/python_parameters:/home/hsun/ros2_ws/install/py_srvcli:/home/hsun/ros2_ws/install/py_pubsub:/home/hsun/ros2_ws/install/py_launch_example:/home/hsun/ros2_ws/install/launch_tutorial:/opt/ros/iron /usr/bin/cmake --build /home/hsun/ros2_ws/build/cpp_parameter_event_handler -- -j4 -l4
[77.621s] Invoking command in '/home/hsun/ros2_ws/build/cpp_parameter_event_handler': CMAKE_PREFIX_PATH=${CMAKE_PREFIX_PATH}:/home/hsun/ros2_ws/install/learning_tf2_py:/home/hsun/ros2_ws/install/python_parameters:/home/hsun/ros2_ws/install/py_srvcli:/home/hsun/ros2_ws/install/py_pubsub:/home/hsun/ros2_ws/install/py_launch_example:/home/hsun/ros2_ws/install/launch_tutorial:/opt/ros/iron /usr/bin/cmake --install /home/hsun/ros2_ws/build/cpp_parameter_event_handler
[77.699s] -- Install configuration: ""
[77.701s] -- Installing: /home/hsun/ros2_ws/install/cpp_parameter_event_handler/lib/cpp_parameter_event_handler/parameter_event_handler
[77.745s] -- Set runtime path of "/home/hsun/ros2_ws/install/cpp_parameter_event_handler/lib/cpp_parameter_event_handler/parameter_event_handler" to ""
[77.746s] -- Installing: /home/hsun/ros2_ws/install/cpp_parameter_event_handler/share/ament_index/resource_index/package_run_dependencies/cpp_parameter_event_handler
[77.748s] -- Installing: /home/hsun/ros2_ws/install/cpp_parameter_event_handler/share/ament_index/resource_index/parent_prefix_path/cpp_parameter_event_handler
[77.751s] -- Installing: /home/hsun/ros2_ws/install/cpp_parameter_event_handler/share/cpp_parameter_event_handler/environment/ament_prefix_path.sh
[77.753s] -- Installing: /home/hsun/ros2_ws/install/cpp_parameter_event_handler/share/cpp_parameter_event_handler/environment/ament_prefix_path.dsv
[77.755s] -- Installing: /home/hsun/ros2_ws/install/cpp_parameter_event_handler/share/cpp_parameter_event_handler/environment/path.sh
[77.773s] -- Installing: /home/hsun/ros2_ws/install/cpp_parameter_event_handler/share/cpp_parameter_event_handler/environment/path.dsv
[77.776s] -- Installing: /home/hsun/ros2_ws/install/cpp_parameter_event_handler/share/cpp_parameter_event_handler/local_setup.bash
[77.778s] -- Installing: /home/hsun/ros2_ws/install/cpp_parameter_event_handler/share/cpp_parameter_event_handler/local_setup.sh
[77.781s] -- Installing: /home/hsun/ros2_ws/install/cpp_parameter_event_handler/share/cpp_parameter_event_handler/local_setup.zsh
[77.783s] -- Installing: /home/hsun/ros2_ws/install/cpp_parameter_event_handler/share/cpp_parameter_event_handler/local_setup.dsv
[77.785s] -- Installing: /home/hsun/ros2_ws/install/cpp_parameter_event_handler/share/cpp_parameter_event_handler/package.dsv
[77.787s] -- Installing: /home/hsun/ros2_ws/install/cpp_parameter_event_handler/share/ament_index/resource_index/packages/cpp_parameter_event_handler
[77.789s] -- Installing: /home/hsun/ros2_ws/install/cpp_parameter_event_handler/share/cpp_parameter_event_handler/cmake/cpp_parameter_event_handlerConfig.cmake
[77.791s] -- Installing: /home/hsun/ros2_ws/install/cpp_parameter_event_handler/share/cpp_parameter_event_handler/cmake/cpp_parameter_event_handlerConfig-version.cmake
[77.793s] -- Up-to-date: /home/hsun/ros2_ws/install/cpp_parameter_event_handler/share/cpp_parameter_event_handler/package.xml
[77.812s] Invoked command in '/home/hsun/ros2_ws/build/cpp_parameter_event_handler' returned '0': CMAKE_PREFIX_PATH=${CMAKE_PREFIX_PATH}:/home/hsun/ros2_ws/install/learning_tf2_py:/home/hsun/ros2_ws/install/python_parameters:/home/hsun/ros2_ws/install/py_srvcli:/home/hsun/ros2_ws/install/py_pubsub:/home/hsun/ros2_ws/install/py_launch_example:/home/hsun/ros2_ws/install/launch_tutorial:/opt/ros/iron /usr/bin/cmake --install /home/hsun/ros2_ws/build/cpp_parameter_event_handler
