[0.243s] Invoking command in '/home/hsun/ros2_ws/build/cpp_srvcli': CMAKE_PREFIX_PATH=/home/hsun/ros2_ws/install/tutorial_interfaces:/home/hsun/ros2_ws/install/cpp_srvcli:/home/hsun/ros2_ws/install/cpp_pubsub:/home/hsun/ros2_ws/install/turtlesim:/home/hsun/ros2_ws/install/polygon_plugins:/home/hsun/ros2_ws/install/polygon_base:/home/hsun/ros2_ws/install/my_package:/home/hsun/ros2_ws/install/more_interfaces:/home/hsun/ros2_ws/install/cpp_parameters:/home/hsun/ros2_ws/install/python_parameters:/home/hsun/ros2_ws/install/py_srvcli:/home/hsun/ros2_ws/install/py_pubsub:/opt/ros/iron /usr/bin/cmake --build /home/hsun/ros2_ws/build/cpp_srvcli -- -j4 -l4
[1.081s] [ 50%] Built target server
[1.442s] [100%] Built target client
[1.634s] Invoked command in '/home/hsun/ros2_ws/build/cpp_srvcli' returned '0': CMAKE_PREFIX_PATH=/home/hsun/ros2_ws/install/tutorial_interfaces:/home/hsun/ros2_ws/install/cpp_srvcli:/home/hsun/ros2_ws/install/cpp_pubsub:/home/hsun/ros2_ws/install/turtlesim:/home/hsun/ros2_ws/install/polygon_plugins:/home/hsun/ros2_ws/install/polygon_base:/home/hsun/ros2_ws/install/my_package:/home/hsun/ros2_ws/install/more_interfaces:/home/hsun/ros2_ws/install/cpp_parameters:/home/hsun/ros2_ws/install/python_parameters:/home/hsun/ros2_ws/install/py_srvcli:/home/hsun/ros2_ws/install/py_pubsub:/opt/ros/iron /usr/bin/cmake --build /home/hsun/ros2_ws/build/cpp_srvcli -- -j4 -l4
[2.351s] Invoking command in '/home/hsun/ros2_ws/build/cpp_srvcli': CMAKE_PREFIX_PATH=/home/hsun/ros2_ws/install/tutorial_interfaces:/home/hsun/ros2_ws/install/cpp_srvcli:/home/hsun/ros2_ws/install/cpp_pubsub:/home/hsun/ros2_ws/install/turtlesim:/home/hsun/ros2_ws/install/polygon_plugins:/home/hsun/ros2_ws/install/polygon_base:/home/hsun/ros2_ws/install/my_package:/home/hsun/ros2_ws/install/more_interfaces:/home/hsun/ros2_ws/install/cpp_parameters:/home/hsun/ros2_ws/install/python_parameters:/home/hsun/ros2_ws/install/py_srvcli:/home/hsun/ros2_ws/install/py_pubsub:/opt/ros/iron /usr/bin/cmake --install /home/hsun/ros2_ws/build/cpp_srvcli
[2.448s] -- Install configuration: ""
[2.457s] -- Up-to-date: /home/hsun/ros2_ws/install/cpp_srvcli/lib/cpp_srvcli/server
[2.460s] -- Up-to-date: /home/hsun/ros2_ws/install/cpp_srvcli/lib/cpp_srvcli/client
[2.464s] -- Up-to-date: /home/hsun/ros2_ws/install/cpp_srvcli/share/ament_index/resource_index/package_run_dependencies/cpp_srvcli
[2.469s] -- Up-to-date: /home/hsun/ros2_ws/install/cpp_srvcli/share/ament_index/resource_index/parent_prefix_path/cpp_srvcli
[2.471s] -- Up-to-date: /home/hsun/ros2_ws/install/cpp_srvcli/share/cpp_srvcli/environment/ament_prefix_path.sh
[2.472s] -- Up-to-date: /home/hsun/ros2_ws/install/cpp_srvcli/share/cpp_srvcli/environment/ament_prefix_path.dsv
[2.481s] -- Up-to-date: /home/hsun/ros2_ws/install/cpp_srvcli/share/cpp_srvcli/environment/path.sh
[2.483s] -- Up-to-date: /home/hsun/ros2_ws/install/cpp_srvcli/share/cpp_srvcli/environment/path.dsv
[2.489s] -- Up-to-date: /home/hsun/ros2_ws/install/cpp_srvcli/share/cpp_srvcli/local_setup.bash
[2.492s] -- Up-to-date: /home/hsun/ros2_ws/install/cpp_srvcli/share/cpp_srvcli/local_setup.sh
[2.507s] -- Up-to-date: /home/hsun/ros2_ws/install/cpp_srvcli/share/cpp_srvcli/local_setup.zsh
[2.515s] -- Up-to-date: /home/hsun/ros2_ws/install/cpp_srvcli/share/cpp_srvcli/local_setup.dsv
[2.539s] -- Installing: /home/hsun/ros2_ws/install/cpp_srvcli/share/cpp_srvcli/package.dsv
[2.540s] -- Up-to-date: /home/hsun/ros2_ws/install/cpp_srvcli/share/ament_index/resource_index/packages/cpp_srvcli
[2.541s] -- Up-to-date: /home/hsun/ros2_ws/install/cpp_srvcli/share/cpp_srvcli/cmake/cpp_srvcliConfig.cmake
[2.542s] -- Up-to-date: /home/hsun/ros2_ws/install/cpp_srvcli/share/cpp_srvcli/cmake/cpp_srvcliConfig-version.cmake
[2.543s] -- Up-to-date: /home/hsun/ros2_ws/install/cpp_srvcli/share/cpp_srvcli/package.xml
[2.570s] Invoked command in '/home/hsun/ros2_ws/build/cpp_srvcli' returned '0': CMAKE_PREFIX_PATH=/home/hsun/ros2_ws/install/tutorial_interfaces:/home/hsun/ros2_ws/install/cpp_srvcli:/home/hsun/ros2_ws/install/cpp_pubsub:/home/hsun/ros2_ws/install/turtlesim:/home/hsun/ros2_ws/install/polygon_plugins:/home/hsun/ros2_ws/install/polygon_base:/home/hsun/ros2_ws/install/my_package:/home/hsun/ros2_ws/install/more_interfaces:/home/hsun/ros2_ws/install/cpp_parameters:/home/hsun/ros2_ws/install/python_parameters:/home/hsun/ros2_ws/install/py_srvcli:/home/hsun/ros2_ws/install/py_pubsub:/opt/ros/iron /usr/bin/cmake --install /home/hsun/ros2_ws/build/cpp_srvcli
