[0.187s] Invoking command in '/home/hsun/ros2_ws/build/polygon_base': CMAKE_PREFIX_PATH=/opt/ros/iron /usr/bin/cmake /home/hsun/ros2_ws/src/polygon_base -DCMAKE_INSTALL_PREFIX=/home/hsun/ros2_ws/install/polygon_base
[0.760s] -- The C compiler identification is GNU 11.3.0
[1.245s] -- The CXX compiler identification is GNU 11.3.0
[1.365s] -- Detecting C compiler ABI info
[2.023s] -- Detecting C compiler ABI info - done
[2.090s] -- Check for working C compiler: /usr/bin/cc - skipped
[2.093s] -- Detecting C compile features
[2.101s] -- Detecting C compile features - done
[2.129s] -- Detecting CXX compiler ABI info
[2.906s] -- Detecting CXX compiler ABI info - done
[2.955s] -- Check for working CXX compiler: /usr/bin/c++ - skipped
[2.957s] -- Detecting CXX compile features
[2.959s] -- Detecting CXX compile features - done
[2.991s] -- Found ament_cmake: 2.0.3 (/opt/ros/iron/share/ament_cmake/cmake)
[5.041s] -- Found Python3: /usr/bin/python3.10 (found version "3.10.6") found components: Interpreter 
[6.111s] -- Found pluginlib: 5.2.2 (/opt/ros/iron/share/pluginlib/cmake)
[7.136s] -- Found ament_lint_auto: 0.14.1 (/opt/ros/iron/share/ament_lint_auto/cmake)
[8.394s] -- Added test 'cppcheck' to perform static code analysis on C / C++ code
[8.396s] -- Configured cppcheck include dirs: $<BUILD_INTERFACE:/home/hsun/ros2_ws/src/polygon_base/include>
[8.397s] -- Configured cppcheck exclude dirs and/or files: 
[8.401s] -- Added test 'lint_cmake' to check CMake code style
[8.413s] -- Added test 'uncrustify' to check C / C++ code style
[8.414s] -- Configured uncrustify additional arguments: 
[8.417s] -- Added test 'xmllint' to check XML markup files
[9.487s] -- Configuring done
[9.567s] -- Generating done
[9.844s] -- Build files have been written to: /home/hsun/ros2_ws/build/polygon_base
[9.938s] Invoked command in '/home/hsun/ros2_ws/build/polygon_base' returned '0': CMAKE_PREFIX_PATH=/opt/ros/iron /usr/bin/cmake /home/hsun/ros2_ws/src/polygon_base -DCMAKE_INSTALL_PREFIX=/home/hsun/ros2_ws/install/polygon_base
[9.944s] Invoking command in '/home/hsun/ros2_ws/build/polygon_base': CMAKE_PREFIX_PATH=/opt/ros/iron /usr/bin/cmake --build /home/hsun/ros2_ws/build/polygon_base -- -j4 -l4
[10.309s] [ 50%] [32mBuilding CXX object CMakeFiles/area_node.dir/src/area_node.cpp.o[0m
[33.516s] [100%] [32m[1mLinking CXX executable area_node[0m
[34.601s] [100%] Built target area_node
[34.708s] Invoked command in '/home/hsun/ros2_ws/build/polygon_base' returned '0': CMAKE_PREFIX_PATH=/opt/ros/iron /usr/bin/cmake --build /home/hsun/ros2_ws/build/polygon_base -- -j4 -l4
[35.071s] Invoking command in '/home/hsun/ros2_ws/build/polygon_base': CMAKE_PREFIX_PATH=/opt/ros/iron /usr/bin/cmake --install /home/hsun/ros2_ws/build/polygon_base
[35.149s] -- Install configuration: ""
[35.152s] -- Installing: /home/hsun/ros2_ws/install/polygon_base/include
[35.155s] -- Installing: /home/hsun/ros2_ws/install/polygon_base/include/polygon_base
[35.158s] -- Installing: /home/hsun/ros2_ws/install/polygon_base/include/polygon_base/regular_polygon.hpp
[35.165s] -- Installing: /home/hsun/ros2_ws/install/polygon_base/lib/polygon_base/area_node
[35.185s] -- Set runtime path of "/home/hsun/ros2_ws/install/polygon_base/lib/polygon_base/area_node" to ""
[35.189s] -- Installing: /home/hsun/ros2_ws/install/polygon_base/share/ament_index/resource_index/package_run_dependencies/polygon_base
[35.193s] -- Installing: /home/hsun/ros2_ws/install/polygon_base/share/ament_index/resource_index/parent_prefix_path/polygon_base
[35.196s] -- Installing: /home/hsun/ros2_ws/install/polygon_base/share/polygon_base/environment/ament_prefix_path.sh
[35.202s] -- Installing: /home/hsun/ros2_ws/install/polygon_base/share/polygon_base/environment/ament_prefix_path.dsv
[35.205s] -- Installing: /home/hsun/ros2_ws/install/polygon_base/share/polygon_base/environment/path.sh
[35.208s] -- Installing: /home/hsun/ros2_ws/install/polygon_base/share/polygon_base/environment/path.dsv
[35.209s] -- Installing: /home/hsun/ros2_ws/install/polygon_base/share/polygon_base/local_setup.bash
[35.212s] -- Installing: /home/hsun/ros2_ws/install/polygon_base/share/polygon_base/local_setup.sh
[35.212s] -- Installing: /home/hsun/ros2_ws/install/polygon_base/share/polygon_base/local_setup.zsh
[35.215s] -- Installing: /home/hsun/ros2_ws/install/polygon_base/share/polygon_base/local_setup.dsv
[35.216s] -- Installing: /home/hsun/ros2_ws/install/polygon_base/share/polygon_base/package.dsv
[35.217s] -- Installing: /home/hsun/ros2_ws/install/polygon_base/share/ament_index/resource_index/packages/polygon_base
[35.219s] -- Installing: /home/hsun/ros2_ws/install/polygon_base/share/polygon_base/cmake/ament_cmake_export_include_directories-extras.cmake
[35.220s] -- Installing: /home/hsun/ros2_ws/install/polygon_base/share/polygon_base/cmake/polygon_baseConfig.cmake
[35.222s] -- Installing: /home/hsun/ros2_ws/install/polygon_base/share/polygon_base/cmake/polygon_baseConfig-version.cmake
[35.223s] -- Installing: /home/hsun/ros2_ws/install/polygon_base/share/polygon_base/package.xml
[35.246s] Invoked command in '/home/hsun/ros2_ws/build/polygon_base' returned '0': CMAKE_PREFIX_PATH=/opt/ros/iron /usr/bin/cmake --install /home/hsun/ros2_ws/build/polygon_base
