[0.496s] Invoking command in '/home/hsun/ros2_ws/build/more_interfaces': CMAKE_PREFIX_PATH=${CMAKE_PREFIX_PATH}:/home/hsun/ros2_ws/install/python_parameters:/home/hsun/ros2_ws/install/py_srvcli:/home/hsun/ros2_ws/install/py_pubsub:/opt/ros/iron /usr/bin/cmake --build /home/hsun/ros2_ws/build/more_interfaces -- -j4 -l4
[1.325s] [  2%] Built target more_interfaces__rosidl_generator_type_description
[1.710s] [  2%] Built target ament_cmake_python_copy_more_interfaces
[1.773s] [  5%] Built target more_interfaces__cpp
[1.796s] [ 19%] Built target more_interfaces__rosidl_generator_c
[2.135s] [ 27%] Built target more_interfaces__rosidl_typesupport_fastrtps_c
[2.267s] [ 36%] Built target more_interfaces__rosidl_typesupport_cpp
[2.364s] [ 44%] Built target more_interfaces__rosidl_typesupport_fastrtps_cpp
[2.531s] [ 52%] Built target more_interfaces__rosidl_typesupport_introspection_c
[2.622s] [ 61%] Built target more_interfaces__rosidl_typesupport_c
[2.740s] [35m[1mConsolidate compiler generated dependencies of target publish_address_book[0m
[2.921s] [ 69%] Built target more_interfaces__rosidl_typesupport_introspection_cpp
[2.995s] [ 75%] Built target publish_address_book
[3.214s] [ 75%] Built target more_interfaces
[3.624s] [ 77%] Built target more_interfaces__py
[3.985s] [ 83%] Built target more_interfaces__rosidl_generator_py
[4.313s] [ 88%] Built target more_interfaces__rosidl_typesupport_fastrtps_c__pyext
[4.735s] [ 94%] Built target more_interfaces__rosidl_typesupport_c__pyext
[5.032s] [100%] Built target more_interfaces__rosidl_typesupport_introspection_c__pyext
[7.002s] running egg_info
[7.012s] writing more_interfaces.egg-info/PKG-INFO
[7.019s] writing dependency_links to more_interfaces.egg-info/dependency_links.txt
[7.022s] writing top-level names to more_interfaces.egg-info/top_level.txt
[7.099s] reading manifest file 'more_interfaces.egg-info/SOURCES.txt'
[7.113s] writing manifest file 'more_interfaces.egg-info/SOURCES.txt'
[7.456s] [100%] Built target ament_cmake_python_build_more_interfaces_egg
[8.790s] Invoked command in '/home/hsun/ros2_ws/build/more_interfaces' returned '0': CMAKE_PREFIX_PATH=${CMAKE_PREFIX_PATH}:/home/hsun/ros2_ws/install/python_parameters:/home/hsun/ros2_ws/install/py_srvcli:/home/hsun/ros2_ws/install/py_pubsub:/opt/ros/iron /usr/bin/cmake --build /home/hsun/ros2_ws/build/more_interfaces -- -j4 -l4
[10.286s] Invoking command in '/home/hsun/ros2_ws/build/more_interfaces': CMAKE_PREFIX_PATH=${CMAKE_PREFIX_PATH}:/home/hsun/ros2_ws/install/python_parameters:/home/hsun/ros2_ws/install/py_srvcli:/home/hsun/ros2_ws/install/py_pubsub:/opt/ros/iron /usr/bin/cmake --install /home/hsun/ros2_ws/build/more_interfaces
[10.385s] -- Install configuration: ""
[10.393s] -- Up-to-date: /home/hsun/ros2_ws/install/more_interfaces/lib/more_interfaces/publish_address_book
[10.395s] -- Up-to-date: /home/hsun/ros2_ws/install/more_interfaces/share/ament_index/resource_index/rosidl_interfaces/more_interfaces
[10.397s] -- Up-to-date: /home/hsun/ros2_ws/install/more_interfaces/share/more_interfaces/msg/AddressBook.json
[10.407s] -- Up-to-date: /home/hsun/ros2_ws/install/more_interfaces/include/more_interfaces/more_interfaces
[10.408s] -- Up-to-date: /home/hsun/ros2_ws/install/more_interfaces/include/more_interfaces/more_interfaces/msg
[10.409s] -- Up-to-date: /home/hsun/ros2_ws/install/more_interfaces/include/more_interfaces/more_interfaces/msg/detail
[10.409s] -- Up-to-date: /home/hsun/ros2_ws/install/more_interfaces/include/more_interfaces/more_interfaces/msg/detail/address_book__description.c
[10.410s] -- Installing: /home/hsun/ros2_ws/install/more_interfaces/include/more_interfaces/more_interfaces/msg/detail/address_book__type_support.c
[10.411s] -- Up-to-date: /home/hsun/ros2_ws/install/more_interfaces/include/more_interfaces/more_interfaces/msg/detail/address_book__struct.h
[10.411s] -- Up-to-date: /home/hsun/ros2_ws/install/more_interfaces/include/more_interfaces/more_interfaces/msg/detail/address_book__type_support.h
[10.412s] -- Up-to-date: /home/hsun/ros2_ws/install/more_interfaces/include/more_interfaces/more_interfaces/msg/detail/address_book__functions.h
[10.412s] -- Up-to-date: /home/hsun/ros2_ws/install/more_interfaces/include/more_interfaces/more_interfaces/msg/detail/address_book__functions.c
[10.413s] -- Up-to-date: /home/hsun/ros2_ws/install/more_interfaces/include/more_interfaces/more_interfaces/msg/rosidl_generator_c__visibility_control.h
[10.438s] -- Up-to-date: /home/hsun/ros2_ws/install/more_interfaces/include/more_interfaces/more_interfaces/msg/address_book.h
[10.447s] -- Up-to-date: /home/hsun/ros2_ws/install/more_interfaces/share/more_interfaces/environment/library_path.sh
[10.460s] -- Up-to-date: /home/hsun/ros2_ws/install/more_interfaces/share/more_interfaces/environment/library_path.dsv
[10.476s] -- Up-to-date: /home/hsun/ros2_ws/install/more_interfaces/lib/libmore_interfaces__rosidl_generator_c.so
[10.481s] -- Up-to-date: /home/hsun/ros2_ws/install/more_interfaces/include/more_interfaces/more_interfaces
[10.483s] -- Up-to-date: /home/hsun/ros2_ws/install/more_interfaces/include/more_interfaces/more_interfaces/msg
[10.484s] -- Up-to-date: /home/hsun/ros2_ws/install/more_interfaces/include/more_interfaces/more_interfaces/msg/detail
[10.485s] -- Up-to-date: /home/hsun/ros2_ws/install/more_interfaces/include/more_interfaces/more_interfaces/msg/detail/address_book__rosidl_typesupport_fastrtps_c.h
[10.491s] -- Up-to-date: /home/hsun/ros2_ws/install/more_interfaces/include/more_interfaces/more_interfaces/msg/rosidl_typesupport_fastrtps_c__visibility_control.h
[10.503s] -- Up-to-date: /home/hsun/ros2_ws/install/more_interfaces/lib/libmore_interfaces__rosidl_typesupport_fastrtps_c.so
[10.505s] -- Up-to-date: /home/hsun/ros2_ws/install/more_interfaces/include/more_interfaces/more_interfaces
[10.507s] -- Up-to-date: /home/hsun/ros2_ws/install/more_interfaces/include/more_interfaces/more_interfaces/msg
[10.508s] -- Up-to-date: /home/hsun/ros2_ws/install/more_interfaces/include/more_interfaces/more_interfaces/msg/detail
[10.518s] -- Up-to-date: /home/hsun/ros2_ws/install/more_interfaces/include/more_interfaces/more_interfaces/msg/detail/address_book__struct.hpp
[10.519s] -- Up-to-date: /home/hsun/ros2_ws/install/more_interfaces/include/more_interfaces/more_interfaces/msg/detail/address_book__builder.hpp
[10.530s] -- Up-to-date: /home/hsun/ros2_ws/install/more_interfaces/include/more_interfaces/more_interfaces/msg/detail/address_book__traits.hpp
[10.531s] -- Up-to-date: /home/hsun/ros2_ws/install/more_interfaces/include/more_interfaces/more_interfaces/msg/address_book.hpp
[10.532s] -- Up-to-date: /home/hsun/ros2_ws/install/more_interfaces/include/more_interfaces/more_interfaces
[10.542s] -- Up-to-date: /home/hsun/ros2_ws/install/more_interfaces/include/more_interfaces/more_interfaces/msg
[10.543s] -- Up-to-date: /home/hsun/ros2_ws/install/more_interfaces/include/more_interfaces/more_interfaces/msg/detail
[10.543s] -- Up-to-date: /home/hsun/ros2_ws/install/more_interfaces/include/more_interfaces/more_interfaces/msg/detail/dds_fastrtps
[10.544s] -- Up-to-date: /home/hsun/ros2_ws/install/more_interfaces/include/more_interfaces/more_interfaces/msg/detail/address_book__rosidl_typesupport_fastrtps_cpp.hpp
[10.544s] -- Up-to-date: /home/hsun/ros2_ws/install/more_interfaces/include/more_interfaces/more_interfaces/msg/rosidl_typesupport_fastrtps_cpp__visibility_control.h
[10.545s] -- Up-to-date: /home/hsun/ros2_ws/install/more_interfaces/lib/libmore_interfaces__rosidl_typesupport_fastrtps_cpp.so
[10.545s] -- Up-to-date: /home/hsun/ros2_ws/install/more_interfaces/include/more_interfaces/more_interfaces
[10.558s] -- Up-to-date: /home/hsun/ros2_ws/install/more_interfaces/include/more_interfaces/more_interfaces/msg
[10.560s] -- Up-to-date: /home/hsun/ros2_ws/install/more_interfaces/include/more_interfaces/more_interfaces/msg/detail
[10.576s] -- Up-to-date: /home/hsun/ros2_ws/install/more_interfaces/include/more_interfaces/more_interfaces/msg/detail/address_book__rosidl_typesupport_introspection_c.h
[10.595s] -- Installing: /home/hsun/ros2_ws/install/more_interfaces/include/more_interfaces/more_interfaces/msg/detail/address_book__type_support.c
[10.595s] -- Up-to-date: /home/hsun/ros2_ws/install/more_interfaces/include/more_interfaces/more_interfaces/msg/rosidl_typesupport_introspection_c__visibility_control.h
[10.596s] -- Up-to-date: /home/hsun/ros2_ws/install/more_interfaces/lib/libmore_interfaces__rosidl_typesupport_introspection_c.so
[10.597s] -- Up-to-date: /home/hsun/ros2_ws/install/more_interfaces/lib/libmore_interfaces__rosidl_typesupport_c.so
[10.602s] -- Up-to-date: /home/hsun/ros2_ws/install/more_interfaces/include/more_interfaces/more_interfaces
[10.603s] -- Up-to-date: /home/hsun/ros2_ws/install/more_interfaces/include/more_interfaces/more_interfaces/msg
[10.604s] -- Up-to-date: /home/hsun/ros2_ws/install/more_interfaces/include/more_interfaces/more_interfaces/msg/detail
[10.605s] -- Up-to-date: /home/hsun/ros2_ws/install/more_interfaces/include/more_interfaces/more_interfaces/msg/detail/address_book__rosidl_typesupport_introspection_cpp.hpp
[10.605s] -- Up-to-date: /home/hsun/ros2_ws/install/more_interfaces/include/more_interfaces/more_interfaces/msg/detail/address_book__type_support.cpp
[10.606s] -- Up-to-date: /home/hsun/ros2_ws/install/more_interfaces/lib/libmore_interfaces__rosidl_typesupport_introspection_cpp.so
[10.606s] -- Up-to-date: /home/hsun/ros2_ws/install/more_interfaces/lib/libmore_interfaces__rosidl_typesupport_cpp.so
[10.607s] -- Up-to-date: /home/hsun/ros2_ws/install/more_interfaces/share/more_interfaces/environment/pythonpath.sh
[10.608s] -- Up-to-date: /home/hsun/ros2_ws/install/more_interfaces/share/more_interfaces/environment/pythonpath.dsv
[10.608s] -- Up-to-date: /home/hsun/ros2_ws/install/more_interfaces/lib/python3.10/site-packages/more_interfaces-0.0.0-py3.10.egg-info
[10.622s] -- Installing: /home/hsun/ros2_ws/install/more_interfaces/lib/python3.10/site-packages/more_interfaces-0.0.0-py3.10.egg-info/SOURCES.txt
[10.622s] -- Installing: /home/hsun/ros2_ws/install/more_interfaces/lib/python3.10/site-packages/more_interfaces-0.0.0-py3.10.egg-info/PKG-INFO
[10.623s] -- Installing: /home/hsun/ros2_ws/install/more_interfaces/lib/python3.10/site-packages/more_interfaces-0.0.0-py3.10.egg-info/dependency_links.txt
[10.624s] -- Installing: /home/hsun/ros2_ws/install/more_interfaces/lib/python3.10/site-packages/more_interfaces-0.0.0-py3.10.egg-info/top_level.txt
[10.627s] -- Up-to-date: /home/hsun/ros2_ws/install/more_interfaces/lib/python3.10/site-packages/more_interfaces
[10.628s] -- Up-to-date: /home/hsun/ros2_ws/install/more_interfaces/lib/python3.10/site-packages/more_interfaces/_more_interfaces_s.ep.rosidl_typesupport_introspection_c.c
[10.629s] -- Up-to-date: /home/hsun/ros2_ws/install/more_interfaces/lib/python3.10/site-packages/more_interfaces/_more_interfaces_s.ep.rosidl_typesupport_fastrtps_c.c
[10.630s] -- Up-to-date: /home/hsun/ros2_ws/install/more_interfaces/lib/python3.10/site-packages/more_interfaces/libmore_interfaces__rosidl_generator_py.so
[10.631s] -- Up-to-date: /home/hsun/ros2_ws/install/more_interfaces/lib/python3.10/site-packages/more_interfaces/__init__.py
[10.636s] -- Up-to-date: /home/hsun/ros2_ws/install/more_interfaces/lib/python3.10/site-packages/more_interfaces/more_interfaces_s__rosidl_typesupport_c.cpython-310-aarch64-linux-gnu.so
[10.638s] -- Up-to-date: /home/hsun/ros2_ws/install/more_interfaces/lib/python3.10/site-packages/more_interfaces/_more_interfaces_s.ep.rosidl_typesupport_c.c
[10.645s] -- Up-to-date: /home/hsun/ros2_ws/install/more_interfaces/lib/python3.10/site-packages/more_interfaces/more_interfaces_s__rosidl_typesupport_fastrtps_c.cpython-310-aarch64-linux-gnu.so
[10.647s] -- Up-to-date: /home/hsun/ros2_ws/install/more_interfaces/lib/python3.10/site-packages/more_interfaces/more_interfaces_s__rosidl_typesupport_introspection_c.cpython-310-aarch64-linux-gnu.so
[10.648s] -- Up-to-date: /home/hsun/ros2_ws/install/more_interfaces/lib/python3.10/site-packages/more_interfaces/msg
[10.649s] -- Up-to-date: /home/hsun/ros2_ws/install/more_interfaces/lib/python3.10/site-packages/more_interfaces/msg/__init__.py
[10.654s] -- Up-to-date: /home/hsun/ros2_ws/install/more_interfaces/lib/python3.10/site-packages/more_interfaces/msg/_address_book.py
[10.656s] -- Up-to-date: /home/hsun/ros2_ws/install/more_interfaces/lib/python3.10/site-packages/more_interfaces/msg/_address_book_s.c
[10.991s] Listing '/home/hsun/ros2_ws/install/more_interfaces/lib/python3.10/site-packages/more_interfaces'...
[10.992s] Listing '/home/hsun/ros2_ws/install/more_interfaces/lib/python3.10/site-packages/more_interfaces/msg'...
[11.048s] -- Up-to-date: /home/hsun/ros2_ws/install/more_interfaces/lib/python3.10/site-packages/more_interfaces/more_interfaces_s__rosidl_typesupport_fastrtps_c.cpython-310-aarch64-linux-gnu.so
[11.058s] -- Up-to-date: /home/hsun/ros2_ws/install/more_interfaces/lib/python3.10/site-packages/more_interfaces/more_interfaces_s__rosidl_typesupport_introspection_c.cpython-310-aarch64-linux-gnu.so
[11.075s] -- Up-to-date: /home/hsun/ros2_ws/install/more_interfaces/lib/python3.10/site-packages/more_interfaces/more_interfaces_s__rosidl_typesupport_c.cpython-310-aarch64-linux-gnu.so
[11.079s] -- Up-to-date: /home/hsun/ros2_ws/install/more_interfaces/lib/libmore_interfaces__rosidl_generator_py.so
[11.081s] -- Up-to-date: /home/hsun/ros2_ws/install/more_interfaces/share/more_interfaces/msg/AddressBook.idl
[11.082s] -- Up-to-date: /home/hsun/ros2_ws/install/more_interfaces/share/more_interfaces/msg/AddressBook.msg
[11.083s] -- Up-to-date: /home/hsun/ros2_ws/install/more_interfaces/share/ament_index/resource_index/package_run_dependencies/more_interfaces
[11.083s] -- Up-to-date: /home/hsun/ros2_ws/install/more_interfaces/share/ament_index/resource_index/parent_prefix_path/more_interfaces
[11.084s] -- Up-to-date: /home/hsun/ros2_ws/install/more_interfaces/share/more_interfaces/environment/ament_prefix_path.sh
[11.084s] -- Up-to-date: /home/hsun/ros2_ws/install/more_interfaces/share/more_interfaces/environment/ament_prefix_path.dsv
[11.085s] -- Up-to-date: /home/hsun/ros2_ws/install/more_interfaces/share/more_interfaces/environment/path.sh
[11.085s] -- Up-to-date: /home/hsun/ros2_ws/install/more_interfaces/share/more_interfaces/environment/path.dsv
[11.088s] -- Up-to-date: /home/hsun/ros2_ws/install/more_interfaces/share/more_interfaces/local_setup.bash
[11.089s] -- Up-to-date: /home/hsun/ros2_ws/install/more_interfaces/share/more_interfaces/local_setup.sh
[11.089s] -- Up-to-date: /home/hsun/ros2_ws/install/more_interfaces/share/more_interfaces/local_setup.zsh
[11.103s] -- Up-to-date: /home/hsun/ros2_ws/install/more_interfaces/share/more_interfaces/local_setup.dsv
[11.104s] -- Installing: /home/hsun/ros2_ws/install/more_interfaces/share/more_interfaces/package.dsv
[11.104s] -- Up-to-date: /home/hsun/ros2_ws/install/more_interfaces/share/ament_index/resource_index/packages/more_interfaces
[11.119s] -- Up-to-date: /home/hsun/ros2_ws/install/more_interfaces/share/more_interfaces/cmake/export_more_interfaces__rosidl_generator_cExport.cmake
[11.121s] -- Up-to-date: /home/hsun/ros2_ws/install/more_interfaces/share/more_interfaces/cmake/export_more_interfaces__rosidl_generator_cExport-noconfig.cmake
[11.123s] -- Up-to-date: /home/hsun/ros2_ws/install/more_interfaces/share/more_interfaces/cmake/export_more_interfaces__rosidl_typesupport_fastrtps_cExport.cmake
[11.142s] -- Up-to-date: /home/hsun/ros2_ws/install/more_interfaces/share/more_interfaces/cmake/export_more_interfaces__rosidl_typesupport_fastrtps_cExport-noconfig.cmake
[11.142s] -- Up-to-date: /home/hsun/ros2_ws/install/more_interfaces/share/more_interfaces/cmake/export_more_interfaces__rosidl_generator_cppExport.cmake
[11.143s] -- Up-to-date: /home/hsun/ros2_ws/install/more_interfaces/share/more_interfaces/cmake/export_more_interfaces__rosidl_typesupport_fastrtps_cppExport.cmake
[11.144s] -- Up-to-date: /home/hsun/ros2_ws/install/more_interfaces/share/more_interfaces/cmake/export_more_interfaces__rosidl_typesupport_fastrtps_cppExport-noconfig.cmake
[11.152s] -- Up-to-date: /home/hsun/ros2_ws/install/more_interfaces/share/more_interfaces/cmake/more_interfaces__rosidl_typesupport_introspection_cExport.cmake
[11.152s] -- Up-to-date: /home/hsun/ros2_ws/install/more_interfaces/share/more_interfaces/cmake/more_interfaces__rosidl_typesupport_introspection_cExport-noconfig.cmake
[11.163s] -- Up-to-date: /home/hsun/ros2_ws/install/more_interfaces/share/more_interfaces/cmake/more_interfaces__rosidl_typesupport_cExport.cmake
[11.163s] -- Up-to-date: /home/hsun/ros2_ws/install/more_interfaces/share/more_interfaces/cmake/more_interfaces__rosidl_typesupport_cExport-noconfig.cmake
[11.167s] -- Up-to-date: /home/hsun/ros2_ws/install/more_interfaces/share/more_interfaces/cmake/more_interfaces__rosidl_typesupport_introspection_cppExport.cmake
[11.168s] -- Up-to-date: /home/hsun/ros2_ws/install/more_interfaces/share/more_interfaces/cmake/more_interfaces__rosidl_typesupport_introspection_cppExport-noconfig.cmake
[11.179s] -- Up-to-date: /home/hsun/ros2_ws/install/more_interfaces/share/more_interfaces/cmake/more_interfaces__rosidl_typesupport_cppExport.cmake
[11.180s] -- Up-to-date: /home/hsun/ros2_ws/install/more_interfaces/share/more_interfaces/cmake/more_interfaces__rosidl_typesupport_cppExport-noconfig.cmake
[11.190s] -- Up-to-date: /home/hsun/ros2_ws/install/more_interfaces/share/more_interfaces/cmake/export_more_interfaces__rosidl_generator_pyExport.cmake
[11.191s] -- Up-to-date: /home/hsun/ros2_ws/install/more_interfaces/share/more_interfaces/cmake/export_more_interfaces__rosidl_generator_pyExport-noconfig.cmake
[11.191s] -- Up-to-date: /home/hsun/ros2_ws/install/more_interfaces/share/more_interfaces/cmake/rosidl_cmake-extras.cmake
[11.192s] -- Up-to-date: /home/hsun/ros2_ws/install/more_interfaces/share/more_interfaces/cmake/ament_cmake_export_include_directories-extras.cmake
[11.192s] -- Up-to-date: /home/hsun/ros2_ws/install/more_interfaces/share/more_interfaces/cmake/ament_cmake_export_libraries-extras.cmake
[11.194s] -- Up-to-date: /home/hsun/ros2_ws/install/more_interfaces/share/more_interfaces/cmake/ament_cmake_export_targets-extras.cmake
[11.195s] -- Up-to-date: /home/hsun/ros2_ws/install/more_interfaces/share/more_interfaces/cmake/rosidl_cmake_export_typesupport_targets-extras.cmake
[11.199s] -- Up-to-date: /home/hsun/ros2_ws/install/more_interfaces/share/more_interfaces/cmake/ament_cmake_export_dependencies-extras.cmake
[11.201s] -- Up-to-date: /home/hsun/ros2_ws/install/more_interfaces/share/more_interfaces/cmake/rosidl_cmake_export_typesupport_libraries-extras.cmake
[11.207s] -- Up-to-date: /home/hsun/ros2_ws/install/more_interfaces/share/more_interfaces/cmake/more_interfacesConfig.cmake
[11.209s] -- Up-to-date: /home/hsun/ros2_ws/install/more_interfaces/share/more_interfaces/cmake/more_interfacesConfig-version.cmake
[11.210s] -- Up-to-date: /home/hsun/ros2_ws/install/more_interfaces/share/more_interfaces/package.xml
[11.244s] Invoked command in '/home/hsun/ros2_ws/build/more_interfaces' returned '0': CMAKE_PREFIX_PATH=${CMAKE_PREFIX_PATH}:/home/hsun/ros2_ws/install/python_parameters:/home/hsun/ros2_ws/install/py_srvcli:/home/hsun/ros2_ws/install/py_pubsub:/opt/ros/iron /usr/bin/cmake --install /home/hsun/ros2_ws/build/more_interfaces
