[0.067s] Invoking command in '/home/hsun/ros2_ws/build/cpp_pubsub': /usr/bin/cmake /home/hsun/ros2_ws/src/cpp_pubsub -DCMAKE_INSTALL_PREFIX=/home/hsun/ros2_ws/install/cpp_pubsub
[0.713s] -- The C compiler identification is GNU 11.3.0
[1.241s] -- The CXX compiler identification is GNU 11.3.0
[1.340s] -- Detecting C compiler ABI info
[2.058s] -- Detecting C compiler ABI info - done
[2.099s] -- Check for working C compiler: /usr/bin/cc - skipped
[2.101s] -- Detecting C compile features
[2.105s] -- Detecting C compile features - done
[2.153s] -- Detecting CXX compiler ABI info
[2.795s] -- Detecting CXX compiler ABI info - done
[2.838s] -- Check for working CXX compiler: /usr/bin/c++ - skipped
[2.840s] -- Detecting CXX compile features
[2.845s] -- Detecting CXX compile features - done
[3.039s] [31mCMake Error at CMakeLists.txt:9 (find_package):
[3.040s]   By not providing "Findament_cmake.cmake" in CMAKE_MODULE_PATH this project
[3.041s]   has asked CMake to find a package configuration file provided by
[3.042s]   "ament_cmake", but CMake did not find one.
[3.048s] 
[3.050s]   Could not find a package configuration file provided by "ament_cmake" with
[3.050s]   any of the following names:
[3.052s] 
[3.068s]     ament_cmakeConfig.cmake
[3.069s]     ament_cmake-config.cmake
[3.070s] 
[3.070s]   Add the installation prefix of "ament_cmake" to CMAKE_PREFIX_PATH or set
[3.071s]   "ament_cmake_DIR" to a directory containing one of the above files.  If
[3.072s]   "ament_cmake" provides a separate development package or SDK, be sure it
[3.073s]   has been installed.
[3.074s] 
[3.075s] [0m
[3.075s] -- Configuring incomplete, errors occurred!
[3.081s] See also "/home/hsun/ros2_ws/build/cpp_pubsub/CMakeFiles/CMakeOutput.log".
[3.085s] Invoked command in '/home/hsun/ros2_ws/build/cpp_pubsub' returned '1': /usr/bin/cmake /home/hsun/ros2_ws/src/cpp_pubsub -DCMAKE_INSTALL_PREFIX=/home/hsun/ros2_ws/install/cpp_pubsub
