[12.365s] Invoking command in '/home/hsun/ros2_ws/src/python_parameters': PYTHONPATH=/home/hsun/ros2_ws/build/python_parameters/prefix_override:/home/hsun/ros2_ws/install/python_parameters/lib/python3.10/site-packages: /usr/bin/python3 setup.py egg_info --egg-base ../../build/python_parameters build --build-base /home/hsun/ros2_ws/build/python_parameters/build install --record /home/hsun/ros2_ws/build/python_parameters/install.log --single-version-externally-managed
[16.785s] running egg_info
[16.787s] writing ../../build/python_parameters/python_parameters.egg-info/PKG-INFO
[16.802s] writing dependency_links to ../../build/python_parameters/python_parameters.egg-info/dependency_links.txt
[16.803s] writing entry points to ../../build/python_parameters/python_parameters.egg-info/entry_points.txt
[16.804s] writing requirements to ../../build/python_parameters/python_parameters.egg-info/requires.txt
[16.805s] writing top-level names to ../../build/python_parameters/python_parameters.egg-info/top_level.txt
[16.814s] reading manifest file '../../build/python_parameters/python_parameters.egg-info/SOURCES.txt'
[16.828s] writing manifest file '../../build/python_parameters/python_parameters.egg-info/SOURCES.txt'
[16.830s] running build
[16.832s] running build_py
[16.836s] running install
[16.841s] /usr/lib/python3/dist-packages/setuptools/command/install.py:34: SetuptoolsDeprecationWarning: setup.py install is deprecated. Use build and pip and other standards-based tools.
[16.843s]   warnings.warn(
[16.850s] running install_lib
[16.855s] running install_data
[16.856s] running install_egg_info
[16.863s] removing '/home/hsun/ros2_ws/install/python_parameters/lib/python3.10/site-packages/python_parameters-0.0.0-py3.10.egg-info' (and everything under it)
[16.867s] Copying ../../build/python_parameters/python_parameters.egg-info to /home/hsun/ros2_ws/install/python_parameters/lib/python3.10/site-packages/python_parameters-0.0.0-py3.10.egg-info
[16.894s] running install_scripts
[17.124s] Installing minimal_param_node script to /home/hsun/ros2_ws/install/python_parameters/lib/python_parameters
[17.134s] writing list of installed files to '/home/hsun/ros2_ws/build/python_parameters/install.log'
