[5.676s] DEBUG:colcon:Command line arguments: ['/usr/bin/colcon', 'list', '-p', '--base-paths', '/home/hsun/ros2_ws']
[5.677s] DEBUG:colcon:Parsed command line arguments: Namespace(log_base=None, log_level=None, verb_name='list', build_base='build', ignore_user_meta=False, metas=['./colcon.meta'], base_paths=['/home/hsun/ros2_ws'], packages_ignore=None, packages_ignore_regex=None, paths=None, packages_up_to=None, packages_up_to_regex=None, packages_above=None, packages_above_and_dependencies=None, packages_above_depth=None, packages_select_by_dep=None, packages_skip_by_dep=None, packages_skip_up_to=None, packages_select_build_failed=False, packages_skip_build_finished=False, packages_select_test_failures=False, packages_skip_test_passed=False, packages_select=None, packages_skip=None, packages_select_regex=None, packages_skip_regex=None, packages_start=None, packages_end=None, allow_overriding=[], topological_order=False, names_only=False, paths_only=True, topological_graph=False, topological_graph_dot=False, topological_graph_density=False, topological_graph_legend=False, topological_graph_dot_cluster=False, topological_graph_dot_include_skipped=False, verb_parser=<colcon_defaults.argument_parser.defaults.DefaultArgumentsDecorator object at 0xffff8ab8f1f0>, verb_extension=<colcon_package_information.verb.list.ListVerb object at 0xffff8ab40520>, main=<bound method ListVerb.main of <colcon_package_information.verb.list.ListVerb object at 0xffff8ab40520>>)
[6.044s] Level 1:colcon.colcon_core.package_discovery:discover_packages(colcon_meta) check parameters
[6.045s] Level 1:colcon.colcon_core.package_discovery:discover_packages(recursive) check parameters
[6.045s] Level 1:colcon.colcon_core.package_discovery:discover_packages(ignore) check parameters
[6.045s] Level 1:colcon.colcon_core.package_discovery:discover_packages(path) check parameters
[6.046s] Level 1:colcon.colcon_core.package_discovery:discover_packages(recursive) discover
[6.046s] INFO:colcon.colcon_core.package_discovery:Crawling recursively for packages in '/home/hsun/ros2_ws'
[6.047s] Level 1:colcon.colcon_core.package_identification:_identify(/home/hsun/ros2_ws) by extensions ['ignore', 'ignore_ament_install']
[6.048s] Level 1:colcon.colcon_core.package_identification:_identify(/home/hsun/ros2_ws) by extension 'ignore'
[6.048s] Level 1:colcon.colcon_core.package_identification:_identify(/home/hsun/ros2_ws) by extension 'ignore_ament_install'
[6.049s] Level 1:colcon.colcon_core.package_identification:_identify(/home/hsun/ros2_ws) by extensions ['colcon_pkg']
[6.049s] Level 1:colcon.colcon_core.package_identification:_identify(/home/hsun/ros2_ws) by extension 'colcon_pkg'
[6.050s] Level 1:colcon.colcon_core.package_identification:_identify(/home/hsun/ros2_ws) by extensions ['colcon_meta']
[6.050s] Level 1:colcon.colcon_core.package_identification:_identify(/home/hsun/ros2_ws) by extension 'colcon_meta'
[6.051s] Level 1:colcon.colcon_core.package_identification:_identify(/home/hsun/ros2_ws) by extensions ['ros']
[6.051s] Level 1:colcon.colcon_core.package_identification:_identify(/home/hsun/ros2_ws) by extension 'ros'
[6.130s] Level 1:colcon.colcon_core.package_identification:_identify(/home/hsun/ros2_ws) by extensions ['cmake', 'python']
[6.131s] Level 1:colcon.colcon_core.package_identification:_identify(/home/hsun/ros2_ws) by extension 'cmake'
[6.132s] Level 1:colcon.colcon_core.package_identification:_identify(/home/hsun/ros2_ws) by extension 'python'
[6.132s] Level 1:colcon.colcon_core.package_identification:_identify(/home/hsun/ros2_ws) by extensions ['python_setup_py']
[6.133s] Level 1:colcon.colcon_core.package_identification:_identify(/home/hsun/ros2_ws) by extension 'python_setup_py'
[6.134s] Level 1:colcon.colcon_core.package_identification:_identify(/home/hsun/ros2_ws/build) by extensions ['ignore', 'ignore_ament_install']
[6.136s] Level 1:colcon.colcon_core.package_identification:_identify(/home/hsun/ros2_ws/build) by extension 'ignore'
[6.137s] Level 1:colcon.colcon_core.package_identification:_identify(/home/hsun/ros2_ws/build) ignored
[6.138s] Level 1:colcon.colcon_core.package_identification:_identify(/home/hsun/ros2_ws/install) by extensions ['ignore', 'ignore_ament_install']
[6.139s] Level 1:colcon.colcon_core.package_identification:_identify(/home/hsun/ros2_ws/install) by extension 'ignore'
[6.140s] Level 1:colcon.colcon_core.package_identification:_identify(/home/hsun/ros2_ws/install) ignored
[6.141s] Level 1:colcon.colcon_core.package_identification:_identify(/home/hsun/ros2_ws/log) by extensions ['ignore', 'ignore_ament_install']
[6.142s] Level 1:colcon.colcon_core.package_identification:_identify(/home/hsun/ros2_ws/log) by extension 'ignore'
[6.143s] Level 1:colcon.colcon_core.package_identification:_identify(/home/hsun/ros2_ws/log) ignored
[6.144s] Level 1:colcon.colcon_core.package_identification:_identify(/home/hsun/ros2_ws/src) by extensions ['ignore', 'ignore_ament_install']
[6.145s] Level 1:colcon.colcon_core.package_identification:_identify(/home/hsun/ros2_ws/src) by extension 'ignore'
[6.145s] Level 1:colcon.colcon_core.package_identification:_identify(/home/hsun/ros2_ws/src) by extension 'ignore_ament_install'
[6.146s] Level 1:colcon.colcon_core.package_identification:_identify(/home/hsun/ros2_ws/src) by extensions ['colcon_pkg']
[6.146s] Level 1:colcon.colcon_core.package_identification:_identify(/home/hsun/ros2_ws/src) by extension 'colcon_pkg'
[6.148s] Level 1:colcon.colcon_core.package_identification:_identify(/home/hsun/ros2_ws/src) by extensions ['colcon_meta']
[6.148s] Level 1:colcon.colcon_core.package_identification:_identify(/home/hsun/ros2_ws/src) by extension 'colcon_meta'
[6.149s] Level 1:colcon.colcon_core.package_identification:_identify(/home/hsun/ros2_ws/src) by extensions ['ros']
[6.149s] Level 1:colcon.colcon_core.package_identification:_identify(/home/hsun/ros2_ws/src) by extension 'ros'
[6.151s] Level 1:colcon.colcon_core.package_identification:_identify(/home/hsun/ros2_ws/src) by extensions ['cmake', 'python']
[6.151s] Level 1:colcon.colcon_core.package_identification:_identify(/home/hsun/ros2_ws/src) by extension 'cmake'
[6.152s] Level 1:colcon.colcon_core.package_identification:_identify(/home/hsun/ros2_ws/src) by extension 'python'
[6.152s] Level 1:colcon.colcon_core.package_identification:_identify(/home/hsun/ros2_ws/src) by extensions ['python_setup_py']
[6.153s] Level 1:colcon.colcon_core.package_identification:_identify(/home/hsun/ros2_ws/src) by extension 'python_setup_py'
[6.154s] Level 1:colcon.colcon_core.package_identification:_identify(/home/hsun/ros2_ws/src/cpp_pubsub) by extensions ['ignore', 'ignore_ament_install']
[6.154s] Level 1:colcon.colcon_core.package_identification:_identify(/home/hsun/ros2_ws/src/cpp_pubsub) by extension 'ignore'
[6.155s] Level 1:colcon.colcon_core.package_identification:_identify(/home/hsun/ros2_ws/src/cpp_pubsub) by extension 'ignore_ament_install'
[6.156s] Level 1:colcon.colcon_core.package_identification:_identify(/home/hsun/ros2_ws/src/cpp_pubsub) by extensions ['colcon_pkg']
[6.157s] Level 1:colcon.colcon_core.package_identification:_identify(/home/hsun/ros2_ws/src/cpp_pubsub) by extension 'colcon_pkg'
[6.157s] Level 1:colcon.colcon_core.package_identification:_identify(/home/hsun/ros2_ws/src/cpp_pubsub) by extensions ['colcon_meta']
[6.158s] Level 1:colcon.colcon_core.package_identification:_identify(/home/hsun/ros2_ws/src/cpp_pubsub) by extension 'colcon_meta'
[6.159s] Level 1:colcon.colcon_core.package_identification:_identify(/home/hsun/ros2_ws/src/cpp_pubsub) by extensions ['ros']
[6.159s] Level 1:colcon.colcon_core.package_identification:_identify(/home/hsun/ros2_ws/src/cpp_pubsub) by extension 'ros'
[6.186s] DEBUG:colcon.colcon_core.package_identification:Package '/home/hsun/ros2_ws/src/cpp_pubsub' with type 'ros.ament_cmake' and name 'cpp_pubsub'
[6.187s] Level 1:colcon.colcon_core.package_identification:_identify(/home/hsun/ros2_ws/src/my_package) by extensions ['ignore', 'ignore_ament_install']
[6.188s] Level 1:colcon.colcon_core.package_identification:_identify(/home/hsun/ros2_ws/src/my_package) by extension 'ignore'
[6.189s] Level 1:colcon.colcon_core.package_identification:_identify(/home/hsun/ros2_ws/src/my_package) by extension 'ignore_ament_install'
[6.190s] Level 1:colcon.colcon_core.package_identification:_identify(/home/hsun/ros2_ws/src/my_package) by extensions ['colcon_pkg']
[6.191s] Level 1:colcon.colcon_core.package_identification:_identify(/home/hsun/ros2_ws/src/my_package) by extension 'colcon_pkg'
[6.192s] Level 1:colcon.colcon_core.package_identification:_identify(/home/hsun/ros2_ws/src/my_package) by extensions ['colcon_meta']
[6.192s] Level 1:colcon.colcon_core.package_identification:_identify(/home/hsun/ros2_ws/src/my_package) by extension 'colcon_meta'
[6.192s] Level 1:colcon.colcon_core.package_identification:_identify(/home/hsun/ros2_ws/src/my_package) by extensions ['ros']
[6.193s] Level 1:colcon.colcon_core.package_identification:_identify(/home/hsun/ros2_ws/src/my_package) by extension 'ros'
[6.198s] DEBUG:colcon.colcon_core.package_identification:Package '/home/hsun/ros2_ws/src/my_package' with type 'ros.ament_cmake' and name 'my_package'
[6.199s] Level 1:colcon.colcon_core.package_identification:_identify(/home/hsun/ros2_ws/src/ros_tutorials) by extensions ['ignore', 'ignore_ament_install']
[6.200s] Level 1:colcon.colcon_core.package_identification:_identify(/home/hsun/ros2_ws/src/ros_tutorials) by extension 'ignore'
[6.200s] Level 1:colcon.colcon_core.package_identification:_identify(/home/hsun/ros2_ws/src/ros_tutorials) by extension 'ignore_ament_install'
[6.201s] Level 1:colcon.colcon_core.package_identification:_identify(/home/hsun/ros2_ws/src/ros_tutorials) by extensions ['colcon_pkg']
[6.201s] Level 1:colcon.colcon_core.package_identification:_identify(/home/hsun/ros2_ws/src/ros_tutorials) by extension 'colcon_pkg'
[6.202s] Level 1:colcon.colcon_core.package_identification:_identify(/home/hsun/ros2_ws/src/ros_tutorials) by extensions ['colcon_meta']
[6.202s] Level 1:colcon.colcon_core.package_identification:_identify(/home/hsun/ros2_ws/src/ros_tutorials) by extension 'colcon_meta'
[6.203s] Level 1:colcon.colcon_core.package_identification:_identify(/home/hsun/ros2_ws/src/ros_tutorials) by extensions ['ros']
[6.204s] Level 1:colcon.colcon_core.package_identification:_identify(/home/hsun/ros2_ws/src/ros_tutorials) by extension 'ros'
[6.204s] Level 1:colcon.colcon_core.package_identification:_identify(/home/hsun/ros2_ws/src/ros_tutorials) by extensions ['cmake', 'python']
[6.205s] Level 1:colcon.colcon_core.package_identification:_identify(/home/hsun/ros2_ws/src/ros_tutorials) by extension 'cmake'
[6.205s] Level 1:colcon.colcon_core.package_identification:_identify(/home/hsun/ros2_ws/src/ros_tutorials) by extension 'python'
[6.206s] Level 1:colcon.colcon_core.package_identification:_identify(/home/hsun/ros2_ws/src/ros_tutorials) by extensions ['python_setup_py']
[6.207s] Level 1:colcon.colcon_core.package_identification:_identify(/home/hsun/ros2_ws/src/ros_tutorials) by extension 'python_setup_py'
[6.208s] Level 1:colcon.colcon_core.package_identification:_identify(/home/hsun/ros2_ws/src/ros_tutorials/ros_tutorials) by extensions ['ignore', 'ignore_ament_install']
[6.209s] Level 1:colcon.colcon_core.package_identification:_identify(/home/hsun/ros2_ws/src/ros_tutorials/ros_tutorials) by extension 'ignore'
[6.209s] Level 1:colcon.colcon_core.package_identification:_identify(/home/hsun/ros2_ws/src/ros_tutorials/ros_tutorials) ignored
[6.211s] Level 1:colcon.colcon_core.package_identification:_identify(/home/hsun/ros2_ws/src/ros_tutorials/roscpp_tutorials) by extensions ['ignore', 'ignore_ament_install']
[6.212s] Level 1:colcon.colcon_core.package_identification:_identify(/home/hsun/ros2_ws/src/ros_tutorials/roscpp_tutorials) by extension 'ignore'
[6.212s] Level 1:colcon.colcon_core.package_identification:_identify(/home/hsun/ros2_ws/src/ros_tutorials/roscpp_tutorials) ignored
[6.213s] Level 1:colcon.colcon_core.package_identification:_identify(/home/hsun/ros2_ws/src/ros_tutorials/rospy_tutorials) by extensions ['ignore', 'ignore_ament_install']
[6.214s] Level 1:colcon.colcon_core.package_identification:_identify(/home/hsun/ros2_ws/src/ros_tutorials/rospy_tutorials) by extension 'ignore'
[6.215s] Level 1:colcon.colcon_core.package_identification:_identify(/home/hsun/ros2_ws/src/ros_tutorials/rospy_tutorials) ignored
[6.216s] Level 1:colcon.colcon_core.package_identification:_identify(/home/hsun/ros2_ws/src/ros_tutorials/turtlesim) by extensions ['ignore', 'ignore_ament_install']
[6.216s] Level 1:colcon.colcon_core.package_identification:_identify(/home/hsun/ros2_ws/src/ros_tutorials/turtlesim) by extension 'ignore'
[6.217s] Level 1:colcon.colcon_core.package_identification:_identify(/home/hsun/ros2_ws/src/ros_tutorials/turtlesim) by extension 'ignore_ament_install'
[6.218s] Level 1:colcon.colcon_core.package_identification:_identify(/home/hsun/ros2_ws/src/ros_tutorials/turtlesim) by extensions ['colcon_pkg']
[6.219s] Level 1:colcon.colcon_core.package_identification:_identify(/home/hsun/ros2_ws/src/ros_tutorials/turtlesim) by extension 'colcon_pkg'
[6.219s] Level 1:colcon.colcon_core.package_identification:_identify(/home/hsun/ros2_ws/src/ros_tutorials/turtlesim) by extensions ['colcon_meta']
[6.220s] Level 1:colcon.colcon_core.package_identification:_identify(/home/hsun/ros2_ws/src/ros_tutorials/turtlesim) by extension 'colcon_meta'
[6.221s] Level 1:colcon.colcon_core.package_identification:_identify(/home/hsun/ros2_ws/src/ros_tutorials/turtlesim) by extensions ['ros']
[6.221s] Level 1:colcon.colcon_core.package_identification:_identify(/home/hsun/ros2_ws/src/ros_tutorials/turtlesim) by extension 'ros'
[6.228s] DEBUG:colcon.colcon_core.package_identification:Package '/home/hsun/ros2_ws/src/ros_tutorials/turtlesim' with type 'ros.ament_cmake' and name 'turtlesim'
[6.229s] Level 1:colcon.colcon_core.package_discovery:discover_packages(recursive) using defaults
