[5.583s] Invoking command in '/home/hsun/ros2_ws/src/py_pubsub': PYTHONPATH=/home/hsun/ros2_ws/build/py_pubsub/prefix_override:/home/hsun/ros2_ws/install/py_pubsub/lib/python3.10/site-packages:${PYTHONPATH} /usr/bin/python3 setup.py egg_info --egg-base ../../build/py_pubsub build --build-base /home/hsun/ros2_ws/build/py_pubsub/build install --record /home/hsun/ros2_ws/build/py_pubsub/install.log --single-version-externally-managed
[8.112s] running egg_info
[8.116s] writing ../../build/py_pubsub/py_pubsub.egg-info/PKG-INFO
[8.119s] writing dependency_links to ../../build/py_pubsub/py_pubsub.egg-info/dependency_links.txt
[8.121s] writing entry points to ../../build/py_pubsub/py_pubsub.egg-info/entry_points.txt
[8.123s] writing requirements to ../../build/py_pubsub/py_pubsub.egg-info/requires.txt
[8.124s] writing top-level names to ../../build/py_pubsub/py_pubsub.egg-info/top_level.txt
[8.136s] reading manifest file '../../build/py_pubsub/py_pubsub.egg-info/SOURCES.txt'
[8.142s] writing manifest file '../../build/py_pubsub/py_pubsub.egg-info/SOURCES.txt'
[8.142s] running build
[8.143s] running build_py
[8.144s] copying py_pubsub/__init__.py -> /home/hsun/ros2_ws/build/py_pubsub/build/lib/py_pubsub
[8.145s] copying py_pubsub/publisher_member_function.py -> /home/hsun/ros2_ws/build/py_pubsub/build/lib/py_pubsub
[8.146s] copying py_pubsub/subscriber_member_function.py -> /home/hsun/ros2_ws/build/py_pubsub/build/lib/py_pubsub
[8.148s] running install
[8.149s] /usr/lib/python3/dist-packages/setuptools/command/install.py:34: SetuptoolsDeprecationWarning: setup.py install is deprecated. Use build and pip and other standards-based tools.
[8.150s]   warnings.warn(
[8.151s] running install_lib
[8.156s] copying /home/hsun/ros2_ws/build/py_pubsub/build/lib/py_pubsub/__init__.py -> /home/hsun/ros2_ws/install/py_pubsub/lib/python3.10/site-packages/py_pubsub
[8.157s] copying /home/hsun/ros2_ws/build/py_pubsub/build/lib/py_pubsub/publisher_member_function.py -> /home/hsun/ros2_ws/install/py_pubsub/lib/python3.10/site-packages/py_pubsub
[8.158s] copying /home/hsun/ros2_ws/build/py_pubsub/build/lib/py_pubsub/subscriber_member_function.py -> /home/hsun/ros2_ws/install/py_pubsub/lib/python3.10/site-packages/py_pubsub
[8.162s] byte-compiling /home/hsun/ros2_ws/install/py_pubsub/lib/python3.10/site-packages/py_pubsub/__init__.py to __init__.cpython-310.pyc
[8.165s] byte-compiling /home/hsun/ros2_ws/install/py_pubsub/lib/python3.10/site-packages/py_pubsub/publisher_member_function.py to publisher_member_function.cpython-310.pyc
[8.170s] byte-compiling /home/hsun/ros2_ws/install/py_pubsub/lib/python3.10/site-packages/py_pubsub/subscriber_member_function.py to subscriber_member_function.cpython-310.pyc
[8.173s] running install_data
[8.176s] copying resource/py_pubsub -> /home/hsun/ros2_ws/install/py_pubsub/share/ament_index/resource_index/packages
[8.177s] copying package.xml -> /home/hsun/ros2_ws/install/py_pubsub/share/py_pubsub
[8.178s] running install_egg_info
[8.188s] removing '/home/hsun/ros2_ws/install/py_pubsub/lib/python3.10/site-packages/py_pubsub-0.0.0-py3.10.egg-info' (and everything under it)
[8.190s] Copying ../../build/py_pubsub/py_pubsub.egg-info to /home/hsun/ros2_ws/install/py_pubsub/lib/python3.10/site-packages/py_pubsub-0.0.0-py3.10.egg-info
[8.208s] running install_scripts
[8.333s] Installing listener script to /home/hsun/ros2_ws/install/py_pubsub/lib/py_pubsub
[8.335s] Installing talker script to /home/hsun/ros2_ws/install/py_pubsub/lib/py_pubsub
[8.337s] writing list of installed files to '/home/hsun/ros2_ws/build/py_pubsub/install.log'
[8.540s] Invoked command in '/home/hsun/ros2_ws/src/py_pubsub' returned '0': PYTHONPATH=/home/hsun/ros2_ws/build/py_pubsub/prefix_override:/home/hsun/ros2_ws/install/py_pubsub/lib/python3.10/site-packages:${PYTHONPATH} /usr/bin/python3 setup.py egg_info --egg-base ../../build/py_pubsub build --build-base /home/hsun/ros2_ws/build/py_pubsub/build install --record /home/hsun/ros2_ws/build/py_pubsub/install.log --single-version-externally-managed
