[0.220s] Invoking command in '/home/hsun/ros2_ws/build/turtlesim': CMAKE_PREFIX_PATH=${CMAKE_PREFIX_PATH}:/opt/ros/iron /usr/bin/cmake --build /home/hsun/ros2_ws/build/turtlesim -- -j4 -l4
[0.625s] [  0%] Built target turtlesim__rosidl_generator_type_description
[0.876s] [  0%] Built target ament_cmake_python_copy_turtlesim
[0.900s] [35m[1mConsolidate compiler generated dependencies of target turtlesim__rosidl_generator_c[0m
[0.918s] [  1%] Built target turtlesim__cpp
[1.118s] [ 24%] Built target turtlesim__rosidl_generator_c
[1.220s] [35m[1mConsolidate compiler generated dependencies of target turtlesim__rosidl_typesupport_cpp[0m
[1.235s] [35m[1mConsolidate compiler generated dependencies of target turtlesim__rosidl_typesupport_fastrtps_c[0m
[1.260s] [35m[1mConsolidate compiler generated dependencies of target turtlesim__rosidl_typesupport_fastrtps_cpp[0m
[1.335s] [ 32%] Built target turtlesim__rosidl_typesupport_cpp
[1.397s] [ 41%] Built target turtlesim__rosidl_typesupport_fastrtps_c
[1.413s] [ 49%] Built target turtlesim__rosidl_typesupport_fastrtps_cpp
[1.439s] [35m[1mConsolidate compiler generated dependencies of target turtlesim__rosidl_typesupport_introspection_c[0m
[1.491s] [35m[1mConsolidate compiler generated dependencies of target turtlesim__rosidl_typesupport_c[0m
[1.535s] [35m[1mConsolidate compiler generated dependencies of target turtlesim__rosidl_typesupport_introspection_cpp[0m
[1.555s] [ 58%] Built target turtlesim__rosidl_typesupport_introspection_c
[1.642s] [ 67%] Built target turtlesim__rosidl_typesupport_c
[1.654s] [35m[1mConsolidate compiler generated dependencies of target turtlesim_node[0m
[1.666s] [ 75%] Built target turtlesim__rosidl_typesupport_introspection_cpp
[1.726s] [35m[1mConsolidate compiler generated dependencies of target draw_square[0m
[1.764s] [35m[1mConsolidate compiler generated dependencies of target turtle_teleop_key[0m
[1.866s] [ 76%] Built target draw_square
[1.888s] [ 82%] Built target turtlesim_node
[1.916s] [ 84%] Built target turtle_teleop_key
[1.944s] [35m[1mConsolidate compiler generated dependencies of target mimic[0m
[2.015s] [ 84%] Built target turtlesim
[2.065s] [ 86%] Built target mimic
[2.224s] [ 86%] Built target turtlesim__py
[2.344s] [35m[1mConsolidate compiler generated dependencies of target turtlesim__rosidl_generator_py[0m
[2.504s] [ 94%] Built target turtlesim__rosidl_generator_py
[2.584s] [35m[1mConsolidate compiler generated dependencies of target turtlesim__rosidl_typesupport_c__pyext[0m
[2.585s] [35m[1mConsolidate compiler generated dependencies of target turtlesim__rosidl_typesupport_fastrtps_c__pyext[0m
[2.616s] [35m[1mConsolidate compiler generated dependencies of target turtlesim__rosidl_typesupport_introspection_c__pyext[0m
[2.684s] [ 96%] Built target turtlesim__rosidl_typesupport_c__pyext
[2.706s] [ 98%] Built target turtlesim__rosidl_typesupport_introspection_c__pyext
[2.726s] [100%] Built target turtlesim__rosidl_typesupport_fastrtps_c__pyext
[3.463s] running egg_info
[3.469s] writing turtlesim.egg-info/PKG-INFO
[3.473s] writing dependency_links to turtlesim.egg-info/dependency_links.txt
[3.479s] writing top-level names to turtlesim.egg-info/top_level.txt
[3.524s] reading manifest file 'turtlesim.egg-info/SOURCES.txt'
[3.539s] writing manifest file 'turtlesim.egg-info/SOURCES.txt'
[3.881s] [100%] Built target ament_cmake_python_build_turtlesim_egg
[3.975s] Invoked command in '/home/hsun/ros2_ws/build/turtlesim' returned '0': CMAKE_PREFIX_PATH=${CMAKE_PREFIX_PATH}:/opt/ros/iron /usr/bin/cmake --build /home/hsun/ros2_ws/build/turtlesim -- -j4 -l4
[7.515s] Invoking command in '/home/hsun/ros2_ws/build/turtlesim': CMAKE_PREFIX_PATH=${CMAKE_PREFIX_PATH}:/opt/ros/iron /usr/bin/cmake --install /home/hsun/ros2_ws/build/turtlesim
[7.587s] -- Install configuration: ""
[7.589s] -- Up-to-date: /home/hsun/ros2_ws/install/turtlesim/share/ament_index/resource_index/rosidl_interfaces/turtlesim
[7.599s] -- Up-to-date: /home/hsun/ros2_ws/install/turtlesim/share/turtlesim/action/RotateAbsolute.json
[7.600s] -- Up-to-date: /home/hsun/ros2_ws/install/turtlesim/share/turtlesim/msg/Color.json
[7.601s] -- Up-to-date: /home/hsun/ros2_ws/install/turtlesim/share/turtlesim/msg/Pose.json
[7.602s] -- Up-to-date: /home/hsun/ros2_ws/install/turtlesim/share/turtlesim/srv/Kill.json
[7.604s] -- Up-to-date: /home/hsun/ros2_ws/install/turtlesim/share/turtlesim/srv/SetPen.json
[7.606s] -- Up-to-date: /home/hsun/ros2_ws/install/turtlesim/share/turtlesim/srv/Spawn.json
[7.615s] -- Up-to-date: /home/hsun/ros2_ws/install/turtlesim/share/turtlesim/srv/TeleportAbsolute.json
[7.616s] -- Up-to-date: /home/hsun/ros2_ws/install/turtlesim/share/turtlesim/srv/TeleportRelative.json
[7.618s] -- Up-to-date: /home/hsun/ros2_ws/install/turtlesim/include/turtlesim/turtlesim
[7.621s] -- Up-to-date: /home/hsun/ros2_ws/install/turtlesim/include/turtlesim/turtlesim/srv
[7.622s] -- Up-to-date: /home/hsun/ros2_ws/install/turtlesim/include/turtlesim/turtlesim/srv/detail
[7.630s] -- Installing: /home/hsun/ros2_ws/install/turtlesim/include/turtlesim/turtlesim/srv/detail/teleport_relative__type_support.c
[7.633s] -- Up-to-date: /home/hsun/ros2_ws/install/turtlesim/include/turtlesim/turtlesim/srv/detail/teleport_relative__functions.c
[7.634s] -- Installing: /home/hsun/ros2_ws/install/turtlesim/include/turtlesim/turtlesim/srv/detail/kill__type_support.c
[7.635s] -- Up-to-date: /home/hsun/ros2_ws/install/turtlesim/include/turtlesim/turtlesim/srv/detail/teleport_relative__type_support.h
[7.637s] -- Up-to-date: /home/hsun/ros2_ws/install/turtlesim/include/turtlesim/turtlesim/srv/detail/kill__functions.c
[7.640s] -- Up-to-date: /home/hsun/ros2_ws/install/turtlesim/include/turtlesim/turtlesim/srv/detail/teleport_absolute__struct.h
[7.655s] -- Up-to-date: /home/hsun/ros2_ws/install/turtlesim/include/turtlesim/turtlesim/srv/detail/kill__struct.h
[7.657s] -- Installing: /home/hsun/ros2_ws/install/turtlesim/include/turtlesim/turtlesim/srv/detail/set_pen__type_support.c
[7.659s] -- Up-to-date: /home/hsun/ros2_ws/install/turtlesim/include/turtlesim/turtlesim/srv/detail/set_pen__struct.h
[7.661s] -- Up-to-date: /home/hsun/ros2_ws/install/turtlesim/include/turtlesim/turtlesim/srv/detail/spawn__functions.h
[7.668s] -- Installing: /home/hsun/ros2_ws/install/turtlesim/include/turtlesim/turtlesim/srv/detail/spawn__type_support.c
[7.670s] -- Up-to-date: /home/hsun/ros2_ws/install/turtlesim/include/turtlesim/turtlesim/srv/detail/kill__functions.h
[7.674s] -- Up-to-date: /home/hsun/ros2_ws/install/turtlesim/include/turtlesim/turtlesim/srv/detail/spawn__functions.c
[7.682s] -- Up-to-date: /home/hsun/ros2_ws/install/turtlesim/include/turtlesim/turtlesim/srv/detail/spawn__type_support.h
[7.687s] -- Up-to-date: /home/hsun/ros2_ws/install/turtlesim/include/turtlesim/turtlesim/srv/detail/teleport_absolute__functions.c
[7.688s] -- Up-to-date: /home/hsun/ros2_ws/install/turtlesim/include/turtlesim/turtlesim/srv/detail/teleport_relative__struct.h
[7.688s] -- Up-to-date: /home/hsun/ros2_ws/install/turtlesim/include/turtlesim/turtlesim/srv/detail/spawn__struct.h
[7.689s] -- Up-to-date: /home/hsun/ros2_ws/install/turtlesim/include/turtlesim/turtlesim/srv/detail/spawn__description.c
[7.689s] -- Up-to-date: /home/hsun/ros2_ws/install/turtlesim/include/turtlesim/turtlesim/srv/detail/teleport_relative__functions.h
[7.690s] -- Up-to-date: /home/hsun/ros2_ws/install/turtlesim/include/turtlesim/turtlesim/srv/detail/set_pen__description.c
[7.695s] -- Up-to-date: /home/hsun/ros2_ws/install/turtlesim/include/turtlesim/turtlesim/srv/detail/teleport_relative__description.c
[7.697s] -- Installing: /home/hsun/ros2_ws/install/turtlesim/include/turtlesim/turtlesim/srv/detail/teleport_absolute__type_support.c
[7.700s] -- Up-to-date: /home/hsun/ros2_ws/install/turtlesim/include/turtlesim/turtlesim/srv/detail/set_pen__type_support.h
[7.702s] -- Up-to-date: /home/hsun/ros2_ws/install/turtlesim/include/turtlesim/turtlesim/srv/detail/set_pen__functions.h
[7.706s] -- Up-to-date: /home/hsun/ros2_ws/install/turtlesim/include/turtlesim/turtlesim/srv/detail/teleport_absolute__type_support.h
[7.710s] -- Up-to-date: /home/hsun/ros2_ws/install/turtlesim/include/turtlesim/turtlesim/srv/detail/kill__type_support.h
[7.714s] -- Up-to-date: /home/hsun/ros2_ws/install/turtlesim/include/turtlesim/turtlesim/srv/detail/kill__description.c
[7.716s] -- Up-to-date: /home/hsun/ros2_ws/install/turtlesim/include/turtlesim/turtlesim/srv/detail/teleport_absolute__description.c
[7.717s] -- Up-to-date: /home/hsun/ros2_ws/install/turtlesim/include/turtlesim/turtlesim/srv/detail/set_pen__functions.c
[7.721s] -- Up-to-date: /home/hsun/ros2_ws/install/turtlesim/include/turtlesim/turtlesim/srv/detail/teleport_absolute__functions.h
[7.729s] -- Up-to-date: /home/hsun/ros2_ws/install/turtlesim/include/turtlesim/turtlesim/srv/kill.h
[7.730s] -- Up-to-date: /home/hsun/ros2_ws/install/turtlesim/include/turtlesim/turtlesim/srv/set_pen.h
[7.732s] -- Up-to-date: /home/hsun/ros2_ws/install/turtlesim/include/turtlesim/turtlesim/srv/teleport_relative.h
[7.732s] -- Up-to-date: /home/hsun/ros2_ws/install/turtlesim/include/turtlesim/turtlesim/srv/spawn.h
[7.735s] -- Up-to-date: /home/hsun/ros2_ws/install/turtlesim/include/turtlesim/turtlesim/srv/teleport_absolute.h
[7.736s] -- Up-to-date: /home/hsun/ros2_ws/install/turtlesim/include/turtlesim/turtlesim/msg
[7.739s] -- Up-to-date: /home/hsun/ros2_ws/install/turtlesim/include/turtlesim/turtlesim/msg/detail
[7.741s] -- Up-to-date: /home/hsun/ros2_ws/install/turtlesim/include/turtlesim/turtlesim/msg/detail/pose__functions.h
[7.742s] -- Up-to-date: /home/hsun/ros2_ws/install/turtlesim/include/turtlesim/turtlesim/msg/detail/pose__struct.h
[7.744s] -- Up-to-date: /home/hsun/ros2_ws/install/turtlesim/include/turtlesim/turtlesim/msg/detail/pose__description.c
[7.747s] -- Installing: /home/hsun/ros2_ws/install/turtlesim/include/turtlesim/turtlesim/msg/detail/pose__type_support.c
[7.749s] -- Up-to-date: /home/hsun/ros2_ws/install/turtlesim/include/turtlesim/turtlesim/msg/detail/pose__type_support.h
[7.759s] -- Up-to-date: /home/hsun/ros2_ws/install/turtlesim/include/turtlesim/turtlesim/msg/detail/color__functions.c
[7.763s] -- Up-to-date: /home/hsun/ros2_ws/install/turtlesim/include/turtlesim/turtlesim/msg/detail/color__description.c
[7.771s] -- Up-to-date: /home/hsun/ros2_ws/install/turtlesim/include/turtlesim/turtlesim/msg/detail/color__type_support.h
[7.777s] -- Up-to-date: /home/hsun/ros2_ws/install/turtlesim/include/turtlesim/turtlesim/msg/detail/color__struct.h
[7.779s] -- Up-to-date: /home/hsun/ros2_ws/install/turtlesim/include/turtlesim/turtlesim/msg/detail/pose__functions.c
[7.783s] -- Installing: /home/hsun/ros2_ws/install/turtlesim/include/turtlesim/turtlesim/msg/detail/color__type_support.c
[7.786s] -- Up-to-date: /home/hsun/ros2_ws/install/turtlesim/include/turtlesim/turtlesim/msg/detail/color__functions.h
[7.787s] -- Up-to-date: /home/hsun/ros2_ws/install/turtlesim/include/turtlesim/turtlesim/msg/rosidl_generator_c__visibility_control.h
[7.794s] -- Up-to-date: /home/hsun/ros2_ws/install/turtlesim/include/turtlesim/turtlesim/msg/color.h
[7.795s] -- Up-to-date: /home/hsun/ros2_ws/install/turtlesim/include/turtlesim/turtlesim/msg/pose.h
[7.796s] -- Up-to-date: /home/hsun/ros2_ws/install/turtlesim/include/turtlesim/turtlesim/action
[7.797s] -- Up-to-date: /home/hsun/ros2_ws/install/turtlesim/include/turtlesim/turtlesim/action/detail
[7.797s] -- Installing: /home/hsun/ros2_ws/install/turtlesim/include/turtlesim/turtlesim/action/detail/rotate_absolute__type_support.c
[7.799s] -- Up-to-date: /home/hsun/ros2_ws/install/turtlesim/include/turtlesim/turtlesim/action/detail/rotate_absolute__struct.h
[7.801s] -- Up-to-date: /home/hsun/ros2_ws/install/turtlesim/include/turtlesim/turtlesim/action/detail/rotate_absolute__functions.c
[7.802s] -- Up-to-date: /home/hsun/ros2_ws/install/turtlesim/include/turtlesim/turtlesim/action/detail/rotate_absolute__description.c
[7.803s] -- Up-to-date: /home/hsun/ros2_ws/install/turtlesim/include/turtlesim/turtlesim/action/detail/rotate_absolute__functions.h
[7.813s] -- Up-to-date: /home/hsun/ros2_ws/install/turtlesim/include/turtlesim/turtlesim/action/detail/rotate_absolute__type_support.h
[7.816s] -- Up-to-date: /home/hsun/ros2_ws/install/turtlesim/include/turtlesim/turtlesim/action/rotate_absolute.h
[7.817s] -- Up-to-date: /home/hsun/ros2_ws/install/turtlesim/share/turtlesim/environment/library_path.sh
[7.823s] -- Up-to-date: /home/hsun/ros2_ws/install/turtlesim/share/turtlesim/environment/library_path.dsv
[7.824s] -- Up-to-date: /home/hsun/ros2_ws/install/turtlesim/lib/libturtlesim__rosidl_generator_c.so
[7.825s] -- Up-to-date: /home/hsun/ros2_ws/install/turtlesim/include/turtlesim/turtlesim
[7.829s] -- Up-to-date: /home/hsun/ros2_ws/install/turtlesim/include/turtlesim/turtlesim/srv
[7.831s] -- Up-to-date: /home/hsun/ros2_ws/install/turtlesim/include/turtlesim/turtlesim/srv/detail
[7.839s] -- Up-to-date: /home/hsun/ros2_ws/install/turtlesim/include/turtlesim/turtlesim/srv/detail/teleport_relative__rosidl_typesupport_fastrtps_c.h
[7.845s] -- Up-to-date: /home/hsun/ros2_ws/install/turtlesim/include/turtlesim/turtlesim/srv/detail/teleport_absolute__rosidl_typesupport_fastrtps_c.h
[7.862s] -- Up-to-date: /home/hsun/ros2_ws/install/turtlesim/include/turtlesim/turtlesim/srv/detail/kill__rosidl_typesupport_fastrtps_c.h
[7.863s] -- Up-to-date: /home/hsun/ros2_ws/install/turtlesim/include/turtlesim/turtlesim/srv/detail/spawn__rosidl_typesupport_fastrtps_c.h
[7.867s] -- Up-to-date: /home/hsun/ros2_ws/install/turtlesim/include/turtlesim/turtlesim/srv/detail/set_pen__rosidl_typesupport_fastrtps_c.h
[7.869s] -- Up-to-date: /home/hsun/ros2_ws/install/turtlesim/include/turtlesim/turtlesim/msg
[7.871s] -- Up-to-date: /home/hsun/ros2_ws/install/turtlesim/include/turtlesim/turtlesim/msg/detail
[7.874s] -- Up-to-date: /home/hsun/ros2_ws/install/turtlesim/include/turtlesim/turtlesim/msg/detail/color__rosidl_typesupport_fastrtps_c.h
[7.878s] -- Up-to-date: /home/hsun/ros2_ws/install/turtlesim/include/turtlesim/turtlesim/msg/detail/pose__rosidl_typesupport_fastrtps_c.h
[7.878s] -- Up-to-date: /home/hsun/ros2_ws/install/turtlesim/include/turtlesim/turtlesim/msg/rosidl_typesupport_fastrtps_c__visibility_control.h
[7.879s] -- Up-to-date: /home/hsun/ros2_ws/install/turtlesim/include/turtlesim/turtlesim/action
[7.884s] -- Up-to-date: /home/hsun/ros2_ws/install/turtlesim/include/turtlesim/turtlesim/action/detail
[7.886s] -- Up-to-date: /home/hsun/ros2_ws/install/turtlesim/include/turtlesim/turtlesim/action/detail/rotate_absolute__rosidl_typesupport_fastrtps_c.h
[7.888s] -- Up-to-date: /home/hsun/ros2_ws/install/turtlesim/lib/libturtlesim__rosidl_typesupport_fastrtps_c.so
[7.889s] -- Up-to-date: /home/hsun/ros2_ws/install/turtlesim/include/turtlesim/turtlesim
[7.891s] -- Up-to-date: /home/hsun/ros2_ws/install/turtlesim/include/turtlesim/turtlesim/srv
[7.892s] -- Up-to-date: /home/hsun/ros2_ws/install/turtlesim/include/turtlesim/turtlesim/srv/kill.hpp
[7.894s] -- Up-to-date: /home/hsun/ros2_ws/install/turtlesim/include/turtlesim/turtlesim/srv/detail
[7.896s] -- Up-to-date: /home/hsun/ros2_ws/install/turtlesim/include/turtlesim/turtlesim/srv/detail/set_pen__traits.hpp
[7.898s] -- Up-to-date: /home/hsun/ros2_ws/install/turtlesim/include/turtlesim/turtlesim/srv/detail/spawn__struct.hpp
[7.899s] -- Up-to-date: /home/hsun/ros2_ws/install/turtlesim/include/turtlesim/turtlesim/srv/detail/kill__traits.hpp
[7.901s] -- Up-to-date: /home/hsun/ros2_ws/install/turtlesim/include/turtlesim/turtlesim/srv/detail/teleport_absolute__struct.hpp
[7.901s] -- Up-to-date: /home/hsun/ros2_ws/install/turtlesim/include/turtlesim/turtlesim/srv/detail/kill__struct.hpp
[7.902s] -- Up-to-date: /home/hsun/ros2_ws/install/turtlesim/include/turtlesim/turtlesim/srv/detail/teleport_relative__struct.hpp
[7.903s] -- Up-to-date: /home/hsun/ros2_ws/install/turtlesim/include/turtlesim/turtlesim/srv/detail/teleport_absolute__builder.hpp
[7.905s] -- Up-to-date: /home/hsun/ros2_ws/install/turtlesim/include/turtlesim/turtlesim/srv/detail/kill__builder.hpp
[7.906s] -- Up-to-date: /home/hsun/ros2_ws/install/turtlesim/include/turtlesim/turtlesim/srv/detail/teleport_absolute__traits.hpp
[7.909s] -- Up-to-date: /home/hsun/ros2_ws/install/turtlesim/include/turtlesim/turtlesim/srv/detail/teleport_relative__builder.hpp
[7.917s] -- Up-to-date: /home/hsun/ros2_ws/install/turtlesim/include/turtlesim/turtlesim/srv/detail/set_pen__struct.hpp
[7.920s] -- Up-to-date: /home/hsun/ros2_ws/install/turtlesim/include/turtlesim/turtlesim/srv/detail/spawn__traits.hpp
[7.924s] -- Up-to-date: /home/hsun/ros2_ws/install/turtlesim/include/turtlesim/turtlesim/srv/detail/set_pen__builder.hpp
[7.927s] -- Up-to-date: /home/hsun/ros2_ws/install/turtlesim/include/turtlesim/turtlesim/srv/detail/teleport_relative__traits.hpp
[7.928s] -- Up-to-date: /home/hsun/ros2_ws/install/turtlesim/include/turtlesim/turtlesim/srv/detail/spawn__builder.hpp
[7.928s] -- Up-to-date: /home/hsun/ros2_ws/install/turtlesim/include/turtlesim/turtlesim/srv/teleport_relative.hpp
[7.929s] -- Up-to-date: /home/hsun/ros2_ws/install/turtlesim/include/turtlesim/turtlesim/srv/teleport_absolute.hpp
[7.930s] -- Up-to-date: /home/hsun/ros2_ws/install/turtlesim/include/turtlesim/turtlesim/srv/spawn.hpp
[7.931s] -- Up-to-date: /home/hsun/ros2_ws/install/turtlesim/include/turtlesim/turtlesim/srv/set_pen.hpp
[7.931s] -- Up-to-date: /home/hsun/ros2_ws/install/turtlesim/include/turtlesim/turtlesim/msg
[7.932s] -- Up-to-date: /home/hsun/ros2_ws/install/turtlesim/include/turtlesim/turtlesim/msg/detail
[7.937s] -- Up-to-date: /home/hsun/ros2_ws/install/turtlesim/include/turtlesim/turtlesim/msg/detail/color__builder.hpp
[7.938s] -- Up-to-date: /home/hsun/ros2_ws/install/turtlesim/include/turtlesim/turtlesim/msg/detail/pose__traits.hpp
[7.938s] -- Up-to-date: /home/hsun/ros2_ws/install/turtlesim/include/turtlesim/turtlesim/msg/detail/color__struct.hpp
[7.939s] -- Up-to-date: /home/hsun/ros2_ws/install/turtlesim/include/turtlesim/turtlesim/msg/detail/color__traits.hpp
[7.940s] -- Up-to-date: /home/hsun/ros2_ws/install/turtlesim/include/turtlesim/turtlesim/msg/detail/pose__builder.hpp
[7.942s] -- Up-to-date: /home/hsun/ros2_ws/install/turtlesim/include/turtlesim/turtlesim/msg/detail/pose__struct.hpp
[7.942s] -- Up-to-date: /home/hsun/ros2_ws/install/turtlesim/include/turtlesim/turtlesim/msg/pose.hpp
[7.943s] -- Up-to-date: /home/hsun/ros2_ws/install/turtlesim/include/turtlesim/turtlesim/msg/color.hpp
[7.944s] -- Up-to-date: /home/hsun/ros2_ws/install/turtlesim/include/turtlesim/turtlesim/action
[7.946s] -- Up-to-date: /home/hsun/ros2_ws/install/turtlesim/include/turtlesim/turtlesim/action/detail
[7.963s] -- Up-to-date: /home/hsun/ros2_ws/install/turtlesim/include/turtlesim/turtlesim/action/detail/rotate_absolute__struct.hpp
[7.965s] -- Up-to-date: /home/hsun/ros2_ws/install/turtlesim/include/turtlesim/turtlesim/action/detail/rotate_absolute__traits.hpp
[7.972s] -- Up-to-date: /home/hsun/ros2_ws/install/turtlesim/include/turtlesim/turtlesim/action/detail/rotate_absolute__builder.hpp
[7.974s] -- Up-to-date: /home/hsun/ros2_ws/install/turtlesim/include/turtlesim/turtlesim/action/rotate_absolute.hpp
[7.978s] -- Up-to-date: /home/hsun/ros2_ws/install/turtlesim/include/turtlesim/turtlesim
[7.980s] -- Up-to-date: /home/hsun/ros2_ws/install/turtlesim/include/turtlesim/turtlesim/srv
[7.983s] -- Up-to-date: /home/hsun/ros2_ws/install/turtlesim/include/turtlesim/turtlesim/srv/detail
[7.986s] -- Up-to-date: /home/hsun/ros2_ws/install/turtlesim/include/turtlesim/turtlesim/srv/detail/dds_fastrtps
[7.994s] -- Up-to-date: /home/hsun/ros2_ws/install/turtlesim/include/turtlesim/turtlesim/srv/detail/spawn__rosidl_typesupport_fastrtps_cpp.hpp
[7.995s] -- Up-to-date: /home/hsun/ros2_ws/install/turtlesim/include/turtlesim/turtlesim/srv/detail/set_pen__rosidl_typesupport_fastrtps_cpp.hpp
[7.996s] -- Up-to-date: /home/hsun/ros2_ws/install/turtlesim/include/turtlesim/turtlesim/srv/detail/teleport_absolute__rosidl_typesupport_fastrtps_cpp.hpp
[7.998s] -- Up-to-date: /home/hsun/ros2_ws/install/turtlesim/include/turtlesim/turtlesim/srv/detail/kill__rosidl_typesupport_fastrtps_cpp.hpp
[7.999s] -- Up-to-date: /home/hsun/ros2_ws/install/turtlesim/include/turtlesim/turtlesim/srv/detail/teleport_relative__rosidl_typesupport_fastrtps_cpp.hpp
[7.999s] -- Up-to-date: /home/hsun/ros2_ws/install/turtlesim/include/turtlesim/turtlesim/msg
[8.000s] -- Up-to-date: /home/hsun/ros2_ws/install/turtlesim/include/turtlesim/turtlesim/msg/detail
[8.002s] -- Up-to-date: /home/hsun/ros2_ws/install/turtlesim/include/turtlesim/turtlesim/msg/detail/dds_fastrtps
[8.003s] -- Up-to-date: /home/hsun/ros2_ws/install/turtlesim/include/turtlesim/turtlesim/msg/detail/color__rosidl_typesupport_fastrtps_cpp.hpp
[8.004s] -- Up-to-date: /home/hsun/ros2_ws/install/turtlesim/include/turtlesim/turtlesim/msg/detail/pose__rosidl_typesupport_fastrtps_cpp.hpp
[8.005s] -- Up-to-date: /home/hsun/ros2_ws/install/turtlesim/include/turtlesim/turtlesim/msg/rosidl_typesupport_fastrtps_cpp__visibility_control.h
[8.006s] -- Up-to-date: /home/hsun/ros2_ws/install/turtlesim/include/turtlesim/turtlesim/action
[8.007s] -- Up-to-date: /home/hsun/ros2_ws/install/turtlesim/include/turtlesim/turtlesim/action/detail
[8.008s] -- Up-to-date: /home/hsun/ros2_ws/install/turtlesim/include/turtlesim/turtlesim/action/detail/dds_fastrtps
[8.009s] -- Up-to-date: /home/hsun/ros2_ws/install/turtlesim/include/turtlesim/turtlesim/action/detail/rotate_absolute__rosidl_typesupport_fastrtps_cpp.hpp
[8.010s] -- Up-to-date: /home/hsun/ros2_ws/install/turtlesim/lib/libturtlesim__rosidl_typesupport_fastrtps_cpp.so
[8.012s] -- Up-to-date: /home/hsun/ros2_ws/install/turtlesim/include/turtlesim/turtlesim
[8.014s] -- Up-to-date: /home/hsun/ros2_ws/install/turtlesim/include/turtlesim/turtlesim/srv
[8.015s] -- Up-to-date: /home/hsun/ros2_ws/install/turtlesim/include/turtlesim/turtlesim/srv/detail
[8.016s] -- Installing: /home/hsun/ros2_ws/install/turtlesim/include/turtlesim/turtlesim/srv/detail/teleport_relative__type_support.c
[8.017s] -- Installing: /home/hsun/ros2_ws/install/turtlesim/include/turtlesim/turtlesim/srv/detail/kill__type_support.c
[8.018s] -- Up-to-date: /home/hsun/ros2_ws/install/turtlesim/include/turtlesim/turtlesim/srv/detail/kill__rosidl_typesupport_introspection_c.h
[8.025s] -- Up-to-date: /home/hsun/ros2_ws/install/turtlesim/include/turtlesim/turtlesim/srv/detail/teleport_relative__rosidl_typesupport_introspection_c.h
[8.028s] -- Installing: /home/hsun/ros2_ws/install/turtlesim/include/turtlesim/turtlesim/srv/detail/set_pen__type_support.c
[8.029s] -- Installing: /home/hsun/ros2_ws/install/turtlesim/include/turtlesim/turtlesim/srv/detail/spawn__type_support.c
[8.032s] -- Up-to-date: /home/hsun/ros2_ws/install/turtlesim/include/turtlesim/turtlesim/srv/detail/teleport_absolute__rosidl_typesupport_introspection_c.h
[8.035s] -- Up-to-date: /home/hsun/ros2_ws/install/turtlesim/include/turtlesim/turtlesim/srv/detail/spawn__rosidl_typesupport_introspection_c.h
[8.035s] -- Installing: /home/hsun/ros2_ws/install/turtlesim/include/turtlesim/turtlesim/srv/detail/teleport_absolute__type_support.c
[8.036s] -- Up-to-date: /home/hsun/ros2_ws/install/turtlesim/include/turtlesim/turtlesim/srv/detail/set_pen__rosidl_typesupport_introspection_c.h
[8.036s] -- Up-to-date: /home/hsun/ros2_ws/install/turtlesim/include/turtlesim/turtlesim/msg
[8.037s] -- Up-to-date: /home/hsun/ros2_ws/install/turtlesim/include/turtlesim/turtlesim/msg/detail
[8.038s] -- Up-to-date: /home/hsun/ros2_ws/install/turtlesim/include/turtlesim/turtlesim/msg/detail/pose__rosidl_typesupport_introspection_c.h
[8.039s] -- Up-to-date: /home/hsun/ros2_ws/install/turtlesim/include/turtlesim/turtlesim/msg/detail/color__rosidl_typesupport_introspection_c.h
[8.040s] -- Installing: /home/hsun/ros2_ws/install/turtlesim/include/turtlesim/turtlesim/msg/detail/pose__type_support.c
[8.040s] -- Installing: /home/hsun/ros2_ws/install/turtlesim/include/turtlesim/turtlesim/msg/detail/color__type_support.c
[8.041s] -- Up-to-date: /home/hsun/ros2_ws/install/turtlesim/include/turtlesim/turtlesim/msg/rosidl_typesupport_introspection_c__visibility_control.h
[8.041s] -- Up-to-date: /home/hsun/ros2_ws/install/turtlesim/include/turtlesim/turtlesim/action
[8.042s] -- Up-to-date: /home/hsun/ros2_ws/install/turtlesim/include/turtlesim/turtlesim/action/detail
[8.042s] -- Installing: /home/hsun/ros2_ws/install/turtlesim/include/turtlesim/turtlesim/action/detail/rotate_absolute__type_support.c
[8.047s] -- Up-to-date: /home/hsun/ros2_ws/install/turtlesim/include/turtlesim/turtlesim/action/detail/rotate_absolute__rosidl_typesupport_introspection_c.h
[8.048s] -- Up-to-date: /home/hsun/ros2_ws/install/turtlesim/lib/libturtlesim__rosidl_typesupport_introspection_c.so
[8.049s] -- Up-to-date: /home/hsun/ros2_ws/install/turtlesim/lib/libturtlesim__rosidl_typesupport_c.so
[8.050s] -- Up-to-date: /home/hsun/ros2_ws/install/turtlesim/include/turtlesim/turtlesim
[8.051s] -- Up-to-date: /home/hsun/ros2_ws/install/turtlesim/include/turtlesim/turtlesim/srv
[8.057s] -- Up-to-date: /home/hsun/ros2_ws/install/turtlesim/include/turtlesim/turtlesim/srv/detail
[8.058s] -- Up-to-date: /home/hsun/ros2_ws/install/turtlesim/include/turtlesim/turtlesim/srv/detail/teleport_relative__type_support.cpp
[8.059s] -- Up-to-date: /home/hsun/ros2_ws/install/turtlesim/include/turtlesim/turtlesim/srv/detail/teleport_absolute__type_support.cpp
[8.060s] -- Up-to-date: /home/hsun/ros2_ws/install/turtlesim/include/turtlesim/turtlesim/srv/detail/set_pen__rosidl_typesupport_introspection_cpp.hpp
[8.060s] -- Up-to-date: /home/hsun/ros2_ws/install/turtlesim/include/turtlesim/turtlesim/srv/detail/teleport_absolute__rosidl_typesupport_introspection_cpp.hpp
[8.061s] -- Up-to-date: /home/hsun/ros2_ws/install/turtlesim/include/turtlesim/turtlesim/srv/detail/set_pen__type_support.cpp
[8.063s] -- Up-to-date: /home/hsun/ros2_ws/install/turtlesim/include/turtlesim/turtlesim/srv/detail/teleport_relative__rosidl_typesupport_introspection_cpp.hpp
[8.065s] -- Up-to-date: /home/hsun/ros2_ws/install/turtlesim/include/turtlesim/turtlesim/srv/detail/spawn__type_support.cpp
[8.068s] -- Up-to-date: /home/hsun/ros2_ws/install/turtlesim/include/turtlesim/turtlesim/srv/detail/kill__rosidl_typesupport_introspection_cpp.hpp
[8.069s] -- Up-to-date: /home/hsun/ros2_ws/install/turtlesim/include/turtlesim/turtlesim/srv/detail/kill__type_support.cpp
[8.070s] -- Up-to-date: /home/hsun/ros2_ws/install/turtlesim/include/turtlesim/turtlesim/srv/detail/spawn__rosidl_typesupport_introspection_cpp.hpp
[8.071s] -- Up-to-date: /home/hsun/ros2_ws/install/turtlesim/include/turtlesim/turtlesim/msg
[8.072s] -- Up-to-date: /home/hsun/ros2_ws/install/turtlesim/include/turtlesim/turtlesim/msg/detail
[8.075s] -- Up-to-date: /home/hsun/ros2_ws/install/turtlesim/include/turtlesim/turtlesim/msg/detail/color__rosidl_typesupport_introspection_cpp.hpp
[8.076s] -- Up-to-date: /home/hsun/ros2_ws/install/turtlesim/include/turtlesim/turtlesim/msg/detail/pose__rosidl_typesupport_introspection_cpp.hpp
[8.077s] -- Up-to-date: /home/hsun/ros2_ws/install/turtlesim/include/turtlesim/turtlesim/msg/detail/pose__type_support.cpp
[8.080s] -- Up-to-date: /home/hsun/ros2_ws/install/turtlesim/include/turtlesim/turtlesim/msg/detail/color__type_support.cpp
[8.081s] -- Up-to-date: /home/hsun/ros2_ws/install/turtlesim/include/turtlesim/turtlesim/action
[8.081s] -- Up-to-date: /home/hsun/ros2_ws/install/turtlesim/include/turtlesim/turtlesim/action/detail
[8.082s] -- Up-to-date: /home/hsun/ros2_ws/install/turtlesim/include/turtlesim/turtlesim/action/detail/rotate_absolute__type_support.cpp
[8.083s] -- Up-to-date: /home/hsun/ros2_ws/install/turtlesim/include/turtlesim/turtlesim/action/detail/rotate_absolute__rosidl_typesupport_introspection_cpp.hpp
[8.086s] -- Up-to-date: /home/hsun/ros2_ws/install/turtlesim/lib/libturtlesim__rosidl_typesupport_introspection_cpp.so
[8.088s] -- Up-to-date: /home/hsun/ros2_ws/install/turtlesim/lib/libturtlesim__rosidl_typesupport_cpp.so
[8.090s] -- Up-to-date: /home/hsun/ros2_ws/install/turtlesim/share/turtlesim/environment/pythonpath.sh
[8.091s] -- Up-to-date: /home/hsun/ros2_ws/install/turtlesim/share/turtlesim/environment/pythonpath.dsv
[8.093s] -- Up-to-date: /home/hsun/ros2_ws/install/turtlesim/lib/python3.10/site-packages/turtlesim-1.6.1-py3.10.egg-info
[8.094s] -- Installing: /home/hsun/ros2_ws/install/turtlesim/lib/python3.10/site-packages/turtlesim-1.6.1-py3.10.egg-info/SOURCES.txt
[8.096s] -- Installing: /home/hsun/ros2_ws/install/turtlesim/lib/python3.10/site-packages/turtlesim-1.6.1-py3.10.egg-info/PKG-INFO
[8.098s] -- Installing: /home/hsun/ros2_ws/install/turtlesim/lib/python3.10/site-packages/turtlesim-1.6.1-py3.10.egg-info/dependency_links.txt
[8.100s] -- Installing: /home/hsun/ros2_ws/install/turtlesim/lib/python3.10/site-packages/turtlesim-1.6.1-py3.10.egg-info/top_level.txt
[8.101s] -- Up-to-date: /home/hsun/ros2_ws/install/turtlesim/lib/python3.10/site-packages/turtlesim
[8.102s] -- Up-to-date: /home/hsun/ros2_ws/install/turtlesim/lib/python3.10/site-packages/turtlesim/_turtlesim_s.ep.rosidl_typesupport_fastrtps_c.c
[8.102s] -- Up-to-date: /home/hsun/ros2_ws/install/turtlesim/lib/python3.10/site-packages/turtlesim/turtlesim_s__rosidl_typesupport_c.cpython-310-aarch64-linux-gnu.so
[8.103s] -- Up-to-date: /home/hsun/ros2_ws/install/turtlesim/lib/python3.10/site-packages/turtlesim/__init__.py
[8.103s] -- Up-to-date: /home/hsun/ros2_ws/install/turtlesim/lib/python3.10/site-packages/turtlesim/turtlesim_s__rosidl_typesupport_introspection_c.cpython-310-aarch64-linux-gnu.so
[8.104s] -- Up-to-date: /home/hsun/ros2_ws/install/turtlesim/lib/python3.10/site-packages/turtlesim/libturtlesim__rosidl_generator_py.so
[8.106s] -- Up-to-date: /home/hsun/ros2_ws/install/turtlesim/lib/python3.10/site-packages/turtlesim/srv
[8.107s] -- Up-to-date: /home/hsun/ros2_ws/install/turtlesim/lib/python3.10/site-packages/turtlesim/srv/_kill.py
[8.108s] -- Up-to-date: /home/hsun/ros2_ws/install/turtlesim/lib/python3.10/site-packages/turtlesim/srv/_teleport_relative.py
[8.108s] -- Up-to-date: /home/hsun/ros2_ws/install/turtlesim/lib/python3.10/site-packages/turtlesim/srv/_spawn.py
[8.109s] -- Up-to-date: /home/hsun/ros2_ws/install/turtlesim/lib/python3.10/site-packages/turtlesim/srv/__init__.py
[8.110s] -- Up-to-date: /home/hsun/ros2_ws/install/turtlesim/lib/python3.10/site-packages/turtlesim/srv/_kill_s.c
[8.110s] -- Up-to-date: /home/hsun/ros2_ws/install/turtlesim/lib/python3.10/site-packages/turtlesim/srv/_teleport_relative_s.c
[8.111s] -- Up-to-date: /home/hsun/ros2_ws/install/turtlesim/lib/python3.10/site-packages/turtlesim/srv/_set_pen_s.c
[8.112s] -- Up-to-date: /home/hsun/ros2_ws/install/turtlesim/lib/python3.10/site-packages/turtlesim/srv/_spawn_s.c
[8.113s] -- Up-to-date: /home/hsun/ros2_ws/install/turtlesim/lib/python3.10/site-packages/turtlesim/srv/_teleport_absolute.py
[8.114s] -- Up-to-date: /home/hsun/ros2_ws/install/turtlesim/lib/python3.10/site-packages/turtlesim/srv/_teleport_absolute_s.c
[8.115s] -- Up-to-date: /home/hsun/ros2_ws/install/turtlesim/lib/python3.10/site-packages/turtlesim/srv/_set_pen.py
[8.117s] -- Up-to-date: /home/hsun/ros2_ws/install/turtlesim/lib/python3.10/site-packages/turtlesim/_turtlesim_s.ep.rosidl_typesupport_c.c
[8.119s] -- Up-to-date: /home/hsun/ros2_ws/install/turtlesim/lib/python3.10/site-packages/turtlesim/_turtlesim_s.ep.rosidl_typesupport_introspection_c.c
[8.120s] -- Up-to-date: /home/hsun/ros2_ws/install/turtlesim/lib/python3.10/site-packages/turtlesim/msg
[8.121s] -- Up-to-date: /home/hsun/ros2_ws/install/turtlesim/lib/python3.10/site-packages/turtlesim/msg/_pose_s.c
[8.122s] -- Up-to-date: /home/hsun/ros2_ws/install/turtlesim/lib/python3.10/site-packages/turtlesim/msg/__init__.py
[8.123s] -- Up-to-date: /home/hsun/ros2_ws/install/turtlesim/lib/python3.10/site-packages/turtlesim/msg/_color_s.c
[8.124s] -- Up-to-date: /home/hsun/ros2_ws/install/turtlesim/lib/python3.10/site-packages/turtlesim/msg/_pose.py
[8.125s] -- Up-to-date: /home/hsun/ros2_ws/install/turtlesim/lib/python3.10/site-packages/turtlesim/msg/_color.py
[8.130s] -- Up-to-date: /home/hsun/ros2_ws/install/turtlesim/lib/python3.10/site-packages/turtlesim/turtlesim_s__rosidl_typesupport_fastrtps_c.cpython-310-aarch64-linux-gnu.so
[8.132s] -- Up-to-date: /home/hsun/ros2_ws/install/turtlesim/lib/python3.10/site-packages/turtlesim/action
[8.133s] -- Up-to-date: /home/hsun/ros2_ws/install/turtlesim/lib/python3.10/site-packages/turtlesim/action/__init__.py
[8.135s] -- Up-to-date: /home/hsun/ros2_ws/install/turtlesim/lib/python3.10/site-packages/turtlesim/action/_rotate_absolute.py
[8.138s] -- Up-to-date: /home/hsun/ros2_ws/install/turtlesim/lib/python3.10/site-packages/turtlesim/action/_rotate_absolute_s.c
[8.280s] Listing '/home/hsun/ros2_ws/install/turtlesim/lib/python3.10/site-packages/turtlesim'...
[8.281s] Listing '/home/hsun/ros2_ws/install/turtlesim/lib/python3.10/site-packages/turtlesim/action'...
[8.288s] Listing '/home/hsun/ros2_ws/install/turtlesim/lib/python3.10/site-packages/turtlesim/msg'...
[8.289s] Listing '/home/hsun/ros2_ws/install/turtlesim/lib/python3.10/site-packages/turtlesim/srv'...
[8.343s] -- Up-to-date: /home/hsun/ros2_ws/install/turtlesim/lib/python3.10/site-packages/turtlesim/turtlesim_s__rosidl_typesupport_fastrtps_c.cpython-310-aarch64-linux-gnu.so
[8.348s] -- Up-to-date: /home/hsun/ros2_ws/install/turtlesim/lib/python3.10/site-packages/turtlesim/turtlesim_s__rosidl_typesupport_introspection_c.cpython-310-aarch64-linux-gnu.so
[8.356s] -- Up-to-date: /home/hsun/ros2_ws/install/turtlesim/lib/python3.10/site-packages/turtlesim/turtlesim_s__rosidl_typesupport_c.cpython-310-aarch64-linux-gnu.so
[8.361s] -- Up-to-date: /home/hsun/ros2_ws/install/turtlesim/lib/libturtlesim__rosidl_generator_py.so
[8.362s] -- Up-to-date: /home/hsun/ros2_ws/install/turtlesim/share/turtlesim/action/RotateAbsolute.idl
[8.368s] -- Up-to-date: /home/hsun/ros2_ws/install/turtlesim/share/turtlesim/msg/Color.idl
[8.371s] -- Up-to-date: /home/hsun/ros2_ws/install/turtlesim/share/turtlesim/msg/Pose.idl
[8.373s] -- Up-to-date: /home/hsun/ros2_ws/install/turtlesim/share/turtlesim/srv/Kill.idl
[8.379s] -- Up-to-date: /home/hsun/ros2_ws/install/turtlesim/share/turtlesim/srv/SetPen.idl
[8.381s] -- Up-to-date: /home/hsun/ros2_ws/install/turtlesim/share/turtlesim/srv/Spawn.idl
[8.384s] -- Up-to-date: /home/hsun/ros2_ws/install/turtlesim/share/turtlesim/srv/TeleportAbsolute.idl
[8.389s] -- Up-to-date: /home/hsun/ros2_ws/install/turtlesim/share/turtlesim/srv/TeleportRelative.idl
[8.394s] -- Up-to-date: /home/hsun/ros2_ws/install/turtlesim/share/turtlesim/action/RotateAbsolute.action
[8.395s] -- Up-to-date: /home/hsun/ros2_ws/install/turtlesim/share/turtlesim/msg/Color.msg
[8.397s] -- Up-to-date: /home/hsun/ros2_ws/install/turtlesim/share/turtlesim/msg/Pose.msg
[8.398s] -- Up-to-date: /home/hsun/ros2_ws/install/turtlesim/share/turtlesim/srv/Kill.srv
[8.399s] -- Up-to-date: /home/hsun/ros2_ws/install/turtlesim/share/turtlesim/srv/Kill_Request.msg
[8.400s] -- Up-to-date: /home/hsun/ros2_ws/install/turtlesim/share/turtlesim/srv/Kill_Response.msg
[8.401s] -- Up-to-date: /home/hsun/ros2_ws/install/turtlesim/share/turtlesim/srv/SetPen.srv
[8.401s] -- Up-to-date: /home/hsun/ros2_ws/install/turtlesim/share/turtlesim/srv/SetPen_Request.msg
[8.402s] -- Up-to-date: /home/hsun/ros2_ws/install/turtlesim/share/turtlesim/srv/SetPen_Response.msg
[8.404s] -- Up-to-date: /home/hsun/ros2_ws/install/turtlesim/share/turtlesim/srv/Spawn.srv
[8.404s] -- Up-to-date: /home/hsun/ros2_ws/install/turtlesim/share/turtlesim/srv/Spawn_Request.msg
[8.405s] -- Up-to-date: /home/hsun/ros2_ws/install/turtlesim/share/turtlesim/srv/Spawn_Response.msg
[8.405s] -- Up-to-date: /home/hsun/ros2_ws/install/turtlesim/share/turtlesim/srv/TeleportAbsolute.srv
[8.406s] -- Up-to-date: /home/hsun/ros2_ws/install/turtlesim/share/turtlesim/srv/TeleportAbsolute_Request.msg
[8.407s] -- Up-to-date: /home/hsun/ros2_ws/install/turtlesim/share/turtlesim/srv/TeleportAbsolute_Response.msg
[8.407s] -- Up-to-date: /home/hsun/ros2_ws/install/turtlesim/share/turtlesim/srv/TeleportRelative.srv
[8.408s] -- Up-to-date: /home/hsun/ros2_ws/install/turtlesim/share/turtlesim/srv/TeleportRelative_Request.msg
[8.409s] -- Up-to-date: /home/hsun/ros2_ws/install/turtlesim/share/turtlesim/srv/TeleportRelative_Response.msg
[8.410s] -- Up-to-date: /home/hsun/ros2_ws/install/turtlesim/lib/turtlesim/turtlesim_node
[8.411s] -- Up-to-date: /home/hsun/ros2_ws/install/turtlesim/lib/turtlesim/turtle_teleop_key
[8.412s] -- Up-to-date: /home/hsun/ros2_ws/install/turtlesim/lib/turtlesim/draw_square
[8.412s] -- Up-to-date: /home/hsun/ros2_ws/install/turtlesim/lib/turtlesim/mimic
[8.413s] -- Up-to-date: /home/hsun/ros2_ws/install/turtlesim/share/turtlesim/images
[8.414s] -- Up-to-date: /home/hsun/ros2_ws/install/turtlesim/share/turtlesim/images/galactic.png
[8.414s] -- Up-to-date: /home/hsun/ros2_ws/install/turtlesim/share/turtlesim/images/rolling.png
[8.415s] -- Up-to-date: /home/hsun/ros2_ws/install/turtlesim/share/turtlesim/images/crystal.png
[8.416s] -- Up-to-date: /home/hsun/ros2_ws/install/turtlesim/share/turtlesim/images/iron.png
[8.417s] -- Up-to-date: /home/hsun/ros2_ws/install/turtlesim/share/turtlesim/images/eloquent.png
[8.417s] -- Up-to-date: /home/hsun/ros2_ws/install/turtlesim/share/turtlesim/images/bouncy.png
[8.418s] -- Up-to-date: /home/hsun/ros2_ws/install/turtlesim/share/turtlesim/images/foxy.png
[8.419s] -- Up-to-date: /home/hsun/ros2_ws/install/turtlesim/share/turtlesim/images/ardent.png
[8.420s] -- Up-to-date: /home/hsun/ros2_ws/install/turtlesim/share/turtlesim/images/dashing.png
[8.421s] -- Up-to-date: /home/hsun/ros2_ws/install/turtlesim/share/turtlesim/images/humble.png
[8.421s] -- Up-to-date: /home/hsun/ros2_ws/install/turtlesim/share/turtlesim/launch
[8.422s] -- Up-to-date: /home/hsun/ros2_ws/install/turtlesim/share/turtlesim/launch/multisim.launch.py
[8.422s] -- Up-to-date: /home/hsun/ros2_ws/install/turtlesim/share/ament_index/resource_index/package_run_dependencies/turtlesim
[8.423s] -- Up-to-date: /home/hsun/ros2_ws/install/turtlesim/share/ament_index/resource_index/parent_prefix_path/turtlesim
[8.424s] -- Up-to-date: /home/hsun/ros2_ws/install/turtlesim/share/turtlesim/environment/ament_prefix_path.sh
[8.424s] -- Up-to-date: /home/hsun/ros2_ws/install/turtlesim/share/turtlesim/environment/ament_prefix_path.dsv
[8.425s] -- Up-to-date: /home/hsun/ros2_ws/install/turtlesim/share/turtlesim/environment/path.sh
[8.426s] -- Up-to-date: /home/hsun/ros2_ws/install/turtlesim/share/turtlesim/environment/path.dsv
[8.426s] -- Up-to-date: /home/hsun/ros2_ws/install/turtlesim/share/turtlesim/local_setup.bash
[8.427s] -- Up-to-date: /home/hsun/ros2_ws/install/turtlesim/share/turtlesim/local_setup.sh
[8.429s] -- Up-to-date: /home/hsun/ros2_ws/install/turtlesim/share/turtlesim/local_setup.zsh
[8.430s] -- Up-to-date: /home/hsun/ros2_ws/install/turtlesim/share/turtlesim/local_setup.dsv
[8.431s] -- Installing: /home/hsun/ros2_ws/install/turtlesim/share/turtlesim/package.dsv
[8.431s] -- Up-to-date: /home/hsun/ros2_ws/install/turtlesim/share/ament_index/resource_index/packages/turtlesim
[8.432s] -- Up-to-date: /home/hsun/ros2_ws/install/turtlesim/share/turtlesim/cmake/export_turtlesim__rosidl_generator_cExport.cmake
[8.433s] -- Up-to-date: /home/hsun/ros2_ws/install/turtlesim/share/turtlesim/cmake/export_turtlesim__rosidl_generator_cExport-noconfig.cmake
[8.434s] -- Up-to-date: /home/hsun/ros2_ws/install/turtlesim/share/turtlesim/cmake/export_turtlesim__rosidl_typesupport_fastrtps_cExport.cmake
[8.435s] -- Up-to-date: /home/hsun/ros2_ws/install/turtlesim/share/turtlesim/cmake/export_turtlesim__rosidl_typesupport_fastrtps_cExport-noconfig.cmake
[8.437s] -- Up-to-date: /home/hsun/ros2_ws/install/turtlesim/share/turtlesim/cmake/export_turtlesim__rosidl_generator_cppExport.cmake
[8.438s] -- Up-to-date: /home/hsun/ros2_ws/install/turtlesim/share/turtlesim/cmake/export_turtlesim__rosidl_typesupport_fastrtps_cppExport.cmake
[8.438s] -- Up-to-date: /home/hsun/ros2_ws/install/turtlesim/share/turtlesim/cmake/export_turtlesim__rosidl_typesupport_fastrtps_cppExport-noconfig.cmake
[8.439s] -- Up-to-date: /home/hsun/ros2_ws/install/turtlesim/share/turtlesim/cmake/turtlesim__rosidl_typesupport_introspection_cExport.cmake
[8.440s] -- Up-to-date: /home/hsun/ros2_ws/install/turtlesim/share/turtlesim/cmake/turtlesim__rosidl_typesupport_introspection_cExport-noconfig.cmake
[8.441s] -- Up-to-date: /home/hsun/ros2_ws/install/turtlesim/share/turtlesim/cmake/turtlesim__rosidl_typesupport_cExport.cmake
[8.441s] -- Up-to-date: /home/hsun/ros2_ws/install/turtlesim/share/turtlesim/cmake/turtlesim__rosidl_typesupport_cExport-noconfig.cmake
[8.442s] -- Up-to-date: /home/hsun/ros2_ws/install/turtlesim/share/turtlesim/cmake/turtlesim__rosidl_typesupport_introspection_cppExport.cmake
[8.443s] -- Up-to-date: /home/hsun/ros2_ws/install/turtlesim/share/turtlesim/cmake/turtlesim__rosidl_typesupport_introspection_cppExport-noconfig.cmake
[8.443s] -- Up-to-date: /home/hsun/ros2_ws/install/turtlesim/share/turtlesim/cmake/turtlesim__rosidl_typesupport_cppExport.cmake
[8.444s] -- Up-to-date: /home/hsun/ros2_ws/install/turtlesim/share/turtlesim/cmake/turtlesim__rosidl_typesupport_cppExport-noconfig.cmake
[8.445s] -- Up-to-date: /home/hsun/ros2_ws/install/turtlesim/share/turtlesim/cmake/export_turtlesim__rosidl_generator_pyExport.cmake
[8.446s] -- Up-to-date: /home/hsun/ros2_ws/install/turtlesim/share/turtlesim/cmake/export_turtlesim__rosidl_generator_pyExport-noconfig.cmake
[8.451s] -- Up-to-date: /home/hsun/ros2_ws/install/turtlesim/share/turtlesim/cmake/rosidl_cmake-extras.cmake
[8.452s] -- Up-to-date: /home/hsun/ros2_ws/install/turtlesim/share/turtlesim/cmake/ament_cmake_export_dependencies-extras.cmake
[8.453s] -- Up-to-date: /home/hsun/ros2_ws/install/turtlesim/share/turtlesim/cmake/ament_cmake_export_include_directories-extras.cmake
[8.453s] -- Up-to-date: /home/hsun/ros2_ws/install/turtlesim/share/turtlesim/cmake/ament_cmake_export_libraries-extras.cmake
[8.454s] -- Up-to-date: /home/hsun/ros2_ws/install/turtlesim/share/turtlesim/cmake/ament_cmake_export_targets-extras.cmake
[8.457s] -- Up-to-date: /home/hsun/ros2_ws/install/turtlesim/share/turtlesim/cmake/rosidl_cmake_export_typesupport_targets-extras.cmake
[8.457s] -- Up-to-date: /home/hsun/ros2_ws/install/turtlesim/share/turtlesim/cmake/rosidl_cmake_export_typesupport_libraries-extras.cmake
[8.462s] -- Up-to-date: /home/hsun/ros2_ws/install/turtlesim/share/turtlesim/cmake/turtlesimConfig.cmake
[8.463s] -- Up-to-date: /home/hsun/ros2_ws/install/turtlesim/share/turtlesim/cmake/turtlesimConfig-version.cmake
[8.463s] -- Up-to-date: /home/hsun/ros2_ws/install/turtlesim/share/turtlesim/package.xml
[8.465s] Invoked command in '/home/hsun/ros2_ws/build/turtlesim' returned '0': CMAKE_PREFIX_PATH=${CMAKE_PREFIX_PATH}:/opt/ros/iron /usr/bin/cmake --install /home/hsun/ros2_ws/build/turtlesim
