[0.297s] Invoking command in '/home/hsun/ros2_ws/build/custom_action_interfaces': CMAKE_PREFIX_PATH=${CMAKE_PREFIX_PATH}:/opt/ros/iron:/home/hsun/ros2_ws/install/python_parameters:/home/hsun/ros2_ws/install/py_srvcli:/home/hsun/ros2_ws/install/py_pubsub:/home/hsun/ros2_ws/install/py_launch_example /usr/bin/cmake --build /home/hsun/ros2_ws/build/custom_action_interfaces -- -j4 -l4
[1.057s] [  2%] Built target custom_action_interfaces__rosidl_generator_type_description
[1.300s] [  2%] Built target ament_cmake_python_copy_custom_action_interfaces
[1.626s] [  5%] Built target custom_action_interfaces__cpp
[1.804s] [ 20%] Built target custom_action_interfaces__rosidl_generator_c
[2.335s] [ 29%] Built target custom_action_interfaces__rosidl_typesupport_fastrtps_c
[2.393s] [ 38%] Built target custom_action_interfaces__rosidl_typesupport_introspection_c
[2.508s] [ 47%] Built target custom_action_interfaces__rosidl_typesupport_cpp
[3.033s] [ 55%] Built target custom_action_interfaces__rosidl_typesupport_introspection_cpp
[3.075s] [ 64%] Built target custom_action_interfaces__rosidl_typesupport_fastrtps_cpp
[3.170s] [ 73%] Built target custom_action_interfaces__rosidl_typesupport_c
[3.660s] [ 73%] Built target custom_action_interfaces
[4.190s] [ 76%] Built target custom_action_interfaces__py
[4.583s] [ 82%] Built target custom_action_interfaces__rosidl_generator_py
[4.965s] [ 88%] Built target custom_action_interfaces__rosidl_typesupport_fastrtps_c__pyext
[5.306s] [ 94%] Built target custom_action_interfaces__rosidl_typesupport_introspection_c__pyext
[5.524s] [100%] Built target custom_action_interfaces__rosidl_typesupport_c__pyext
[9.445s] running egg_info
[9.448s] writing custom_action_interfaces.egg-info/PKG-INFO
[9.457s] writing dependency_links to custom_action_interfaces.egg-info/dependency_links.txt
[9.463s] writing top-level names to custom_action_interfaces.egg-info/top_level.txt
[9.519s] reading manifest file 'custom_action_interfaces.egg-info/SOURCES.txt'
[9.531s] writing manifest file 'custom_action_interfaces.egg-info/SOURCES.txt'
[10.177s] [100%] Built target ament_cmake_python_build_custom_action_interfaces_egg
[10.333s] Invoked command in '/home/hsun/ros2_ws/build/custom_action_interfaces' returned '0': CMAKE_PREFIX_PATH=${CMAKE_PREFIX_PATH}:/opt/ros/iron:/home/hsun/ros2_ws/install/python_parameters:/home/hsun/ros2_ws/install/py_srvcli:/home/hsun/ros2_ws/install/py_pubsub:/home/hsun/ros2_ws/install/py_launch_example /usr/bin/cmake --build /home/hsun/ros2_ws/build/custom_action_interfaces -- -j4 -l4
[11.962s] Invoking command in '/home/hsun/ros2_ws/build/custom_action_interfaces': CMAKE_PREFIX_PATH=${CMAKE_PREFIX_PATH}:/opt/ros/iron:/home/hsun/ros2_ws/install/python_parameters:/home/hsun/ros2_ws/install/py_srvcli:/home/hsun/ros2_ws/install/py_pubsub:/home/hsun/ros2_ws/install/py_launch_example /usr/bin/cmake --install /home/hsun/ros2_ws/build/custom_action_interfaces
[12.103s] -- Install configuration: ""
[12.117s] -- Up-to-date: /home/hsun/ros2_ws/install/custom_action_interfaces/share/ament_index/resource_index/rosidl_interfaces/custom_action_interfaces
[12.119s] -- Up-to-date: /home/hsun/ros2_ws/install/custom_action_interfaces/share/custom_action_interfaces/action/Fibonacci.json
[12.134s] -- Up-to-date: /home/hsun/ros2_ws/install/custom_action_interfaces/include/custom_action_interfaces/custom_action_interfaces
[12.136s] -- Up-to-date: /home/hsun/ros2_ws/install/custom_action_interfaces/include/custom_action_interfaces/custom_action_interfaces/msg
[12.138s] -- Up-to-date: /home/hsun/ros2_ws/install/custom_action_interfaces/include/custom_action_interfaces/custom_action_interfaces/msg/rosidl_generator_c__visibility_control.h
[12.138s] -- Up-to-date: /home/hsun/ros2_ws/install/custom_action_interfaces/include/custom_action_interfaces/custom_action_interfaces/action
[12.139s] -- Up-to-date: /home/hsun/ros2_ws/install/custom_action_interfaces/include/custom_action_interfaces/custom_action_interfaces/action/detail
[12.156s] -- Up-to-date: /home/hsun/ros2_ws/install/custom_action_interfaces/include/custom_action_interfaces/custom_action_interfaces/action/detail/fibonacci__functions.h
[12.157s] -- Up-to-date: /home/hsun/ros2_ws/install/custom_action_interfaces/include/custom_action_interfaces/custom_action_interfaces/action/detail/fibonacci__functions.c
[12.157s] -- Up-to-date: /home/hsun/ros2_ws/install/custom_action_interfaces/include/custom_action_interfaces/custom_action_interfaces/action/detail/fibonacci__description.c
[12.158s] -- Up-to-date: /home/hsun/ros2_ws/install/custom_action_interfaces/include/custom_action_interfaces/custom_action_interfaces/action/detail/fibonacci__type_support.h
[12.159s] -- Up-to-date: /home/hsun/ros2_ws/install/custom_action_interfaces/include/custom_action_interfaces/custom_action_interfaces/action/detail/fibonacci__struct.h
[12.160s] -- Installing: /home/hsun/ros2_ws/install/custom_action_interfaces/include/custom_action_interfaces/custom_action_interfaces/action/detail/fibonacci__type_support.c
[12.176s] -- Up-to-date: /home/hsun/ros2_ws/install/custom_action_interfaces/include/custom_action_interfaces/custom_action_interfaces/action/fibonacci.h
[12.178s] -- Up-to-date: /home/hsun/ros2_ws/install/custom_action_interfaces/share/custom_action_interfaces/environment/library_path.sh
[12.179s] -- Up-to-date: /home/hsun/ros2_ws/install/custom_action_interfaces/share/custom_action_interfaces/environment/library_path.dsv
[12.180s] -- Up-to-date: /home/hsun/ros2_ws/install/custom_action_interfaces/lib/libcustom_action_interfaces__rosidl_generator_c.so
[12.190s] -- Up-to-date: /home/hsun/ros2_ws/install/custom_action_interfaces/include/custom_action_interfaces/custom_action_interfaces
[12.191s] -- Up-to-date: /home/hsun/ros2_ws/install/custom_action_interfaces/include/custom_action_interfaces/custom_action_interfaces/msg
[12.192s] -- Up-to-date: /home/hsun/ros2_ws/install/custom_action_interfaces/include/custom_action_interfaces/custom_action_interfaces/msg/rosidl_typesupport_fastrtps_c__visibility_control.h
[12.193s] -- Up-to-date: /home/hsun/ros2_ws/install/custom_action_interfaces/include/custom_action_interfaces/custom_action_interfaces/action
[12.193s] -- Up-to-date: /home/hsun/ros2_ws/install/custom_action_interfaces/include/custom_action_interfaces/custom_action_interfaces/action/detail
[12.193s] -- Up-to-date: /home/hsun/ros2_ws/install/custom_action_interfaces/include/custom_action_interfaces/custom_action_interfaces/action/detail/fibonacci__rosidl_typesupport_fastrtps_c.h
[12.205s] -- Up-to-date: /home/hsun/ros2_ws/install/custom_action_interfaces/lib/libcustom_action_interfaces__rosidl_typesupport_fastrtps_c.so
[12.206s] -- Up-to-date: /home/hsun/ros2_ws/install/custom_action_interfaces/include/custom_action_interfaces/custom_action_interfaces
[12.208s] -- Up-to-date: /home/hsun/ros2_ws/install/custom_action_interfaces/include/custom_action_interfaces/custom_action_interfaces/msg
[12.211s] -- Up-to-date: /home/hsun/ros2_ws/install/custom_action_interfaces/include/custom_action_interfaces/custom_action_interfaces/msg/rosidl_typesupport_introspection_c__visibility_control.h
[12.226s] -- Up-to-date: /home/hsun/ros2_ws/install/custom_action_interfaces/include/custom_action_interfaces/custom_action_interfaces/action
[12.228s] -- Up-to-date: /home/hsun/ros2_ws/install/custom_action_interfaces/include/custom_action_interfaces/custom_action_interfaces/action/detail
[12.229s] -- Up-to-date: /home/hsun/ros2_ws/install/custom_action_interfaces/include/custom_action_interfaces/custom_action_interfaces/action/detail/fibonacci__rosidl_typesupport_introspection_c.h
[12.229s] -- Installing: /home/hsun/ros2_ws/install/custom_action_interfaces/include/custom_action_interfaces/custom_action_interfaces/action/detail/fibonacci__type_support.c
[12.239s] -- Up-to-date: /home/hsun/ros2_ws/install/custom_action_interfaces/lib/libcustom_action_interfaces__rosidl_typesupport_introspection_c.so
[12.240s] -- Up-to-date: /home/hsun/ros2_ws/install/custom_action_interfaces/lib/libcustom_action_interfaces__rosidl_typesupport_c.so
[12.241s] -- Up-to-date: /home/hsun/ros2_ws/install/custom_action_interfaces/include/custom_action_interfaces/custom_action_interfaces
[12.242s] -- Up-to-date: /home/hsun/ros2_ws/install/custom_action_interfaces/include/custom_action_interfaces/custom_action_interfaces/action
[12.242s] -- Up-to-date: /home/hsun/ros2_ws/install/custom_action_interfaces/include/custom_action_interfaces/custom_action_interfaces/action/detail
[12.243s] -- Up-to-date: /home/hsun/ros2_ws/install/custom_action_interfaces/include/custom_action_interfaces/custom_action_interfaces/action/detail/fibonacci__traits.hpp
[12.256s] -- Up-to-date: /home/hsun/ros2_ws/install/custom_action_interfaces/include/custom_action_interfaces/custom_action_interfaces/action/detail/fibonacci__builder.hpp
[12.264s] -- Up-to-date: /home/hsun/ros2_ws/install/custom_action_interfaces/include/custom_action_interfaces/custom_action_interfaces/action/detail/fibonacci__struct.hpp
[12.266s] -- Up-to-date: /home/hsun/ros2_ws/install/custom_action_interfaces/include/custom_action_interfaces/custom_action_interfaces/action/fibonacci.hpp
[12.267s] -- Up-to-date: /home/hsun/ros2_ws/install/custom_action_interfaces/include/custom_action_interfaces/custom_action_interfaces
[12.268s] -- Up-to-date: /home/hsun/ros2_ws/install/custom_action_interfaces/include/custom_action_interfaces/custom_action_interfaces/msg
[12.277s] -- Up-to-date: /home/hsun/ros2_ws/install/custom_action_interfaces/include/custom_action_interfaces/custom_action_interfaces/msg/rosidl_typesupport_fastrtps_cpp__visibility_control.h
[12.280s] -- Up-to-date: /home/hsun/ros2_ws/install/custom_action_interfaces/include/custom_action_interfaces/custom_action_interfaces/action
[12.282s] -- Up-to-date: /home/hsun/ros2_ws/install/custom_action_interfaces/include/custom_action_interfaces/custom_action_interfaces/action/detail
[12.296s] -- Up-to-date: /home/hsun/ros2_ws/install/custom_action_interfaces/include/custom_action_interfaces/custom_action_interfaces/action/detail/dds_fastrtps
[12.298s] -- Up-to-date: /home/hsun/ros2_ws/install/custom_action_interfaces/include/custom_action_interfaces/custom_action_interfaces/action/detail/fibonacci__rosidl_typesupport_fastrtps_cpp.hpp
[12.299s] -- Up-to-date: /home/hsun/ros2_ws/install/custom_action_interfaces/lib/libcustom_action_interfaces__rosidl_typesupport_fastrtps_cpp.so
[12.308s] -- Up-to-date: /home/hsun/ros2_ws/install/custom_action_interfaces/include/custom_action_interfaces/custom_action_interfaces
[12.309s] -- Up-to-date: /home/hsun/ros2_ws/install/custom_action_interfaces/include/custom_action_interfaces/custom_action_interfaces/action
[12.311s] -- Up-to-date: /home/hsun/ros2_ws/install/custom_action_interfaces/include/custom_action_interfaces/custom_action_interfaces/action/detail
[12.332s] -- Up-to-date: /home/hsun/ros2_ws/install/custom_action_interfaces/include/custom_action_interfaces/custom_action_interfaces/action/detail/fibonacci__rosidl_typesupport_introspection_cpp.hpp
[12.332s] -- Up-to-date: /home/hsun/ros2_ws/install/custom_action_interfaces/include/custom_action_interfaces/custom_action_interfaces/action/detail/fibonacci__type_support.cpp
[12.333s] -- Up-to-date: /home/hsun/ros2_ws/install/custom_action_interfaces/lib/libcustom_action_interfaces__rosidl_typesupport_introspection_cpp.so
[12.334s] -- Up-to-date: /home/hsun/ros2_ws/install/custom_action_interfaces/lib/libcustom_action_interfaces__rosidl_typesupport_cpp.so
[12.334s] -- Up-to-date: /home/hsun/ros2_ws/install/custom_action_interfaces/share/custom_action_interfaces/environment/pythonpath.sh
[12.335s] -- Up-to-date: /home/hsun/ros2_ws/install/custom_action_interfaces/share/custom_action_interfaces/environment/pythonpath.dsv
[12.335s] -- Up-to-date: /home/hsun/ros2_ws/install/custom_action_interfaces/lib/python3.10/site-packages/custom_action_interfaces-0.0.0-py3.10.egg-info
[12.344s] -- Installing: /home/hsun/ros2_ws/install/custom_action_interfaces/lib/python3.10/site-packages/custom_action_interfaces-0.0.0-py3.10.egg-info/SOURCES.txt
[12.345s] -- Installing: /home/hsun/ros2_ws/install/custom_action_interfaces/lib/python3.10/site-packages/custom_action_interfaces-0.0.0-py3.10.egg-info/PKG-INFO
[12.345s] -- Installing: /home/hsun/ros2_ws/install/custom_action_interfaces/lib/python3.10/site-packages/custom_action_interfaces-0.0.0-py3.10.egg-info/dependency_links.txt
[12.349s] -- Installing: /home/hsun/ros2_ws/install/custom_action_interfaces/lib/python3.10/site-packages/custom_action_interfaces-0.0.0-py3.10.egg-info/top_level.txt
[12.360s] -- Up-to-date: /home/hsun/ros2_ws/install/custom_action_interfaces/lib/python3.10/site-packages/custom_action_interfaces
[12.361s] -- Up-to-date: /home/hsun/ros2_ws/install/custom_action_interfaces/lib/python3.10/site-packages/custom_action_interfaces/_custom_action_interfaces_s.ep.rosidl_typesupport_c.c
[12.362s] -- Up-to-date: /home/hsun/ros2_ws/install/custom_action_interfaces/lib/python3.10/site-packages/custom_action_interfaces/_custom_action_interfaces_s.ep.rosidl_typesupport_introspection_c.c
[12.362s] -- Up-to-date: /home/hsun/ros2_ws/install/custom_action_interfaces/lib/python3.10/site-packages/custom_action_interfaces/__init__.py
[12.363s] -- Up-to-date: /home/hsun/ros2_ws/install/custom_action_interfaces/lib/python3.10/site-packages/custom_action_interfaces/custom_action_interfaces_s__rosidl_typesupport_introspection_c.cpython-310-aarch64-linux-gnu.so
[12.363s] -- Up-to-date: /home/hsun/ros2_ws/install/custom_action_interfaces/lib/python3.10/site-packages/custom_action_interfaces/custom_action_interfaces_s__rosidl_typesupport_c.cpython-310-aarch64-linux-gnu.so
[12.373s] -- Up-to-date: /home/hsun/ros2_ws/install/custom_action_interfaces/lib/python3.10/site-packages/custom_action_interfaces/_custom_action_interfaces_s.ep.rosidl_typesupport_fastrtps_c.c
[12.375s] -- Up-to-date: /home/hsun/ros2_ws/install/custom_action_interfaces/lib/python3.10/site-packages/custom_action_interfaces/custom_action_interfaces_s__rosidl_typesupport_fastrtps_c.cpython-310-aarch64-linux-gnu.so
[12.386s] -- Up-to-date: /home/hsun/ros2_ws/install/custom_action_interfaces/lib/python3.10/site-packages/custom_action_interfaces/action
[12.390s] -- Up-to-date: /home/hsun/ros2_ws/install/custom_action_interfaces/lib/python3.10/site-packages/custom_action_interfaces/action/__init__.py
[12.424s] -- Up-to-date: /home/hsun/ros2_ws/install/custom_action_interfaces/lib/python3.10/site-packages/custom_action_interfaces/action/_fibonacci.py
[12.425s] -- Up-to-date: /home/hsun/ros2_ws/install/custom_action_interfaces/lib/python3.10/site-packages/custom_action_interfaces/action/_fibonacci_s.c
[12.425s] -- Up-to-date: /home/hsun/ros2_ws/install/custom_action_interfaces/lib/python3.10/site-packages/custom_action_interfaces/libcustom_action_interfaces__rosidl_generator_py.so
[12.879s] Listing '/home/hsun/ros2_ws/install/custom_action_interfaces/lib/python3.10/site-packages/custom_action_interfaces'...
[12.881s] Listing '/home/hsun/ros2_ws/install/custom_action_interfaces/lib/python3.10/site-packages/custom_action_interfaces/action'...
[13.045s] -- Up-to-date: /home/hsun/ros2_ws/install/custom_action_interfaces/lib/python3.10/site-packages/custom_action_interfaces/custom_action_interfaces_s__rosidl_typesupport_fastrtps_c.cpython-310-aarch64-linux-gnu.so
[13.046s] -- Up-to-date: /home/hsun/ros2_ws/install/custom_action_interfaces/lib/python3.10/site-packages/custom_action_interfaces/custom_action_interfaces_s__rosidl_typesupport_introspection_c.cpython-310-aarch64-linux-gnu.so
[13.047s] -- Up-to-date: /home/hsun/ros2_ws/install/custom_action_interfaces/lib/python3.10/site-packages/custom_action_interfaces/custom_action_interfaces_s__rosidl_typesupport_c.cpython-310-aarch64-linux-gnu.so
[13.048s] -- Up-to-date: /home/hsun/ros2_ws/install/custom_action_interfaces/lib/libcustom_action_interfaces__rosidl_generator_py.so
[13.049s] -- Up-to-date: /home/hsun/ros2_ws/install/custom_action_interfaces/share/custom_action_interfaces/action/Fibonacci.idl
[13.049s] -- Up-to-date: /home/hsun/ros2_ws/install/custom_action_interfaces/share/custom_action_interfaces/action/Fibonacci.action
[13.056s] -- Up-to-date: /home/hsun/ros2_ws/install/custom_action_interfaces/share/ament_index/resource_index/package_run_dependencies/custom_action_interfaces
[13.058s] -- Up-to-date: /home/hsun/ros2_ws/install/custom_action_interfaces/share/ament_index/resource_index/parent_prefix_path/custom_action_interfaces
[13.072s] -- Up-to-date: /home/hsun/ros2_ws/install/custom_action_interfaces/share/custom_action_interfaces/environment/ament_prefix_path.sh
[13.080s] -- Up-to-date: /home/hsun/ros2_ws/install/custom_action_interfaces/share/custom_action_interfaces/environment/ament_prefix_path.dsv
[13.081s] -- Up-to-date: /home/hsun/ros2_ws/install/custom_action_interfaces/share/custom_action_interfaces/environment/path.sh
[13.082s] -- Up-to-date: /home/hsun/ros2_ws/install/custom_action_interfaces/share/custom_action_interfaces/environment/path.dsv
[13.083s] -- Up-to-date: /home/hsun/ros2_ws/install/custom_action_interfaces/share/custom_action_interfaces/local_setup.bash
[13.101s] -- Up-to-date: /home/hsun/ros2_ws/install/custom_action_interfaces/share/custom_action_interfaces/local_setup.sh
[13.112s] -- Up-to-date: /home/hsun/ros2_ws/install/custom_action_interfaces/share/custom_action_interfaces/local_setup.zsh
[13.114s] -- Up-to-date: /home/hsun/ros2_ws/install/custom_action_interfaces/share/custom_action_interfaces/local_setup.dsv
[13.115s] -- Installing: /home/hsun/ros2_ws/install/custom_action_interfaces/share/custom_action_interfaces/package.dsv
[13.117s] -- Up-to-date: /home/hsun/ros2_ws/install/custom_action_interfaces/share/ament_index/resource_index/packages/custom_action_interfaces
[13.124s] -- Up-to-date: /home/hsun/ros2_ws/install/custom_action_interfaces/share/custom_action_interfaces/cmake/export_custom_action_interfaces__rosidl_generator_cExport.cmake
[13.125s] -- Up-to-date: /home/hsun/ros2_ws/install/custom_action_interfaces/share/custom_action_interfaces/cmake/export_custom_action_interfaces__rosidl_generator_cExport-noconfig.cmake
[13.126s] -- Up-to-date: /home/hsun/ros2_ws/install/custom_action_interfaces/share/custom_action_interfaces/cmake/export_custom_action_interfaces__rosidl_typesupport_fastrtps_cExport.cmake
[13.127s] -- Up-to-date: /home/hsun/ros2_ws/install/custom_action_interfaces/share/custom_action_interfaces/cmake/export_custom_action_interfaces__rosidl_typesupport_fastrtps_cExport-noconfig.cmake
[13.133s] -- Up-to-date: /home/hsun/ros2_ws/install/custom_action_interfaces/share/custom_action_interfaces/cmake/custom_action_interfaces__rosidl_typesupport_introspection_cExport.cmake
[13.134s] -- Up-to-date: /home/hsun/ros2_ws/install/custom_action_interfaces/share/custom_action_interfaces/cmake/custom_action_interfaces__rosidl_typesupport_introspection_cExport-noconfig.cmake
[13.155s] -- Up-to-date: /home/hsun/ros2_ws/install/custom_action_interfaces/share/custom_action_interfaces/cmake/custom_action_interfaces__rosidl_typesupport_cExport.cmake
[13.157s] -- Up-to-date: /home/hsun/ros2_ws/install/custom_action_interfaces/share/custom_action_interfaces/cmake/custom_action_interfaces__rosidl_typesupport_cExport-noconfig.cmake
[13.159s] -- Up-to-date: /home/hsun/ros2_ws/install/custom_action_interfaces/share/custom_action_interfaces/cmake/export_custom_action_interfaces__rosidl_generator_cppExport.cmake
[13.161s] -- Up-to-date: /home/hsun/ros2_ws/install/custom_action_interfaces/share/custom_action_interfaces/cmake/export_custom_action_interfaces__rosidl_typesupport_fastrtps_cppExport.cmake
[13.163s] -- Up-to-date: /home/hsun/ros2_ws/install/custom_action_interfaces/share/custom_action_interfaces/cmake/export_custom_action_interfaces__rosidl_typesupport_fastrtps_cppExport-noconfig.cmake
[13.181s] -- Up-to-date: /home/hsun/ros2_ws/install/custom_action_interfaces/share/custom_action_interfaces/cmake/custom_action_interfaces__rosidl_typesupport_introspection_cppExport.cmake
[13.183s] -- Up-to-date: /home/hsun/ros2_ws/install/custom_action_interfaces/share/custom_action_interfaces/cmake/custom_action_interfaces__rosidl_typesupport_introspection_cppExport-noconfig.cmake
[13.185s] -- Up-to-date: /home/hsun/ros2_ws/install/custom_action_interfaces/share/custom_action_interfaces/cmake/custom_action_interfaces__rosidl_typesupport_cppExport.cmake
[13.186s] -- Up-to-date: /home/hsun/ros2_ws/install/custom_action_interfaces/share/custom_action_interfaces/cmake/custom_action_interfaces__rosidl_typesupport_cppExport-noconfig.cmake
[13.187s] -- Up-to-date: /home/hsun/ros2_ws/install/custom_action_interfaces/share/custom_action_interfaces/cmake/export_custom_action_interfaces__rosidl_generator_pyExport.cmake
[13.189s] -- Up-to-date: /home/hsun/ros2_ws/install/custom_action_interfaces/share/custom_action_interfaces/cmake/export_custom_action_interfaces__rosidl_generator_pyExport-noconfig.cmake
[13.193s] -- Up-to-date: /home/hsun/ros2_ws/install/custom_action_interfaces/share/custom_action_interfaces/cmake/rosidl_cmake-extras.cmake
[13.195s] -- Up-to-date: /home/hsun/ros2_ws/install/custom_action_interfaces/share/custom_action_interfaces/cmake/ament_cmake_export_dependencies-extras.cmake
[13.196s] -- Up-to-date: /home/hsun/ros2_ws/install/custom_action_interfaces/share/custom_action_interfaces/cmake/ament_cmake_export_include_directories-extras.cmake
[13.201s] -- Up-to-date: /home/hsun/ros2_ws/install/custom_action_interfaces/share/custom_action_interfaces/cmake/ament_cmake_export_libraries-extras.cmake
[13.203s] -- Up-to-date: /home/hsun/ros2_ws/install/custom_action_interfaces/share/custom_action_interfaces/cmake/ament_cmake_export_targets-extras.cmake
[13.205s] -- Up-to-date: /home/hsun/ros2_ws/install/custom_action_interfaces/share/custom_action_interfaces/cmake/rosidl_cmake_export_typesupport_targets-extras.cmake
[13.214s] -- Up-to-date: /home/hsun/ros2_ws/install/custom_action_interfaces/share/custom_action_interfaces/cmake/rosidl_cmake_export_typesupport_libraries-extras.cmake
[13.244s] -- Up-to-date: /home/hsun/ros2_ws/install/custom_action_interfaces/share/custom_action_interfaces/cmake/custom_action_interfacesConfig.cmake
[13.245s] -- Up-to-date: /home/hsun/ros2_ws/install/custom_action_interfaces/share/custom_action_interfaces/cmake/custom_action_interfacesConfig-version.cmake
[13.246s] -- Up-to-date: /home/hsun/ros2_ws/install/custom_action_interfaces/share/custom_action_interfaces/package.xml
[16.627s] Invoked command in '/home/hsun/ros2_ws/build/custom_action_interfaces' returned '0': CMAKE_PREFIX_PATH=${CMAKE_PREFIX_PATH}:/opt/ros/iron:/home/hsun/ros2_ws/install/python_parameters:/home/hsun/ros2_ws/install/py_srvcli:/home/hsun/ros2_ws/install/py_pubsub:/home/hsun/ros2_ws/install/py_launch_example /usr/bin/cmake --install /home/hsun/ros2_ws/build/custom_action_interfaces
