[0.085s] Invoking command in '/home/hsun/ros2_ws/build/learning_tf2_cpp': CMAKE_PREFIX_PATH=${CMAKE_PREFIX_PATH}:/home/hsun/ros2_ws/install/learning_tf2_py:/home/hsun/ros2_ws/install/python_parameters:/home/hsun/ros2_ws/install/py_srvcli:/home/hsun/ros2_ws/install/py_pubsub:/home/hsun/ros2_ws/install/py_launch_example:/home/hsun/ros2_ws/install/launch_tutorial:/opt/ros/iron /usr/bin/cmake --build /home/hsun/ros2_ws/build/learning_tf2_cpp -- -j4 -l4
[0.276s] -- Found ament_cmake: 2.0.3 (/opt/ros/iron/share/ament_cmake/cmake)
[1.584s] -- Found geometry_msgs: 5.0.0 (/opt/ros/iron/share/geometry_msgs/cmake)
[1.818s] -- Found rosidl_generator_c: 4.0.1 (/opt/ros/iron/share/rosidl_generator_c/cmake)
[1.892s] -- Found rosidl_generator_cpp: 4.0.1 (/opt/ros/iron/share/rosidl_generator_cpp/cmake)
[1.998s] -- Using all available rosidl_typesupport_c: rosidl_typesupport_fastrtps_c;rosidl_typesupport_introspection_c
[2.127s] -- Using all available rosidl_typesupport_cpp: rosidl_typesupport_fastrtps_cpp;rosidl_typesupport_introspection_cpp
[2.790s] -- Found rclcpp: 21.0.2 (/opt/ros/iron/share/rclcpp/cmake)
[3.704s] -- Found rmw_implementation_cmake: 7.1.0 (/opt/ros/iron/share/rmw_implementation_cmake/cmake)
[3.716s] -- Found rmw_fastrtps_cpp: 7.1.1 (/opt/ros/iron/share/rmw_fastrtps_cpp/cmake)
[5.204s] -- Using RMW implementation 'rmw_fastrtps_cpp' as default
[6.081s] -- Found tf2: 0.31.4 (/opt/ros/iron/share/tf2/cmake)
[6.130s] -- Found tf2_ros: 0.31.4 (/opt/ros/iron/share/tf2_ros/cmake)
[8.669s] -- Found turtlesim: 1.6.1 (/home/hsun/ros2_ws/install/turtlesim/share/turtlesim/cmake)
[9.106s] -- Found ament_lint_auto: 0.14.1 (/opt/ros/iron/share/ament_lint_auto/cmake)
[9.772s] -- Added test 'cppcheck' to perform static code analysis on C / C++ code
[9.773s] -- Configured cppcheck include dirs: 
[9.773s] -- Configured cppcheck exclude dirs and/or files: 
[9.775s] -- Added test 'flake8' to check Python code syntax and style conventions
[9.776s] -- Configured 'flake8' exclude dirs and/or files: 
[9.779s] -- Added test 'lint_cmake' to check CMake code style
[9.782s] -- Added test 'pep257' to check Python code against some of the docstring style conventions in PEP 257
[9.794s] -- Added test 'uncrustify' to check C / C++ code style
[9.795s] -- Configured uncrustify additional arguments: 
[9.799s] -- Added test 'xmllint' to check XML markup files
[9.809s] -- Configuring done
[9.966s] -- Generating done
[9.981s] -- Build files have been written to: /home/hsun/ros2_ws/build/learning_tf2_cpp
[10.240s] [35m[1mConsolidate compiler generated dependencies of target turtle_tf2_listener[0m
[10.386s] [ 50%] [32mBuilding CXX object CMakeFiles/turtle_tf2_listener.dir/src/turtle_tf2_listener.cpp.o[0m
[52.362s] [100%] [32m[1mLinking CXX executable turtle_tf2_listener[0m
[54.839s] [100%] Built target turtle_tf2_listener
[54.925s] Invoked command in '/home/hsun/ros2_ws/build/learning_tf2_cpp' returned '0': CMAKE_PREFIX_PATH=${CMAKE_PREFIX_PATH}:/home/hsun/ros2_ws/install/learning_tf2_py:/home/hsun/ros2_ws/install/python_parameters:/home/hsun/ros2_ws/install/py_srvcli:/home/hsun/ros2_ws/install/py_pubsub:/home/hsun/ros2_ws/install/py_launch_example:/home/hsun/ros2_ws/install/launch_tutorial:/opt/ros/iron /usr/bin/cmake --build /home/hsun/ros2_ws/build/learning_tf2_cpp -- -j4 -l4
[55.198s] Invoking command in '/home/hsun/ros2_ws/build/learning_tf2_cpp': CMAKE_PREFIX_PATH=${CMAKE_PREFIX_PATH}:/home/hsun/ros2_ws/install/learning_tf2_py:/home/hsun/ros2_ws/install/python_parameters:/home/hsun/ros2_ws/install/py_srvcli:/home/hsun/ros2_ws/install/py_pubsub:/home/hsun/ros2_ws/install/py_launch_example:/home/hsun/ros2_ws/install/launch_tutorial:/opt/ros/iron /usr/bin/cmake --install /home/hsun/ros2_ws/build/learning_tf2_cpp
[55.266s] -- Install configuration: ""
[55.271s] -- Installing: /home/hsun/ros2_ws/install/learning_tf2_cpp/lib/learning_tf2_cpp/turtle_tf2_listener
[55.307s] -- Set runtime path of "/home/hsun/ros2_ws/install/learning_tf2_cpp/lib/learning_tf2_cpp/turtle_tf2_listener" to ""
[55.309s] -- Up-to-date: /home/hsun/ros2_ws/install/learning_tf2_cpp/share/learning_tf2_cpp/launch
[55.310s] -- Up-to-date: /home/hsun/ros2_ws/install/learning_tf2_cpp/share/learning_tf2_cpp/launch/turtle_tf2_demo_launch.py
[55.310s] -- Installing: /home/hsun/ros2_ws/install/learning_tf2_cpp/share/ament_index/resource_index/package_run_dependencies/learning_tf2_cpp
[55.311s] -- Installing: /home/hsun/ros2_ws/install/learning_tf2_cpp/share/ament_index/resource_index/parent_prefix_path/learning_tf2_cpp
[55.314s] -- Installing: /home/hsun/ros2_ws/install/learning_tf2_cpp/share/learning_tf2_cpp/environment/ament_prefix_path.sh
[55.316s] -- Installing: /home/hsun/ros2_ws/install/learning_tf2_cpp/share/learning_tf2_cpp/environment/ament_prefix_path.dsv
[55.317s] -- Installing: /home/hsun/ros2_ws/install/learning_tf2_cpp/share/learning_tf2_cpp/environment/path.sh
[55.319s] -- Installing: /home/hsun/ros2_ws/install/learning_tf2_cpp/share/learning_tf2_cpp/environment/path.dsv
[55.321s] -- Installing: /home/hsun/ros2_ws/install/learning_tf2_cpp/share/learning_tf2_cpp/local_setup.bash
[55.323s] -- Installing: /home/hsun/ros2_ws/install/learning_tf2_cpp/share/learning_tf2_cpp/local_setup.sh
[55.325s] -- Installing: /home/hsun/ros2_ws/install/learning_tf2_cpp/share/learning_tf2_cpp/local_setup.zsh
[55.327s] -- Installing: /home/hsun/ros2_ws/install/learning_tf2_cpp/share/learning_tf2_cpp/local_setup.dsv
[55.329s] -- Installing: /home/hsun/ros2_ws/install/learning_tf2_cpp/share/learning_tf2_cpp/package.dsv
[55.331s] -- Installing: /home/hsun/ros2_ws/install/learning_tf2_cpp/share/ament_index/resource_index/packages/learning_tf2_cpp
[55.332s] -- Installing: /home/hsun/ros2_ws/install/learning_tf2_cpp/share/learning_tf2_cpp/cmake/learning_tf2_cppConfig.cmake
[55.334s] -- Installing: /home/hsun/ros2_ws/install/learning_tf2_cpp/share/learning_tf2_cpp/cmake/learning_tf2_cppConfig-version.cmake
[55.336s] -- Up-to-date: /home/hsun/ros2_ws/install/learning_tf2_cpp/share/learning_tf2_cpp/package.xml
[55.356s] Invoked command in '/home/hsun/ros2_ws/build/learning_tf2_cpp' returned '0': CMAKE_PREFIX_PATH=${CMAKE_PREFIX_PATH}:/home/hsun/ros2_ws/install/learning_tf2_py:/home/hsun/ros2_ws/install/python_parameters:/home/hsun/ros2_ws/install/py_srvcli:/home/hsun/ros2_ws/install/py_pubsub:/home/hsun/ros2_ws/install/py_launch_example:/home/hsun/ros2_ws/install/launch_tutorial:/opt/ros/iron /usr/bin/cmake --install /home/hsun/ros2_ws/build/learning_tf2_cpp
