[0.276s] Invoking command in '/home/hsun/ros2_ws/build/my_package': CMAKE_PREFIX_PATH=${CMAKE_PREFIX_PATH}:/opt/ros/iron /usr/bin/cmake /home/hsun/ros2_ws/src/my_package -DCMAKE_INSTALL_PREFIX=/home/hsun/ros2_ws/install/my_package
[0.755s] -- The C compiler identification is GNU 11.3.0
[1.326s] -- The CXX compiler identification is GNU 11.3.0
[1.415s] -- Detecting C compiler ABI info
[1.944s] -- Detecting C compiler ABI info - done
[1.987s] -- Check for working C compiler: /usr/bin/cc - skipped
[1.990s] -- Detecting C compile features
[1.993s] -- Detecting C compile features - done
[2.018s] -- Detecting CXX compiler ABI info
[2.764s] -- Detecting CXX compiler ABI info - done
[2.806s] -- Check for working CXX compiler: /usr/bin/c++ - skipped
[2.809s] -- Detecting CXX compile features
[2.812s] -- Detecting CXX compile features - done
[2.849s] -- Found ament_cmake: 2.0.3 (/opt/ros/iron/share/ament_cmake/cmake)
[4.720s] -- Found Python3: /usr/bin/python3.10 (found version "3.10.6") found components: Interpreter 
[5.991s] -- Found ament_lint_auto: 0.14.1 (/opt/ros/iron/share/ament_lint_auto/cmake)
[6.942s] -- Added test 'cppcheck' to perform static code analysis on C / C++ code
[6.947s] -- Configured cppcheck include dirs: $<BUILD_INTERFACE:/home/hsun/ros2_ws/src/my_package/include>
[6.951s] -- Configured cppcheck exclude dirs and/or files: 
[6.978s] -- Added test 'lint_cmake' to check CMake code style
[6.998s] -- Added test 'uncrustify' to check C / C++ code style
[7.001s] -- Configured uncrustify additional arguments: 
[7.018s] -- Added test 'xmllint' to check XML markup files
[7.034s] -- Configuring done
[7.110s] -- Generating done
[7.122s] -- Build files have been written to: /home/hsun/ros2_ws/build/my_package
[7.167s] Invoked command in '/home/hsun/ros2_ws/build/my_package' returned '0': CMAKE_PREFIX_PATH=${CMAKE_PREFIX_PATH}:/opt/ros/iron /usr/bin/cmake /home/hsun/ros2_ws/src/my_package -DCMAKE_INSTALL_PREFIX=/home/hsun/ros2_ws/install/my_package
[7.176s] Invoking command in '/home/hsun/ros2_ws/build/my_package': CMAKE_PREFIX_PATH=${CMAKE_PREFIX_PATH}:/opt/ros/iron /usr/bin/cmake --build /home/hsun/ros2_ws/build/my_package -- -j4 -l4
[7.675s] [ 50%] [32mBuilding CXX object CMakeFiles/my_node.dir/src/my_node.cpp.o[0m
[8.280s] [100%] [32m[1mLinking CXX executable my_node[0m
[8.606s] [100%] Built target my_node
[8.705s] Invoked command in '/home/hsun/ros2_ws/build/my_package' returned '0': CMAKE_PREFIX_PATH=${CMAKE_PREFIX_PATH}:/opt/ros/iron /usr/bin/cmake --build /home/hsun/ros2_ws/build/my_package -- -j4 -l4
[8.846s] Invoking command in '/home/hsun/ros2_ws/build/my_package': CMAKE_PREFIX_PATH=${CMAKE_PREFIX_PATH}:/opt/ros/iron /usr/bin/cmake --install /home/hsun/ros2_ws/build/my_package
[8.875s] -- Install configuration: ""
[8.876s] -- Installing: /home/hsun/ros2_ws/install/my_package/lib/my_package/my_node
[8.878s] -- Installing: /home/hsun/ros2_ws/install/my_package/share/ament_index/resource_index/package_run_dependencies/my_package
[8.880s] -- Installing: /home/hsun/ros2_ws/install/my_package/share/ament_index/resource_index/parent_prefix_path/my_package
[8.882s] -- Installing: /home/hsun/ros2_ws/install/my_package/share/my_package/environment/ament_prefix_path.sh
[8.885s] -- Installing: /home/hsun/ros2_ws/install/my_package/share/my_package/environment/ament_prefix_path.dsv
[8.886s] -- Installing: /home/hsun/ros2_ws/install/my_package/share/my_package/environment/path.sh
[8.886s] -- Installing: /home/hsun/ros2_ws/install/my_package/share/my_package/environment/path.dsv
[8.887s] -- Installing: /home/hsun/ros2_ws/install/my_package/share/my_package/local_setup.bash
[8.888s] -- Installing: /home/hsun/ros2_ws/install/my_package/share/my_package/local_setup.sh
[8.892s] -- Installing: /home/hsun/ros2_ws/install/my_package/share/my_package/local_setup.zsh
[8.892s] -- Installing: /home/hsun/ros2_ws/install/my_package/share/my_package/local_setup.dsv
[8.893s] -- Installing: /home/hsun/ros2_ws/install/my_package/share/my_package/package.dsv
[8.895s] -- Installing: /home/hsun/ros2_ws/install/my_package/share/ament_index/resource_index/packages/my_package
[8.896s] -- Installing: /home/hsun/ros2_ws/install/my_package/share/my_package/cmake/my_packageConfig.cmake
[8.897s] -- Installing: /home/hsun/ros2_ws/install/my_package/share/my_package/cmake/my_packageConfig-version.cmake
[8.898s] -- Installing: /home/hsun/ros2_ws/install/my_package/share/my_package/package.xml
[8.936s] Invoked command in '/home/hsun/ros2_ws/build/my_package' returned '0': CMAKE_PREFIX_PATH=${CMAKE_PREFIX_PATH}:/opt/ros/iron /usr/bin/cmake --install /home/hsun/ros2_ws/build/my_package
