[0.111s] Invoking command in '/home/hsun/ros2_ws/build/more_interfaces': /usr/bin/cmake --build /home/hsun/ros2_ws/build/more_interfaces -- -j4 -l4
[0.674s] [  2%] Built target more_interfaces__rosidl_generator_type_description
[1.047s] [  2%] Built target ament_cmake_python_copy_more_interfaces
[1.288s] [  5%] Built target more_interfaces__cpp
[5.258s] running egg_info
[5.267s] writing more_interfaces.egg-info/PKG-INFO
[5.271s] writing dependency_links to more_interfaces.egg-info/dependency_links.txt
[5.274s] writing top-level names to more_interfaces.egg-info/top_level.txt
[5.318s] reading manifest file 'more_interfaces.egg-info/SOURCES.txt'
[5.328s] writing manifest file 'more_interfaces.egg-info/SOURCES.txt'
[5.873s] [  5%] Built target ament_cmake_python_build_more_interfaces_egg
[6.151s] [ 19%] Built target more_interfaces__rosidl_generator_c
[6.354s] [ 27%] Built target more_interfaces__rosidl_typesupport_cpp
[6.494s] [ 36%] Built target more_interfaces__rosidl_typesupport_introspection_c
[6.654s] [ 44%] Built target more_interfaces__rosidl_typesupport_c
[6.803s] [ 52%] Built target more_interfaces__rosidl_typesupport_introspection_cpp
[6.989s] [ 58%] Built target publish_address_book
[7.151s] [ 66%] Built target more_interfaces__rosidl_typesupport_fastrtps_cpp
[7.305s] [ 75%] Built target more_interfaces__rosidl_typesupport_fastrtps_c
[7.433s] [ 75%] Built target more_interfaces
[7.712s] [ 77%] Built target more_interfaces__py
[7.942s] [ 83%] Built target more_interfaces__rosidl_generator_py
[8.144s] [ 88%] Built target more_interfaces__rosidl_typesupport_fastrtps_c__pyext
[8.426s] [ 94%] Built target more_interfaces__rosidl_typesupport_c__pyext
[8.691s] [100%] Built target more_interfaces__rosidl_typesupport_introspection_c__pyext
[8.816s] Invoked command in '/home/hsun/ros2_ws/build/more_interfaces' returned '0': /usr/bin/cmake --build /home/hsun/ros2_ws/build/more_interfaces -- -j4 -l4
[10.224s] Invoking command in '/home/hsun/ros2_ws/build/more_interfaces': /usr/bin/cmake --install /home/hsun/ros2_ws/build/more_interfaces
[10.290s] -- Install configuration: ""
[10.293s] -- Up-to-date: /home/hsun/ros2_ws/install/more_interfaces/lib/more_interfaces/publish_address_book
[10.296s] -- Up-to-date: /home/hsun/ros2_ws/install/more_interfaces/share/ament_index/resource_index/rosidl_interfaces/more_interfaces
[10.298s] -- Up-to-date: /home/hsun/ros2_ws/install/more_interfaces/share/more_interfaces/msg/AddressBook.json
[10.300s] -- Up-to-date: /home/hsun/ros2_ws/install/more_interfaces/include/more_interfaces/more_interfaces
[10.302s] -- Up-to-date: /home/hsun/ros2_ws/install/more_interfaces/include/more_interfaces/more_interfaces/msg
[10.303s] -- Up-to-date: /home/hsun/ros2_ws/install/more_interfaces/include/more_interfaces/more_interfaces/msg/detail
[10.307s] -- Up-to-date: /home/hsun/ros2_ws/install/more_interfaces/include/more_interfaces/more_interfaces/msg/detail/address_book__description.c
[10.309s] -- Installing: /home/hsun/ros2_ws/install/more_interfaces/include/more_interfaces/more_interfaces/msg/detail/address_book__type_support.c
[10.312s] -- Up-to-date: /home/hsun/ros2_ws/install/more_interfaces/include/more_interfaces/more_interfaces/msg/detail/address_book__struct.h
[10.317s] -- Up-to-date: /home/hsun/ros2_ws/install/more_interfaces/include/more_interfaces/more_interfaces/msg/detail/address_book__type_support.h
[10.319s] -- Up-to-date: /home/hsun/ros2_ws/install/more_interfaces/include/more_interfaces/more_interfaces/msg/detail/address_book__functions.h
[10.321s] -- Up-to-date: /home/hsun/ros2_ws/install/more_interfaces/include/more_interfaces/more_interfaces/msg/detail/address_book__functions.c
[10.323s] -- Up-to-date: /home/hsun/ros2_ws/install/more_interfaces/include/more_interfaces/more_interfaces/msg/rosidl_generator_c__visibility_control.h
[10.325s] -- Up-to-date: /home/hsun/ros2_ws/install/more_interfaces/include/more_interfaces/more_interfaces/msg/address_book.h
[10.327s] -- Up-to-date: /home/hsun/ros2_ws/install/more_interfaces/share/more_interfaces/environment/library_path.sh
[10.329s] -- Up-to-date: /home/hsun/ros2_ws/install/more_interfaces/share/more_interfaces/environment/library_path.dsv
[10.334s] -- Up-to-date: /home/hsun/ros2_ws/install/more_interfaces/lib/libmore_interfaces__rosidl_generator_c.so
[10.346s] -- Up-to-date: /home/hsun/ros2_ws/install/more_interfaces/include/more_interfaces/more_interfaces
[10.350s] -- Up-to-date: /home/hsun/ros2_ws/install/more_interfaces/include/more_interfaces/more_interfaces/msg
[10.358s] -- Up-to-date: /home/hsun/ros2_ws/install/more_interfaces/include/more_interfaces/more_interfaces/msg/detail
[10.360s] -- Up-to-date: /home/hsun/ros2_ws/install/more_interfaces/include/more_interfaces/more_interfaces/msg/detail/address_book__rosidl_typesupport_fastrtps_c.h
[10.365s] -- Up-to-date: /home/hsun/ros2_ws/install/more_interfaces/include/more_interfaces/more_interfaces/msg/rosidl_typesupport_fastrtps_c__visibility_control.h
[10.368s] -- Up-to-date: /home/hsun/ros2_ws/install/more_interfaces/lib/libmore_interfaces__rosidl_typesupport_fastrtps_c.so
[10.375s] -- Up-to-date: /home/hsun/ros2_ws/install/more_interfaces/include/more_interfaces/more_interfaces
[10.377s] -- Up-to-date: /home/hsun/ros2_ws/install/more_interfaces/include/more_interfaces/more_interfaces/msg
[10.379s] -- Up-to-date: /home/hsun/ros2_ws/install/more_interfaces/include/more_interfaces/more_interfaces/msg/detail
[10.382s] -- Up-to-date: /home/hsun/ros2_ws/install/more_interfaces/include/more_interfaces/more_interfaces/msg/detail/address_book__struct.hpp
[10.384s] -- Up-to-date: /home/hsun/ros2_ws/install/more_interfaces/include/more_interfaces/more_interfaces/msg/detail/address_book__builder.hpp
[10.386s] -- Up-to-date: /home/hsun/ros2_ws/install/more_interfaces/include/more_interfaces/more_interfaces/msg/detail/address_book__traits.hpp
[10.388s] -- Up-to-date: /home/hsun/ros2_ws/install/more_interfaces/include/more_interfaces/more_interfaces/msg/address_book.hpp
[10.390s] -- Up-to-date: /home/hsun/ros2_ws/install/more_interfaces/include/more_interfaces/more_interfaces
[10.399s] -- Up-to-date: /home/hsun/ros2_ws/install/more_interfaces/include/more_interfaces/more_interfaces/msg
[10.400s] -- Up-to-date: /home/hsun/ros2_ws/install/more_interfaces/include/more_interfaces/more_interfaces/msg/detail
[10.400s] -- Up-to-date: /home/hsun/ros2_ws/install/more_interfaces/include/more_interfaces/more_interfaces/msg/detail/dds_fastrtps
[10.401s] -- Up-to-date: /home/hsun/ros2_ws/install/more_interfaces/include/more_interfaces/more_interfaces/msg/detail/address_book__rosidl_typesupport_fastrtps_cpp.hpp
[10.402s] -- Up-to-date: /home/hsun/ros2_ws/install/more_interfaces/include/more_interfaces/more_interfaces/msg/rosidl_typesupport_fastrtps_cpp__visibility_control.h
[10.403s] -- Up-to-date: /home/hsun/ros2_ws/install/more_interfaces/lib/libmore_interfaces__rosidl_typesupport_fastrtps_cpp.so
[10.407s] -- Up-to-date: /home/hsun/ros2_ws/install/more_interfaces/include/more_interfaces/more_interfaces
[10.420s] -- Up-to-date: /home/hsun/ros2_ws/install/more_interfaces/include/more_interfaces/more_interfaces/msg
[10.424s] -- Up-to-date: /home/hsun/ros2_ws/install/more_interfaces/include/more_interfaces/more_interfaces/msg/detail
[10.427s] -- Up-to-date: /home/hsun/ros2_ws/install/more_interfaces/include/more_interfaces/more_interfaces/msg/detail/address_book__rosidl_typesupport_introspection_c.h
[10.428s] -- Installing: /home/hsun/ros2_ws/install/more_interfaces/include/more_interfaces/more_interfaces/msg/detail/address_book__type_support.c
[10.429s] -- Up-to-date: /home/hsun/ros2_ws/install/more_interfaces/include/more_interfaces/more_interfaces/msg/rosidl_typesupport_introspection_c__visibility_control.h
[10.431s] -- Up-to-date: /home/hsun/ros2_ws/install/more_interfaces/lib/libmore_interfaces__rosidl_typesupport_introspection_c.so
[10.436s] -- Up-to-date: /home/hsun/ros2_ws/install/more_interfaces/lib/libmore_interfaces__rosidl_typesupport_c.so
[10.439s] -- Up-to-date: /home/hsun/ros2_ws/install/more_interfaces/include/more_interfaces/more_interfaces
[10.441s] -- Up-to-date: /home/hsun/ros2_ws/install/more_interfaces/include/more_interfaces/more_interfaces/msg
[10.442s] -- Up-to-date: /home/hsun/ros2_ws/install/more_interfaces/include/more_interfaces/more_interfaces/msg/detail
[10.445s] -- Up-to-date: /home/hsun/ros2_ws/install/more_interfaces/include/more_interfaces/more_interfaces/msg/detail/address_book__rosidl_typesupport_introspection_cpp.hpp
[10.446s] -- Up-to-date: /home/hsun/ros2_ws/install/more_interfaces/include/more_interfaces/more_interfaces/msg/detail/address_book__type_support.cpp
[10.449s] -- Up-to-date: /home/hsun/ros2_ws/install/more_interfaces/lib/libmore_interfaces__rosidl_typesupport_introspection_cpp.so
[10.459s] -- Up-to-date: /home/hsun/ros2_ws/install/more_interfaces/lib/libmore_interfaces__rosidl_typesupport_cpp.so
[10.493s] -- Up-to-date: /home/hsun/ros2_ws/install/more_interfaces/share/more_interfaces/environment/pythonpath.sh
[10.497s] -- Up-to-date: /home/hsun/ros2_ws/install/more_interfaces/share/more_interfaces/environment/pythonpath.dsv
[10.498s] -- Up-to-date: /home/hsun/ros2_ws/install/more_interfaces/lib/python3.10/site-packages/more_interfaces-0.0.0-py3.10.egg-info
[10.502s] -- Installing: /home/hsun/ros2_ws/install/more_interfaces/lib/python3.10/site-packages/more_interfaces-0.0.0-py3.10.egg-info/SOURCES.txt
[10.503s] -- Installing: /home/hsun/ros2_ws/install/more_interfaces/lib/python3.10/site-packages/more_interfaces-0.0.0-py3.10.egg-info/PKG-INFO
[10.503s] -- Installing: /home/hsun/ros2_ws/install/more_interfaces/lib/python3.10/site-packages/more_interfaces-0.0.0-py3.10.egg-info/dependency_links.txt
[10.504s] -- Installing: /home/hsun/ros2_ws/install/more_interfaces/lib/python3.10/site-packages/more_interfaces-0.0.0-py3.10.egg-info/top_level.txt
[10.505s] -- Up-to-date: /home/hsun/ros2_ws/install/more_interfaces/lib/python3.10/site-packages/more_interfaces
[10.505s] -- Up-to-date: /home/hsun/ros2_ws/install/more_interfaces/lib/python3.10/site-packages/more_interfaces/_more_interfaces_s.ep.rosidl_typesupport_introspection_c.c
[10.506s] -- Up-to-date: /home/hsun/ros2_ws/install/more_interfaces/lib/python3.10/site-packages/more_interfaces/_more_interfaces_s.ep.rosidl_typesupport_fastrtps_c.c
[10.507s] -- Up-to-date: /home/hsun/ros2_ws/install/more_interfaces/lib/python3.10/site-packages/more_interfaces/libmore_interfaces__rosidl_generator_py.so
[10.507s] -- Up-to-date: /home/hsun/ros2_ws/install/more_interfaces/lib/python3.10/site-packages/more_interfaces/__init__.py
[10.508s] -- Up-to-date: /home/hsun/ros2_ws/install/more_interfaces/lib/python3.10/site-packages/more_interfaces/more_interfaces_s__rosidl_typesupport_c.cpython-310-aarch64-linux-gnu.so
[10.515s] -- Up-to-date: /home/hsun/ros2_ws/install/more_interfaces/lib/python3.10/site-packages/more_interfaces/_more_interfaces_s.ep.rosidl_typesupport_c.c
[10.516s] -- Up-to-date: /home/hsun/ros2_ws/install/more_interfaces/lib/python3.10/site-packages/more_interfaces/more_interfaces_s__rosidl_typesupport_fastrtps_c.cpython-310-aarch64-linux-gnu.so
[10.516s] -- Up-to-date: /home/hsun/ros2_ws/install/more_interfaces/lib/python3.10/site-packages/more_interfaces/more_interfaces_s__rosidl_typesupport_introspection_c.cpython-310-aarch64-linux-gnu.so
[10.517s] -- Up-to-date: /home/hsun/ros2_ws/install/more_interfaces/lib/python3.10/site-packages/more_interfaces/msg
[10.518s] -- Up-to-date: /home/hsun/ros2_ws/install/more_interfaces/lib/python3.10/site-packages/more_interfaces/msg/__init__.py
[10.558s] -- Up-to-date: /home/hsun/ros2_ws/install/more_interfaces/lib/python3.10/site-packages/more_interfaces/msg/_address_book.py
[10.560s] -- Up-to-date: /home/hsun/ros2_ws/install/more_interfaces/lib/python3.10/site-packages/more_interfaces/msg/_address_book_s.c
[11.064s] Listing '/home/hsun/ros2_ws/install/more_interfaces/lib/python3.10/site-packages/more_interfaces'...
[11.065s] Listing '/home/hsun/ros2_ws/install/more_interfaces/lib/python3.10/site-packages/more_interfaces/msg'...
[11.137s] -- Up-to-date: /home/hsun/ros2_ws/install/more_interfaces/lib/python3.10/site-packages/more_interfaces/more_interfaces_s__rosidl_typesupport_fastrtps_c.cpython-310-aarch64-linux-gnu.so
[11.147s] -- Up-to-date: /home/hsun/ros2_ws/install/more_interfaces/lib/python3.10/site-packages/more_interfaces/more_interfaces_s__rosidl_typesupport_introspection_c.cpython-310-aarch64-linux-gnu.so
[11.148s] -- Up-to-date: /home/hsun/ros2_ws/install/more_interfaces/lib/python3.10/site-packages/more_interfaces/more_interfaces_s__rosidl_typesupport_c.cpython-310-aarch64-linux-gnu.so
[11.149s] -- Up-to-date: /home/hsun/ros2_ws/install/more_interfaces/lib/libmore_interfaces__rosidl_generator_py.so
[11.150s] -- Up-to-date: /home/hsun/ros2_ws/install/more_interfaces/share/more_interfaces/msg/AddressBook.idl
[11.151s] -- Up-to-date: /home/hsun/ros2_ws/install/more_interfaces/share/more_interfaces/msg/AddressBook.msg
[11.152s] -- Up-to-date: /home/hsun/ros2_ws/install/more_interfaces/share/ament_index/resource_index/package_run_dependencies/more_interfaces
[11.153s] -- Up-to-date: /home/hsun/ros2_ws/install/more_interfaces/share/ament_index/resource_index/parent_prefix_path/more_interfaces
[11.155s] -- Up-to-date: /home/hsun/ros2_ws/install/more_interfaces/share/more_interfaces/environment/ament_prefix_path.sh
[11.167s] -- Up-to-date: /home/hsun/ros2_ws/install/more_interfaces/share/more_interfaces/environment/ament_prefix_path.dsv
[11.169s] -- Up-to-date: /home/hsun/ros2_ws/install/more_interfaces/share/more_interfaces/environment/path.sh
[11.170s] -- Up-to-date: /home/hsun/ros2_ws/install/more_interfaces/share/more_interfaces/environment/path.dsv
[11.172s] -- Up-to-date: /home/hsun/ros2_ws/install/more_interfaces/share/more_interfaces/local_setup.bash
[11.175s] -- Up-to-date: /home/hsun/ros2_ws/install/more_interfaces/share/more_interfaces/local_setup.sh
[11.183s] -- Up-to-date: /home/hsun/ros2_ws/install/more_interfaces/share/more_interfaces/local_setup.zsh
[11.192s] -- Up-to-date: /home/hsun/ros2_ws/install/more_interfaces/share/more_interfaces/local_setup.dsv
[11.195s] -- Installing: /home/hsun/ros2_ws/install/more_interfaces/share/more_interfaces/package.dsv
[11.196s] -- Up-to-date: /home/hsun/ros2_ws/install/more_interfaces/share/ament_index/resource_index/packages/more_interfaces
[11.196s] -- Up-to-date: /home/hsun/ros2_ws/install/more_interfaces/share/more_interfaces/cmake/export_more_interfaces__rosidl_generator_cExport.cmake
[11.201s] -- Up-to-date: /home/hsun/ros2_ws/install/more_interfaces/share/more_interfaces/cmake/export_more_interfaces__rosidl_generator_cExport-noconfig.cmake
[11.204s] -- Up-to-date: /home/hsun/ros2_ws/install/more_interfaces/share/more_interfaces/cmake/export_more_interfaces__rosidl_typesupport_fastrtps_cExport.cmake
[11.207s] -- Up-to-date: /home/hsun/ros2_ws/install/more_interfaces/share/more_interfaces/cmake/export_more_interfaces__rosidl_typesupport_fastrtps_cExport-noconfig.cmake
[11.208s] -- Up-to-date: /home/hsun/ros2_ws/install/more_interfaces/share/more_interfaces/cmake/export_more_interfaces__rosidl_generator_cppExport.cmake
[11.208s] -- Up-to-date: /home/hsun/ros2_ws/install/more_interfaces/share/more_interfaces/cmake/export_more_interfaces__rosidl_typesupport_fastrtps_cppExport.cmake
[11.209s] -- Up-to-date: /home/hsun/ros2_ws/install/more_interfaces/share/more_interfaces/cmake/export_more_interfaces__rosidl_typesupport_fastrtps_cppExport-noconfig.cmake
[11.210s] -- Up-to-date: /home/hsun/ros2_ws/install/more_interfaces/share/more_interfaces/cmake/more_interfaces__rosidl_typesupport_introspection_cExport.cmake
[11.216s] -- Up-to-date: /home/hsun/ros2_ws/install/more_interfaces/share/more_interfaces/cmake/more_interfaces__rosidl_typesupport_introspection_cExport-noconfig.cmake
[11.217s] -- Up-to-date: /home/hsun/ros2_ws/install/more_interfaces/share/more_interfaces/cmake/more_interfaces__rosidl_typesupport_cExport.cmake
[11.218s] -- Up-to-date: /home/hsun/ros2_ws/install/more_interfaces/share/more_interfaces/cmake/more_interfaces__rosidl_typesupport_cExport-noconfig.cmake
[11.227s] -- Up-to-date: /home/hsun/ros2_ws/install/more_interfaces/share/more_interfaces/cmake/more_interfaces__rosidl_typesupport_introspection_cppExport.cmake
[11.230s] -- Up-to-date: /home/hsun/ros2_ws/install/more_interfaces/share/more_interfaces/cmake/more_interfaces__rosidl_typesupport_introspection_cppExport-noconfig.cmake
[11.247s] -- Up-to-date: /home/hsun/ros2_ws/install/more_interfaces/share/more_interfaces/cmake/more_interfaces__rosidl_typesupport_cppExport.cmake
[11.250s] -- Up-to-date: /home/hsun/ros2_ws/install/more_interfaces/share/more_interfaces/cmake/more_interfaces__rosidl_typesupport_cppExport-noconfig.cmake
[11.252s] -- Up-to-date: /home/hsun/ros2_ws/install/more_interfaces/share/more_interfaces/cmake/export_more_interfaces__rosidl_generator_pyExport.cmake
[11.254s] -- Up-to-date: /home/hsun/ros2_ws/install/more_interfaces/share/more_interfaces/cmake/export_more_interfaces__rosidl_generator_pyExport-noconfig.cmake
[11.260s] -- Up-to-date: /home/hsun/ros2_ws/install/more_interfaces/share/more_interfaces/cmake/rosidl_cmake-extras.cmake
[11.261s] -- Up-to-date: /home/hsun/ros2_ws/install/more_interfaces/share/more_interfaces/cmake/ament_cmake_export_include_directories-extras.cmake
[11.261s] -- Up-to-date: /home/hsun/ros2_ws/install/more_interfaces/share/more_interfaces/cmake/ament_cmake_export_libraries-extras.cmake
[11.267s] -- Up-to-date: /home/hsun/ros2_ws/install/more_interfaces/share/more_interfaces/cmake/ament_cmake_export_targets-extras.cmake
[11.268s] -- Up-to-date: /home/hsun/ros2_ws/install/more_interfaces/share/more_interfaces/cmake/rosidl_cmake_export_typesupport_targets-extras.cmake
[11.269s] -- Up-to-date: /home/hsun/ros2_ws/install/more_interfaces/share/more_interfaces/cmake/ament_cmake_export_dependencies-extras.cmake
[11.270s] -- Up-to-date: /home/hsun/ros2_ws/install/more_interfaces/share/more_interfaces/cmake/rosidl_cmake_export_typesupport_libraries-extras.cmake
[11.282s] -- Up-to-date: /home/hsun/ros2_ws/install/more_interfaces/share/more_interfaces/cmake/more_interfacesConfig.cmake
[11.284s] -- Up-to-date: /home/hsun/ros2_ws/install/more_interfaces/share/more_interfaces/cmake/more_interfacesConfig-version.cmake
[11.285s] -- Up-to-date: /home/hsun/ros2_ws/install/more_interfaces/share/more_interfaces/package.xml
[11.319s] Invoked command in '/home/hsun/ros2_ws/build/more_interfaces' returned '0': /usr/bin/cmake --install /home/hsun/ros2_ws/build/more_interfaces
