[0.164s] Invoking command in '/home/hsun/ros2_ws/build/cpp_parameters': CMAKE_PREFIX_PATH=/opt/ros/iron /usr/bin/cmake /home/hsun/ros2_ws/src/cpp_parameters -DCMAKE_INSTALL_PREFIX=/home/hsun/ros2_ws/install/cpp_parameters
[1.052s] -- The C compiler identification is GNU 11.3.0
[1.836s] -- The CXX compiler identification is GNU 11.3.0
[1.932s] -- Detecting C compiler ABI info
[2.582s] -- Detecting C compiler ABI info - done
[2.626s] -- Check for working C compiler: /usr/bin/cc - skipped
[2.638s] -- Detecting C compile features
[2.639s] -- Detecting C compile features - done
[2.667s] -- Detecting CXX compiler ABI info
[3.494s] -- Detecting CXX compiler ABI info - done
[3.539s] -- Check for working CXX compiler: /usr/bin/c++ - skipped
[3.542s] -- Detecting CXX compile features
[3.546s] -- Detecting CXX compile features - done
[3.597s] -- Found ament_cmake: 2.0.3 (/opt/ros/iron/share/ament_cmake/cmake)
[5.262s] -- Found Python3: /usr/bin/python3.10 (found version "3.10.6") found components: Interpreter 
[6.394s] -- Found rclcpp: 21.0.1 (/opt/ros/iron/share/rclcpp/cmake)
[6.980s] -- Found rosidl_generator_c: 4.0.0 (/opt/ros/iron/share/rosidl_generator_c/cmake)
[7.108s] -- Found rosidl_generator_cpp: 4.0.0 (/opt/ros/iron/share/rosidl_generator_cpp/cmake)
[7.294s] -- Using all available rosidl_typesupport_c: rosidl_typesupport_fastrtps_c;rosidl_typesupport_introspection_c
[7.512s] -- Using all available rosidl_typesupport_cpp: rosidl_typesupport_fastrtps_cpp;rosidl_typesupport_introspection_cpp
[8.599s] -- Found rmw_implementation_cmake: 7.1.0 (/opt/ros/iron/share/rmw_implementation_cmake/cmake)
[8.642s] -- Found rmw_fastrtps_cpp: 7.1.1 (/opt/ros/iron/share/rmw_fastrtps_cpp/cmake)
[9.512s] -- Found OpenSSL: /usr/lib/aarch64-linux-gnu/libcrypto.so (found version "3.0.2")  
[9.816s] -- Found FastRTPS: /opt/ros/iron/include  
[10.292s] -- Using RMW implementation 'rmw_fastrtps_cpp' as default
[11.402s] -- Found ament_lint_auto: 0.14.1 (/opt/ros/iron/share/ament_lint_auto/cmake)
[12.096s] -- Added test 'cppcheck' to perform static code analysis on C / C++ code
[12.097s] -- Configured cppcheck include dirs: 
[12.099s] -- Configured cppcheck exclude dirs and/or files: 
[12.106s] -- Added test 'lint_cmake' to check CMake code style
[12.117s] -- Added test 'uncrustify' to check C / C++ code style
[12.118s] -- Configured uncrustify additional arguments: 
[12.123s] -- Added test 'xmllint' to check XML markup files
[12.132s] -- Configuring done
[12.230s] -- Generating done
[12.239s] -- Build files have been written to: /home/hsun/ros2_ws/build/cpp_parameters
[12.315s] Invoked command in '/home/hsun/ros2_ws/build/cpp_parameters' returned '0': CMAKE_PREFIX_PATH=/opt/ros/iron /usr/bin/cmake /home/hsun/ros2_ws/src/cpp_parameters -DCMAKE_INSTALL_PREFIX=/home/hsun/ros2_ws/install/cpp_parameters
[12.329s] Invoking command in '/home/hsun/ros2_ws/build/cpp_parameters': CMAKE_PREFIX_PATH=/opt/ros/iron /usr/bin/cmake --build /home/hsun/ros2_ws/build/cpp_parameters -- -j4 -l4
[12.709s] [ 50%] [32mBuilding CXX object CMakeFiles/minimal_param_node.dir/src/cpp_parameters_node.cpp.o[0m
[37.849s] [100%] [32m[1mLinking CXX executable minimal_param_node[0m
[39.471s] [100%] Built target minimal_param_node
[39.556s] Invoked command in '/home/hsun/ros2_ws/build/cpp_parameters' returned '0': CMAKE_PREFIX_PATH=/opt/ros/iron /usr/bin/cmake --build /home/hsun/ros2_ws/build/cpp_parameters -- -j4 -l4
[39.823s] Invoking command in '/home/hsun/ros2_ws/build/cpp_parameters': CMAKE_PREFIX_PATH=/opt/ros/iron /usr/bin/cmake --install /home/hsun/ros2_ws/build/cpp_parameters
[39.852s] -- Install configuration: ""
[39.854s] -- Installing: /home/hsun/ros2_ws/install/cpp_parameters/lib/cpp_parameters/minimal_param_node
[39.861s] -- Set runtime path of "/home/hsun/ros2_ws/install/cpp_parameters/lib/cpp_parameters/minimal_param_node" to ""
[39.862s] -- Installing: /home/hsun/ros2_ws/install/cpp_parameters/share/ament_index/resource_index/package_run_dependencies/cpp_parameters
[39.864s] -- Installing: /home/hsun/ros2_ws/install/cpp_parameters/share/ament_index/resource_index/parent_prefix_path/cpp_parameters
[39.867s] -- Installing: /home/hsun/ros2_ws/install/cpp_parameters/share/cpp_parameters/environment/ament_prefix_path.sh
[39.875s] -- Installing: /home/hsun/ros2_ws/install/cpp_parameters/share/cpp_parameters/environment/ament_prefix_path.dsv
[39.877s] -- Installing: /home/hsun/ros2_ws/install/cpp_parameters/share/cpp_parameters/environment/path.sh
[39.880s] -- Installing: /home/hsun/ros2_ws/install/cpp_parameters/share/cpp_parameters/environment/path.dsv
[39.884s] -- Installing: /home/hsun/ros2_ws/install/cpp_parameters/share/cpp_parameters/local_setup.bash
[39.886s] -- Installing: /home/hsun/ros2_ws/install/cpp_parameters/share/cpp_parameters/local_setup.sh
[39.888s] -- Installing: /home/hsun/ros2_ws/install/cpp_parameters/share/cpp_parameters/local_setup.zsh
[39.890s] -- Installing: /home/hsun/ros2_ws/install/cpp_parameters/share/cpp_parameters/local_setup.dsv
[39.891s] -- Installing: /home/hsun/ros2_ws/install/cpp_parameters/share/cpp_parameters/package.dsv
[39.892s] -- Installing: /home/hsun/ros2_ws/install/cpp_parameters/share/ament_index/resource_index/packages/cpp_parameters
[39.894s] -- Installing: /home/hsun/ros2_ws/install/cpp_parameters/share/cpp_parameters/cmake/cpp_parametersConfig.cmake
[39.896s] -- Installing: /home/hsun/ros2_ws/install/cpp_parameters/share/cpp_parameters/cmake/cpp_parametersConfig-version.cmake
[39.898s] -- Installing: /home/hsun/ros2_ws/install/cpp_parameters/share/cpp_parameters/package.xml
[39.913s] Invoked command in '/home/hsun/ros2_ws/build/cpp_parameters' returned '0': CMAKE_PREFIX_PATH=/opt/ros/iron /usr/bin/cmake --install /home/hsun/ros2_ws/build/cpp_parameters
