[0.107s] Invoking command in '/home/hsun/ros2_ws/build/learning_tf2_cpp': AMENT_PREFIX_PATH=/home/hsun/ros2_ws/install/turtlesim:${AMENT_PREFIX_PATH} CMAKE_PREFIX_PATH=/home/hsun/ros2_ws/install/turtlesim:/opt/ros/iron LD_LIBRARY_PATH=/home/hsun/ros2_ws/install/turtlesim/lib:${LD_LIBRARY_PATH} PYTHONPATH=/home/hsun/ros2_ws/install/turtlesim/lib/python3.10/site-packages:${PYTHONPATH} /usr/bin/cmake --build /home/hsun/ros2_ws/build/learning_tf2_cpp -- -j4 -l4
[0.284s] -- Found ament_cmake: 2.0.3 (/opt/ros/iron/share/ament_cmake/cmake)
[1.380s] -- Found geometry_msgs: 5.0.0 (/opt/ros/iron/share/geometry_msgs/cmake)
[1.592s] -- Found rosidl_generator_c: 4.0.1 (/opt/ros/iron/share/rosidl_generator_c/cmake)
[1.650s] -- Found rosidl_generator_cpp: 4.0.1 (/opt/ros/iron/share/rosidl_generator_cpp/cmake)
[1.716s] -- Using all available rosidl_typesupport_c: rosidl_typesupport_fastrtps_c;rosidl_typesupport_introspection_c
[1.806s] -- Using all available rosidl_typesupport_cpp: rosidl_typesupport_fastrtps_cpp;rosidl_typesupport_introspection_cpp
[2.284s] -- Found rclcpp: 21.0.2 (/opt/ros/iron/share/rclcpp/cmake)
[2.950s] -- Found rmw_implementation_cmake: 7.1.0 (/opt/ros/iron/share/rmw_implementation_cmake/cmake)
[2.963s] -- Found rmw_fastrtps_cpp: 7.1.1 (/opt/ros/iron/share/rmw_fastrtps_cpp/cmake)
[4.121s] -- Using RMW implementation 'rmw_fastrtps_cpp' as default
[4.915s] -- Found tf2: 0.31.4 (/opt/ros/iron/share/tf2/cmake)
[4.952s] -- Found tf2_ros: 0.31.4 (/opt/ros/iron/share/tf2_ros/cmake)
[6.804s] -- Found turtlesim: 1.6.1 (/home/hsun/ros2_ws/install/turtlesim/share/turtlesim/cmake)
[7.141s] -- Found ament_lint_auto: 0.14.1 (/opt/ros/iron/share/ament_lint_auto/cmake)
[7.621s] -- Added test 'cppcheck' to perform static code analysis on C / C++ code
[7.623s] -- Configured cppcheck include dirs: 
[7.623s] -- Configured cppcheck exclude dirs and/or files: 
[7.624s] -- Added test 'flake8' to check Python code syntax and style conventions
[7.625s] -- Configured 'flake8' exclude dirs and/or files: 
[7.627s] -- Added test 'lint_cmake' to check CMake code style
[7.629s] -- Added test 'pep257' to check Python code against some of the docstring style conventions in PEP 257
[7.636s] -- Added test 'uncrustify' to check C / C++ code style
[7.637s] -- Configured uncrustify additional arguments: 
[7.638s] -- Added test 'xmllint' to check XML markup files
[7.642s] -- Configuring done
[7.762s] -- Generating done
[7.773s] -- Build files have been written to: /home/hsun/ros2_ws/build/learning_tf2_cpp
[8.015s] [ 50%] [32mBuilding CXX object CMakeFiles/turtle_tf2_broadcaster.dir/src/turtle_tf2_broadcaster.cpp.o[0m
[61.909s] [100%] [32m[1mLinking CXX executable turtle_tf2_broadcaster[0m
[66.236s] [100%] Built target turtle_tf2_broadcaster
[66.288s] Invoked command in '/home/hsun/ros2_ws/build/learning_tf2_cpp' returned '0': AMENT_PREFIX_PATH=/home/hsun/ros2_ws/install/turtlesim:${AMENT_PREFIX_PATH} CMAKE_PREFIX_PATH=/home/hsun/ros2_ws/install/turtlesim:/opt/ros/iron LD_LIBRARY_PATH=/home/hsun/ros2_ws/install/turtlesim/lib:${LD_LIBRARY_PATH} PYTHONPATH=/home/hsun/ros2_ws/install/turtlesim/lib/python3.10/site-packages:${PYTHONPATH} /usr/bin/cmake --build /home/hsun/ros2_ws/build/learning_tf2_cpp -- -j4 -l4
[66.543s] Invoking command in '/home/hsun/ros2_ws/build/learning_tf2_cpp': AMENT_PREFIX_PATH=/home/hsun/ros2_ws/install/turtlesim:${AMENT_PREFIX_PATH} CMAKE_PREFIX_PATH=/home/hsun/ros2_ws/install/turtlesim:/opt/ros/iron LD_LIBRARY_PATH=/home/hsun/ros2_ws/install/turtlesim/lib:${LD_LIBRARY_PATH} PYTHONPATH=/home/hsun/ros2_ws/install/turtlesim/lib/python3.10/site-packages:${PYTHONPATH} /usr/bin/cmake --install /home/hsun/ros2_ws/build/learning_tf2_cpp
[66.608s] -- Install configuration: ""
[66.612s] -- Installing: /home/hsun/ros2_ws/install/learning_tf2_cpp/lib/learning_tf2_cpp/turtle_tf2_broadcaster
[66.666s] -- Set runtime path of "/home/hsun/ros2_ws/install/learning_tf2_cpp/lib/learning_tf2_cpp/turtle_tf2_broadcaster" to ""
[66.667s] -- Installing: /home/hsun/ros2_ws/install/learning_tf2_cpp/share/learning_tf2_cpp/launch
[66.670s] -- Installing: /home/hsun/ros2_ws/install/learning_tf2_cpp/share/learning_tf2_cpp/launch/turtle_tf2_demo_launch.py
[66.677s] -- Installing: /home/hsun/ros2_ws/install/learning_tf2_cpp/share/ament_index/resource_index/package_run_dependencies/learning_tf2_cpp
[66.683s] -- Installing: /home/hsun/ros2_ws/install/learning_tf2_cpp/share/ament_index/resource_index/parent_prefix_path/learning_tf2_cpp
[66.689s] -- Up-to-date: /home/hsun/ros2_ws/install/learning_tf2_cpp/share/learning_tf2_cpp/environment/ament_prefix_path.sh
[66.690s] -- Up-to-date: /home/hsun/ros2_ws/install/learning_tf2_cpp/share/learning_tf2_cpp/environment/ament_prefix_path.dsv
[66.696s] -- Up-to-date: /home/hsun/ros2_ws/install/learning_tf2_cpp/share/learning_tf2_cpp/environment/path.sh
[66.699s] -- Up-to-date: /home/hsun/ros2_ws/install/learning_tf2_cpp/share/learning_tf2_cpp/environment/path.dsv
[66.720s] -- Up-to-date: /home/hsun/ros2_ws/install/learning_tf2_cpp/share/learning_tf2_cpp/local_setup.bash
[66.721s] -- Up-to-date: /home/hsun/ros2_ws/install/learning_tf2_cpp/share/learning_tf2_cpp/local_setup.sh
[66.723s] -- Up-to-date: /home/hsun/ros2_ws/install/learning_tf2_cpp/share/learning_tf2_cpp/local_setup.zsh
[66.724s] -- Up-to-date: /home/hsun/ros2_ws/install/learning_tf2_cpp/share/learning_tf2_cpp/local_setup.dsv
[66.725s] -- Installing: /home/hsun/ros2_ws/install/learning_tf2_cpp/share/learning_tf2_cpp/package.dsv
[66.725s] -- Up-to-date: /home/hsun/ros2_ws/install/learning_tf2_cpp/share/ament_index/resource_index/packages/learning_tf2_cpp
[66.726s] -- Up-to-date: /home/hsun/ros2_ws/install/learning_tf2_cpp/share/learning_tf2_cpp/cmake/learning_tf2_cppConfig.cmake
[66.727s] -- Up-to-date: /home/hsun/ros2_ws/install/learning_tf2_cpp/share/learning_tf2_cpp/cmake/learning_tf2_cppConfig-version.cmake
[66.727s] -- Installing: /home/hsun/ros2_ws/install/learning_tf2_cpp/share/learning_tf2_cpp/package.xml
[66.747s] Invoked command in '/home/hsun/ros2_ws/build/learning_tf2_cpp' returned '0': AMENT_PREFIX_PATH=/home/hsun/ros2_ws/install/turtlesim:${AMENT_PREFIX_PATH} CMAKE_PREFIX_PATH=/home/hsun/ros2_ws/install/turtlesim:/opt/ros/iron LD_LIBRARY_PATH=/home/hsun/ros2_ws/install/turtlesim/lib:${LD_LIBRARY_PATH} PYTHONPATH=/home/hsun/ros2_ws/install/turtlesim/lib/python3.10/site-packages:${PYTHONPATH} /usr/bin/cmake --install /home/hsun/ros2_ws/build/learning_tf2_cpp
