[0.268s] Invoking command in '/home/hsun/ros2_ws/build/polygon_base': CMAKE_PREFIX_PATH=${CMAKE_PREFIX_PATH}:/home/hsun/ros2_ws/install/python_parameters:/home/hsun/ros2_ws/install/py_srvcli:/home/hsun/ros2_ws/install/py_pubsub:/opt/ros/iron /usr/bin/cmake --build /home/hsun/ros2_ws/build/polygon_base -- -j4 -l4
[0.923s] [100%] Built target area_node
[1.089s] Invoked command in '/home/hsun/ros2_ws/build/polygon_base' returned '0': CMAKE_PREFIX_PATH=${CMAKE_PREFIX_PATH}:/home/hsun/ros2_ws/install/python_parameters:/home/hsun/ros2_ws/install/py_srvcli:/home/hsun/ros2_ws/install/py_pubsub:/opt/ros/iron /usr/bin/cmake --build /home/hsun/ros2_ws/build/polygon_base -- -j4 -l4
[2.082s] Invoking command in '/home/hsun/ros2_ws/build/polygon_base': CMAKE_PREFIX_PATH=${CMAKE_PREFIX_PATH}:/home/hsun/ros2_ws/install/python_parameters:/home/hsun/ros2_ws/install/py_srvcli:/home/hsun/ros2_ws/install/py_pubsub:/opt/ros/iron /usr/bin/cmake --install /home/hsun/ros2_ws/build/polygon_base
[2.249s] -- Install configuration: ""
[2.250s] -- Up-to-date: /home/hsun/ros2_ws/install/polygon_base/include
[2.250s] -- Up-to-date: /home/hsun/ros2_ws/install/polygon_base/include/polygon_base
[2.251s] -- Up-to-date: /home/hsun/ros2_ws/install/polygon_base/include/polygon_base/regular_polygon.hpp
[2.277s] -- Up-to-date: /home/hsun/ros2_ws/install/polygon_base/lib/polygon_base/area_node
[2.279s] -- Up-to-date: /home/hsun/ros2_ws/install/polygon_base/share/ament_index/resource_index/package_run_dependencies/polygon_base
[2.280s] -- Up-to-date: /home/hsun/ros2_ws/install/polygon_base/share/ament_index/resource_index/parent_prefix_path/polygon_base
[2.281s] -- Up-to-date: /home/hsun/ros2_ws/install/polygon_base/share/polygon_base/environment/ament_prefix_path.sh
[2.282s] -- Up-to-date: /home/hsun/ros2_ws/install/polygon_base/share/polygon_base/environment/ament_prefix_path.dsv
[2.282s] -- Up-to-date: /home/hsun/ros2_ws/install/polygon_base/share/polygon_base/environment/path.sh
[2.293s] -- Up-to-date: /home/hsun/ros2_ws/install/polygon_base/share/polygon_base/environment/path.dsv
[2.295s] -- Up-to-date: /home/hsun/ros2_ws/install/polygon_base/share/polygon_base/local_setup.bash
[2.310s] -- Up-to-date: /home/hsun/ros2_ws/install/polygon_base/share/polygon_base/local_setup.sh
[2.311s] -- Up-to-date: /home/hsun/ros2_ws/install/polygon_base/share/polygon_base/local_setup.zsh
[2.329s] -- Up-to-date: /home/hsun/ros2_ws/install/polygon_base/share/polygon_base/local_setup.dsv
[2.358s] -- Installing: /home/hsun/ros2_ws/install/polygon_base/share/polygon_base/package.dsv
[2.385s] -- Up-to-date: /home/hsun/ros2_ws/install/polygon_base/share/ament_index/resource_index/packages/polygon_base
[2.386s] -- Up-to-date: /home/hsun/ros2_ws/install/polygon_base/share/polygon_base/cmake/ament_cmake_export_include_directories-extras.cmake
[2.414s] -- Up-to-date: /home/hsun/ros2_ws/install/polygon_base/share/polygon_base/cmake/polygon_baseConfig.cmake
[2.415s] -- Up-to-date: /home/hsun/ros2_ws/install/polygon_base/share/polygon_base/cmake/polygon_baseConfig-version.cmake
[2.421s] -- Up-to-date: /home/hsun/ros2_ws/install/polygon_base/share/polygon_base/package.xml
[2.488s] Invoked command in '/home/hsun/ros2_ws/build/polygon_base' returned '0': CMAKE_PREFIX_PATH=${CMAKE_PREFIX_PATH}:/home/hsun/ros2_ws/install/python_parameters:/home/hsun/ros2_ws/install/py_srvcli:/home/hsun/ros2_ws/install/py_pubsub:/opt/ros/iron /usr/bin/cmake --install /home/hsun/ros2_ws/build/polygon_base
