[0.127s] Invoking command in '/home/hsun/ros2_ws/build/turtlesim': /usr/bin/cmake --build /home/hsun/ros2_ws/build/turtlesim -- -j4 -l4
[1.010s] [  0%] Built target turtlesim__rosidl_generator_type_description
[1.629s] [  0%] Built target ament_cmake_python_copy_turtlesim
[2.058s] [ 23%] Built target turtlesim__rosidl_generator_c
[6.304s] running egg_info
[6.316s] writing turtlesim.egg-info/PKG-INFO
[6.319s] writing dependency_links to turtlesim.egg-info/dependency_links.txt
[6.322s] writing top-level names to turtlesim.egg-info/top_level.txt
[6.341s] reading manifest file 'turtlesim.egg-info/SOURCES.txt'
[6.349s] writing manifest file 'turtlesim.egg-info/SOURCES.txt'
[6.899s] [ 23%] Built target ament_cmake_python_build_turtlesim_egg
[7.265s] [ 32%] Built target turtlesim__rosidl_typesupport_introspection_c
[7.494s] [ 41%] Built target turtlesim__rosidl_typesupport_c
[7.782s] [ 50%] Built target turtlesim__rosidl_typesupport_fastrtps_c
[8.102s] [ 51%] Built target turtlesim__cpp
[8.440s] [ 59%] Built target turtlesim__rosidl_typesupport_cpp
[8.837s] [ 67%] Built target turtlesim__rosidl_typesupport_introspection_cpp
[9.183s] [ 69%] Built target turtle_teleop_key
[9.581s] [ 70%] Built target draw_square
[10.079s] [ 72%] Built target mimic
[10.537s] [ 78%] Built target turtlesim_node
[10.849s] [ 86%] Built target turtlesim__rosidl_typesupport_fastrtps_cpp
[11.193s] [ 86%] Built target turtlesim
[11.494s] [ 86%] Built target turtlesim__py
[11.887s] [ 94%] Built target turtlesim__rosidl_generator_py
[12.181s] [ 96%] Built target turtlesim__rosidl_typesupport_fastrtps_c__pyext
[12.554s] [ 98%] Built target turtlesim__rosidl_typesupport_c__pyext
[12.877s] [100%] Built target turtlesim__rosidl_typesupport_introspection_c__pyext
[13.163s] Invoked command in '/home/hsun/ros2_ws/build/turtlesim' returned '0': /usr/bin/cmake --build /home/hsun/ros2_ws/build/turtlesim -- -j4 -l4
