[17.040s] Invoking command in '/home/hsun/ros2_ws/src/py_pubsub': PYTHONPATH=/home/hsun/ros2_ws/build/py_pubsub/prefix_override:/home/hsun/ros2_ws/install/py_pubsub/lib/python3.10/site-packages:${PYTHONPATH} /usr/bin/python3 setup.py egg_info --egg-base ../../build/py_pubsub build --build-base /home/hsun/ros2_ws/build/py_pubsub/build install --record /home/hsun/ros2_ws/build/py_pubsub/install.log --single-version-externally-managed
[23.531s] running egg_info
[23.554s] writing ../../build/py_pubsub/py_pubsub.egg-info/PKG-INFO
[23.555s] writing dependency_links to ../../build/py_pubsub/py_pubsub.egg-info/dependency_links.txt
[23.555s] writing entry points to ../../build/py_pubsub/py_pubsub.egg-info/entry_points.txt
[23.556s] writing requirements to ../../build/py_pubsub/py_pubsub.egg-info/requires.txt
[23.556s] writing top-level names to ../../build/py_pubsub/py_pubsub.egg-info/top_level.txt
[23.592s] reading manifest file '../../build/py_pubsub/py_pubsub.egg-info/SOURCES.txt'
[23.600s] writing manifest file '../../build/py_pubsub/py_pubsub.egg-info/SOURCES.txt'
[23.602s] running build
[23.603s] running build_py
[23.614s] running install
[23.615s] /usr/lib/python3/dist-packages/setuptools/command/install.py:34: SetuptoolsDeprecationWarning: setup.py install is deprecated. Use build and pip and other standards-based tools.
[23.616s]   warnings.warn(
[23.629s] running install_lib
[23.638s] running install_data
[23.639s] running install_egg_info
[23.642s] removing '/home/hsun/ros2_ws/install/py_pubsub/lib/python3.10/site-packages/py_pubsub-0.0.0-py3.10.egg-info' (and everything under it)
[23.643s] Copying ../../build/py_pubsub/py_pubsub.egg-info to /home/hsun/ros2_ws/install/py_pubsub/lib/python3.10/site-packages/py_pubsub-0.0.0-py3.10.egg-info
[23.658s] running install_scripts
[23.821s] Installing listener script to /home/hsun/ros2_ws/install/py_pubsub/lib/py_pubsub
[23.830s] Installing talker script to /home/hsun/ros2_ws/install/py_pubsub/lib/py_pubsub
[23.844s] writing list of installed files to '/home/hsun/ros2_ws/build/py_pubsub/install.log'
[26.053s] Invoked command in '/home/hsun/ros2_ws/src/py_pubsub' returned '0': PYTHONPATH=/home/hsun/ros2_ws/build/py_pubsub/prefix_override:/home/hsun/ros2_ws/install/py_pubsub/lib/python3.10/site-packages:${PYTHONPATH} /usr/bin/python3 setup.py egg_info --egg-base ../../build/py_pubsub build --build-base /home/hsun/ros2_ws/build/py_pubsub/build install --record /home/hsun/ros2_ws/build/py_pubsub/install.log --single-version-externally-managed
